12.8s 1 --------parameter report--------
12.8s 2 learning rate:0.00500
12.8s 3 epoch:100
12.8s 4 train batch size:16
12.8s 5 test batch size:16
12.8s 6 model:resnet18
12.8s 7 optimizer:SGD
12.8s 8 -------------------------------
13.5s 9 Downloading https://www.cs.toronto.edu/~kriz/cifar-10-python.tar.gz to ../data/cifar-10-python.tar.gz
26.0s 10 Extracting ../data/cifar-10-python.tar.gz to ../data
28.5s 11 Files already downloaded and verified
31.8s 12 epoch: 1 start
31.8s 13 train:
245.1s 14 (5212.613648712635, 0.43458)
245.1s 15 test:
256.7s 16 epoch: 1 accuracy 54.800%
256.7s 17 epoch: 2 start
256.7s 18 train:
463.0s 19 (3489.5188975930214, 0.60186)
463.0s 20 test:
474.6s 21 epoch: 2 accuracy 64.240%
474.6s 22 epoch: 3 start
474.6s 23 train:
680.9s 24 (2839.6340564489365, 0.67896)
680.9s 25 test:
692.5s 26 epoch: 3 accuracy 67.730%
692.5s 27 epoch: 4 start
692.5s 28 train:
898.7s 29 (2424.444620542228, 0.72862)
898.7s 30 test:
910.3s 31 epoch: 4 accuracy 72.130%
910.3s 32 epoch: 5 start
910.3s 33 train:
1116.5s 34 (2161.9825151264668, 0.76068)
1116.5s 35 test:
1128.1s 36 epoch: 5 accuracy 74.040%
1128.1s 37 epoch: 6 start
1128.1s 38 train:
1334.3s 39 (1920.9327180460095, 0.78662)
1334.3s 40 test:
1346.0s 41 epoch: 6 accuracy 73.840%
1346.0s 42 epoch: 7 start
1346.0s 43 train:
1552.2s 44 (1747.5820594653487, 0.8065)
1552.2s 45 test:
1563.9s 46 epoch: 7 accuracy 78.900%
1563.9s 47 epoch: 8 start
1563.9s 48 train:
1770.1s 49 (1581.3056905679405, 0.82336)
1770.1s 50 test:
1781.7s 51 epoch: 8 accuracy 78.840%
1781.7s 52 epoch: 9 start
1781.7s 53 train:
1987.9s 54 (1441.239330843091, 0.8409)
1987.9s 55 test:
1999.5s 56 epoch: 9 accuracy 81.840%
1999.5s 57 epoch: 10 start
1999.5s 58 train:
2205.7s 59 (1314.7822446180508, 0.854)
2205.7s 60 test:
2217.3s 61 epoch: 10 accuracy 79.800%
2217.3s 62 epoch: 11 start
2217.3s 63 train:
2423.6s 64 (1191.0390338059515, 0.86762)
2423.6s 65 test:
2435.2s 66 epoch: 11 accuracy 82.700%
2435.2s 67 epoch: 12 start
2435.2s 68 train:
2641.5s 69 (1089.5908796163276, 0.8791)
2641.5s 70 test:
2653.1s 71 epoch: 12 accuracy 83.060%
2653.1s 72 epoch: 13 start
2653.1s 73 train:
2859.4s 74 (988.1276086643338, 0.89056)
2859.4s 75 test:
2871.0s 76 epoch: 13 accuracy 81.710%
2871.0s 77 epoch: 14 start
2871.0s 78 train:
3077.2s 79 (903.6611592413392, 0.89996)
3077.2s 80 test:
3088.8s 81 epoch: 14 accuracy 84.570%
3088.8s 82 epoch: 15 start
3088.8s 83 train:
3295.0s 84 (803.5510267450009, 0.91026)
3295.0s 85 test:
3306.7s 86 epoch: 15 accuracy 84.000%
3306.7s 87 epoch: 16 start
3306.7s 88 train:
3512.8s 89 (725.6451337407343, 0.91854)
3512.8s 90 test:
3524.5s 91 epoch: 16 accuracy 84.450%
3524.5s 92 epoch: 17 start
3524.5s 93 train:
3730.6s 94 (661.0948855222668, 0.9273)
3730.6s 95 test:
3742.2s 96 epoch: 17 accuracy 85.070%
3742.2s 97 epoch: 18 start
3742.2s 98 train:
3948.4s 99 (578.5803005164489, 0.93612)
3948.4s 100 test:
3960.0s 101 epoch: 18 accuracy 85.120%
3960.0s 102 epoch: 19 start
3960.0s 103 train:
4166.2s 104 (520.451286872616, 0.94198)
4166.2s 105 test:
4177.8s 106 epoch: 19 accuracy 85.310%
4177.8s 107 epoch: 20 start
4177.8s 108 train:
4384.1s 109 (477.55395781993866, 0.94716)
4384.1s 110 test:
4395.7s 111 epoch: 20 accuracy 86.150%
4395.7s 112 epoch: 21 start
4395.7s 113 train:
4601.8s 114 (392.27938206261024, 0.95644)
4601.8s 115 test:
4613.5s 116 epoch: 21 accuracy 85.170%
4613.5s 117 epoch: 22 start
4613.5s 118 train:
4819.5s 119 (369.5246108069259, 0.95802)
4819.5s 120 test:
4831.1s 121 epoch: 22 accuracy 84.700%
4831.1s 122 epoch: 23 start
4831.1s 123 train:
5037.2s 124 (319.20273723985883, 0.96452)
5037.2s 125 test:
5048.7s 126 epoch: 23 accuracy 84.780%
5048.7s 127 epoch: 24 start
5048.7s 128 train:
5254.8s 129 (278.54492848763766, 0.96934)
5254.8s 130 test:
5266.5s 131 epoch: 24 accuracy 85.390%
5266.5s 132 epoch: 25 start
5266.5s 133 train:
5472.5s 134 (224.24786850615055, 0.97536)
5472.5s 135 test:
5484.1s 136 epoch: 25 accuracy 84.330%
5484.1s 137 epoch: 26 start
5484.1s 138 train:
5690.2s 139 (219.9907427059661, 0.9758)
5690.2s 140 test:
5701.9s 141 epoch: 26 accuracy 85.790%
5701.9s 142 epoch: 27 start
5701.9s 143 train:
5908.2s 144 (202.5205035748113, 0.97838)
5908.2s 145 test:
5919.8s 146 epoch: 27 accuracy 86.080%
5919.8s 147 epoch: 28 start
5919.8s 148 train:
6126.8s 149 (174.92028846084577, 0.98086)
6126.8s 150 test:
6138.4s 151 epoch: 28 accuracy 85.540%
6138.4s 152 epoch: 29 start
6138.4s 153 train:
6344.9s 154 (157.81260554885375, 0.98248)
6344.9s 155 test:
6356.7s 156 epoch: 29 accuracy 86.310%
6356.7s 157 epoch: 30 start
6356.7s 158 train:
6563.4s 159 (145.58316823881614, 0.98452)
6563.4s 160 test:
6575.0s 161 epoch: 30 accuracy 85.160%
6575.0s 162 epoch: 31 start
6575.0s 163 train:
6781.8s 164 (131.89504008519543, 0.98608)
6781.8s 165 test:
6793.3s 166 epoch: 31 accuracy 86.100%
6793.3s 167 epoch: 32 start
6793.3s 168 train:
6999.4s 169 (106.72329539404745, 0.98854)
6999.4s 170 test:
7011.0s 171 epoch: 32 accuracy 86.500%
7011.0s 172 epoch: 33 start
7011.0s 173 train:
7217.5s 174 (86.66409978589036, 0.99082)
7217.5s 175 test:
7229.1s 176 epoch: 33 accuracy 83.030%
7229.1s 177 epoch: 34 start
7229.1s 178 train:
7435.4s 179 (83.44760400101768, 0.99126)
7435.4s 180 test:
7447.0s 181 epoch: 34 accuracy 87.280%
7447.0s 182 epoch: 35 start
7447.0s 183 train:
7653.0s 184 (73.16820446293968, 0.99254)
7653.0s 185 test:
7664.6s 186 epoch: 35 accuracy 87.440%
7664.6s 187 epoch: 36 start
7664.6s 188 train:
7870.7s 189 (74.0429030513942, 0.9926)
7870.7s 190 test:
7882.2s 191 epoch: 36 accuracy 86.770%
7882.2s 192 epoch: 37 start
7882.2s 193 train:
8088.3s 194 (83.42692433461798, 0.99126)
8088.3s 195 test:
8099.9s 196 epoch: 37 accuracy 87.160%
8099.9s 197 epoch: 38 start
8099.9s 198 train:
8305.9s 199 (73.04562005094613, 0.99244)
8305.9s 200 test:
8317.5s 201 epoch: 38 accuracy 87.490%
8317.5s 202 epoch: 39 start
8317.5s 203 train:
8523.6s 204 (52.090147068148326, 0.99486)
8523.6s 205 test:
8535.2s 206 epoch: 39 accuracy 87.280%
8535.2s 207 epoch: 40 start
8535.2s 208 train:
8741.2s 209 (44.472025341634435, 0.99558)
8741.2s 210 test:
8752.9s 211 epoch: 40 accuracy 86.630%
8752.9s 212 epoch: 41 start
8752.9s 213 train:
8959.3s 214 (28.08550408579424, 0.99758)
8959.3s 215 test:
8970.9s 216 epoch: 41 accuracy 88.040%
8970.9s 217 epoch: 42 start
8970.9s 218 train:
9177.1s 219 (23.99655836506372, 0.99802)
9177.1s 220 test:
9188.7s 221 epoch: 42 accuracy 87.880%
9188.7s 222 epoch: 43 start
9188.7s 223 train:
9395.3s 224 (22.20882146231793, 0.99816)
9395.3s 225 test:
9406.9s 226 epoch: 43 accuracy 87.710%
9406.9s 227 epoch: 44 start
9406.9s 228 train:
9613.3s 229 (27.910785954953326, 0.99734)
9613.3s 230 test:
9624.8s 231 epoch: 44 accuracy 87.740%
9624.8s 232 epoch: 45 start
9624.8s 233 train:
9831.4s 234 (22.674628253534138, 0.99812)
9831.4s 235 test:
9842.9s 236 epoch: 45 accuracy 87.350%
9842.9s 237 epoch: 46 start
9842.9s 238 train:
10049.6s 239 (17.31720933678764, 0.9985)
10049.6s 240 test:
10061.3s 241 epoch: 46 accuracy 87.830%
10061.3s 242 epoch: 47 start
10061.3s 243 train:
10267.6s 244 (13.247118371819852, 0.9992)
10267.6s 245 test:
10279.1s 246 epoch: 47 accuracy 88.140%
10279.1s 247 epoch: 48 start
10279.1s 248 train:
10485.3s 249 (6.914499327294976, 0.9997)
10485.3s 250 test:
10496.9s 251 epoch: 48 accuracy 88.390%
10496.9s 252 epoch: 49 start
10496.9s 253 train:
10703.1s 254 (8.12963138136763, 0.9995)
10703.1s 255 test:
10714.7s 256 epoch: 49 accuracy 88.200%
10714.7s 257 epoch: 50 start
10714.7s 258 train:
10920.8s 259 (4.759728438528782, 0.99982)
10920.8s 260 test:
10932.4s 261 epoch: 50 accuracy 88.300%
10932.4s 262 epoch: 51 start
10932.4s 263 train:
11138.6s 264 (7.678959175762088, 0.99944)
11138.6s 265 test:
11150.2s 266 epoch: 51 accuracy 88.190%
11150.2s 267 epoch: 52 start
11150.2s 268 train:
11356.3s 269 (7.796023436717064, 0.9994)
11356.3s 270 test:
11367.9s 271 epoch: 52 accuracy 88.070%
11367.9s 272 epoch: 53 start
11367.9s 273 train:
11574.0s 274 (8.829649370848529, 0.9993)
11574.0s 275 test:
11585.6s 276 epoch: 53 accuracy 88.560%
11585.6s 277 epoch: 54 start
11585.6s 278 train:
11791.8s 279 (5.230342956243703, 0.99968)
11791.8s 280 test:
11803.4s 281 epoch: 54 accuracy 88.590%
11803.4s 282 epoch: 55 start
11803.4s 283 train:
12009.7s 284 (2.5757873979146098, 0.99998)
12009.7s 285 test:
12021.2s 286 epoch: 55 accuracy 88.760%
12021.2s 287 epoch: 56 start
12021.2s 288 train:
12227.4s 289 (2.0484021836301736, 0.99996)
12227.4s 290 test:
12239.0s 291 epoch: 56 accuracy 88.710%
12239.0s 292 epoch: 57 start
12239.0s 293 train:
12445.1s 294 (2.1347133343074347, 0.99994)
12445.1s 295 test:
12456.7s 296 epoch: 57 accuracy 88.690%
12456.7s 297 epoch: 58 start
12456.7s 298 train:
12662.7s 299 (1.6603734704962108, 0.99996)
12662.7s 300 test:
12674.4s 301 epoch: 58 accuracy 88.670%
12674.4s 302 epoch: 59 start
12674.4s 303 train:
12880.5s 304 (1.4961685110112626, 0.99998)
12880.5s 305 test:
12892.0s 306 epoch: 59 accuracy 88.840%
12892.0s 307 epoch: 60 start
12892.0s 308 train:
13098.1s 309 (1.3533418718929795, 0.99998)
13098.1s 310 test:
13109.7s 311 epoch: 60 accuracy 88.780%
13109.7s 312 epoch: 61 start
13109.7s 313 train:
13315.7s 314 (1.6723220478586143, 0.99996)
13315.7s 315 test:
13327.3s 316 epoch: 61 accuracy 89.030%
13327.3s 317 epoch: 62 start
13327.3s 318 train:
13533.4s 319 (1.5853803258445964, 0.99996)
13533.4s 320 test:
13545.0s 321 epoch: 62 accuracy 88.950%
13545.0s 322 epoch: 63 start
13545.0s 323 train:
13751.6s 324 (1.5449688846373988, 0.99994)
13751.6s 325 test:
13763.2s 326 epoch: 63 accuracy 88.960%
13763.2s 327 epoch: 64 start
13763.2s 328 train:
13969.9s 329 (0.8968088252602229, 1.0)
13969.9s 330 test:
13981.6s 331 epoch: 64 accuracy 89.050%
13981.6s 332 epoch: 65 start
13981.6s 333 train:
14188.4s 334 (1.2681753290768825, 0.99998)
14188.4s 335 test:
14199.9s 336 epoch: 65 accuracy 88.520%
14199.9s 337 epoch: 66 start
14199.9s 338 train:
14406.9s 339 (0.881756963642033, 1.0)
14406.9s 340 test:
14418.6s 341 epoch: 66 accuracy 88.930%
14418.6s 342 epoch: 67 start
14418.6s 343 train:
14624.8s 344 (1.0325719660776258, 0.99994)
14624.8s 345 test:
14636.5s 346 epoch: 67 accuracy 89.020%
14636.5s 347 epoch: 68 start
14636.5s 348 train:
14843.2s 349 (0.9989218589232252, 0.99996)
14843.2s 350 test:
14854.7s 351 epoch: 68 accuracy 89.150%
14854.7s 352 epoch: 69 start
14854.7s 353 train:
15060.8s 354 (0.8932439806250301, 1.0)
15060.8s 355 test:
15072.3s 356 epoch: 69 accuracy 89.060%
15072.3s 357 epoch: 70 start
15072.3s 358 train:
15278.4s 359 (0.7123737682196065, 1.0)
15278.4s 360 test:
15290.1s 361 epoch: 70 accuracy 89.230%
15290.1s 362 epoch: 71 start
15290.1s 363 train:
15496.3s 364 (0.5779162500394932, 1.0)
15496.3s 365 test:
15507.8s 366 epoch: 71 accuracy 88.980%
15507.8s 367 epoch: 72 start
15507.8s 368 train:
15713.9s 369 (0.5875909005304969, 1.0)
15713.9s 370 test:
15725.5s 371 epoch: 72 accuracy 89.120%
15725.5s 372 epoch: 73 start
15725.5s 373 train:
15932.0s 374 (0.6010438789548544, 1.0)
15932.0s 375 test:
15943.6s 376 epoch: 73 accuracy 89.070%
15943.6s 377 epoch: 74 start
15943.6s 378 train:
16149.8s 379 (0.8459208380745622, 0.99998)
16149.8s 380 test:
16161.3s 381 epoch: 74 accuracy 89.000%
16161.3s 382 epoch: 75 start
16161.3s 383 train:
16367.7s 384 (0.5597889700054282, 1.0)
16367.7s 385 test:
16379.3s 386 epoch: 75 accuracy 89.130%
16379.3s 387 epoch: 76 start
16379.3s 388 train:
16585.6s 389 (0.7662483574989949, 0.99998)
16585.6s 390 test:
16597.2s 391 epoch: 76 accuracy 89.220%
16597.2s 392 epoch: 77 start
16597.2s 393 train:
16803.6s 394 (0.5928747045215772, 1.0)
16803.6s 395 test:
16815.1s 396 epoch: 77 accuracy 89.110%
16815.1s 397 epoch: 78 start
16815.1s 398 train:
17021.2s 399 (0.5181377470369171, 1.0)
17021.2s 400 test:
17032.9s 401 epoch: 78 accuracy 89.240%
17032.9s 402 epoch: 79 start
17032.9s 403 train:
17239.2s 404 (0.3729073533861538, 1.0)
17239.2s 405 test:
17250.7s 406 epoch: 79 accuracy 89.220%
17250.7s 407 epoch: 80 start
17250.7s 408 train:
17457.1s 409 (0.4381719184406734, 1.0)
17457.1s 410 test:
17468.7s 411 epoch: 80 accuracy 89.150%
17468.7s 412 epoch: 81 start
17468.7s 413 train:
17674.8s 414 (0.40807495443806285, 1.0)
17674.8s 415 test:
17686.4s 416 epoch: 81 accuracy 89.040%
17686.4s 417 epoch: 82 start
17686.4s 418 train:
17892.6s 419 (0.4163791242174426, 1.0)
17892.6s 420 test:
17904.1s 421 epoch: 82 accuracy 89.120%
17904.1s 422 epoch: 83 start
17904.1s 423 train:
18110.6s 424 (0.36222663081227324, 1.0)
18110.6s 425 test:
18122.1s 426 epoch: 83 accuracy 89.150%
18122.1s 427 epoch: 84 start
18122.1s 428 train:
18328.3s 429 (0.38344251850790556, 1.0)
18328.3s 430 test:
18339.9s 431 epoch: 84 accuracy 89.210%
18339.9s 432 epoch: 85 start
18339.9s 433 train:
18546.4s 434 (0.3310010272837758, 1.0)
18546.4s 435 test:
18557.9s 436 epoch: 85 accuracy 89.230%
18557.9s 437 epoch: 86 start
18557.9s 438 train:
18764.4s 439 (0.7815235726794469, 0.99994)
18764.4s 440 test:
18775.9s 441 epoch: 86 accuracy 89.150%
18775.9s 442 epoch: 87 start
18775.9s 443 train:
18982.3s 444 (0.44193133943454654, 1.0)
18982.3s 445 test:
18993.9s 446 epoch: 87 accuracy 89.170%
18993.9s 447 epoch: 88 start
18993.9s 448 train:
19200.5s 449 (0.4563526575749748, 1.0)
19200.5s 450 test:
19212.0s 451 epoch: 88 accuracy 89.130%
19212.0s 452 epoch: 89 start
19212.0s 453 train:
19418.5s 454 (0.40760823324868056, 1.0)
19418.5s 455 test:
19430.1s 456 epoch: 89 accuracy 89.130%
19430.1s 457 epoch: 90 start
19430.1s 458 train:
19636.2s 459 (0.4532667558542869, 0.99998)
19636.2s 460 test:
19647.8s 461 epoch: 90 accuracy 89.230%
19647.8s 462 epoch: 91 start
19647.8s 463 train:
19854.3s 464 (0.8017635914424943, 0.99996)
19854.3s 465 test:
19865.8s 466 epoch: 91 accuracy 89.210%
19865.8s 467 epoch: 92 start
19865.8s 468 train:
20072.0s 469 (0.5118436585190409, 1.0)
20072.0s 470 test:
20083.6s 471 epoch: 92 accuracy 88.840%
20083.6s 472 epoch: 93 start
20083.6s 473 train:
20290.0s 474 (0.42422803653700214, 1.0)
20290.0s 475 test:
20301.5s 476 epoch: 93 accuracy 89.130%
20301.5s 477 epoch: 94 start
20301.5s 478 train:
20507.8s 479 (0.35720316064862345, 1.0)
20507.8s 480 test:
20519.3s 481 epoch: 94 accuracy 89.120%
20519.3s 482 epoch: 95 start
20519.3s 483 train:
20725.4s 484 (0.6197898167985727, 0.99998)
20725.4s 485 test:
20737.0s 486 epoch: 95 accuracy 89.250%
20737.0s 487 epoch: 96 start
20737.0s 488 train:
20943.1s 489 (0.3751907402773327, 1.0)
20943.1s 490 test:
20954.7s 491 epoch: 96 accuracy 89.230%
20954.7s 492 epoch: 97 start
20954.7s 493 train:
21161.1s 494 (0.41294155365240925, 1.0)
21161.1s 495 test:
21172.6s 496 epoch: 97 accuracy 89.230%
21172.6s 497 epoch: 98 start
21172.6s 498 train:
21379.2s 499 (0.3528311911106812, 1.0)
21379.2s 500 test:
21390.8s 501 epoch: 98 accuracy 89.120%
21390.8s 502 epoch: 99 start
21390.8s 503 train:
21597.5s 504 (0.2883384588275817, 1.0)
21597.5s 505 test:
21609.1s 506 epoch: 99 accuracy 89.270%
21609.1s 507 epoch: 100 start
21609.1s 508 train:
21815.7s 509 (0.3832486300657365, 1.0)
21815.7s 510 test:
21827.4s 511 epoch: 100 accuracy 89.100%
21827.4s 512 best accuracy: 89.270%
21827.4s 513 --------result report--------
21827.4s 514 best accuracy:89.270%
21827.4s 515 loss array:
21827.4s 516 5212.6136,3489.5189,2839.6341,2424.4446,2161.9825,1920.9327,1747.5821,1581.3057,1441.2393,1314.7822,1191.0390,1089.5909,988.1276,903.6612,803.5510,725.6451,661.0949,578.5803,520.4513,477.5540,392.2794,369.5246,319.2027,278.5449,224.2479,219.9907,202.5205,174.9203,157.8126,145.5832,131.8950,106.7233,86.6641,83.4476,73.1682,74.0429,83.4269,73.0456,52.0901,44.4720,28.0855,23.9966,22.2088,27.9108,22.6746,17.3172,13.2471,6.9145,8.1296,4.7597,7.6790,7.7960,8.8296,5.2303,2.5758,2.0484,2.1347,1.6604,1.4962,1.3533,1.6723,1.5854,1.5450,0.8968,1.2682,0.8818,1.0326,0.9989,0.8932,0.7124,0.5779,0.5876,0.6010,0.8459,0.5598,0.7662,0.5929,0.5181,0.3729,0.4382,0.4081,0.4164,0.3622,0.3834,0.3310,0.7815,0.4419,0.4564,0.4076,0.4533,0.8018,0.5118,0.4242,0.3572,0.6198,0.3752,0.4129,0.3528,0.2883,0.3832,
21827.4s 517 train accuracy array:
21827.4s 518 0.4346,0.6019,0.6790,0.7286,0.7607,0.7866,0.8065,0.8234,0.8409,0.8540,0.8676,0.8791,0.8906,0.9000,0.9103,0.9185,0.9273,0.9361,0.9420,0.9472,0.9564,0.9580,0.9645,0.9693,0.9754,0.9758,0.9784,0.9809,0.9825,0.9845,0.9861,0.9885,0.9908,0.9913,0.9925,0.9926,0.9913,0.9924,0.9949,0.9956,0.9976,0.9980,0.9982,0.9973,0.9981,0.9985,0.9992,0.9997,0.9995,0.9998,0.9994,0.9994,0.9993,0.9997,1.0000,1.0000,0.9999,1.0000,1.0000,1.0000,1.0000,1.0000,0.9999,1.0000,1.0000,1.0000,0.9999,1.0000,1.0000,1.0000,1.0000,1.0000,1.0000,1.0000,1.0000,1.0000,1.0000,1.0000,1.0000,1.0000,1.0000,1.0000,1.0000,1.0000,1.0000,0.9999,1.0000,1.0000,1.0000,1.0000,1.0000,1.0000,1.0000,1.0000,1.0000,1.0000,1.0000,1.0000,1.0000,1.0000,
21827.4s 519 accuracy array:
21827.4s 520 0.5480,0.6424,0.6773,0.7213,0.7404,0.7384,0.7890,0.7884,0.8184,0.7980,0.8270,0.8306,0.8171,0.8457,0.8400,0.8445,0.8507,0.8512,0.8531,0.8615,0.8517,0.8470,0.8478,0.8539,0.8433,0.8579,0.8608,0.8554,0.8631,0.8516,0.8610,0.8650,0.8303,0.8728,0.8744,0.8677,0.8716,0.8749,0.8728,0.8663,0.8804,0.8788,0.8771,0.8774,0.8735,0.8783,0.8814,0.8839,0.8820,0.8830,0.8819,0.8807,0.8856,0.8859,0.8876,0.8871,0.8869,0.8867,0.8884,0.8878,0.8903,0.8895,0.8896,0.8905,0.8852,0.8893,0.8902,0.8915,0.8906,0.8923,0.8898,0.8912,0.8907,0.8900,0.8913,0.8922,0.8911,0.8924,0.8922,0.8915,0.8904,0.8912,0.8915,0.8921,0.8923,0.8915,0.8917,0.8913,0.8913,0.8923,0.8921,0.8884,0.8913,0.8912,0.8925,0.8923,0.8923,0.8912,0.8927,0.8910,
21827.4s 521 -------------------------------
21827.4s 522 --------parameter report--------
21827.4s 523 learning rate:0.00500
21827.4s 524 epoch:100
21827.4s 525 train batch size:32
21827.4s 526 test batch size:32
21827.4s 527 model:resnet18
21827.4s 528 optimizer:SGD
21827.4s 529 -------------------------------
21827.8s 530 Files already downloaded and verified
21828.7s 531 Files already downloaded and verified
21829.3s 532 epoch: 1 start
21829.3s 533 train:
21995.7s 534 (2795.394023180008, 0.41026)
21995.7s 535 test:
22006.3s 536 epoch: 1 accuracy 50.840%
22006.3s 537 epoch: 2 start
22006.3s 538 train:
22172.1s 539 (1870.0557116866112, 0.57004)
22172.1s 540 test:
22182.6s 541 epoch: 2 accuracy 54.660%
22182.6s 542 epoch: 3 start
22182.6s 543 train:
22348.5s 544 (1564.7168233394623, 0.6443)
22348.5s 545 test:
22359.1s 546 epoch: 3 accuracy 65.340%
22359.1s 547 epoch: 4 start
22359.1s 548 train:
22524.8s 549 (1356.1737305521965, 0.69426)
22524.8s 550 test:
22535.4s 551 epoch: 4 accuracy 61.730%
22535.4s 552 epoch: 5 start
22535.4s 553 train:
22701.1s 554 (1211.2838516831398, 0.7267)
22701.1s 555 test:
22711.7s 556 epoch: 5 accuracy 66.070%
22711.7s 557 epoch: 6 start
22711.7s 558 train:
22877.4s 559 (1084.4253581166267, 0.75606)
22877.4s 560 test:
22888.0s 561 epoch: 6 accuracy 72.390%
22888.0s 562 epoch: 7 start
22888.0s 563 train:
23053.7s 564 (984.325786292553, 0.7779)
23053.7s 565 test:
23064.1s 566 epoch: 7 accuracy 74.480%
23064.1s 567 epoch: 8 start
23064.1s 568 train:
23229.5s 569 (901.5709887295961, 0.79902)
23229.5s 570 test:
23240.1s 571 epoch: 8 accuracy 78.060%
23240.1s 572 epoch: 9 start
23240.1s 573 train:
23405.6s 574 (826.5790708959103, 0.81682)
23405.6s 575 test:
23416.2s 576 epoch: 9 accuracy 78.260%
23416.2s 577 epoch: 10 start
23416.2s 578 train:
23581.6s 579 (763.5649254769087, 0.83038)
23581.6s 580 test:
23592.2s 581 epoch: 10 accuracy 77.190%
23592.2s 582 epoch: 11 start
23592.2s 583 train:
23757.7s 584 (699.744799554348, 0.84456)
23757.7s 585 test:
23768.2s 586 epoch: 11 accuracy 76.340%
23768.2s 587 epoch: 12 start
23768.2s 588 train:
23933.7s 589 (642.5896582081914, 0.85582)
23933.7s 590 test:
23944.3s 591 epoch: 12 accuracy 76.100%
23944.3s 592 epoch: 13 start
23944.3s 593 train:
24109.7s 594 (595.5987178385258, 0.8673)
24109.7s 595 test:
24120.3s 596 epoch: 13 accuracy 77.930%
24120.3s 597 epoch: 14 start
24120.3s 598 train:
24285.8s 599 (545.6619413085282, 0.87754)
24285.8s 600 test:
24296.4s 601 epoch: 14 accuracy 82.910%
24296.4s 602 epoch: 15 start
24296.4s 603 train:
24461.8s 604 (495.13765800744295, 0.89064)
24461.8s 605 test:
24472.3s 606 epoch: 15 accuracy 80.180%
24472.3s 607 epoch: 16 start
24472.3s 608 train:
24637.8s 609 (450.4963630735874, 0.90148)
24637.8s 610 test:
24648.3s 611 epoch: 16 accuracy 59.450%
24648.3s 612 epoch: 17 start
24648.3s 613 train:
24813.7s 614 (417.4940050635487, 0.90736)
24813.7s 615 test:
24824.3s 616 epoch: 17 accuracy 79.210%
24824.3s 617 epoch: 18 start
24824.3s 618 train:
24989.9s 619 (367.3841618504375, 0.91916)
24989.9s 620 test:
25000.5s 621 epoch: 18 accuracy 80.950%
25000.5s 622 epoch: 19 start
25000.5s 623 train:
25166.1s 624 (336.9014249397442, 0.9243)
25166.1s 625 test:
25176.6s 626 epoch: 19 accuracy 78.680%
25176.6s 627 epoch: 20 start
25176.6s 628 train:
25342.1s 629 (297.3405937924981, 0.93444)
25342.1s 630 test:
25352.7s 631 epoch: 20 accuracy 82.640%
25352.7s 632 epoch: 21 start
25352.7s 633 train:
25518.2s 634 (259.3907119007781, 0.94284)
25518.2s 635 test:
25528.8s 636 epoch: 21 accuracy 81.280%
25528.8s 637 epoch: 22 start
25528.8s 638 train:
25694.3s 639 (235.87051334884018, 0.9474)
25694.3s 640 test:
25704.8s 641 epoch: 22 accuracy 82.480%
25704.8s 642 epoch: 23 start
25704.8s 643 train:
25870.4s 644 (202.49495716951787, 0.95544)
25870.4s 645 test:
25880.9s 646 epoch: 23 accuracy 79.420%
25880.9s 647 epoch: 24 start
25880.9s 648 train:
26046.4s 649 (172.58611571090296, 0.96236)
26046.4s 650 test:
26057.0s 651 epoch: 24 accuracy 83.400%
26057.0s 652 epoch: 25 start
26057.0s 653 train:
26222.5s 654 (157.31372638139874, 0.96624)
26222.5s 655 test:
26233.0s 656 epoch: 25 accuracy 84.560%
26233.0s 657 epoch: 26 start
26233.0s 658 train:
26398.5s 659 (139.2440824804362, 0.96946)
26398.6s 660 test:
26409.1s 661 epoch: 26 accuracy 80.680%
26409.1s 662 epoch: 27 start
26409.1s 663 train:
26574.8s 664 (113.60573491360992, 0.9768)
26574.8s 665 test:
26585.5s 666 epoch: 27 accuracy 83.300%
26585.5s 667 epoch: 28 start
26585.5s 668 train:
26751.1s 669 (99.39130933023989, 0.97942)
26751.1s 670 test:
26761.6s 671 epoch: 28 accuracy 81.440%
26761.6s 672 epoch: 29 start
26761.6s 673 train:
26927.2s 674 (86.56982003006851, 0.98214)
26927.2s 675 test:
26937.7s 676 epoch: 29 accuracy 84.630%
26937.7s 677 epoch: 30 start
26937.7s 678 train:
27103.5s 679 (78.67854246497154, 0.98408)
27103.5s 680 test:
27114.0s 681 epoch: 30 accuracy 85.080%
27114.0s 682 epoch: 31 start
27114.0s 683 train:
27279.6s 684 (63.3176155234687, 0.98784)
27279.6s 685 test:
27290.2s 686 epoch: 31 accuracy 85.530%
27290.2s 687 epoch: 32 start
27290.2s 688 train:
27456.2s 689 (52.512041891692206, 0.99016)
27456.2s 690 test:
27466.8s 691 epoch: 32 accuracy 84.990%
27466.8s 692 epoch: 33 start
27466.8s 693 train:
27632.4s 694 (43.02292973175645, 0.99218)
27632.4s 695 test:
27643.0s 696 epoch: 33 accuracy 85.690%
27643.0s 697 epoch: 34 start
27643.0s 698 train:
27808.9s 699 (33.17543831537478, 0.9946)
27808.9s 700 test:
27819.4s 701 epoch: 34 accuracy 86.000%
27819.4s 702 epoch: 35 start
27819.4s 703 train:
27985.1s 704 (31.160844889760483, 0.99502)
27985.1s 705 test:
27995.7s 706 epoch: 35 accuracy 85.220%
27995.7s 707 epoch: 36 start
27995.7s 708 train:
28161.9s 709 (23.10010066308314, 0.99672)
28161.9s 710 test:
28172.5s 711 epoch: 36 accuracy 85.510%
28172.5s 712 epoch: 37 start
28172.5s 713 train:
28338.7s 714 (30.625527952448465, 0.99452)
28338.7s 715 test:
28349.2s 716 epoch: 37 accuracy 85.260%
28349.2s 717 epoch: 38 start
28349.2s 718 train:
28515.5s 719 (24.83951494160283, 0.99608)
28515.5s 720 test:
28526.0s 721 epoch: 38 accuracy 85.980%
28526.0s 722 epoch: 39 start
28526.0s 723 train:
28692.2s 724 (19.17130953623564, 0.99714)
28692.2s 725 test:
28702.8s 726 epoch: 39 accuracy 85.450%
28702.8s 727 epoch: 40 start
28702.8s 728 train:
28868.9s 729 (15.103534897818463, 0.99806)
28868.9s 730 test:
28879.4s 731 epoch: 40 accuracy 85.880%
28879.4s 732 epoch: 41 start
28879.4s 733 train:
29045.5s 734 (17.44192499485507, 0.9975)
29045.5s 735 test:
29056.1s 736 epoch: 41 accuracy 85.980%
29056.1s 737 epoch: 42 start
29056.1s 738 train:
29222.1s 739 (10.83910948310222, 0.99886)
29222.1s 740 test:
29232.7s 741 epoch: 42 accuracy 86.180%
29232.7s 742 epoch: 43 start
29232.7s 743 train:
29399.4s 744 (10.953640788036864, 0.99866)
29399.4s 745 test:
29410.0s 746 epoch: 43 accuracy 86.600%
29410.0s 747 epoch: 44 start
29410.0s 748 train:
29576.7s 749 (8.745005002674588, 0.9992)
29576.7s 750 test:
29587.3s 751 epoch: 44 accuracy 86.460%
29587.3s 752 epoch: 45 start
29587.3s 753 train:
29754.0s 754 (7.678895699515124, 0.99908)
29754.0s 755 test:
29764.6s 756 epoch: 45 accuracy 86.620%
29764.6s 757 epoch: 46 start
29764.6s 758 train:
29931.5s 759 (5.5490940922973095, 0.99962)
29931.5s 760 test:
29942.3s 761 epoch: 46 accuracy 86.520%
29942.3s 762 epoch: 47 start
29942.3s 763 train:
30109.0s 764 (5.3394491771105095, 0.99956)
30109.0s 765 test:
30119.5s 766 epoch: 47 accuracy 86.470%
30119.5s 767 epoch: 48 start
30119.5s 768 train:
30285.7s 769 (4.497766744883847, 0.99972)
30285.7s 770 test:
30296.3s 771 epoch: 48 accuracy 86.520%
30296.3s 772 epoch: 49 start
30296.3s 773 train:
30462.6s 774 (3.719192689295596, 0.99972)
30462.6s 775 test:
30473.1s 776 epoch: 49 accuracy 86.930%
30473.1s 777 epoch: 50 start
30473.1s 778 train:
30639.3s 779 (3.495889425299538, 0.99982)
30639.3s 780 test:
30649.9s 781 epoch: 50 accuracy 87.070%
30649.9s 782 epoch: 51 start
30649.9s 783 train:
30816.0s 784 (2.2059400317739346, 1.0)
30816.0s 785 test:
30826.6s 786 epoch: 51 accuracy 86.830%
30826.6s 787 epoch: 52 start
30826.6s 788 train:
30992.9s 789 (2.4393584755725897, 0.99984)
30992.9s 790 test:
31003.5s 791 epoch: 52 accuracy 86.850%
31003.5s 792 epoch: 53 start
31003.5s 793 train:
31169.7s 794 (2.3435491943600937, 0.99992)
31169.7s 795 test:
31180.3s 796 epoch: 53 accuracy 86.810%
31180.3s 797 epoch: 54 start
31180.3s 798 train:
31346.4s 799 (2.7035041619237745, 0.99984)
31346.4s 800 test:
31357.0s 801 epoch: 54 accuracy 86.730%
31357.0s 802 epoch: 55 start
31357.0s 803 train:
31523.2s 804 (1.7918800351144455, 0.99996)
31523.2s 805 test:
31533.7s 806 epoch: 55 accuracy 86.860%
31533.7s 807 epoch: 56 start
31533.7s 808 train:
31699.9s 809 (1.7822690082684858, 0.99992)
31699.9s 810 test:
31710.5s 811 epoch: 56 accuracy 86.850%
31710.5s 812 epoch: 57 start
31710.5s 813 train:
31876.9s 814 (2.2201262635426247, 0.99988)
31876.9s 815 test:
31887.5s 816 epoch: 57 accuracy 86.690%
31887.5s 817 epoch: 58 start
31887.5s 818 train:
32053.9s 819 (2.42053459786257, 0.9999)
32053.9s 820 test:
32064.4s 821 epoch: 58 accuracy 87.020%
32064.4s 822 epoch: 59 start
32064.4s 823 train:
32231.0s 824 (1.46714719018928, 0.99998)
32231.0s 825 test:
32241.7s 826 epoch: 59 accuracy 87.050%
32241.7s 827 epoch: 60 start
32241.7s 828 train:
32408.7s 829 (1.2044038646090485, 1.0)
32408.7s 830 test:
32410.8s 831 /opt/conda/lib/python3.7/site-packages/papermill/iorw.py:50: FutureWarning: pyarrow.HadoopFileSystem is deprecated as of 2.0.0, please use pyarrow.fs.HadoopFileSystem instead.
32410.8s 832 from pyarrow import HadoopFileSystem