13.2s 1 --------parameter report--------
13.2s 2 learning rate:0.00500
13.2s 3 epoch:100
13.2s 4 train batch size:16
13.2s 5 test batch size:16
13.2s 6 model:resnet18
13.2s 7 optimizer:SGD
13.2s 8 -------------------------------
13.5s 9 Downloading https://www.cs.toronto.edu/~kriz/cifar-10-python.tar.gz to ../data/cifar-10-python.tar.gz
17.6s 10 Extracting ../data/cifar-10-python.tar.gz to ../data
20.4s 11 Files already downloaded and verified
23.8s 12 epoch: 1 start
23.8s 13 train:
292.5s 14 (5304.43019336462, 0.4467)
292.5s 15 test:
309.2s 16 epoch: 1 accuracy 55.530%
309.2s 17 epoch: 2 start
309.2s 18 train:
570.9s 19 (3499.461232751608, 0.6028)
570.9s 20 test:
587.7s 21 epoch: 2 accuracy 59.790%
587.7s 22 epoch: 3 start
587.7s 23 train:
849.3s 24 (2941.956782862544, 0.6709)
849.3s 25 test:
866.0s 26 epoch: 3 accuracy 59.150%
866.0s 27 epoch: 4 start
866.0s 28 train:
1127.6s 29 (2564.0813554376364, 0.7121)
1127.6s 30 test:
1144.4s 31 epoch: 4 accuracy 71.610%
1144.4s 32 epoch: 5 start
1144.4s 33 train:
1405.9s 34 (2289.211155541241, 0.7445)
1405.9s 35 test:
1422.6s 36 epoch: 5 accuracy 74.250%
1422.6s 37 epoch: 6 start
1422.6s 38 train:
1684.3s 39 (2081.633979871869, 0.76864)
1684.3s 40 test:
1701.0s 41 epoch: 6 accuracy 75.690%
1701.0s 42 epoch: 7 start
1701.0s 43 train:
1962.8s 44 (1902.9309129193425, 0.78756)
1962.8s 45 test:
1979.5s 46 epoch: 7 accuracy 76.120%
1979.5s 47 epoch: 8 start
1979.5s 48 train:
2241.6s 49 (1755.706233214587, 0.80558)
2241.6s 50 test:
2258.4s 51 epoch: 8 accuracy 79.560%
2258.4s 52 epoch: 9 start
2258.4s 53 train:
2520.3s 54 (1608.4651185385883, 0.82204)
2520.3s 55 test:
2537.1s 56 epoch: 9 accuracy 79.010%
2537.1s 57 epoch: 10 start
2537.1s 58 train:
2799.4s 59 (1478.4780092686415, 0.83564)
2799.5s 60 test:
2816.2s 61 epoch: 10 accuracy 79.980%
2816.2s 62 epoch: 11 start
2816.2s 63 train:
3078.1s 64 (1384.2887812145054, 0.84738)
3078.1s 65 test:
3094.9s 66 epoch: 11 accuracy 80.830%
3094.9s 67 epoch: 12 start
3094.9s 68 train:
3356.6s 69 (1280.33155329898, 0.85706)
3356.6s 70 test:
3373.3s 71 epoch: 12 accuracy 80.330%
3373.3s 72 epoch: 13 start
3373.3s 73 train:
3635.2s 74 (1187.573715325445, 0.8686)
3635.2s 75 test:
3652.0s 76 epoch: 13 accuracy 81.170%
3652.0s 77 epoch: 14 start
3652.0s 78 train:
3913.6s 79 (1099.763924650848, 0.87836)
3913.6s 80 test:
3930.2s 81 epoch: 14 accuracy 81.780%
3930.2s 82 epoch: 15 start
3930.2s 83 train:
4191.9s 84 (1022.2651667194441, 0.88736)
4191.9s 85 test:
4208.6s 86 epoch: 15 accuracy 82.730%
4208.6s 87 epoch: 16 start
4208.6s 88 train:
4470.1s 89 (947.9122619240079, 0.89462)
4470.1s 90 test:
4486.9s 91 epoch: 16 accuracy 78.840%
4486.9s 92 epoch: 17 start
4486.9s 93 train:
4748.6s 94 (868.4198095058091, 0.90286)
4748.6s 95 test:
4765.3s 96 epoch: 17 accuracy 81.870%
4765.3s 97 epoch: 18 start
4765.3s 98 train:
5026.9s 99 (809.8281841729768, 0.90878)
5026.9s 100 test:
5043.7s 101 epoch: 18 accuracy 82.330%
5043.7s 102 epoch: 19 start
5043.7s 103 train:
5305.6s 104 (741.8451797706075, 0.91598)
5305.6s 105 test:
5322.4s 106 epoch: 19 accuracy 83.680%
5322.4s 107 epoch: 20 start
5322.4s 108 train:
5584.1s 109 (686.6076231598854, 0.92462)
5584.1s 110 test:
5600.8s 111 epoch: 20 accuracy 83.030%
5600.8s 112 epoch: 21 start
5600.8s 113 train:
5863.1s 114 (637.4152542415541, 0.92862)
5863.1s 115 test:
5879.8s 116 epoch: 21 accuracy 81.060%
5879.8s 117 epoch: 22 start
5879.8s 118 train:
6142.7s 119 (591.7942701178836, 0.93284)
6142.7s 120 test:
6159.5s 121 epoch: 22 accuracy 84.190%
6159.5s 122 epoch: 23 start
6159.5s 123 train:
6421.2s 124 (530.9957117303275, 0.93992)
6421.2s 125 test:
6437.8s 126 epoch: 23 accuracy 83.000%
6437.8s 127 epoch: 24 start
6437.8s 128 train:
6700.0s 129 (499.6952351933578, 0.9444)
6700.0s 130 test:
6716.9s 131 epoch: 24 accuracy 84.480%
6716.9s 132 epoch: 25 start
6716.9s 133 train:
6979.8s 134 (461.63434906693874, 0.9483)
6979.8s 135 test:
6996.4s 136 epoch: 25 accuracy 84.370%
6996.4s 137 epoch: 26 start
6996.4s 138 train:
7258.2s 139 (411.53432325387257, 0.954)
7258.2s 140 test:
7274.9s 141 epoch: 26 accuracy 84.790%
7274.9s 142 epoch: 27 start
7274.9s 143 train:
7536.5s 144 (401.6857226676075, 0.95518)
7536.5s 145 test:
7553.2s 146 epoch: 27 accuracy 83.610%
7553.2s 147 epoch: 28 start
7553.2s 148 train:
7815.0s 149 (366.3182405794796, 0.95764)
7815.0s 150 test:
7831.7s 151 epoch: 28 accuracy 84.780%
7831.7s 152 epoch: 29 start
7831.7s 153 train:
8093.4s 154 (326.65531148485024, 0.96184)
8093.4s 155 test:
8110.1s 156 epoch: 29 accuracy 82.060%
8110.1s 157 epoch: 30 start
8110.1s 158 train:
8371.9s 159 (304.9590775106881, 0.9655)
8371.9s 160 test:
8388.6s 161 epoch: 30 accuracy 84.400%
8388.6s 162 epoch: 31 start
8388.6s 163 train:
8650.2s 164 (283.0350922831203, 0.96838)
8650.2s 165 test:
8666.8s 166 epoch: 31 accuracy 82.790%
8666.8s 167 epoch: 32 start
8666.8s 168 train:
8928.4s 169 (262.2021729477128, 0.97062)
8928.4s 170 test:
8945.1s 171 epoch: 32 accuracy 84.850%
8945.1s 172 epoch: 33 start
8945.1s 173 train:
9206.8s 174 (240.100833610064, 0.97216)
9206.8s 175 test:
9223.5s 176 epoch: 33 accuracy 84.130%
9223.5s 177 epoch: 34 start
9223.5s 178 train:
9485.1s 179 (224.6336914911226, 0.97524)
9485.1s 180 test:
9501.8s 181 epoch: 34 accuracy 84.450%
9501.8s 182 epoch: 35 start
9501.8s 183 train:
9763.6s 184 (205.80409933253395, 0.97712)
9763.6s 185 test:
9780.3s 186 epoch: 35 accuracy 83.380%
9780.3s 187 epoch: 36 start
9780.3s 188 train:
10042.0s 189 (195.60906516200794, 0.97718)
10042.0s 190 test:
10058.7s 191 epoch: 36 accuracy 85.420%
10058.7s 192 epoch: 37 start
10058.7s 193 train:
10320.5s 194 (161.15027832263877, 0.98208)
10320.5s 195 test:
10337.1s 196 epoch: 37 accuracy 85.950%
10337.1s 197 epoch: 38 start
10337.1s 198 train:
10598.8s 199 (168.40377510968938, 0.98064)
10598.8s 200 test:
10615.5s 201 epoch: 38 accuracy 84.620%
10615.5s 202 epoch: 39 start
10615.5s 203 train:
10877.5s 204 (152.2358506274395, 0.98332)
10877.5s 205 test:
10894.2s 206 epoch: 39 accuracy 85.480%
10894.2s 207 epoch: 40 start
10894.2s 208 train:
11156.2s 209 (128.64157810851975, 0.98532)
11156.2s 210 test:
11172.9s 211 epoch: 40 accuracy 84.780%
11172.9s 212 epoch: 41 start
11172.9s 213 train:
11434.7s 214 (124.37217740543383, 0.9865)
11434.7s 215 test:
11451.4s 216 epoch: 41 accuracy 85.280%
11451.4s 217 epoch: 42 start
11451.4s 218 train:
11713.2s 219 (124.58688712681396, 0.98576)
11713.2s 220 test:
11729.9s 221 epoch: 42 accuracy 85.230%
11729.9s 222 epoch: 43 start
11729.9s 223 train:
11991.6s 224 (112.0756621261171, 0.98772)
11991.6s 225 test:
12008.3s 226 epoch: 43 accuracy 85.870%
12008.3s 227 epoch: 44 start
12008.3s 228 train:
12270.4s 229 (106.12180730372302, 0.98802)
12270.4s 230 test:
12287.0s 231 epoch: 44 accuracy 85.990%
12287.0s 232 epoch: 45 start
12287.0s 233 train:
12548.9s 234 (84.9939615675612, 0.99066)
12548.9s 235 test:
12565.6s 236 epoch: 45 accuracy 85.990%
12565.6s 237 epoch: 46 start
12565.6s 238 train:
12827.3s 239 (76.25889893461601, 0.99178)
12827.3s 240 test:
12844.0s 241 epoch: 46 accuracy 86.350%
12844.0s 242 epoch: 47 start
12844.0s 243 train:
13106.2s 244 (71.26371072288202, 0.99182)
13106.2s 245 test:
13123.1s 246 epoch: 47 accuracy 86.000%
13123.1s 247 epoch: 48 start
13123.1s 248 train:
13385.4s 249 (71.61030520783879, 0.9919)
13385.4s 250 test:
13402.1s 251 epoch: 48 accuracy 85.830%
13402.1s 252 epoch: 49 start
13402.1s 253 train:
13664.0s 254 (61.328359469302995, 0.99364)
13664.0s 255 test:
13680.7s 256 epoch: 49 accuracy 86.410%
13680.7s 257 epoch: 50 start
13680.7s 258 train:
13942.6s 259 (51.49791298513537, 0.9948)
13942.6s 260 test:
13959.2s 261 epoch: 50 accuracy 86.200%
13959.2s 262 epoch: 51 start
13959.2s 263 train:
14221.3s 264 (54.41591367964065, 0.994)
14221.3s 265 test:
14238.1s 266 epoch: 51 accuracy 86.370%
14238.1s 267 epoch: 52 start
14238.1s 268 train:
14500.4s 269 (37.2470972272979, 0.99612)
14500.4s 270 test:
14517.1s 271 epoch: 52 accuracy 86.160%
14517.1s 272 epoch: 53 start
14517.1s 273 train:
14779.8s 274 (35.08296072088308, 0.99654)
14779.8s 275 test:
14796.5s 276 epoch: 53 accuracy 86.680%
14796.5s 277 epoch: 54 start
14796.5s 278 train:
15059.6s 279 (23.997228951340958, 0.99778)
15059.6s 280 test:
15076.4s 281 epoch: 54 accuracy 86.720%
15076.4s 282 epoch: 55 start
15076.4s 283 train:
15339.3s 284 (19.656208518623885, 0.99836)
15339.3s 285 test:
15356.1s 286 epoch: 55 accuracy 86.720%
15356.1s 287 epoch: 56 start
15356.1s 288 train:
15619.0s 289 (19.682261332129656, 0.99822)
15619.0s 290 test:
15635.8s 291 epoch: 56 accuracy 86.990%
15635.8s 292 epoch: 57 start
15635.8s 293 train:
15898.9s 294 (13.836344933486089, 0.999)
15898.9s 295 test:
15915.6s 296 epoch: 57 accuracy 87.030%
15915.6s 297 epoch: 58 start
15915.6s 298 train:
16178.6s 299 (12.242076504358693, 0.9991)
16178.6s 300 test:
16195.5s 301 epoch: 58 accuracy 86.990%
16195.5s 302 epoch: 59 start
16195.5s 303 train:
16458.4s 304 (10.120499072434143, 0.99936)
16458.4s 305 test:
16475.0s 306 epoch: 59 accuracy 87.270%
16475.0s 307 epoch: 60 start
16475.0s 308 train:
16738.0s 309 (12.564442008027186, 0.99902)
16738.0s 310 test:
16754.7s 311 epoch: 60 accuracy 87.130%
16754.7s 312 epoch: 61 start
16754.7s 313 train:
17018.0s 314 (10.937531555310215, 0.99914)
17018.0s 315 test:
17034.6s 316 epoch: 61 accuracy 87.350%
17034.6s 317 epoch: 62 start
17034.6s 318 train:
17298.1s 319 (7.440366109823515, 0.99954)
17298.1s 320 test:
17314.8s 321 epoch: 62 accuracy 87.350%
17314.8s 322 epoch: 63 start
17314.8s 323 train:
17576.9s 324 (9.258012086212148, 0.99934)
17576.9s 325 test:
17593.6s 326 epoch: 63 accuracy 87.360%
17593.6s 327 epoch: 64 start
17593.6s 328 train:
17855.4s 329 (6.953600014256438, 0.99964)
17855.4s 330 test:
17872.0s 331 epoch: 64 accuracy 87.350%
17872.0s 332 epoch: 65 start
17872.0s 333 train:
18133.8s 334 (5.986038336743462, 0.9997)
18133.8s 335 test:
18150.5s 336 epoch: 65 accuracy 86.920%
18150.5s 337 epoch: 66 start
18150.5s 338 train:
18412.9s 339 (6.233774559387598, 0.99962)
18412.9s 340 test:
18429.5s 341 epoch: 66 accuracy 87.060%
18429.5s 342 epoch: 67 start
18429.5s 343 train:
18691.6s 344 (5.074864727056877, 0.9998)
18691.6s 345 test:
18708.3s 346 epoch: 67 accuracy 87.410%
18708.3s 347 epoch: 68 start
18708.3s 348 train:
18970.2s 349 (3.9460347165928624, 0.99982)
18970.2s 350 test:
18986.8s 351 epoch: 68 accuracy 87.400%
18986.8s 352 epoch: 69 start
18986.8s 353 train:
19248.7s 354 (2.7942579919480295, 0.99994)
19248.7s 355 test:
19265.4s 356 epoch: 69 accuracy 87.340%
19265.4s 357 epoch: 70 start
19265.4s 358 train:
19527.3s 359 (2.6747620194944375, 0.99992)
19527.3s 360 test:
19543.9s 361 epoch: 70 accuracy 87.500%
19543.9s 362 epoch: 71 start
19543.9s 363 train:
19805.7s 364 (5.435707478991958, 0.99958)
19805.7s 365 test:
19822.4s 366 epoch: 71 accuracy 87.450%
19822.4s 367 epoch: 72 start
19822.4s 368 train:
20084.2s 369 (2.996112885077281, 0.99986)
20084.2s 370 test:
20100.8s 371 epoch: 72 accuracy 87.550%
20100.8s 372 epoch: 73 start
20100.8s 373 train:
20363.0s 374 (3.5989092609705153, 0.99986)
20363.0s 375 test:
20379.6s 376 epoch: 73 accuracy 87.400%
20379.6s 377 epoch: 74 start
20379.6s 378 train:
20641.6s 379 (3.2820462107616777, 0.9999)
20641.6s 380 test:
20658.1s 381 epoch: 74 accuracy 87.470%
20658.1s 382 epoch: 75 start
20658.1s 383 train:
20920.0s 384 (2.50354720331066, 0.99994)
20920.0s 385 test:
20936.7s 386 epoch: 75 accuracy 87.650%
20936.7s 387 epoch: 76 start
20936.7s 388 train:
21198.5s 389 (1.8276271493635932, 0.99996)
21198.5s 390 test:
21215.2s 391 epoch: 76 accuracy 87.880%
21215.2s 392 epoch: 77 start
21215.2s 393 train:
21477.4s 394 (2.7946777940131824, 0.99982)
21477.4s 395 test:
21494.0s 396 epoch: 77 accuracy 87.500%
21494.0s 397 epoch: 78 start
21494.0s 398 train:
21755.8s 399 (2.863812487542873, 0.99988)
21755.8s 400 test:
21772.6s 401 epoch: 78 accuracy 87.640%
21772.6s 402 epoch: 79 start
21772.6s 403 train:
22034.5s 404 (2.04421188823234, 0.99994)
22034.5s 405 test: