12.3s 1 --------parameter report--------
12.3s 2 learning rate:0.00600
12.3s 3 epoch:100
12.3s 4 train batch size:16
12.3s 5 test batch size:16
12.3s 6 model:resnet18
12.3s 7 optimizer:SGD
12.3s 8 -------------------------------
12.3s 9 Downloading https://www.cs.toronto.edu/~kriz/cifar-10-python.tar.gz to ../data/cifar-10-python.tar.gz
19.3s 10 Extracting ../data/cifar-10-python.tar.gz to ../data
22.1s 11 Files already downloaded and verified
25.7s 12 epoch: 1 start
25.7s 13 train:
242.2s 14 (5493.319429457188, 0.41036)
242.2s 15 test:
254.7s 16 epoch: 1 accuracy 44.940%
254.7s 17 epoch: 2 start
254.7s 18 train:
465.0s 19 (3613.2403975725174, 0.59764)
465.0s 20 test:
477.3s 21 epoch: 2 accuracy 64.700%
477.3s 22 epoch: 3 start
477.3s 23 train:
687.8s 24 (2919.2800518274307, 0.67514)
687.8s 25 test:
700.1s 26 epoch: 3 accuracy 69.780%
700.1s 27 epoch: 4 start
700.1s 28 train:
910.6s 29 (2510.6337892860174, 0.72154)
910.6s 30 test:
922.9s 31 epoch: 4 accuracy 73.780%
922.9s 32 epoch: 5 start
922.9s 33 train:
1133.2s 34 (2243.0315354317427, 0.75162)
1133.2s 35 test:
1145.5s 36 epoch: 5 accuracy 73.520%
1145.5s 37 epoch: 6 start
1145.5s 38 train:
1355.8s 39 (2020.5477521382272, 0.77622)
1355.8s 40 test:
1368.1s 41 epoch: 6 accuracy 76.290%
1368.1s 42 epoch: 7 start
1368.1s 43 train:
1578.3s 44 (1833.3002095855772, 0.79734)
1578.3s 45 test:
1590.7s 46 epoch: 7 accuracy 78.100%
1590.7s 47 epoch: 8 start
1590.7s 48 train:
1800.8s 49 (1665.0473504029214, 0.81704)
1800.8s 50 test:
1813.3s 51 epoch: 8 accuracy 79.150%
1813.3s 52 epoch: 9 start
1813.3s 53 train:
2023.4s 54 (1516.0676499828696, 0.83166)
2023.4s 55 test:
2035.6s 56 epoch: 9 accuracy 80.610%
2035.6s 57 epoch: 10 start
2035.6s 58 train:
2245.9s 59 (1380.0273769497871, 0.84642)
2245.9s 60 test:
2258.2s 61 epoch: 10 accuracy 80.950%
2258.2s 62 epoch: 11 start
2258.2s 63 train:
2468.3s 64 (1252.510916609317, 0.86164)
2468.3s 65 test:
2480.6s 66 epoch: 11 accuracy 79.620%
2480.6s 67 epoch: 12 start
2480.6s 68 train:
2690.8s 69 (1140.0054924301803, 0.87622)
2690.8s 70 test:
2703.1s 71 epoch: 12 accuracy 79.730%
2703.1s 72 epoch: 13 start
2703.1s 73 train:
2913.4s 74 (1028.5095358788967, 0.8859)
2913.4s 75 test:
2925.7s 76 epoch: 13 accuracy 82.330%
2925.7s 77 epoch: 14 start
2925.7s 78 train:
3135.9s 79 (935.7802146552131, 0.89608)
3135.9s 80 test:
3148.2s 81 epoch: 14 accuracy 82.770%
3148.2s 82 epoch: 15 start
3148.2s 83 train:
3358.4s 84 (834.5831092488952, 0.90688)
3358.4s 85 test:
3370.7s 86 epoch: 15 accuracy 81.910%
3370.7s 87 epoch: 16 start
3370.7s 88 train:
3580.7s 89 (741.4699210608378, 0.91808)
3580.7s 90 test:
3593.0s 91 epoch: 16 accuracy 83.220%
3593.0s 92 epoch: 17 start
3593.0s 93 train:
3803.1s 94 (657.9893526954111, 0.92864)
3803.1s 95 test:
3815.4s 96 epoch: 17 accuracy 81.550%
3815.4s 97 epoch: 18 start
3815.4s 98 train:
4025.5s 99 (579.1998748765327, 0.93702)
4025.5s 100 test:
4037.7s 101 epoch: 18 accuracy 81.490%
4037.7s 102 epoch: 19 start
4037.7s 103 train:
4247.9s 104 (520.4404429105925, 0.94208)
4247.9s 105 test:
4260.2s 106 epoch: 19 accuracy 84.000%
4260.2s 107 epoch: 20 start
4260.2s 108 train:
4470.2s 109 (445.12022661825176, 0.9514)
4470.2s 110 test:
4482.5s 111 epoch: 20 accuracy 84.330%
4482.5s 112 epoch: 21 start
4482.5s 113 train:
4692.7s 114 (389.0043920852477, 0.9578)
4692.7s 115 test:
4705.0s 116 epoch: 21 accuracy 83.600%
4705.0s 117 epoch: 22 start
4705.0s 118 train:
4914.9s 119 (353.8726840504096, 0.96102)
4914.9s 120 test:
4927.2s 121 epoch: 22 accuracy 84.370%
4927.2s 122 epoch: 23 start
4927.2s 123 train:
5137.2s 124 (287.8809386760986, 0.96848)
5137.2s 125 test:
5149.5s 126 epoch: 23 accuracy 84.000%
5149.5s 127 epoch: 24 start
5149.5s 128 train:
5359.6s 129 (260.2802492161063, 0.97088)
5359.6s 130 test:
5371.9s 131 epoch: 24 accuracy 84.280%
5371.9s 132 epoch: 25 start
5371.9s 133 train:
5581.9s 134 (233.38507021249097, 0.97344)
5581.9s 135 test:
5594.2s 136 epoch: 25 accuracy 84.420%
5594.2s 137 epoch: 26 start
5594.2s 138 train:
5804.4s 139 (198.78098024203064, 0.97908)
5804.4s 140 test:
5816.7s 141 epoch: 26 accuracy 84.460%
5816.7s 142 epoch: 27 start
5816.7s 143 train:
6026.7s 144 (184.60599843645105, 0.97944)
6026.7s 145 test:
6039.0s 146 epoch: 27 accuracy 82.610%
6039.0s 147 epoch: 28 start
6039.0s 148 train:
6249.3s 149 (167.9926744821496, 0.98226)
6249.3s 150 test:
6261.7s 151 epoch: 28 accuracy 84.000%
6261.7s 152 epoch: 29 start
6261.7s 153 train:
6471.7s 154 (145.4867753636645, 0.9852)
6471.7s 155 test:
6484.1s 156 epoch: 29 accuracy 84.970%
6484.1s 157 epoch: 30 start
6484.1s 158 train:
6694.2s 159 (129.03672581758656, 0.98582)
6694.2s 160 test:
6706.4s 161 epoch: 30 accuracy 85.070%
6706.4s 162 epoch: 31 start
6706.4s 163 train:
6916.4s 164 (120.3367009886988, 0.98742)
6916.4s 165 test:
6928.7s 166 epoch: 31 accuracy 85.180%
6928.7s 167 epoch: 32 start
6928.7s 168 train:
7138.9s 169 (102.92289317485938, 0.98976)
7138.9s 170 test:
7151.1s 171 epoch: 32 accuracy 85.420%
7151.1s 172 epoch: 33 start
7151.1s 173 train:
7361.2s 174 (75.04413308763651, 0.9925)
7361.2s 175 test:
7373.5s 176 epoch: 33 accuracy 85.860%
7373.5s 177 epoch: 34 start
7373.5s 178 train:
7583.6s 179 (68.51482328826387, 0.99302)
7583.6s 180 test:
7595.9s 181 epoch: 34 accuracy 85.220%
7595.9s 182 epoch: 35 start
7595.9s 183 train:
7805.9s 184 (51.14424686660277, 0.99526)
7805.9s 185 test:
7818.1s 186 epoch: 35 accuracy 85.960%
7818.1s 187 epoch: 36 start
7818.1s 188 train:
8028.0s 189 (48.732907273872115, 0.99548)
8028.0s 190 test:
8040.4s 191 epoch: 36 accuracy 85.660%
8040.4s 192 epoch: 37 start
8040.4s 193 train:
8250.7s 194 (43.57615914659891, 0.99578)
8250.7s 195 test:
8262.9s 196 epoch: 37 accuracy 86.060%
8262.9s 197 epoch: 38 start
8262.9s 198 train:
8472.9s 199 (43.482323936555986, 0.99572)
8472.9s 200 test:
8485.2s 201 epoch: 38 accuracy 85.160%
8485.2s 202 epoch: 39 start
8485.2s 203 train:
8695.2s 204 (24.619364275135695, 0.99784)
8695.2s 205 test:
8707.4s 206 epoch: 39 accuracy 85.410%
8707.4s 207 epoch: 40 start
8707.4s 208 train:
8917.4s 209 (21.93656654887809, 0.99818)
8917.4s 210 test:
8929.6s 211 epoch: 40 accuracy 85.340%
8929.6s 212 epoch: 41 start
8929.6s 213 train:
9139.5s 214 (19.771677135189293, 0.99848)
9139.5s 215 test:
9151.9s 216 epoch: 41 accuracy 86.110%
9151.9s 217 epoch: 42 start
9151.9s 218 train:
9361.9s 219 (15.740374410262916, 0.99872)
9361.9s 220 test:
9374.3s 221 epoch: 42 accuracy 86.060%
9374.3s 222 epoch: 43 start
9374.3s 223 train:
9584.2s 224 (13.61372627318758, 0.99914)
9584.2s 225 test:
9596.4s 226 epoch: 43 accuracy 86.470%
9596.4s 227 epoch: 44 start
9596.4s 228 train:
9806.5s 229 (8.857797631425228, 0.99952)
9806.5s 230 test:
9818.7s 231 epoch: 44 accuracy 86.870%
9818.7s 232 epoch: 45 start
9818.7s 233 train:
10029.3s 234 (5.4161163981989375, 0.99972)
10029.3s 235 test:
10041.5s 236 epoch: 45 accuracy 86.810%
10041.5s 237 epoch: 46 start
10041.5s 238 train:
10251.6s 239 (3.246194275738162, 0.99992)
10251.6s 240 test:
10263.8s 241 epoch: 46 accuracy 86.940%
10263.8s 242 epoch: 47 start
10263.8s 243 train:
10473.9s 244 (2.949185232391301, 0.99992)
10473.9s 245 test:
10486.2s 246 epoch: 47 accuracy 87.010%
10486.2s 247 epoch: 48 start
10486.2s 248 train:
10696.5s 249 (2.4856372688389, 0.99996)
10696.5s 250 test:
10708.7s 251 epoch: 48 accuracy 86.880%
10708.7s 252 epoch: 49 start
10708.7s 253 train:
10918.9s 254 (3.284688475190194, 0.99986)
10918.9s 255 test:
10931.2s 256 epoch: 49 accuracy 86.740%
10931.2s 257 epoch: 50 start
10931.2s 258 train:
11141.2s 259 (2.0843402905109656, 0.99998)
11141.2s 260 test:
11153.5s 261 epoch: 50 accuracy 87.080%
11153.5s 262 epoch: 51 start
11153.5s 263 train:
11363.6s 264 (1.5006004645749726, 1.0)
11363.6s 265 test:
11376.0s 266 epoch: 51 accuracy 87.100%
11376.0s 267 epoch: 52 start
11376.0s 268 train:
11586.0s 269 (1.151771874182998, 0.99998)
11586.0s 270 test:
11598.2s 271 epoch: 52 accuracy 87.130%
11598.2s 272 epoch: 53 start
11598.2s 273 train:
11808.3s 274 (1.1408171523799524, 1.0)
11808.3s 275 test:
11820.5s 276 epoch: 53 accuracy 87.310%
11820.5s 277 epoch: 54 start
11820.5s 278 train:
12030.4s 279 (0.7908228666563559, 1.0)
12030.4s 280 test:
12042.7s 281 epoch: 54 accuracy 87.220%
12042.7s 282 epoch: 55 start
12042.7s 283 train:
12252.6s 284 (0.8509493620440196, 1.0)
12252.6s 285 test:
12264.8s 286 epoch: 55 accuracy 87.170%
12264.8s 287 epoch: 56 start
12264.8s 288 train:
12474.9s 289 (0.8135905747761853, 1.0)
12474.9s 290 test:
12487.1s 291 epoch: 56 accuracy 87.140%
12487.1s 292 epoch: 57 start
12487.1s 293 train:
12697.2s 294 (0.8436625694234294, 1.0)
12697.2s 295 test:
12709.4s 296 epoch: 57 accuracy 87.300%
12709.4s 297 epoch: 58 start
12709.4s 298 train:
12919.6s 299 (0.6710370338878988, 1.0)
12919.6s 300 test:
12931.8s 301 epoch: 58 accuracy 87.420%
12931.8s 302 epoch: 59 start
12931.8s 303 train:
13141.8s 304 (0.6221939839527977, 1.0)
13141.8s 305 test:
13154.1s 306 epoch: 59 accuracy 87.310%
13154.1s 307 epoch: 60 start
13154.1s 308 train:
13364.3s 309 (0.644942278472513, 1.0)
13364.3s 310 test:
13376.5s 311 epoch: 60 accuracy 87.480%
13376.5s 312 epoch: 61 start
13376.5s 313 train:
13586.4s 314 (0.6009541361229367, 0.99998)
13586.4s 315 test:
13598.9s 316 epoch: 61 accuracy 87.190%
13598.9s 317 epoch: 62 start
13598.9s 318 train:
13809.0s 319 (0.7142294794555824, 1.0)
13809.0s 320 test:
13821.3s 321 epoch: 62 accuracy 87.230%
13821.3s 322 epoch: 63 start
13821.3s 323 train:
14031.4s 324 (0.5419550174940184, 1.0)
14031.4s 325 test:
14043.7s 326 epoch: 63 accuracy 87.300%
14043.7s 327 epoch: 64 start
14043.7s 328 train:
14253.8s 329 (0.49242245151333464, 1.0)
14253.8s 330 test:
14266.1s 331 epoch: 64 accuracy 87.250%
14266.1s 332 epoch: 65 start
14266.1s 333 train:
14476.2s 334 (0.648824007783162, 1.0)
14476.2s 335 test:
14488.4s 336 epoch: 65 accuracy 87.180%
14488.4s 337 epoch: 66 start
14488.4s 338 train:
14698.5s 339 (0.5993893292305472, 1.0)
14698.5s 340 test:
14710.7s 341 epoch: 66 accuracy 87.190%
14710.7s 342 epoch: 67 start
14710.7s 343 train:
14920.9s 344 (0.4717571616341161, 1.0)
14920.9s 345 test:
14933.1s 346 epoch: 67 accuracy 87.090%
14933.1s 347 epoch: 68 start
14933.1s 348 train:
15143.4s 349 (0.49323048428234983, 1.0)
15143.4s 350 test:
15155.8s 351 epoch: 68 accuracy 87.250%
15155.8s 352 epoch: 69 start
15155.8s 353 train:
15365.8s 354 (0.4542772970058273, 1.0)
15365.8s 355 test:
15378.2s 356 epoch: 69 accuracy 87.330%
15378.2s 357 epoch: 70 start
15378.2s 358 train:
15588.3s 359 (0.43240351297021107, 1.0)
15588.3s 360 test:
15600.7s 361 epoch: 70 accuracy 87.280%
15600.7s 362 epoch: 71 start
15600.7s 363 train:
15810.8s 364 (0.4711647045114091, 1.0)
15810.8s 365 test:
15823.1s 366 epoch: 71 accuracy 87.410%
15823.1s 367 epoch: 72 start
15823.1s 368 train:
16033.1s 369 (0.4695939991361797, 1.0)
16033.1s 370 test:
16045.4s 371 epoch: 72 accuracy 87.180%
16045.4s 372 epoch: 73 start
16045.4s 373 train:
16255.5s 374 (0.43925062727649333, 1.0)
16255.5s 375 test:
16267.8s 376 epoch: 73 accuracy 87.240%
16267.8s 377 epoch: 74 start
16267.8s 378 train:
16477.9s 379 (0.37865652787098725, 1.0)
16477.9s 380 test:
16490.1s 381 epoch: 74 accuracy 87.310%
16490.1s 382 epoch: 75 start
16490.1s 383 train:
16700.3s 384 (0.36075163259934584, 1.0)
16700.3s 385 test:
16712.5s 386 epoch: 75 accuracy 87.310%
16712.5s 387 epoch: 76 start
16712.5s 388 train:
16922.7s 389 (0.33857557062958676, 1.0)
16922.7s 390 test:
16935.0s 391 epoch: 76 accuracy 87.320%
16935.0s 392 epoch: 77 start
16935.0s 393 train:
17145.2s 394 (0.38904836112078556, 1.0)
17145.2s 395 test:
17157.3s 396 epoch: 77 accuracy 87.300%
17157.3s 397 epoch: 78 start
17157.3s 398 train:
17367.8s 399 (0.37775560873507175, 1.0)
17367.8s 400 test:
17380.0s 401 epoch: 78 accuracy 87.210%
17380.0s 402 epoch: 79 start
17380.0s 403 train:
17590.1s 404 (0.35842271711555895, 1.0)
17590.1s 405 test:
17602.4s 406 epoch: 79 accuracy 87.320%
17602.4s 407 epoch: 80 start
17602.4s 408 train:
17812.7s 409 (0.3141483059027337, 1.0)
17812.7s 410 test:
17824.9s 411 epoch: 80 accuracy 87.310%
17824.9s 412 epoch: 81 start
17824.9s 413 train:
18035.0s 414 (0.31448015709008814, 1.0)
18035.0s 415 test:
18047.2s 416 epoch: 81 accuracy 87.270%
18047.2s 417 epoch: 82 start
18047.2s 418 train:
18257.2s 419 (0.3073744926190898, 1.0)
18257.2s 420 test:
18269.4s 421 epoch: 82 accuracy 87.360%
18269.4s 422 epoch: 83 start
18269.4s 423 train:
18479.6s 424 (0.27912308937675334, 1.0)
18479.6s 425 test:
18491.8s 426 epoch: 83 accuracy 87.430%
18491.8s 427 epoch: 84 start
18491.8s 428 train:
18701.9s 429 (0.29737305915551815, 1.0)
18701.9s 430 test:
18714.3s 431 epoch: 84 accuracy 87.350%
18714.3s 432 epoch: 85 start
18714.3s 433 train:
18924.5s 434 (0.2888988596442914, 1.0)
18924.5s 435 test:
18936.8s 436 epoch: 85 accuracy 87.320%
18936.8s 437 epoch: 86 start
18936.8s 438 train:
19146.8s 439 (0.3060292716860147, 1.0)
19146.8s 440 test:
19159.1s 441 epoch: 86 accuracy 87.230%
19159.1s 442 epoch: 87 start
19159.1s 443 train:
19369.2s 444 (0.2995115614318422, 1.0)
19369.2s 445 test:
19381.5s 446 epoch: 87 accuracy 87.310%
19381.5s 447 epoch: 88 start
19381.5s 448 train:
19591.5s 449 (0.3087623860146209, 1.0)
19591.5s 450 test:
19603.7s 451 epoch: 88 accuracy 87.290%
19603.7s 452 epoch: 89 start
19603.7s 453 train:
19814.1s 454 (0.31782025762971955, 1.0)
19814.1s 455 test:
19826.3s 456 epoch: 89 accuracy 87.270%
19826.3s 457 epoch: 90 start
19826.3s 458 train:
20036.4s 459 (0.28923361352794785, 1.0)
20036.4s 460 test:
20048.6s 461 epoch: 90 accuracy 87.350%
20048.6s 462 epoch: 91 start
20048.6s 463 train:
20258.9s 464 (0.3335722186632779, 1.0)
20258.9s 465 test:
20271.1s 466 epoch: 91 accuracy 87.140%
20271.1s 467 epoch: 92 start
20271.1s 468 train:
20481.3s 469 (0.31996060350229527, 1.0)
20481.3s 470 test:
20493.5s 471 epoch: 92 accuracy 87.330%
20493.5s 472 epoch: 93 start
20493.5s 473 train:
20703.7s 474 (0.29633856030645234, 1.0)
20703.7s 475 test:
20715.9s 476 epoch: 93 accuracy 87.230%
20715.9s 477 epoch: 94 start
20715.9s 478 train:
20926.0s 479 (0.23544632435468316, 1.0)
20926.0s 480 test:
20938.3s 481 epoch: 94 accuracy 87.230%
20938.3s 482 epoch: 95 start
20938.3s 483 train:
21148.3s 484 (0.2533511129036299, 1.0)
21148.3s 485 test:
21160.6s 486 epoch: 95 accuracy 87.390%
21160.6s 487 epoch: 96 start
21160.6s 488 train:
21370.8s 489 (0.25086246802559486, 1.0)
21370.8s 490 test:
21383.3s 491 epoch: 96 accuracy 87.390%
21383.3s 492 epoch: 97 start
21383.3s 493 train:
21593.4s 494 (0.28365443308561566, 1.0)
21593.4s 495 test:
21605.7s 496 epoch: 97 accuracy 87.290%
21605.7s 497 epoch: 98 start
21605.7s 498 train:
21816.1s 499 (0.23718630236766103, 1.0)
21816.1s 500 test:
21828.4s 501 epoch: 98 accuracy 87.450%
21828.4s 502 epoch: 99 start
21828.4s 503 train:
22038.5s 504 (0.23629385006574743, 1.0)
22038.5s 505 test:
22050.8s 506 epoch: 99 accuracy 87.340%
22050.8s 507 epoch: 100 start
22050.8s 508 train:
22261.1s 509 (0.23545407984589417, 1.0)
22261.1s 510 test:
22273.1s 511 epoch: 100 accuracy 87.390%
22273.1s 512 best accuracy: 87.480%
22273.1s 513 --------result report--------
22273.1s 514 best accuracy:87.480%
22273.1s 515 loss array:
22273.1s 516 5493.3194,3613.2404,2919.2801,2510.6338,2243.0315,2020.5478,1833.3002,1665.0474,1516.0676,1380.0274,1252.5109,1140.0055,1028.5095,935.7802,834.5831,741.4699,657.9894,579.1999,520.4404,445.1202,389.0044,353.8727,287.8809,260.2802,233.3851,198.7810,184.6060,167.9927,145.4868,129.0367,120.3367,102.9229,75.0441,68.5148,51.1442,48.7329,43.5762,43.4823,24.6194,21.9366,19.7717,15.7404,13.6137,8.8578,5.4161,3.2462,2.9492,2.4856,3.2847,2.0843,1.5006,1.1518,1.1408,0.7908,0.8509,0.8136,0.8437,0.6710,0.6222,0.6449,0.6010,0.7142,0.5420,0.4924,0.6488,0.5994,0.4718,0.4932,0.4543,0.4324,0.4712,0.4696,0.4393,0.3787,0.3608,0.3386,0.3890,0.3778,0.3584,0.3141,0.3145,0.3074,0.2791,0.2974,0.2889,0.3060,0.2995,0.3088,0.3178,0.2892,0.3336,0.3200,0.2963,0.2354,0.2534,0.2509,0.2837,0.2372,0.2363,0.2355,
22273.1s 517 train accuracy array:
22273.1s 518 0.4104,0.5976,0.6751,0.7215,0.7516,0.7762,0.7973,0.8170,0.8317,0.8464,0.8616,0.8762,0.8859,0.8961,0.9069,0.9181,0.9286,0.9370,0.9421,0.9514,0.9578,0.9610,0.9685,0.9709,0.9734,0.9791,0.9794,0.9823,0.9852,0.9858,0.9874,0.9898,0.9925,0.9930,0.9953,0.9955,0.9958,0.9957,0.9978,0.9982,0.9985,0.9987,0.9991,0.9995,0.9997,0.9999,0.9999,1.0000,0.9999,1.0000,1.0000,1.0000,1.0000,1.0000,1.0000,1.0000,1.0000,1.0000,1.0000,1.0000,1.0000,1.0000,1.0000,1.0000,1.0000,1.0000,1.0000,1.0000,1.0000,1.0000,1.0000,1.0000,1.0000,1.0000,1.0000,1.0000,1.0000,1.0000,1.0000,1.0000,1.0000,1.0000,1.0000,1.0000,1.0000,1.0000,1.0000,1.0000,1.0000,1.0000,1.0000,1.0000,1.0000,1.0000,1.0000,1.0000,1.0000,1.0000,1.0000,1.0000,
22273.1s 519 accuracy array:
22273.1s 520 0.4494,0.6470,0.6978,0.7378,0.7352,0.7629,0.7810,0.7915,0.8061,0.8095,0.7962,0.7973,0.8233,0.8277,0.8191,0.8322,0.8155,0.8149,0.8400,0.8433,0.8360,0.8437,0.8400,0.8428,0.8442,0.8446,0.8261,0.8400,0.8497,0.8507,0.8518,0.8542,0.8586,0.8522,0.8596,0.8566,0.8606,0.8516,0.8541,0.8534,0.8611,0.8606,0.8647,0.8687,0.8681,0.8694,0.8701,0.8688,0.8674,0.8708,0.8710,0.8713,0.8731,0.8722,0.8717,0.8714,0.8730,0.8742,0.8731,0.8748,0.8719,0.8723,0.8730,0.8725,0.8718,0.8719,0.8709,0.8725,0.8733,0.8728,0.8741,0.8718,0.8724,0.8731,0.8731,0.8732,0.8730,0.8721,0.8732,0.8731,0.8727,0.8736,0.8743,0.8735,0.8732,0.8723,0.8731,0.8729,0.8727,0.8735,0.8714,0.8733,0.8723,0.8723,0.8739,0.8739,0.8729,0.8745,0.8734,0.8739,
22273.1s 521 -------------------------------
22273.1s 522 --------parameter report--------
22273.1s 523 batchSize:16    accuracy:0.875%
22273.1s 524 /opt/conda/lib/python3.7/site-packages/papermill/iorw.py:50: FutureWarning: pyarrow.HadoopFileSystem is deprecated as of 2.0.0, please use pyarrow.fs.HadoopFileSystem instead.
22273.1s 525 from pyarrow import HadoopFileSystem
22277.1s 526 /opt/conda/lib/python3.7/site-packages/traitlets/traitlets.py:2567: FutureWarning: --Exporter.preprocessors=["remove_papermill_header.RemovePapermillHeader"] for containers is deprecated in traitlets 5.0. You can pass `--Exporter.preprocessors item` ... multiple times to add items to a list.
22277.1s 527 FutureWarning,
22277.1s 528 [NbConvertApp] Converting notebook __notebook__.ipynb to notebook
22277.4s 529 [NbConvertApp] Writing 44991 bytes to __notebook__.ipynb
22279.3s 530 /opt/conda/lib/python3.7/site-packages/traitlets/traitlets.py:2567: FutureWarning: --Exporter.preprocessors=["nbconvert.preprocessors.ExtractOutputPreprocessor"] for containers is deprecated in traitlets 5.0. You can pass `--Exporter.preprocessors item` ... multiple times to add items to a list.
22279.3s 531 FutureWarning,
22279.3s 532 [NbConvertApp] Converting notebook __notebook__.ipynb to html
22279.8s 533 [NbConvertApp] Writing 360986 bytes to __results__.html