13.2s 1 --------parameter report--------
13.2s 2 learning rate:0.00600
13.2s 3 epoch:100
13.2s 4 train batch size:16
13.2s 5 test batch size:16
13.2s 6 model:resnet18
13.2s 7 optimizer:SGD
13.2s 8 -------------------------------
13.9s 9 Downloading https://www.cs.toronto.edu/~kriz/cifar-10-python.tar.gz to ../data/cifar-10-python.tar.gz
26.0s 10 Extracting ../data/cifar-10-python.tar.gz to ../data
28.8s 11 Files already downloaded and verified
32.2s 12 epoch: 1 start
32.2s 13 train:
261.2s 14 (5199.25516295433, 0.43238)
261.2s 15 test:
275.8s 16 epoch: 1 accuracy 55.230%
275.8s 17 epoch: 2 start
275.8s 18 train:
497.3s 19 (3588.7756256759167, 0.59424)
497.3s 20 test:
511.9s 21 epoch: 2 accuracy 61.300%
511.9s 22 epoch: 3 start
511.9s 23 train:
733.3s 24 (2964.4196486771107, 0.66774)
733.3s 25 test:
748.2s 26 epoch: 3 accuracy 64.570%
748.2s 27 epoch: 4 start
748.2s 28 train:
969.8s 29 (2568.6351778805256, 0.71546)
969.8s 30 test:
984.4s 31 epoch: 4 accuracy 72.040%
984.4s 32 epoch: 5 start
984.4s 33 train:
1205.8s 34 (2287.1508418917656, 0.74474)
1205.8s 35 test:
1220.3s 36 epoch: 5 accuracy 71.870%
1220.3s 37 epoch: 6 start
1220.3s 38 train:
1441.7s 39 (2049.834212578833, 0.77338)
1441.7s 40 test:
1456.4s 41 epoch: 6 accuracy 75.440%
1456.4s 42 epoch: 7 start
1456.4s 43 train:
1677.9s 44 (1864.5893803164363, 0.7925)
1677.9s 45 test:
1692.6s 46 epoch: 7 accuracy 75.360%
1692.6s 47 epoch: 8 start
1692.6s 48 train:
1914.3s 49 (1702.539065103978, 0.81126)
1914.3s 50 test:
1929.3s 51 epoch: 8 accuracy 76.370%
1929.3s 52 epoch: 9 start
1929.3s 53 train:
2150.8s 54 (1563.544792952016, 0.82618)
2150.8s 55 test:
2165.3s 56 epoch: 9 accuracy 76.390%
2165.3s 57 epoch: 10 start
2165.3s 58 train:
2386.8s 59 (1422.4653468895704, 0.84144)
2386.8s 60 test:
2401.4s 61 epoch: 10 accuracy 79.210%
2401.4s 62 epoch: 11 start
2401.4s 63 train:
2622.9s 64 (1315.4117240086198, 0.85336)
2622.9s 65 test:
2637.4s 66 epoch: 11 accuracy 80.600%
2637.4s 67 epoch: 12 start
2637.4s 68 train:
2859.3s 69 (1207.906310020946, 0.86802)
2859.3s 70 test:
2874.0s 71 epoch: 12 accuracy 80.790%
2874.0s 72 epoch: 13 start
2874.0s 73 train:
3095.7s 74 (1108.3886262970045, 0.8753)
3095.7s 75 test:
3110.4s 76 epoch: 13 accuracy 78.500%
3110.4s 77 epoch: 14 start
3110.4s 78 train:
3332.3s 79 (1014.1120987655595, 0.88608)
3332.3s 80 test:
3346.9s 81 epoch: 14 accuracy 82.070%
3346.9s 82 epoch: 15 start
3346.9s 83 train:
3568.5s 84 (915.7019473388791, 0.898)
3568.5s 85 test:
3583.0s 86 epoch: 15 accuracy 80.490%
3583.0s 87 epoch: 16 start
3583.0s 88 train:
3805.1s 89 (831.5783377131447, 0.90726)
3805.1s 90 test:
3819.6s 91 epoch: 16 accuracy 82.980%
3819.6s 92 epoch: 17 start
3819.6s 93 train:
4041.7s 94 (753.4318298737053, 0.91688)
4041.7s 95 test:
4056.4s 96 epoch: 17 accuracy 83.020%
4056.4s 97 epoch: 18 start
4056.4s 98 train:
4278.1s 99 (686.9394696466625, 0.92348)
4278.1s 100 test:
4292.9s 101 epoch: 18 accuracy 83.360%
4292.9s 102 epoch: 19 start
4292.9s 103 train:
4515.5s 104 (614.1318909445545, 0.93144)
4515.5s 105 test:
4530.0s 106 epoch: 19 accuracy 82.120%
4530.0s 107 epoch: 20 start
4530.0s 108 train:
4752.1s 109 (558.0731543032452, 0.9368)
4752.1s 110 test:
4766.7s 111 epoch: 20 accuracy 82.060%
4766.7s 112 epoch: 21 start
4766.7s 113 train:
4988.3s 114 (479.1169756068848, 0.94664)
4988.3s 115 test:
5002.8s 116 epoch: 21 accuracy 83.190%
5002.8s 117 epoch: 22 start
5002.8s 118 train:
5224.3s 119 (433.5579195463797, 0.95216)
5224.3s 120 test:
5239.0s 121 epoch: 22 accuracy 82.730%
5239.0s 122 epoch: 23 start
5239.0s 123 train:
5460.6s 124 (379.3653887130786, 0.95782)
5460.6s 125 test:
5475.3s 126 epoch: 23 accuracy 83.260%
5475.3s 127 epoch: 24 start
5475.3s 128 train:
5696.9s 129 (337.91494625163614, 0.96216)
5696.9s 130 test:
5711.6s 131 epoch: 24 accuracy 84.060%
5711.6s 132 epoch: 25 start
5711.6s 133 train:
5933.1s 134 (301.7674086763873, 0.96618)
5933.1s 135 test:
5947.7s 136 epoch: 25 accuracy 84.090%
5947.7s 137 epoch: 26 start
5947.7s 138 train:
6169.2s 139 (269.879937215941, 0.97024)
6169.2s 140 test:
6183.8s 141 epoch: 26 accuracy 83.930%
6183.8s 142 epoch: 27 start
6183.8s 143 train:
6405.3s 144 (232.08581450131896, 0.9739)
6405.3s 145 test:
6419.9s 146 epoch: 27 accuracy 84.550%
6419.9s 147 epoch: 28 start
6419.9s 148 train:
6641.4s 149 (195.31558075360954, 0.97792)
6641.4s 150 test:
6656.0s 151 epoch: 28 accuracy 84.510%
6656.0s 152 epoch: 29 start
6656.0s 153 train:
6877.6s 154 (187.0581511393175, 0.9794)
6877.6s 155 test:
6892.4s 156 epoch: 29 accuracy 83.400%
6892.4s 157 epoch: 30 start
6892.4s 158 train:
7113.9s 159 (169.03468511001483, 0.98116)
7113.9s 160 test:
7128.4s 161 epoch: 30 accuracy 84.460%
7128.4s 162 epoch: 31 start
7128.4s 163 train:
7350.0s 164 (160.7424598005673, 0.98228)
7350.0s 165 test:
7364.5s 166 epoch: 31 accuracy 85.320%
7364.5s 167 epoch: 32 start
7364.5s 168 train:
7586.2s 169 (120.25104542182635, 0.98676)
7586.2s 170 test:
7600.7s 171 epoch: 32 accuracy 84.240%
7600.7s 172 epoch: 33 start
7600.7s 173 train:
7822.2s 174 (110.2285212670995, 0.98778)
7822.2s 175 test:
7837.0s 176 epoch: 33 accuracy 85.050%
7837.0s 177 epoch: 34 start
7837.0s 178 train:
8058.5s 179 (122.38511977427697, 0.9867)
8058.5s 180 test:
8073.2s 181 epoch: 34 accuracy 84.420%
8073.2s 182 epoch: 35 start
8073.2s 183 train:
8294.7s 184 (107.50923130823503, 0.9886)
8294.7s 185 test:
8309.3s 186 epoch: 35 accuracy 85.230%
8309.3s 187 epoch: 36 start
8309.3s 188 train:
8530.9s 189 (94.88172958154155, 0.99012)
8530.9s 190 test:
8545.4s 191 epoch: 36 accuracy 83.760%
8545.4s 192 epoch: 37 start
8545.4s 193 train:
8767.1s 194 (86.97491903765513, 0.99108)
8767.1s 195 test:
8781.8s 196 epoch: 37 accuracy 85.720%
8781.8s 197 epoch: 38 start
8781.8s 198 train:
9003.2s 199 (67.28104691150475, 0.99268)
9003.2s 200 test:
9017.9s 201 epoch: 38 accuracy 85.440%
9017.9s 202 epoch: 39 start
9017.9s 203 train:
9239.4s 204 (60.21079899239794, 0.99326)
9239.4s 205 test:
9253.9s 206 epoch: 39 accuracy 80.530%
9253.9s 207 epoch: 40 start
9253.9s 208 train:
9475.7s 209 (61.75206161420374, 0.99382)
9475.7s 210 test:
9490.3s 211 epoch: 40 accuracy 86.220%
9490.3s 212 epoch: 41 start
9490.3s 213 train:
9711.7s 214 (48.5618125019555, 0.99514)
9711.7s 215 test:
9726.4s 216 epoch: 41 accuracy 85.610%
9726.4s 217 epoch: 42 start
9726.4s 218 train:
9948.1s 219 (52.33671808055624, 0.99482)
9948.1s 220 test:
9962.7s 221 epoch: 42 accuracy 85.910%
9962.7s 222 epoch: 43 start
9962.7s 223 train:
10184.3s 224 (44.62594606523271, 0.99562)
10184.3s 225 test:
10198.7s 226 epoch: 43 accuracy 85.960%
10198.7s 227 epoch: 44 start
10198.7s 228 train:
10420.3s 229 (34.317503857160546, 0.99684)
10420.3s 230 test:
10434.9s 231 epoch: 44 accuracy 86.360%
10434.9s 232 epoch: 45 start
10434.9s 233 train:
10656.5s 234 (37.35168265725383, 0.9962)
10656.5s 235 test:
10671.2s 236 epoch: 45 accuracy 86.150%
10671.2s 237 epoch: 46 start
10671.2s 238 train:
10892.7s 239 (31.655961457558874, 0.99692)
10892.7s 240 test:
10907.5s 241 epoch: 46 accuracy 85.740%
10907.5s 242 epoch: 47 start
10907.5s 243 train:
11129.1s 244 (18.467235554809577, 0.99846)
11129.1s 245 test:
11143.7s 246 epoch: 47 accuracy 85.960%
11143.7s 247 epoch: 48 start
11143.7s 248 train:
11365.2s 249 (17.23910320804714, 0.99852)
11365.2s 250 test:
11379.8s 251 epoch: 48 accuracy 86.240%
11379.8s 252 epoch: 49 start
11379.8s 253 train:
11601.4s 254 (21.55866959291177, 0.9981)
11601.4s 255 test:
11615.9s 256 epoch: 49 accuracy 86.470%
11615.9s 257 epoch: 50 start
11615.9s 258 train:
11837.4s 259 (13.424618590257694, 0.99902)
11837.4s 260 test:
11852.1s 261 epoch: 50 accuracy 86.520%
11852.1s 262 epoch: 51 start
11852.1s 263 train:
12073.7s 264 (12.193601923546112, 0.99912)
12073.7s 265 test:
12088.4s 266 epoch: 51 accuracy 86.530%
12088.4s 267 epoch: 52 start
12088.4s 268 train:
12309.8s 269 (15.55291521258448, 0.99862)
12309.8s 270 test:
12324.4s 271 epoch: 52 accuracy 87.000%
12324.4s 272 epoch: 53 start
12324.4s 273 train:
12546.0s 274 (9.466273144308957, 0.99922)
12546.0s 275 test:
12560.5s 276 epoch: 53 accuracy 86.730%
12560.5s 277 epoch: 54 start
12560.5s 278 train:
12782.3s 279 (6.863169635363931, 0.99954)
12782.3s 280 test:
12796.9s 281 epoch: 54 accuracy 86.690%
12796.9s 282 epoch: 55 start
12796.9s 283 train:
13018.4s 284 (3.7310015516409862, 0.9999)
13018.4s 285 test:
13033.1s 286 epoch: 55 accuracy 87.090%
13033.1s 287 epoch: 56 start
13033.1s 288 train:
13255.0s 289 (4.1582314613417, 0.99982)
13255.0s 290 test:
13270.0s 291 epoch: 56 accuracy 87.000%
13270.0s 292 epoch: 57 start
13270.0s 293 train:
13492.1s 294 (3.7220715377998204, 0.99986)
13492.1s 295 test:
13506.6s 296 epoch: 57 accuracy 86.840%
13506.6s 297 epoch: 58 start
13506.6s 298 train:
13728.9s 299 (2.3182933295174735, 0.99996)
13728.9s 300 test:
13743.5s 301 epoch: 58 accuracy 86.750%
13743.5s 302 epoch: 59 start
13743.5s 303 train:
13965.6s 304 (1.7012542366057488, 0.99996)
13965.6s 305 test:
13980.1s 306 epoch: 59 accuracy 86.910%
13980.1s 307 epoch: 60 start
13980.1s 308 train:
14202.4s 309 (1.1061441620477126, 1.0)
14202.4s 310 test:
14217.2s 311 epoch: 60 accuracy 86.920%
14217.2s 312 epoch: 61 start
14217.2s 313 train:
14439.2s 314 (2.045047593300154, 0.9999)
14439.2s 315 test:
14454.0s 316 epoch: 61 accuracy 86.910%
14454.0s 317 epoch: 62 start
14454.0s 318 train:
14676.1s 319 (1.785341408797109, 0.9999)
14676.1s 320 test:
14690.9s 321 epoch: 62 accuracy 87.110%
14690.9s 322 epoch: 63 start
14690.9s 323 train:
14912.6s 324 (1.5212617489000593, 0.99998)
14912.6s 325 test:
14927.0s 326 epoch: 63 accuracy 86.950%
14927.0s 327 epoch: 64 start
14927.0s 328 train:
15148.5s 329 (1.3056659941966586, 0.99996)
15148.5s 330 test:
15163.1s 331 epoch: 64 accuracy 87.140%
15163.1s 332 epoch: 65 start
15163.1s 333 train:
15384.7s 334 (1.3397473564430413, 0.99998)
15384.7s 335 test:
15399.3s 336 epoch: 65 accuracy 87.040%
15399.3s 337 epoch: 66 start
15399.3s 338 train:
15620.8s 339 (1.0763414987638669, 1.0)
15620.8s 340 test:
15635.6s 341 epoch: 66 accuracy 87.080%
15635.6s 342 epoch: 67 start
15635.6s 343 train:
15857.4s 344 (0.7904627609748331, 1.0)
15857.4s 345 test:
15871.9s 346 epoch: 67 accuracy 87.250%
15871.9s 347 epoch: 68 start
15871.9s 348 train:
16093.5s 349 (0.7838275982185792, 1.0)
16093.5s 350 test:
16108.2s 351 epoch: 68 accuracy 87.340%
16108.2s 352 epoch: 69 start
16108.2s 353 train:
16329.6s 354 (0.6888826788974995, 1.0)
16329.6s 355 test:
16344.3s 356 epoch: 69 accuracy 87.320%
16344.3s 357 epoch: 70 start
16344.3s 358 train:
16565.9s 359 (0.5503931899839358, 1.0)
16565.9s 360 test:
16580.6s 361 epoch: 70 accuracy 87.420%
16580.6s 362 epoch: 71 start
16580.6s 363 train:
16802.1s 364 (0.6636739763004869, 1.0)
16802.1s 365 test:
16816.7s 366 epoch: 71 accuracy 87.200%
16816.7s 367 epoch: 72 start
16816.7s 368 train:
17038.2s 369 (0.49467510657683533, 1.0)
17038.2s 370 test:
17052.7s 371 epoch: 72 accuracy 87.510%
17052.7s 372 epoch: 73 start
17052.7s 373 train:
17274.2s 374 (0.7957235999674275, 0.99996)
17274.2s 375 test:
17288.8s 376 epoch: 73 accuracy 87.020%
17288.8s 377 epoch: 74 start
17288.8s 378 train:
17511.0s 379 (0.6020214797435983, 1.0)
17511.0s 380 test:
17525.5s 381 epoch: 74 accuracy 87.370%
17525.5s 382 epoch: 75 start
17525.5s 383 train:
17747.1s 384 (0.8903115635233263, 0.99998)
17747.1s 385 test:
17761.8s 386 epoch: 75 accuracy 87.280%
17761.8s 387 epoch: 76 start
17761.8s 388 train:
17983.4s 389 (0.588954776925263, 1.0)
17983.4s 390 test:
17997.9s 391 epoch: 76 accuracy 87.260%
17997.9s 392 epoch: 77 start
17997.9s 393 train:
18219.7s 394 (0.44497407957776147, 1.0)
18219.7s 395 test:
18234.2s 396 epoch: 77 accuracy 87.400%
18234.2s 397 epoch: 78 start
18234.2s 398 train:
18455.9s 399 (0.47186132270594694, 1.0)
18455.9s 400 test:
18470.7s 401 epoch: 78 accuracy 87.470%
18470.7s 402 epoch: 79 start
18470.7s 403 train:
18692.6s 404 (0.4733678453837342, 1.0)
18692.6s 405 test:
18707.3s 406 epoch: 79 accuracy 87.220%
18707.3s 407 epoch: 80 start
18707.3s 408 train:
18929.5s 409 (0.4676003407283815, 1.0)
18929.5s 410 test:
18944.0s 411 epoch: 80 accuracy 87.360%
18944.0s 412 epoch: 81 start
18944.0s 413 train:
19166.3s 414 (0.5972189906796217, 0.99998)
19166.3s 415 test:
19180.7s 416 epoch: 81 accuracy 87.100%
19180.7s 417 epoch: 82 start
19180.7s 418 train:
19402.3s 419 (0.39903051526573563, 1.0)
19402.3s 420 test:
19416.7s 421 epoch: 82 accuracy 87.180%
19416.7s 422 epoch: 83 start
19416.7s 423 train:
19638.8s 424 (0.34036434118928227, 1.0)
19638.8s 425 test:
19653.6s 426 epoch: 83 accuracy 87.170%
19653.6s 427 epoch: 84 start
19653.6s 428 train:
19875.4s 429 (0.38105428576280787, 1.0)
19875.4s 430 test:
19890.0s 431 epoch: 84 accuracy 87.180%
19890.0s 432 epoch: 85 start
19890.0s 433 train:
20111.7s 434 (0.4111921221512773, 1.0)
20111.7s 435 test:
20126.2s 436 epoch: 85 accuracy 87.210%
20126.2s 437 epoch: 86 start
20126.2s 438 train:
20347.8s 439 (0.3887624056887802, 1.0)
20347.8s 440 test:
20362.2s 441 epoch: 86 accuracy 87.230%
20362.2s 442 epoch: 87 start
20362.2s 443 train:
20583.7s 444 (0.31015779329018756, 1.0)
20583.7s 445 test:
20598.3s 446 epoch: 87 accuracy 87.300%
20598.3s 447 epoch: 88 start
20598.3s 448 train:
20819.9s 449 (0.3755835756343089, 1.0)
20819.9s 450 test:
20834.3s 451 epoch: 88 accuracy 87.340%
20834.3s 452 epoch: 89 start
20834.3s 453 train:
21055.9s 454 (0.4559275617288776, 0.99998)
21055.9s 455 test:
21070.6s 456 epoch: 89 accuracy 87.310%
21070.6s 457 epoch: 90 start
21070.6s 458 train:
21292.2s 459 (0.3373571805766744, 1.0)
21292.2s 460 test:
21306.8s 461 epoch: 90 accuracy 87.200%
21306.8s 462 epoch: 91 start
21306.8s 463 train:
21528.4s 464 (0.2998448717084514, 1.0)
21528.4s 465 test:
21542.9s 466 epoch: 91 accuracy 87.300%
21542.9s 467 epoch: 92 start
21542.9s 468 train:
21764.9s 469 (0.2962546908013337, 1.0)
21764.9s 470 test:
21779.4s 471 epoch: 92 accuracy 87.180%
21779.4s 472 epoch: 93 start
21779.4s 473 train:
22001.1s 474 (0.3328512769948304, 1.0)
22001.1s 475 test:
22015.7s 476 epoch: 93 accuracy 87.250%
22015.7s 477 epoch: 94 start
22015.7s 478 train:
22237.1s 479 (0.30855620143093176, 1.0)
22237.1s 480 test:
22251.8s 481 epoch: 94 accuracy 87.460%
22251.8s 482 epoch: 95 start
22251.8s 483 train:
22473.4s 484 (0.30895380420044205, 1.0)
22473.4s 485 test:
22488.0s 486 epoch: 95 accuracy 87.340%
22488.0s 487 epoch: 96 start
22488.0s 488 train:
22709.5s 489 (0.25543468380983825, 1.0)
22709.5s 490 test:
22724.0s 491 epoch: 96 accuracy 87.380%
22724.0s 492 epoch: 97 start
22724.0s 493 train:
22945.8s 494 (0.23211900255267892, 1.0)
22945.8s 495 test:
22960.3s 496 epoch: 97 accuracy 87.350%
22960.3s 497 epoch: 98 start
22960.3s 498 train:
23182.0s 499 (0.2512869654033505, 1.0)
23182.0s 500 test:
23196.5s 501 epoch: 98 accuracy 87.380%
23196.5s 502 epoch: 99 start
23196.5s 503 train:
23417.8s 504 (0.2630778607659181, 1.0)
23417.8s 505 test:
23432.5s 506 epoch: 99 accuracy 87.420%
23432.5s 507 epoch: 100 start
23432.5s 508 train:
23654.3s 509 (0.2336900897736598, 1.0)
23654.3s 510 test:
23668.7s 511 epoch: 100 accuracy 87.290%
23668.7s 512 best accuracy: 87.510%
23668.7s 513 --------result report--------
23668.7s 514 best accuracy:87.510%
23668.7s 515 loss array:
23668.7s 516 5199.2552,3588.7756,2964.4196,2568.6352,2287.1508,2049.8342,1864.5894,1702.5391,1563.5448,1422.4653,1315.4117,1207.9063,1108.3886,1014.1121,915.7019,831.5783,753.4318,686.9395,614.1319,558.0732,479.1170,433.5579,379.3654,337.9149,301.7674,269.8799,232.0858,195.3156,187.0582,169.0347,160.7425,120.2510,110.2285,122.3851,107.5092,94.8817,86.9749,67.2810,60.2108,61.7521,48.5618,52.3367,44.6259,34.3175,37.3517,31.6560,18.4672,17.2391,21.5587,13.4246,12.1936,15.5529,9.4663,6.8632,3.7310,4.1582,3.7221,2.3183,1.7013,1.1061,2.0450,1.7853,1.5213,1.3057,1.3397,1.0763,0.7905,0.7838,0.6889,0.5504,0.6637,0.4947,0.7957,0.6020,0.8903,0.5890,0.4450,0.4719,0.4734,0.4676,0.5972,0.3990,0.3404,0.3811,0.4112,0.3888,0.3102,0.3756,0.4559,0.3374,0.2998,0.2963,0.3329,0.3086,0.3090,0.2554,0.2321,0.2513,0.2631,0.2337,
23668.7s 517 train accuracy array:
23668.7s 518 0.4324,0.5942,0.6677,0.7155,0.7447,0.7734,0.7925,0.8113,0.8262,0.8414,0.8534,0.8680,0.8753,0.8861,0.8980,0.9073,0.9169,0.9235,0.9314,0.9368,0.9466,0.9522,0.9578,0.9622,0.9662,0.9702,0.9739,0.9779,0.9794,0.9812,0.9823,0.9868,0.9878,0.9867,0.9886,0.9901,0.9911,0.9927,0.9933,0.9938,0.9951,0.9948,0.9956,0.9968,0.9962,0.9969,0.9985,0.9985,0.9981,0.9990,0.9991,0.9986,0.9992,0.9995,0.9999,0.9998,0.9999,1.0000,1.0000,1.0000,0.9999,0.9999,1.0000,1.0000,1.0000,1.0000,1.0000,1.0000,1.0000,1.0000,1.0000,1.0000,1.0000,1.0000,1.0000,1.0000,1.0000,1.0000,1.0000,1.0000,1.0000,1.0000,1.0000,1.0000,1.0000,1.0000,1.0000,1.0000,1.0000,1.0000,1.0000,1.0000,1.0000,1.0000,1.0000,1.0000,1.0000,1.0000,1.0000,1.0000,
23668.7s 519 accuracy array:
23668.7s 520 0.5523,0.6130,0.6457,0.7204,0.7187,0.7544,0.7536,0.7637,0.7639,0.7921,0.8060,0.8079,0.7850,0.8207,0.8049,0.8298,0.8302,0.8336,0.8212,0.8206,0.8319,0.8273,0.8326,0.8406,0.8409,0.8393,0.8455,0.8451,0.8340,0.8446,0.8532,0.8424,0.8505,0.8442,0.8523,0.8376,0.8572,0.8544,0.8053,0.8622,0.8561,0.8591,0.8596,0.8636,0.8615,0.8574,0.8596,0.8624,0.8647,0.8652,0.8653,0.8700,0.8673,0.8669,0.8709,0.8700,0.8684,0.8675,0.8691,0.8692,0.8691,0.8711,0.8695,0.8714,0.8704,0.8708,0.8725,0.8734,0.8732,0.8742,0.8720,0.8751,0.8702,0.8737,0.8728,0.8726,0.8740,0.8747,0.8722,0.8736,0.8710,0.8718,0.8717,0.8718,0.8721,0.8723,0.8730,0.8734,0.8731,0.8720,0.8730,0.8718,0.8725,0.8746,0.8734,0.8738,0.8735,0.8738,0.8742,0.8729,
23668.7s 521 -------------------------------
23668.7s 522 --------parameter report--------
23668.7s 523 batchSize:16    accuracy:0.875%
23668.7s 524 /opt/conda/lib/python3.7/site-packages/papermill/iorw.py:50: FutureWarning: pyarrow.HadoopFileSystem is deprecated as of 2.0.0, please use pyarrow.fs.HadoopFileSystem instead.
23668.7s 525 from pyarrow import HadoopFileSystem
23674.2s 526 /opt/conda/lib/python3.7/site-packages/traitlets/traitlets.py:2567: FutureWarning: --Exporter.preprocessors=["remove_papermill_header.RemovePapermillHeader"] for containers is deprecated in traitlets 5.0. You can pass `--Exporter.preprocessors item` ... multiple times to add items to a list.
23674.2s 527 FutureWarning,
23674.2s 528 [NbConvertApp] Converting notebook __notebook__.ipynb to notebook
23674.4s 529 [NbConvertApp] Writing 45061 bytes to __notebook__.ipynb
23676.7s 530 /opt/conda/lib/python3.7/site-packages/traitlets/traitlets.py:2567: FutureWarning: --Exporter.preprocessors=["nbconvert.preprocessors.ExtractOutputPreprocessor"] for containers is deprecated in traitlets 5.0. You can pass `--Exporter.preprocessors item` ... multiple times to add items to a list.
23676.7s 531 FutureWarning,
23676.7s 532 [NbConvertApp] Converting notebook __notebook__.ipynb to html
23677.2s 533 [NbConvertApp] Writing 361521 bytes to __results__.html