14.2s 1 --------parameter report--------
14.2s 2 learning rate:0.00400
14.2s 3 epoch:100
14.2s 4 train batch size:16
14.2s 5 test batch size:16
14.2s 6 model:resnet18
14.2s 7 optimizer:SGD
14.2s 8 -------------------------------
14.5s 9 Downloading https://www.cs.toronto.edu/~kriz/cifar-10-python.tar.gz to ../data/cifar-10-python.tar.gz
18.5s 10 Extracting ../data/cifar-10-python.tar.gz to ../data
21.1s 11 Files already downloaded and verified
24.7s 12 epoch: 1 start
24.7s 13 train:
237.7s 14 (5260.281430065632, 0.43194)
237.7s 15 test:
249.3s 16 epoch: 1 accuracy 56.800%
249.3s 17 epoch: 2 start
249.3s 18 train:
455.9s 19 (3530.6790494024754, 0.59782)
455.9s 20 test:
467.6s 21 epoch: 2 accuracy 63.930%
467.6s 22 epoch: 3 start
467.6s 23 train:
674.2s 24 (2886.757533311844, 0.67436)
674.2s 25 test:
686.1s 26 epoch: 3 accuracy 69.890%
686.1s 27 epoch: 4 start
686.1s 28 train:
892.4s 29 (2482.8701234459877, 0.72436)
892.4s 30 test:
904.0s 31 epoch: 4 accuracy 73.490%
904.0s 32 epoch: 5 start
904.0s 33 train:
1110.3s 34 (2211.342188000679, 0.75448)
1110.3s 35 test:
1121.9s 36 epoch: 5 accuracy 75.580%
1121.9s 37 epoch: 6 start
1121.9s 38 train:
1327.9s 39 (1976.4564988613129, 0.77978)
1327.9s 40 test:
1339.5s 41 epoch: 6 accuracy 74.080%
1339.5s 42 epoch: 7 start
1339.5s 43 train:
1545.6s 44 (1800.7029052227736, 0.80086)
1545.6s 45 test:
1557.2s 46 epoch: 7 accuracy 78.220%
1557.2s 47 epoch: 8 start
1557.2s 48 train:
1763.4s 49 (1641.9413255229592, 0.8183)
1763.4s 50 test:
1775.0s 51 epoch: 8 accuracy 78.330%
1775.0s 52 epoch: 9 start
1775.0s 53 train:
1981.1s 54 (1513.117261491716, 0.83308)
1981.1s 55 test:
1992.7s 56 epoch: 9 accuracy 80.680%
1992.7s 57 epoch: 10 start
1992.7s 58 train:
2199.0s 59 (1379.6114276591688, 0.84732)
2199.0s 60 test:
2210.7s 61 epoch: 10 accuracy 80.570%
2210.7s 62 epoch: 11 start
2210.7s 63 train:
2416.7s 64 (1255.7712450083345, 0.86108)
2416.7s 65 test:
2428.3s 66 epoch: 11 accuracy 81.080%
2428.3s 67 epoch: 12 start
2428.3s 68 train:
2634.4s 69 (1150.6116957459599, 0.87168)
2634.4s 70 test:
2645.9s 71 epoch: 12 accuracy 81.720%
2645.9s 72 epoch: 13 start
2645.9s 73 train:
2852.1s 74 (1051.7011623634025, 0.88302)
2852.1s 75 test:
2863.7s 76 epoch: 13 accuracy 81.620%
2863.7s 77 epoch: 14 start
2863.7s 78 train:
3069.8s 79 (956.0812580501661, 0.8941)
3069.8s 80 test:
3081.4s 81 epoch: 14 accuracy 83.200%
3081.4s 82 epoch: 15 start
3081.4s 83 train:
3287.3s 84 (860.7634520006832, 0.90382)
3287.3s 85 test:
3298.9s 86 epoch: 15 accuracy 82.730%
3298.9s 87 epoch: 16 start
3298.9s 88 train:
3505.1s 89 (787.163599637337, 0.91298)
3505.1s 90 test:
3516.7s 91 epoch: 16 accuracy 83.650%
3516.7s 92 epoch: 17 start
3516.7s 93 train:
3722.8s 94 (691.8300144427922, 0.92342)
3722.8s 95 test:
3734.4s 96 epoch: 17 accuracy 83.070%
3734.4s 97 epoch: 18 start
3734.4s 98 train:
3940.5s 99 (631.2304326067679, 0.9304)
3940.5s 100 test:
3952.0s 101 epoch: 18 accuracy 84.310%
3952.0s 102 epoch: 19 start
3952.0s 103 train:
4158.0s 104 (561.8231304226792, 0.93706)
4158.0s 105 test:
4169.6s 106 epoch: 19 accuracy 81.120%
4169.6s 107 epoch: 20 start
4169.6s 108 train:
4375.8s 109 (513.7573421539273, 0.94276)
4375.8s 110 test:
4387.4s 111 epoch: 20 accuracy 84.400%
4387.4s 112 epoch: 21 start
4387.4s 113 train:
4593.4s 114 (436.5990073023713, 0.95118)
4593.4s 115 test:
4605.0s 116 epoch: 21 accuracy 84.060%
4605.0s 117 epoch: 22 start
4605.0s 118 train:
4811.0s 119 (394.71914499322884, 0.9556)
4811.0s 120 test:
4822.6s 121 epoch: 22 accuracy 84.270%
4822.6s 122 epoch: 23 start
4822.6s 123 train:
5028.7s 124 (333.4798642688547, 0.96382)
5028.7s 125 test:
5040.2s 126 epoch: 23 accuracy 84.630%
5040.2s 127 epoch: 24 start
5040.2s 128 train:
5246.6s 129 (303.84160547633655, 0.9665)
5246.6s 130 test:
5258.2s 131 epoch: 24 accuracy 85.270%
5258.2s 132 epoch: 25 start
5258.2s 133 train:
5464.2s 134 (262.364189352782, 0.97116)
5464.2s 135 test:
5475.8s 136 epoch: 25 accuracy 84.110%
5475.8s 137 epoch: 26 start
5475.8s 138 train:
5681.7s 139 (223.48983752558706, 0.97594)
5681.7s 140 test:
5693.3s 141 epoch: 26 accuracy 85.550%
5693.3s 142 epoch: 27 start
5693.3s 143 train:
5899.2s 144 (199.02220739016775, 0.97854)
5899.2s 145 test:
5910.7s 146 epoch: 27 accuracy 82.620%
5910.7s 147 epoch: 28 start
5910.7s 148 train:
6116.6s 149 (185.00237727566855, 0.98048)
6116.6s 150 test:
6128.1s 151 epoch: 28 accuracy 84.380%
6128.1s 152 epoch: 29 start
6128.1s 153 train:
6334.4s 154 (158.4557365729279, 0.98372)
6334.4s 155 test:
6346.1s 156 epoch: 29 accuracy 85.110%
6346.1s 157 epoch: 30 start
6346.1s 158 train:
6554.1s 159 (134.7727960422926, 0.98584)
6554.1s 160 test:
6565.8s 161 epoch: 30 accuracy 85.220%
6565.8s 162 epoch: 31 start
6565.8s 163 train:
6773.7s 164 (129.35082726306064, 0.98608)
6773.7s 165 test:
6785.3s 166 epoch: 31 accuracy 86.230%
6785.3s 167 epoch: 32 start
6785.3s 168 train:
6993.5s 169 (112.8753335633628, 0.98772)
6993.5s 170 test:
7005.1s 171 epoch: 32 accuracy 86.060%
7005.1s 172 epoch: 33 start
7005.1s 173 train:
7213.3s 174 (89.43117430873826, 0.99102)
7213.3s 175 test:
7224.9s 176 epoch: 33 accuracy 85.310%
7224.9s 177 epoch: 34 start
7224.9s 178 train:
7433.0s 179 (88.04544798920688, 0.99118)
7433.0s 180 test:
7444.6s 181 epoch: 34 accuracy 85.680%
7444.6s 182 epoch: 35 start
7444.6s 183 train:
7652.5s 184 (79.78930267427859, 0.99176)
7652.5s 185 test:
7664.2s 186 epoch: 35 accuracy 86.300%
7664.2s 187 epoch: 36 start
7664.2s 188 train:
7872.4s 189 (76.46199644669468, 0.99196)
7872.4s 190 test:
7884.1s 191 epoch: 36 accuracy 86.510%
7884.1s 192 epoch: 37 start
7884.1s 193 train:
8092.6s 194 (71.15736488471885, 0.99322)
8092.6s 195 test:
8104.2s 196 epoch: 37 accuracy 83.480%
8104.2s 197 epoch: 38 start
8104.2s 198 train:
8312.5s 199 (67.76613590505985, 0.99318)
8312.5s 200 test:
8324.2s 201 epoch: 38 accuracy 86.570%
8324.2s 202 epoch: 39 start
8324.2s 203 train:
8532.6s 204 (66.4720364535251, 0.99334)
8532.6s 205 test:
8544.3s 206 epoch: 39 accuracy 86.230%
8544.3s 207 epoch: 40 start
8544.3s 208 train:
8752.5s 209 (59.22743076628649, 0.9939)
8752.5s 210 test:
8764.2s 211 epoch: 40 accuracy 86.450%
8764.2s 212 epoch: 41 start
8764.2s 213 train:
8972.9s 214 (47.86033012162079, 0.99554)
8972.9s 215 test:
8984.8s 216 epoch: 41 accuracy 85.650%
8984.8s 217 epoch: 42 start
8984.8s 218 train:
9193.6s 219 (29.58006487998864, 0.9975)
9193.6s 220 test:
9205.3s 221 epoch: 42 accuracy 87.000%
9205.3s 222 epoch: 43 start
9205.3s 223 train:
9413.5s 224 (29.402793894717433, 0.99744)
9413.5s 225 test:
9425.1s 226 epoch: 43 accuracy 87.020%
9425.1s 227 epoch: 44 start
9425.1s 228 train:
9633.5s 229 (23.440858555066825, 0.99816)
9633.5s 230 test:
9645.1s 231 epoch: 44 accuracy 86.760%
9645.1s 232 epoch: 45 start
9645.1s 233 train:
9853.5s 234 (24.671208644236913, 0.99776)
9853.5s 235 test:
9865.1s 236 epoch: 45 accuracy 87.380%
9865.1s 237 epoch: 46 start
9865.1s 238 train:
10073.7s 239 (17.02204047125042, 0.9988)
10073.7s 240 test:
10085.4s 241 epoch: 46 accuracy 87.220%
10085.4s 242 epoch: 47 start
10085.4s 243 train:
10293.7s 244 (16.86249979871127, 0.99868)
10293.7s 245 test:
10305.5s 246 epoch: 47 accuracy 87.210%
10305.5s 247 epoch: 48 start
10305.5s 248 train:
10514.0s 249 (15.83624960162092, 0.99876)
10514.0s 250 test:
10525.7s 251 epoch: 48 accuracy 87.070%
10525.7s 252 epoch: 49 start
10525.7s 253 train:
10734.2s 254 (12.176040528290514, 0.99912)
10734.2s 255 test:
10745.8s 256 epoch: 49 accuracy 87.530%
10745.8s 257 epoch: 50 start
10745.8s 258 train:
10954.4s 259 (5.834553515354287, 0.99982)
10954.4s 260 test:
10966.0s 261 epoch: 50 accuracy 87.700%
10966.0s 262 epoch: 51 start
10966.0s 263 train:
11174.6s 264 (6.107008225856589, 0.99978)
11174.6s 265 test:
11186.2s 266 epoch: 51 accuracy 87.370%
11186.2s 267 epoch: 52 start
11186.2s 268 train:
11394.8s 269 (4.613421248351187, 0.99986)
11394.8s 270 test:
11406.5s 271 epoch: 52 accuracy 87.650%
11406.5s 272 epoch: 53 start
11406.5s 273 train:
11615.1s 274 (7.978310384845372, 0.99936)
11615.1s 275 test:
11626.8s 276 epoch: 53 accuracy 87.590%
11626.8s 277 epoch: 54 start
11626.8s 278 train:
11835.3s 279 (5.6469883540621595, 0.99984)
11835.3s 280 test:
11847.0s 281 epoch: 54 accuracy 87.770%
11847.0s 282 epoch: 55 start
11847.0s 283 train:
12055.6s 284 (2.8297129524519278, 0.99994)
12055.6s 285 test:
12067.2s 286 epoch: 55 accuracy 87.740%
12067.2s 287 epoch: 56 start
12067.2s 288 train:
12275.6s 289 (3.586893044423846, 0.99988)
12275.6s 290 test:
12287.2s 291 epoch: 56 accuracy 87.990%
12287.2s 292 epoch: 57 start
12287.2s 293 train:
12495.6s 294 (3.4020523756533976, 0.99982)
12495.6s 295 test:
12507.2s 296 epoch: 57 accuracy 87.760%
12507.2s 297 epoch: 58 start
12507.2s 298 train:
12715.5s 299 (3.9765181780685452, 0.99982)
12715.5s 300 test:
12727.3s 301 epoch: 58 accuracy 87.810%
12727.3s 302 epoch: 59 start
12727.3s 303 train:
12935.5s 304 (2.4210523612076713, 0.99994)
12935.5s 305 test:
12947.1s 306 epoch: 59 accuracy 87.930%
12947.1s 307 epoch: 60 start
12947.1s 308 train:
13155.4s 309 (3.1221246531466136, 0.99982)
13155.4s 310 test:
13167.0s 311 epoch: 60 accuracy 87.440%
13167.0s 312 epoch: 61 start
13167.0s 313 train:
13375.3s 314 (1.9691479752358418, 0.99996)
13375.3s 315 test:
13386.9s 316 epoch: 61 accuracy 87.960%
13386.9s 317 epoch: 62 start
13386.9s 318 train:
13595.1s 319 (2.118553516055897, 0.99994)
13595.1s 320 test:
13607.0s 321 epoch: 62 accuracy 87.790%
13607.0s 322 epoch: 63 start
13607.0s 323 train:
13815.2s 324 (1.5937622943940823, 1.0)
13815.2s 325 test:
13826.9s 326 epoch: 63 accuracy 87.910%
13826.9s 327 epoch: 64 start
13826.9s 328 train:
14034.9s 329 (1.8871298604016147, 0.99994)
14034.9s 330 test:
14046.4s 331 epoch: 64 accuracy 87.820%
14046.4s 332 epoch: 65 start
14046.4s 333 train:
14252.5s 334 (1.4412353786758985, 0.99996)
14252.5s 335 test:
14264.0s 336 epoch: 65 accuracy 87.970%
14264.0s 337 epoch: 66 start
14264.0s 338 train:
14470.5s 339 (1.44675444349906, 0.99996)
14470.5s 340 test:
14482.1s 341 epoch: 66 accuracy 87.960%
14482.1s 342 epoch: 67 start
14482.1s 343 train:
14688.1s 344 (1.2595096642617136, 1.0)
14688.1s 345 test:
14699.6s 346 epoch: 67 accuracy 87.880%
14699.6s 347 epoch: 68 start
14699.6s 348 train:
14905.7s 349 (1.2933149989688673, 1.0)
14905.7s 350 test:
14917.3s 351 epoch: 68 accuracy 87.950%
14917.3s 352 epoch: 69 start
14917.3s 353 train:
15123.2s 354 (1.0911284927603901, 1.0)
15123.2s 355 test:
15134.7s 356 epoch: 69 accuracy 87.830%
15134.7s 357 epoch: 70 start
15134.7s 358 train:
15340.9s 359 (0.9659854343482266, 1.0)
15340.9s 360 test:
15352.4s 361 epoch: 70 accuracy 88.020%
15352.4s 362 epoch: 71 start
15352.4s 363 train:
15558.5s 364 (0.9299934850584464, 1.0)
15558.5s 365 test:
15570.0s 366 epoch: 71 accuracy 88.200%
15570.0s 367 epoch: 72 start
15570.0s 368 train:
15776.1s 369 (1.2755650866691894, 0.99998)
15776.1s 370 test:
15787.5s 371 epoch: 72 accuracy 87.970%
15787.5s 372 epoch: 73 start
15787.5s 373 train:
15993.6s 374 (1.3680053154292295, 0.99996)
15993.6s 375 test:
16005.1s 376 epoch: 73 accuracy 88.110%
16005.1s 377 epoch: 74 start
16005.1s 378 train:
16211.7s 379 (0.873294465646552, 1.0)
16211.7s 380 test:
16223.2s 381 epoch: 74 accuracy 87.970%
16223.2s 382 epoch: 75 start
16223.2s 383 train:
16430.1s 384 (0.9256705086826003, 0.99998)
16430.1s 385 test:
16441.8s 386 epoch: 75 accuracy 88.120%
16441.8s 387 epoch: 76 start
16441.8s 388 train:
16648.5s 389 (0.7495267099694729, 1.0)
16648.5s 390 test:
16660.0s 391 epoch: 76 accuracy 88.100%
16660.0s 392 epoch: 77 start
16660.0s 393 train:
16866.7s 394 (0.6787513369440603, 1.0)
16866.7s 395 test:
16878.4s 396 epoch: 77 accuracy 88.110%
16878.4s 397 epoch: 78 start
16878.4s 398 train:
17084.9s 399 (0.6523213025014059, 1.0)
17084.9s 400 test:
17096.4s 401 epoch: 78 accuracy 88.220%
17096.4s 402 epoch: 79 start
17096.4s 403 train:
17302.8s 404 (0.7997568793219898, 0.99998)
17302.8s 405 test:
17314.4s 406 epoch: 79 accuracy 88.090%
17314.4s 407 epoch: 80 start
17314.4s 408 train:
17520.7s 409 (0.7682046731221988, 1.0)
17520.7s 410 test:
17532.2s 411 epoch: 80 accuracy 88.190%
17532.2s 412 epoch: 81 start
17532.2s 413 train:
17738.2s 414 (0.6434571562873117, 1.0)
17738.2s 415 test:
17749.7s 416 epoch: 81 accuracy 88.180%
17749.7s 417 epoch: 82 start
17749.7s 418 train:
17955.6s 419 (0.6545146986303223, 1.0)
17955.6s 420 test:
17967.1s 421 epoch: 82 accuracy 88.170%
17967.1s 422 epoch: 83 start
17967.1s 423 train:
18173.1s 424 (0.5225086136898085, 1.0)
18173.1s 425 test:
18184.7s 426 epoch: 83 accuracy 88.020%
18184.7s 427 epoch: 84 start
18184.7s 428 train:
18390.6s 429 (0.48445901213034404, 1.0)
18390.6s 430 test:
18402.2s 431 epoch: 84 accuracy 88.040%
18402.2s 432 epoch: 85 start
18402.2s 433 train:
18608.3s 434 (0.49371741600410246, 1.0)
18608.3s 435 test:
18619.8s 436 epoch: 85 accuracy 88.340%
18619.8s 437 epoch: 86 start
18619.8s 438 train:
18825.8s 439 (0.4913189759066938, 1.0)
18825.8s 440 test:
18837.4s 441 epoch: 86 accuracy 88.160%
18837.4s 442 epoch: 87 start
18837.4s 443 train:
19043.4s 444 (0.5080430894062431, 1.0)
19043.4s 445 test:
19055.0s 446 epoch: 87 accuracy 88.010%
19055.0s 447 epoch: 88 start
19055.0s 448 train:
19261.0s 449 (0.5578547038558668, 1.0)
19261.0s 450 test:
19272.4s 451 epoch: 88 accuracy 88.100%
19272.4s 452 epoch: 89 start
19272.4s 453 train:
19478.4s 454 (0.5415013577773493, 1.0)
19478.4s 455 test:
19489.8s 456 epoch: 89 accuracy 88.190%
19489.8s 457 epoch: 90 start
19489.8s 458 train:
19695.9s 459 (0.608875116448317, 0.99998)
19695.9s 460 test:
19707.4s 461 epoch: 90 accuracy 88.220%
19707.4s 462 epoch: 91 start
19707.4s 463 train:
19913.6s 464 (0.5248844704704538, 1.0)
19913.6s 465 test:
19925.1s 466 epoch: 91 accuracy 88.170%
19925.1s 467 epoch: 92 start
19925.1s 468 train:
20131.3s 469 (0.5515395826199665, 1.0)
20131.3s 470 test:
20142.8s 471 epoch: 92 accuracy 87.770%
20142.8s 472 epoch: 93 start
20142.8s 473 train:
20348.9s 474 (0.45202331931767503, 1.0)
20348.9s 475 test:
20360.4s 476 epoch: 93 accuracy 88.170%
20360.4s 477 epoch: 94 start
20360.4s 478 train:
20566.5s 479 (0.41508815436930036, 1.0)
20566.5s 480 test:
20578.0s 481 epoch: 94 accuracy 88.290%
20578.0s 482 epoch: 95 start
20578.0s 483 train:
20783.9s 484 (0.4973927740655313, 1.0)
20783.9s 485 test:
20795.5s 486 epoch: 95 accuracy 88.070%
20795.5s 487 epoch: 96 start
20795.5s 488 train:
21001.5s 489 (0.39490954445335547, 1.0)
21001.5s 490 test:
21013.0s 491 epoch: 96 accuracy 88.150%
21013.0s 492 epoch: 97 start
21013.0s 493 train:
21219.3s 494 (0.7105557021434947, 0.99998)
21219.3s 495 test:
21230.9s 496 epoch: 97 accuracy 87.890%
21230.9s 497 epoch: 98 start
21230.9s 498 train:
21437.1s 499 (0.4443150462030303, 1.0)
21437.1s 500 test:
21448.6s 501 epoch: 98 accuracy 87.940%
21448.6s 502 epoch: 99 start
21448.6s 503 train:
21654.9s 504 (0.4616074767968712, 1.0)
21654.9s 505 test:
21666.4s 506 epoch: 99 accuracy 88.140%
21666.4s 507 epoch: 100 start
21666.4s 508 train:
21872.7s 509 (0.4668546007663963, 1.0)
21872.7s 510 test:
21884.0s 511 epoch: 100 accuracy 88.130%
21884.0s 512 best accuracy: 88.340%
21884.0s 513 --------result report--------
21884.0s 514 best accuracy:88.340%
21884.0s 515 loss array:
21884.0s 516 5260.2814,3530.6790,2886.7575,2482.8701,2211.3422,1976.4565,1800.7029,1641.9413,1513.1173,1379.6114,1255.7712,1150.6117,1051.7012,956.0813,860.7635,787.1636,691.8300,631.2304,561.8231,513.7573,436.5990,394.7191,333.4799,303.8416,262.3642,223.4898,199.0222,185.0024,158.4557,134.7728,129.3508,112.8753,89.4312,88.0454,79.7893,76.4620,71.1574,67.7661,66.4720,59.2274,47.8603,29.5801,29.4028,23.4409,24.6712,17.0220,16.8625,15.8362,12.1760,5.8346,6.1070,4.6134,7.9783,5.6470,2.8297,3.5869,3.4021,3.9765,2.4211,3.1221,1.9691,2.1186,1.5938,1.8871,1.4412,1.4468,1.2595,1.2933,1.0911,0.9660,0.9300,1.2756,1.3680,0.8733,0.9257,0.7495,0.6788,0.6523,0.7998,0.7682,0.6435,0.6545,0.5225,0.4845,0.4937,0.4913,0.5080,0.5579,0.5415,0.6089,0.5249,0.5515,0.4520,0.4151,0.4974,0.3949,0.7106,0.4443,0.4616,0.4669,
21884.0s 517 train accuracy array:
21884.0s 518 0.4319,0.5978,0.6744,0.7244,0.7545,0.7798,0.8009,0.8183,0.8331,0.8473,0.8611,0.8717,0.8830,0.8941,0.9038,0.9130,0.9234,0.9304,0.9371,0.9428,0.9512,0.9556,0.9638,0.9665,0.9712,0.9759,0.9785,0.9805,0.9837,0.9858,0.9861,0.9877,0.9910,0.9912,0.9918,0.9920,0.9932,0.9932,0.9933,0.9939,0.9955,0.9975,0.9974,0.9982,0.9978,0.9988,0.9987,0.9988,0.9991,0.9998,0.9998,0.9999,0.9994,0.9998,0.9999,0.9999,0.9998,0.9998,0.9999,0.9998,1.0000,0.9999,1.0000,0.9999,1.0000,1.0000,1.0000,1.0000,1.0000,1.0000,1.0000,1.0000,1.0000,1.0000,1.0000,1.0000,1.0000,1.0000,1.0000,1.0000,1.0000,1.0000,1.0000,1.0000,1.0000,1.0000,1.0000,1.0000,1.0000,1.0000,1.0000,1.0000,1.0000,1.0000,1.0000,1.0000,1.0000,1.0000,1.0000,1.0000,
21884.0s 519 accuracy array:
21884.0s 520 0.5680,0.6393,0.6989,0.7349,0.7558,0.7408,0.7822,0.7833,0.8068,0.8057,0.8108,0.8172,0.8162,0.8320,0.8273,0.8365,0.8307,0.8431,0.8112,0.8440,0.8406,0.8427,0.8463,0.8527,0.8411,0.8555,0.8262,0.8438,0.8511,0.8522,0.8623,0.8606,0.8531,0.8568,0.8630,0.8651,0.8348,0.8657,0.8623,0.8645,0.8565,0.8700,0.8702,0.8676,0.8738,0.8722,0.8721,0.8707,0.8753,0.8770,0.8737,0.8765,0.8759,0.8777,0.8774,0.8799,0.8776,0.8781,0.8793,0.8744,0.8796,0.8779,0.8791,0.8782,0.8797,0.8796,0.8788,0.8795,0.8783,0.8802,0.8820,0.8797,0.8811,0.8797,0.8812,0.8810,0.8811,0.8822,0.8809,0.8819,0.8818,0.8817,0.8802,0.8804,0.8834,0.8816,0.8801,0.8810,0.8819,0.8822,0.8817,0.8777,0.8817,0.8829,0.8807,0.8815,0.8789,0.8794,0.8814,0.8813,
21884.0s 521 -------------------------------
21884.0s 522 --------parameter report--------
21884.0s 523 batchSize:16    accuracy:0.883%
21884.0s 524 /opt/conda/lib/python3.7/site-packages/papermill/iorw.py:50: FutureWarning: pyarrow.HadoopFileSystem is deprecated as of 2.0.0, please use pyarrow.fs.HadoopFileSystem instead.
21884.0s 525 from pyarrow import HadoopFileSystem
21887.8s 526 /opt/conda/lib/python3.7/site-packages/traitlets/traitlets.py:2567: FutureWarning: --Exporter.preprocessors=["remove_papermill_header.RemovePapermillHeader"] for containers is deprecated in traitlets 5.0. You can pass `--Exporter.preprocessors item` ... multiple times to add items to a list.
21887.8s 527 FutureWarning,
21887.8s 528 [NbConvertApp] Converting notebook __notebook__.ipynb to notebook
21888.1s 529 [NbConvertApp] Writing 44631 bytes to __notebook__.ipynb
21890.1s 530 /opt/conda/lib/python3.7/site-packages/traitlets/traitlets.py:2567: FutureWarning: --Exporter.preprocessors=["nbconvert.preprocessors.ExtractOutputPreprocessor"] for containers is deprecated in traitlets 5.0. You can pass `--Exporter.preprocessors item` ... multiple times to add items to a list.
21890.1s 531 FutureWarning,
21890.1s 532 [NbConvertApp] Converting notebook __notebook__.ipynb to html
21890.6s 533 [NbConvertApp] Writing 359666 bytes to __results__.html