13.3s 1 --------parameter report--------
13.3s 2 learning rate:0.00600
13.3s 3 epoch:100
13.3s 4 train batch size:16
13.3s 5 test batch size:16
13.3s 6 model:resnet18
13.3s 7 optimizer:SGD
13.3s 8 -------------------------------
14.1s 9 Downloading https://www.cs.toronto.edu/~kriz/cifar-10-python.tar.gz to ../data/cifar-10-python.tar.gz
26.3s 10 Extracting ../data/cifar-10-python.tar.gz to ../data
28.9s 11 Files already downloaded and verified
32.3s 12 epoch: 1 start
32.3s 13 train:
310.4s 14 (4623.929887115955, 0.47738)
310.4s 15 test:
326.7s 16 epoch: 1 accuracy 59.020%
326.7s 17 epoch: 2 start
326.7s 18 train:
597.7s 19 (3165.2525705695152, 0.64198)
597.7s 20 test:
613.9s 21 epoch: 2 accuracy 68.260%
613.9s 22 epoch: 3 start
613.9s 23 train:
884.7s 24 (2528.2696545273066, 0.7183)
884.7s 25 test:
900.9s 26 epoch: 3 accuracy 73.270%
900.9s 27 epoch: 4 start
900.9s 28 train:
1172.2s 29 (2155.5083012655377, 0.75846)
1172.2s 30 test:
1188.6s 31 epoch: 4 accuracy 75.760%
1188.6s 32 epoch: 5 start
1188.6s 33 train:
1459.7s 34 (1890.8738579936326, 0.79118)
1459.7s 35 test:
1475.9s 36 epoch: 5 accuracy 78.120%
1475.9s 37 epoch: 6 start
1475.9s 38 train:
1746.7s 39 (1667.8395303711295, 0.81678)
1746.7s 40 test:
1762.9s 41 epoch: 6 accuracy 79.810%
1762.9s 42 epoch: 7 start
1762.9s 43 train:
2033.8s 44 (1507.2571430634707, 0.83324)
2033.8s 45 test:
2050.0s 46 epoch: 7 accuracy 80.580%
2050.0s 47 epoch: 8 start
2050.0s 48 train:
2320.9s 49 (1350.787439223379, 0.85252)
2320.9s 50 test:
2337.3s 51 epoch: 8 accuracy 81.010%
2337.3s 52 epoch: 9 start
2337.3s 53 train:
2608.2s 54 (1220.8284576050937, 0.8658)
2608.2s 55 test:
2624.4s 56 epoch: 9 accuracy 83.090%
2624.4s 57 epoch: 10 start
2624.4s 58 train:
2895.2s 59 (1093.215456222184, 0.87924)
2895.2s 60 test:
2911.5s 61 epoch: 10 accuracy 82.870%
2911.5s 62 epoch: 11 start
2911.5s 63 train:
3182.3s 64 (984.0679665524513, 0.88978)
3182.3s 65 test:
3198.5s 66 epoch: 11 accuracy 84.060%
3198.5s 67 epoch: 12 start
3198.5s 68 train:
3469.6s 69 (879.1078076446429, 0.90118)
3469.6s 70 test:
3485.9s 71 epoch: 12 accuracy 84.130%
3485.9s 72 epoch: 13 start
3485.9s 73 train:
3757.4s 74 (784.6271940688603, 0.91322)
3757.4s 75 test:
3773.6s 76 epoch: 13 accuracy 82.810%
3773.6s 77 epoch: 14 start
3773.6s 78 train:
4044.7s 79 (703.998705199454, 0.92206)
4044.7s 80 test:
4060.9s 81 epoch: 14 accuracy 85.020%
4060.9s 82 epoch: 15 start
4060.9s 83 train:
4331.9s 84 (618.1982200823259, 0.93198)
4331.9s 85 test:
4348.1s 86 epoch: 15 accuracy 83.510%
4348.1s 87 epoch: 16 start
4348.1s 88 train:
4619.1s 89 (563.1373675593641, 0.9381)
4619.1s 90 test:
4635.4s 91 epoch: 16 accuracy 85.130%
4635.4s 92 epoch: 17 start
4635.4s 93 train:
4906.2s 94 (496.6150820995099, 0.9469)
4906.2s 95 test:
4922.5s 96 epoch: 17 accuracy 86.250%
4922.5s 97 epoch: 18 start
4922.5s 98 train:
5193.3s 99 (440.12255436065607, 0.95136)
5193.3s 100 test:
5209.5s 101 epoch: 18 accuracy 85.640%
5209.5s 102 epoch: 19 start
5209.5s 103 train:
5480.4s 104 (393.71877705620136, 0.9562)
5480.4s 105 test:
5496.6s 106 epoch: 19 accuracy 85.640%
5496.6s 107 epoch: 20 start
5496.6s 108 train:
5767.6s 109 (345.25551413660287, 0.96272)
5767.6s 110 test:
5783.8s 111 epoch: 20 accuracy 85.210%
5783.8s 112 epoch: 21 start
5783.8s 113 train:
6054.8s 114 (297.37088654909167, 0.96678)
6054.8s 115 test:
6071.0s 116 epoch: 21 accuracy 84.980%
6071.0s 117 epoch: 22 start
6071.0s 118 train:
6341.9s 119 (272.08520366740413, 0.9704)
6341.9s 120 test:
6358.0s 121 epoch: 22 accuracy 85.030%
6358.0s 122 epoch: 23 start
6358.0s 123 train:
6629.4s 124 (245.2607951103564, 0.97304)
6629.4s 125 test:
6645.6s 126 epoch: 23 accuracy 85.010%
6645.6s 127 epoch: 24 start
6645.6s 128 train:
6916.5s 129 (211.7403968472281, 0.97754)
6916.5s 130 test:
6932.8s 131 epoch: 24 accuracy 85.470%
6932.8s 132 epoch: 25 start
6932.8s 133 train:
7203.7s 134 (193.2279766905558, 0.97902)
7203.7s 135 test:
7220.0s 136 epoch: 25 accuracy 85.620%
7220.0s 137 epoch: 26 start
7220.0s 138 train:
7491.0s 139 (165.34182402177976, 0.98154)
7491.0s 140 test:
7507.2s 141 epoch: 26 accuracy 85.810%
7507.2s 142 epoch: 27 start
7507.2s 143 train:
7778.2s 144 (144.0318097200652, 0.98414)
7778.2s 145 test:
7794.5s 146 epoch: 27 accuracy 85.820%
7794.5s 147 epoch: 28 start
7794.5s 148 train:
8065.6s 149 (135.96086932944672, 0.9849)
8065.6s 150 test:
8081.8s 151 epoch: 28 accuracy 85.430%
8081.8s 152 epoch: 29 start
8081.8s 153 train:
8352.7s 154 (131.9540553808256, 0.98586)
8352.7s 155 test:
8368.9s 156 epoch: 29 accuracy 85.040%
8368.9s 157 epoch: 30 start
8368.9s 158 train:
8639.8s 159 (118.68950463240253, 0.98754)
8639.8s 160 test:
8655.9s 161 epoch: 30 accuracy 84.970%
8655.9s 162 epoch: 31 start
8655.9s 163 train:
8926.8s 164 (106.13602478560642, 0.98896)
8926.8s 165 test:
8943.1s 166 epoch: 31 accuracy 86.600%
8943.1s 167 epoch: 32 start
8943.1s 168 train:
9214.0s 169 (97.8103390354845, 0.98972)
9214.0s 170 test:
9230.2s 171 epoch: 32 accuracy 86.360%
9230.2s 172 epoch: 33 start
9230.2s 173 train:
9501.2s 174 (90.8047344985498, 0.99046)
9501.2s 175 test:
9517.3s 176 epoch: 33 accuracy 87.140%
9517.3s 177 epoch: 34 start
9517.3s 178 train:
9788.1s 179 (93.89432805520755, 0.98964)
9788.1s 180 test:
9804.2s 181 epoch: 34 accuracy 85.880%
9804.2s 182 epoch: 35 start
9804.2s 183 train:
10075.1s 184 (95.70603102840096, 0.98928)
10075.1s 185 test:
10091.4s 186 epoch: 35 accuracy 86.220%
10091.4s 187 epoch: 36 start
10091.4s 188 train:
10362.4s 189 (76.07430450705397, 0.99242)
10362.4s 190 test:
10378.6s 191 epoch: 36 accuracy 86.510%
10378.6s 192 epoch: 37 start
10378.6s 193 train:
10649.6s 194 (67.08290222395772, 0.99326)
10649.6s 195 test:
10665.8s 196 epoch: 37 accuracy 85.900%
10665.8s 197 epoch: 38 start
10665.8s 198 train:
10936.7s 199 (60.7222603643072, 0.99398)
10936.7s 200 test:
10953.0s 201 epoch: 38 accuracy 86.340%
10953.0s 202 epoch: 39 start
10953.0s 203 train:
11224.0s 204 (70.0891395378485, 0.99274)
11224.0s 205 test:
11240.2s 206 epoch: 39 accuracy 85.670%
11240.2s 207 epoch: 40 start
11240.2s 208 train:
11511.1s 209 (56.027190032065846, 0.99418)
11511.1s 210 test:
11527.3s 211 epoch: 40 accuracy 85.970%
11527.3s 212 epoch: 41 start
11527.3s 213 train:
11798.3s 214 (56.80716715459903, 0.99402)
11798.3s 215 test:
11814.4s 216 epoch: 41 accuracy 86.880%
11814.4s 217 epoch: 42 start
11814.4s 218 train:
12085.4s 219 (49.32750798624011, 0.99494)
12085.4s 220 test:
12101.6s 221 epoch: 42 accuracy 85.820%
12101.6s 222 epoch: 43 start
12101.6s 223 train:
12372.5s 224 (35.74248357369271, 0.99646)
12372.5s 225 test:
12388.7s 226 epoch: 43 accuracy 86.640%
12388.7s 227 epoch: 44 start
12388.7s 228 train:
12660.3s 229 (43.947499932597566, 0.9953)
12660.3s 230 test:
12676.6s 231 epoch: 44 accuracy 86.620%
12676.6s 232 epoch: 45 start
12676.6s 233 train:
12947.8s 234 (41.916415412841616, 0.99518)
12947.8s 235 test:
12964.2s 236 epoch: 45 accuracy 87.250%
12964.2s 237 epoch: 46 start
12964.2s 238 train:
13235.5s 239 (54.43374836047428, 0.99444)
13235.5s 240 test:
13251.9s 241 epoch: 46 accuracy 86.310%
13251.9s 242 epoch: 47 start
13251.9s 243 train:
13523.0s 244 (33.54678981832012, 0.99672)
13523.0s 245 test:
13539.1s 246 epoch: 47 accuracy 86.640%
13539.1s 247 epoch: 48 start
13539.1s 248 train:
13810.7s 249 (34.35231874643682, 0.99652)
13810.7s 250 test:
13826.8s 251 epoch: 48 accuracy 86.850%
13826.8s 252 epoch: 49 start
13826.8s 253 train:
14098.3s 254 (31.15278867641598, 0.99682)
14098.3s 255 test:
14114.6s 256 epoch: 49 accuracy 87.100%
14114.6s 257 epoch: 50 start
14114.6s 258 train:
14386.1s 259 (20.38385824995703, 0.99798)
14386.1s 260 test:
14402.2s 261 epoch: 50 accuracy 86.900%
14402.2s 262 epoch: 51 start
14402.2s 263 train:
14673.5s 264 (12.509180484853232, 0.99904)
14673.5s 265 test:
14689.7s 266 epoch: 51 accuracy 87.630%
14689.7s 267 epoch: 52 start
14689.7s 268 train:
14961.0s 269 (9.991089163218248, 0.99932)
14961.0s 270 test:
14977.2s 271 epoch: 52 accuracy 87.170%
14977.2s 272 epoch: 53 start
14977.2s 273 train:
15248.1s 274 (8.097719139011588, 0.99948)
15248.1s 275 test:
15264.4s 276 epoch: 53 accuracy 87.340%
15264.4s 277 epoch: 54 start
15264.4s 278 train:
15535.4s 279 (6.809323242981634, 0.99956)
15535.4s 280 test:
15551.7s 281 epoch: 54 accuracy 87.940%
15551.7s 282 epoch: 55 start
15551.7s 283 train:
15822.7s 284 (4.341985506168754, 0.99984)
15822.7s 285 test:
15838.9s 286 epoch: 55 accuracy 87.970%
15838.9s 287 epoch: 56 start
15838.9s 288 train:
16109.8s 289 (5.56607688060754, 0.99964)
16109.8s 290 test:
16125.9s 291 epoch: 56 accuracy 87.860%
16125.9s 292 epoch: 57 start
16125.9s 293 train:
16396.9s 294 (15.57113318265533, 0.99862)
16396.9s 295 test:
16413.0s 296 epoch: 57 accuracy 87.590%
16413.0s 297 epoch: 58 start
16413.0s 298 train:
16683.9s 299 (9.658932692712028, 0.9992)
16683.9s 300 test:
16700.1s 301 epoch: 58 accuracy 87.180%
16700.1s 302 epoch: 59 start
16700.1s 303 train:
16971.1s 304 (7.477667770526821, 0.99926)
16971.1s 305 test:
16987.3s 306 epoch: 59 accuracy 87.370%
16987.3s 307 epoch: 60 start
16987.3s 308 train:
17258.4s 309 (7.547393517854417, 0.9994)
17258.4s 310 test:
17274.7s 311 epoch: 60 accuracy 87.730%
17274.7s 312 epoch: 61 start
17274.7s 313 train:
17545.7s 314 (3.5662253842054525, 0.9998)
17545.7s 315 test:
17562.0s 316 epoch: 61 accuracy 87.530%
17562.0s 317 epoch: 62 start
17562.0s 318 train:
17833.0s 319 (5.924822978746782, 0.99952)
17833.0s 320 test:
17849.3s 321 epoch: 62 accuracy 86.750%
17849.3s 322 epoch: 63 start
17849.3s 323 train:
18120.2s 324 (4.01972041405465, 0.99974)
18120.2s 325 test:
18136.3s 326 epoch: 63 accuracy 87.910%
18136.3s 327 epoch: 64 start
18136.3s 328 train:
18407.4s 329 (1.9646361769046692, 0.99992)
18407.4s 330 test:
18423.6s 331 epoch: 64 accuracy 87.930%
18423.6s 332 epoch: 65 start
18423.6s 333 train:
18694.7s 334 (1.2259530705537571, 0.99996)
18694.7s 335 test:
18710.9s 336 epoch: 65 accuracy 88.020%
18710.9s 337 epoch: 66 start
18710.9s 338 train:
18981.8s 339 (1.198252106741279, 0.99996)
18981.8s 340 test:
18998.0s 341 epoch: 66 accuracy 87.920%
18998.0s 342 epoch: 67 start
18998.0s 343 train:
19269.0s 344 (2.421194412060869, 0.9999)
19269.0s 345 test:
19285.1s 346 epoch: 67 accuracy 87.780%
19285.1s 347 epoch: 68 start
19285.1s 348 train:
19556.2s 349 (1.582450243897794, 0.99994)
19556.2s 350 test:
19572.5s 351 epoch: 68 accuracy 87.860%
19572.5s 352 epoch: 69 start
19572.5s 353 train:
19843.5s 354 (1.1414397317883243, 0.99996)
19843.5s 355 test:
19859.8s 356 epoch: 69 accuracy 87.950%
19859.8s 357 epoch: 70 start
19859.8s 358 train:
20130.7s 359 (0.9057906853372586, 0.99998)
20130.7s 360 test:
20146.9s 361 epoch: 70 accuracy 87.950%
20146.9s 362 epoch: 71 start
20146.9s 363 train:
20417.9s 364 (0.6288816348981623, 1.0)
20417.9s 365 test:
20434.1s 366 epoch: 71 accuracy 87.960%
20434.1s 367 epoch: 72 start
20434.1s 368 train:
20705.1s 369 (0.6036742970392623, 0.99998)
20705.1s 370 test:
20721.3s 371 epoch: 72 accuracy 87.540%
20721.3s 372 epoch: 73 start
20721.3s 373 train:
20992.3s 374 (0.8082642176315815, 0.99998)
20992.3s 375 test:
21008.6s 376 epoch: 73 accuracy 88.040%
21008.6s 377 epoch: 74 start
21008.6s 378 train:
21279.9s 379 (0.4942141890386704, 1.0)
21279.9s 380 test:
21296.0s 381 epoch: 74 accuracy 88.160%
21296.0s 382 epoch: 75 start
21296.0s 383 train:
21567.7s 384 (0.3392752796664169, 1.0)
21567.7s 385 test:
21583.8s 386 epoch: 75 accuracy 88.200%
21583.8s 387 epoch: 76 start
21583.8s 388 train:
21855.0s 389 (0.3025192551929812, 1.0)
21855.0s 390 test:
21871.3s 391 epoch: 76 accuracy 88.270%
21871.3s 392 epoch: 77 start
21871.3s 393 train:
22142.4s 394 (0.3024931729320528, 1.0)
22142.4s 395 test:
22158.6s 396 epoch: 77 accuracy 88.270%
22158.6s 397 epoch: 78 start
22158.6s 398 train:
22429.5s 399 (0.28387556375460576, 1.0)
22429.5s 400 test:
22445.7s 401 epoch: 78 accuracy 88.200%
22445.7s 402 epoch: 79 start
22445.7s 403 train:
22716.7s 404 (0.287102916989209, 1.0)
22716.7s 405 test:
22732.9s 406 epoch: 79 accuracy 88.230%
22732.9s 407 epoch: 80 start
22732.9s 408 train:
23004.1s 409 (0.29291586789882196, 1.0)
23004.1s 410 test:
23020.3s 411 epoch: 80 accuracy 88.260%
23020.3s 412 epoch: 81 start
23020.3s 413 train:
23291.3s 414 (0.2447165133078144, 1.0)
23291.3s 415 test:
23307.5s 416 epoch: 81 accuracy 88.240%
23307.5s 417 epoch: 82 start
23307.5s 418 train:
23578.5s 419 (0.2644298157469116, 1.0)
23578.5s 420 test:
23594.6s 421 epoch: 82 accuracy 88.070%
23594.6s 422 epoch: 83 start
23594.6s 423 train:
23865.6s 424 (0.20597725771282427, 1.0)
23865.6s 425 test:
23881.7s 426 epoch: 83 accuracy 88.230%
23881.7s 427 epoch: 84 start
23881.7s 428 train:
24152.6s 429 (0.21286208151818542, 1.0)
24152.6s 430 test:
24168.8s 431 epoch: 84 accuracy 88.280%
24168.8s 432 epoch: 85 start
24168.8s 433 train:
24439.6s 434 (0.21985925739918954, 1.0)
24439.6s 435 test:
24455.7s 436 epoch: 85 accuracy 88.340%
24455.7s 437 epoch: 86 start
24455.7s 438 train:
24726.4s 439 (0.22621741803119377, 1.0)
24726.4s 440 test:
24742.5s 441 epoch: 86 accuracy 88.360%
24742.5s 442 epoch: 87 start
24742.5s 443 train:
25013.0s 444 (0.2140579557558251, 1.0)
25013.0s 445 test:
25029.3s 446 epoch: 87 accuracy 88.250%
25029.3s 447 epoch: 88 start
25029.3s 448 train:
25300.0s 449 (0.18371371016426563, 1.0)
25300.0s 450 test:
25316.1s 451 epoch: 88 accuracy 88.360%
25316.1s 452 epoch: 89 start
25316.1s 453 train:
25587.1s 454 (0.17695851139254692, 1.0)
25587.1s 455 test:
25603.3s 456 epoch: 89 accuracy 88.330%
25603.3s 457 epoch: 90 start
25603.3s 458 train:
25873.9s 459 (0.461402142224868, 0.99998)
25873.9s 460 test:
25890.1s 461 epoch: 90 accuracy 88.250%
25890.1s 462 epoch: 91 start
25890.1s 463 train:
26160.7s 464 (0.30868938323711603, 1.0)
26160.7s 465 test:
26176.9s 466 epoch: 91 accuracy 88.080%
26176.9s 467 epoch: 92 start
26176.9s 468 train:
26447.6s 469 (0.22256813924758667, 1.0)
26447.6s 470 test:
26463.7s 471 epoch: 92 accuracy 88.350%
26463.7s 472 epoch: 93 start
26463.7s 473 train:
26734.5s 474 (0.20644668867917915, 1.0)
26734.5s 475 test:
26750.6s 476 epoch: 93 accuracy 88.320%
26750.6s 477 epoch: 94 start
26750.6s 478 train:
27021.3s 479 (0.49749553921780887, 0.99996)
27021.3s 480 test:
27037.5s 481 epoch: 94 accuracy 88.190%
27037.5s 482 epoch: 95 start
27037.5s 483 train:
27308.3s 484 (0.6406435839080213, 0.99998)
27308.3s 485 test:
27324.4s 486 epoch: 95 accuracy 88.150%
27324.4s 487 epoch: 96 start
27324.4s 488 train:
27595.2s 489 (0.22878737629723922, 1.0)
27595.2s 490 test:
27611.2s 491 epoch: 96 accuracy 88.180%
27611.2s 492 epoch: 97 start
27611.2s 493 train:
27882.3s 494 (0.2033422523128774, 1.0)
27882.3s 495 test:
27898.4s 496 epoch: 97 accuracy 88.280%
27898.4s 497 epoch: 98 start
27898.4s 498 train:
28169.6s 499 (0.24544464476375794, 1.0)
28169.6s 500 test:
28185.9s 501 epoch: 98 accuracy 88.190%
28185.9s 502 epoch: 99 start
28185.9s 503 train:
28457.2s 504 (0.17616858453074435, 1.0)
28457.2s 505 test:
28473.6s 506 epoch: 99 accuracy 88.260%
28473.6s 507 epoch: 100 start
28473.6s 508 train:
28745.0s 509 (0.15072510461109445, 1.0)
28745.0s 510 test:
28761.0s 511 epoch: 100 accuracy 88.240%
28761.0s 512 best accuracy: 88.360%
28761.0s 513 --------result report--------
28761.0s 514 best accuracy:88.360%
28761.0s 515 loss array:
28761.0s 516 4623.9299,3165.2526,2528.2697,2155.5083,1890.8739,1667.8395,1507.2571,1350.7874,1220.8285,1093.2155,984.0680,879.1078,784.6272,703.9987,618.1982,563.1374,496.6151,440.1226,393.7188,345.2555,297.3709,272.0852,245.2608,211.7404,193.2280,165.3418,144.0318,135.9609,131.9541,118.6895,106.1360,97.8103,90.8047,93.8943,95.7060,76.0743,67.0829,60.7223,70.0891,56.0272,56.8072,49.3275,35.7425,43.9475,41.9164,54.4337,33.5468,34.3523,31.1528,20.3839,12.5092,9.9911,8.0977,6.8093,4.3420,5.5661,15.5711,9.6589,7.4777,7.5474,3.5662,5.9248,4.0197,1.9646,1.2260,1.1983,2.4212,1.5825,1.1414,0.9058,0.6289,0.6037,0.8083,0.4942,0.3393,0.3025,0.3025,0.2839,0.2871,0.2929,0.2447,0.2644,0.2060,0.2129,0.2199,0.2262,0.2141,0.1837,0.1770,0.4614,0.3087,0.2226,0.2064,0.4975,0.6406,0.2288,0.2033,0.2454,0.1762,0.1507,
28761.0s 517 train accuracy array:
28761.0s 518 0.4774,0.6420,0.7183,0.7585,0.7912,0.8168,0.8332,0.8525,0.8658,0.8792,0.8898,0.9012,0.9132,0.9221,0.9320,0.9381,0.9469,0.9514,0.9562,0.9627,0.9668,0.9704,0.9730,0.9775,0.9790,0.9815,0.9841,0.9849,0.9859,0.9875,0.9890,0.9897,0.9905,0.9896,0.9893,0.9924,0.9933,0.9940,0.9927,0.9942,0.9940,0.9949,0.9965,0.9953,0.9952,0.9944,0.9967,0.9965,0.9968,0.9980,0.9990,0.9993,0.9995,0.9996,0.9998,0.9996,0.9986,0.9992,0.9993,0.9994,0.9998,0.9995,0.9997,0.9999,1.0000,1.0000,0.9999,0.9999,1.0000,1.0000,1.0000,1.0000,1.0000,1.0000,1.0000,1.0000,1.0000,1.0000,1.0000,1.0000,1.0000,1.0000,1.0000,1.0000,1.0000,1.0000,1.0000,1.0000,1.0000,1.0000,1.0000,1.0000,1.0000,1.0000,1.0000,1.0000,1.0000,1.0000,1.0000,1.0000,
28761.0s 519 accuracy array:
28761.0s 520 0.5902,0.6826,0.7327,0.7576,0.7812,0.7981,0.8058,0.8101,0.8309,0.8287,0.8406,0.8413,0.8281,0.8502,0.8351,0.8513,0.8625,0.8564,0.8564,0.8521,0.8498,0.8503,0.8501,0.8547,0.8562,0.8581,0.8582,0.8543,0.8504,0.8497,0.8660,0.8636,0.8714,0.8588,0.8622,0.8651,0.8590,0.8634,0.8567,0.8597,0.8688,0.8582,0.8664,0.8662,0.8725,0.8631,0.8664,0.8685,0.8710,0.8690,0.8763,0.8717,0.8734,0.8794,0.8797,0.8786,0.8759,0.8718,0.8737,0.8773,0.8753,0.8675,0.8791,0.8793,0.8802,0.8792,0.8778,0.8786,0.8795,0.8795,0.8796,0.8754,0.8804,0.8816,0.8820,0.8827,0.8827,0.8820,0.8823,0.8826,0.8824,0.8807,0.8823,0.8828,0.8834,0.8836,0.8825,0.8836,0.8833,0.8825,0.8808,0.8835,0.8832,0.8819,0.8815,0.8818,0.8828,0.8819,0.8826,0.8824,
28761.0s 521 -------------------------------
28761.0s 522 --------parameter report--------
28761.0s 523 batchSize:16    accuracy:0.884%
28761.0s 524 /opt/conda/lib/python3.7/site-packages/papermill/iorw.py:50: FutureWarning: pyarrow.HadoopFileSystem is deprecated as of 2.0.0, please use pyarrow.fs.HadoopFileSystem instead.
28761.0s 525 from pyarrow import HadoopFileSystem
28764.8s 526 /opt/conda/lib/python3.7/site-packages/traitlets/traitlets.py:2567: FutureWarning: --Exporter.preprocessors=["remove_papermill_header.RemovePapermillHeader"] for containers is deprecated in traitlets 5.0. You can pass `--Exporter.preprocessors item` ... multiple times to add items to a list.
28764.8s 527 FutureWarning,
28764.8s 528 [NbConvertApp] Converting notebook __notebook__.ipynb to notebook
28765.0s 529 [NbConvertApp] Writing 44908 bytes to __notebook__.ipynb
28767.0s 530 /opt/conda/lib/python3.7/site-packages/traitlets/traitlets.py:2567: FutureWarning: --Exporter.preprocessors=["nbconvert.preprocessors.ExtractOutputPreprocessor"] for containers is deprecated in traitlets 5.0. You can pass `--Exporter.preprocessors item` ... multiple times to add items to a list.
28767.0s 531 FutureWarning,
28767.0s 532 [NbConvertApp] Converting notebook __notebook__.ipynb to html
28767.5s 533 [NbConvertApp] Writing 360641 bytes to __results__.html