12.6s 1 --------parameter report--------
12.6s 2 learning rate:0.00500
12.6s 3 epoch:100
12.6s 4 train batch size:16
12.6s 5 test batch size:16
12.6s 6 model:resnet18
12.6s 7 optimizer:SGD
12.6s 8 -------------------------------
12.9s 9 Downloading https://www.cs.toronto.edu/~kriz/cifar-10-python.tar.gz to ../data/cifar-10-python.tar.gz
16.9s 10 Extracting ../data/cifar-10-python.tar.gz to ../data
19.4s 11 Files already downloaded and verified
22.6s 12 epoch: 1 start
22.6s 13 train:
203.0s 14 (4614.008854687214, 0.49318)
203.0s 15 test:
214.1s 16 epoch: 1 accuracy 53.800%
214.1s 17 epoch: 2 start
214.1s 18 train:
389.1s 19 (3125.6386787593365, 0.64814)
389.1s 20 test:
400.4s 21 epoch: 2 accuracy 69.290%
400.4s 22 epoch: 3 start
400.4s 23 train:
575.8s 24 (2600.6755794733763, 0.7101)
575.8s 25 test:
586.9s 26 epoch: 3 accuracy 70.920%
586.9s 27 epoch: 4 start
586.9s 28 train:
761.6s 29 (2274.5662417262793, 0.74526)
761.6s 30 test:
772.7s 31 epoch: 4 accuracy 74.530%
772.7s 32 epoch: 5 start
772.7s 33 train:
947.3s 34 (2027.4070775732398, 0.77378)
947.3s 35 test:
958.5s 36 epoch: 5 accuracy 74.180%
958.5s 37 epoch: 6 start
958.5s 38 train:
1133.0s 39 (1829.3280336856842, 0.79618)
1133.0s 40 test:
1144.1s 41 epoch: 6 accuracy 77.410%
1144.1s 42 epoch: 7 start
1144.1s 43 train:
1318.4s 44 (1664.2634039372206, 0.81372)
1318.4s 45 test:
1329.5s 46 epoch: 7 accuracy 79.000%
1329.5s 47 epoch: 8 start
1329.5s 48 train:
1503.8s 49 (1517.4726794697344, 0.8321)
1503.8s 50 test:
1515.1s 51 epoch: 8 accuracy 80.530%
1515.1s 52 epoch: 9 start
1515.1s 53 train:
1689.0s 54 (1377.4528817087412, 0.84692)
1689.0s 55 test:
1700.2s 56 epoch: 9 accuracy 80.710%
1700.2s 57 epoch: 10 start
1700.2s 58 train:
1874.0s 59 (1262.520857079886, 0.86072)
1874.0s 60 test:
1885.1s 61 epoch: 10 accuracy 82.080%
1885.1s 62 epoch: 11 start
1885.1s 63 train:
2058.3s 64 (1165.5802882630378, 0.87002)
2058.3s 65 test:
2069.6s 66 epoch: 11 accuracy 80.200%
2069.6s 67 epoch: 12 start
2069.6s 68 train:
2242.7s 69 (1063.043569514528, 0.8815)
2242.7s 70 test:
2253.9s 71 epoch: 12 accuracy 80.520%
2253.9s 72 epoch: 13 start
2253.9s 73 train:
2427.1s 74 (981.2008501272649, 0.89192)
2427.1s 75 test:
2438.3s 76 epoch: 13 accuracy 82.240%
2438.3s 77 epoch: 14 start
2438.3s 78 train:
2612.4s 79 (894.8584638866596, 0.9007)
2612.4s 80 test:
2623.5s 81 epoch: 14 accuracy 82.330%
2623.5s 82 epoch: 15 start
2623.5s 83 train:
2797.2s 84 (822.2599203255959, 0.90846)
2797.2s 85 test:
2808.3s 86 epoch: 15 accuracy 83.000%
2808.3s 87 epoch: 16 start
2808.3s 88 train:
2981.7s 89 (745.1294270115905, 0.91722)
2981.7s 90 test:
2992.8s 91 epoch: 16 accuracy 81.290%
2992.8s 92 epoch: 17 start
2992.8s 93 train:
3166.7s 94 (685.8976351014571, 0.92442)
3166.7s 95 test:
3177.7s 96 epoch: 17 accuracy 84.090%
3177.7s 97 epoch: 18 start
3177.7s 98 train:
3351.3s 99 (638.0335520673543, 0.92944)
3351.3s 100 test:
3362.5s 101 epoch: 18 accuracy 84.160%
3362.5s 102 epoch: 19 start
3362.5s 103 train:
3536.1s 104 (565.0252511351136, 0.93744)
3536.1s 105 test:
3547.2s 106 epoch: 19 accuracy 84.370%
3547.2s 107 epoch: 20 start
3547.2s 108 train:
3721.4s 109 (530.1805392040405, 0.94006)
3721.4s 110 test:
3732.5s 111 epoch: 20 accuracy 84.430%
3732.5s 112 epoch: 21 start
3732.5s 113 train:
3907.6s 114 (470.4702258789912, 0.94882)
3907.6s 115 test:
3918.7s 116 epoch: 21 accuracy 83.700%
3918.7s 117 epoch: 22 start
3918.7s 118 train:
4093.0s 119 (425.1664031021646, 0.95298)
4093.0s 120 test:
4104.2s 121 epoch: 22 accuracy 82.550%
4104.2s 122 epoch: 23 start
4104.2s 123 train:
4278.5s 124 (401.669623543683, 0.95528)
4278.5s 125 test:
4289.6s 126 epoch: 23 accuracy 84.830%
4289.6s 127 epoch: 24 start
4289.6s 128 train:
4464.0s 129 (357.0376998822903, 0.9604)
4464.0s 130 test:
4475.1s 131 epoch: 24 accuracy 83.430%
4475.1s 132 epoch: 25 start
4475.1s 133 train:
4649.3s 134 (323.1706516381819, 0.96388)
4649.3s 135 test:
4660.5s 136 epoch: 25 accuracy 83.110%
4660.5s 137 epoch: 26 start
4660.5s 138 train:
4834.6s 139 (283.44516662936076, 0.96894)
4834.6s 140 test:
4845.7s 141 epoch: 26 accuracy 83.510%
4845.7s 142 epoch: 27 start
4845.7s 143 train:
5019.3s 144 (279.5974258360511, 0.96786)
5019.3s 145 test:
5030.3s 146 epoch: 27 accuracy 84.600%
5030.3s 147 epoch: 28 start
5030.3s 148 train:
5203.5s 149 (252.07475653398433, 0.97214)
5203.5s 150 test:
5214.6s 151 epoch: 28 accuracy 83.650%
5214.6s 152 epoch: 29 start
5214.6s 153 train:
5387.7s 154 (225.17076342305518, 0.97524)
5387.7s 155 test:
5398.7s 156 epoch: 29 accuracy 85.350%
5398.7s 157 epoch: 30 start
5398.7s 158 train:
5572.0s 159 (197.8053207207704, 0.97772)
5572.0s 160 test:
5583.1s 161 epoch: 30 accuracy 85.130%
5583.1s 162 epoch: 31 start
5583.1s 163 train:
5756.2s 164 (205.91161328398448, 0.97708)
5756.2s 165 test:
5767.3s 166 epoch: 31 accuracy 85.410%
5767.3s 167 epoch: 32 start
5767.3s 168 train:
5940.3s 169 (169.3601839550247, 0.9809)
5940.3s 170 test:
5951.3s 171 epoch: 32 accuracy 83.600%
5951.3s 172 epoch: 33 start
5951.3s 173 train:
6124.4s 174 (169.0077361214935, 0.98088)
6124.4s 175 test:
6135.5s 176 epoch: 33 accuracy 85.940%
6135.5s 177 epoch: 34 start
6135.5s 178 train:
6308.6s 179 (162.8450687519071, 0.98156)
6308.6s 180 test:
6319.7s 181 epoch: 34 accuracy 85.290%
6319.7s 182 epoch: 35 start
6319.7s 183 train:
6492.9s 184 (151.3924756131455, 0.98332)
6492.9s 185 test:
6504.0s 186 epoch: 35 accuracy 84.370%
6504.0s 187 epoch: 36 start
6504.0s 188 train:
6677.2s 189 (127.17615075805952, 0.98644)
6677.2s 190 test:
6688.2s 191 epoch: 36 accuracy 85.880%
6688.2s 192 epoch: 37 start
6688.2s 193 train:
6861.4s 194 (106.83590060073402, 0.988)
6861.4s 195 test:
6872.6s 196 epoch: 37 accuracy 84.790%
6872.6s 197 epoch: 38 start
6872.6s 198 train:
7045.5s 199 (124.3411741352379, 0.98616)
7045.5s 200 test:
7056.7s 201 epoch: 38 accuracy 85.340%
7056.7s 202 epoch: 39 start
7056.7s 203 train:
7229.8s 204 (104.60055794705568, 0.98858)
7229.8s 205 test:
7240.9s 206 epoch: 39 accuracy 82.960%
7240.9s 207 epoch: 40 start
7240.9s 208 train:
7413.9s 209 (101.80142631392573, 0.98894)
7413.9s 210 test:
7425.0s 211 epoch: 40 accuracy 85.100%
7425.0s 212 epoch: 41 start
7425.0s 213 train:
7598.1s 214 (84.76691624613704, 0.99058)
7598.1s 215 test:
7609.2s 216 epoch: 41 accuracy 85.680%
7609.2s 217 epoch: 42 start
7609.2s 218 train:
7782.3s 219 (90.02392225298127, 0.9905)
7782.3s 220 test:
7793.4s 221 epoch: 42 accuracy 85.560%
7793.4s 222 epoch: 43 start
7793.4s 223 train:
7966.4s 224 (77.79263091335793, 0.99178)
7966.4s 225 test:
7977.4s 226 epoch: 43 accuracy 85.790%
7977.4s 227 epoch: 44 start
7977.4s 228 train:
8150.5s 229 (74.771000242848, 0.99182)
8150.5s 230 test:
8161.8s 231 epoch: 44 accuracy 86.170%
8161.8s 232 epoch: 45 start
8161.8s 233 train:
8335.2s 234 (62.100610044862606, 0.99368)
8335.2s 235 test:
8346.3s 236 epoch: 45 accuracy 86.140%
8346.3s 237 epoch: 46 start
8346.3s 238 train:
8519.9s 239 (72.14151582221848, 0.99208)
8519.9s 240 test:
8530.9s 241 epoch: 46 accuracy 85.850%
8530.9s 242 epoch: 47 start
8530.9s 243 train:
8704.0s 244 (61.10553559873597, 0.99338)
8704.0s 245 test:
8715.2s 246 epoch: 47 accuracy 86.500%
8715.2s 247 epoch: 48 start
8715.2s 248 train:
8888.1s 249 (46.94735523153986, 0.995)
8888.1s 250 test:
8899.2s 251 epoch: 48 accuracy 86.030%
8899.2s 252 epoch: 49 start
8899.2s 253 train:
9072.2s 254 (50.632163084230115, 0.99478)
9072.2s 255 test:
9083.3s 256 epoch: 49 accuracy 86.240%
9083.3s 257 epoch: 50 start
9083.3s 258 train:
9256.3s 259 (51.25888013525582, 0.99444)
9256.3s 260 test:
9267.4s 261 epoch: 50 accuracy 86.100%
9267.4s 262 epoch: 51 start
9267.4s 263 train:
9440.5s 264 (36.009703406065, 0.99618)
9440.5s 265 test:
9451.5s 266 epoch: 51 accuracy 86.120%
9451.5s 267 epoch: 52 start
9451.5s 268 train:
9624.5s 269 (34.57702167049342, 0.99668)
9624.5s 270 test:
9635.6s 271 epoch: 52 accuracy 85.800%
9635.6s 272 epoch: 53 start
9635.6s 273 train:
9808.7s 274 (31.202967426804094, 0.99694)
9808.7s 275 test:
9819.8s 276 epoch: 53 accuracy 85.920%
9819.8s 277 epoch: 54 start
9819.8s 278 train:
9992.8s 279 (42.30422810624066, 0.99546)
9992.8s 280 test:
10003.9s 281 epoch: 54 accuracy 85.810%
10003.9s 282 epoch: 55 start
10003.9s 283 train:
10177.0s 284 (21.073429110245456, 0.99804)
10177.0s 285 test:
10188.0s 286 epoch: 55 accuracy 86.610%
10188.0s 287 epoch: 56 start
10188.0s 288 train:
10361.1s 289 (25.87761057072194, 0.9975)
10361.1s 290 test:
10372.2s 291 epoch: 56 accuracy 86.420%
10372.2s 292 epoch: 57 start
10372.2s 293 train:
10545.2s 294 (24.48189780888015, 0.99802)
10545.2s 295 test:
10556.3s 296 epoch: 57 accuracy 86.410%
10556.3s 297 epoch: 58 start
10556.3s 298 train:
10729.3s 299 (27.532892135614247, 0.99756)
10729.3s 300 test:
10740.4s 301 epoch: 58 accuracy 86.560%
10740.4s 302 epoch: 59 start
10740.4s 303 train:
10913.3s 304 (22.43250066370149, 0.99774)
10913.3s 305 test:
10924.4s 306 epoch: 59 accuracy 86.650%
10924.4s 307 epoch: 60 start
10924.4s 308 train:
11097.4s 309 (22.146045745515806, 0.99784)
11097.4s 310 test:
11108.5s 311 epoch: 60 accuracy 86.080%
11108.5s 312 epoch: 61 start
11108.5s 313 train:
11281.7s 314 (18.622612237541148, 0.99826)
11281.7s 315 test:
11292.7s 316 epoch: 61 accuracy 86.830%
11292.7s 317 epoch: 62 start
11292.7s 318 train:
11465.7s 319 (16.253862541200306, 0.9985)
11465.7s 320 test:
11476.8s 321 epoch: 62 accuracy 86.900%
11476.8s 322 epoch: 63 start
11476.8s 323 train:
11649.8s 324 (10.09128326132037, 0.9992)
11649.8s 325 test:
11660.8s 326 epoch: 63 accuracy 86.970%
11660.8s 327 epoch: 64 start
11660.8s 328 train:
11834.3s 329 (16.190054992103455, 0.99826)
11834.3s 330 test:
11845.2s 331 epoch: 64 accuracy 86.800%
11845.2s 332 epoch: 65 start
11845.2s 333 train:
12018.3s 334 (10.009868572727441, 0.99922)
12018.3s 335 test:
12029.3s 336 epoch: 65 accuracy 87.230%
12029.3s 337 epoch: 66 start
12029.3s 338 train:
12202.4s 339 (12.473808648137208, 0.99918)
12202.4s 340 test:
12213.4s 341 epoch: 66 accuracy 86.470%
12213.4s 342 epoch: 67 start
12213.4s 343 train:
12386.6s 344 (11.312648670102533, 0.99916)
12386.6s 345 test:
12397.6s 346 epoch: 67 accuracy 86.700%
12397.6s 347 epoch: 68 start
12397.6s 348 train:
12570.8s 349 (7.938145204717948, 0.99942)
12570.8s 350 test:
12581.8s 351 epoch: 68 accuracy 86.910%
12581.8s 352 epoch: 69 start
12581.8s 353 train:
12754.9s 354 (4.902151758390033, 0.99976)
12754.9s 355 test:
12766.0s 356 epoch: 69 accuracy 87.230%
12766.0s 357 epoch: 70 start
12766.0s 358 train:
12939.2s 359 (5.529478703602848, 0.99966)
12939.2s 360 test:
12950.3s 361 epoch: 70 accuracy 87.210%
12950.3s 362 epoch: 71 start
12950.3s 363 train:
13123.5s 364 (3.6204084651615887, 0.99984)
13123.5s 365 test:
13134.6s 366 epoch: 71 accuracy 87.480%
13134.6s 367 epoch: 72 start
13134.6s 368 train:
13307.6s 369 (2.8553241531175217, 0.99994)
13307.6s 370 test:
13318.7s 371 epoch: 72 accuracy 87.500%
13318.7s 372 epoch: 73 start
13318.7s 373 train:
13491.8s 374 (2.08875685331725, 1.0)
13491.8s 375 test:
13502.8s 376 epoch: 73 accuracy 87.420%
13502.8s 377 epoch: 74 start
13502.8s 378 train:
13675.9s 379 (2.8133714758632493, 0.99984)
13675.9s 380 test:
13686.9s 381 epoch: 74 accuracy 87.510%
13686.9s 382 epoch: 75 start
13686.9s 383 train:
13859.9s 384 (2.773351330389005, 0.99982)
13859.9s 385 test:
13871.0s 386 epoch: 75 accuracy 87.110%
13871.0s 387 epoch: 76 start
13871.0s 388 train:
14044.1s 389 (1.4907384995926094, 1.0)
14044.1s 390 test:
14055.1s 391 epoch: 76 accuracy 87.340%
14055.1s 392 epoch: 77 start
14055.1s 393 train:
14228.2s 394 (2.4140929129629853, 0.9999)
14228.2s 395 test:
14239.3s 396 epoch: 77 accuracy 87.490%
14239.3s 397 epoch: 78 start
14239.3s 398 train:
14412.3s 399 (1.38929375116453, 0.99998)
14412.3s 400 test:
14423.3s 401 epoch: 78 accuracy 87.500%
14423.3s 402 epoch: 79 start
14423.3s 403 train:
14596.4s 404 (1.5620242631563883, 0.99994)
14596.4s 405 test:
14607.5s 406 epoch: 79 accuracy 87.460%
14607.5s 407 epoch: 80 start
14607.5s 408 train:
14780.7s 409 (1.2770707680724342, 1.0)
14780.7s 410 test:
14791.7s 411 epoch: 80 accuracy 87.340%
14791.7s 412 epoch: 81 start
14791.7s 413 train:
14964.8s 414 (1.2235742390081583, 0.99998)
14964.8s 415 test:
14975.9s 416 epoch: 81 accuracy 87.540%
14975.9s 417 epoch: 82 start
14975.9s 418 train:
15148.9s 419 (0.9320077683105268, 0.99998)
15148.9s 420 test:
15159.9s 421 epoch: 82 accuracy 87.420%
15159.9s 422 epoch: 83 start
15159.9s 423 train:
15332.9s 424 (0.7220139277204112, 1.0)
15332.9s 425 test:
15343.9s 426 epoch: 83 accuracy 87.430%
15343.9s 427 epoch: 84 start
15343.9s 428 train:
15517.2s 429 (1.046364562899356, 0.99998)
15517.2s 430 test:
15528.2s 431 epoch: 84 accuracy 87.400%
15528.2s 432 epoch: 85 start
15528.2s 433 train:
15701.2s 434 (1.0755728606801682, 0.99998)
15701.2s 435 test:
15712.3s 436 epoch: 85 accuracy 87.450%
15712.3s 437 epoch: 86 start
15712.3s 438 train:
15885.4s 439 (1.7842920654599226, 0.9999)
15885.4s 440 test:
15896.5s 441 epoch: 86 accuracy 87.000%
15896.5s 442 epoch: 87 start
15896.5s 443 train:
16069.5s 444 (2.3560232167481203, 0.99986)
16069.5s 445 test:
16080.5s 446 epoch: 87 accuracy 87.260%
16080.5s 447 epoch: 88 start
16080.5s 448 train:
16253.5s 449 (1.551639544900012, 0.99992)
16253.5s 450 test:
16264.5s 451 epoch: 88 accuracy 87.360%
16264.5s 452 epoch: 89 start
16264.5s 453 train:
16438.0s 454 (1.2159883620528262, 0.99998)
16438.0s 455 test:
16449.2s 456 epoch: 89 accuracy 87.410%
16449.2s 457 epoch: 90 start
16449.2s 458 train:
16622.7s 459 (0.7319355539163084, 1.0)
16622.7s 460 test:
16633.7s 461 epoch: 90 accuracy 87.520%
16633.7s 462 epoch: 91 start
16633.7s 463 train:
16806.8s 464 (0.717060115305884, 1.0)
16806.8s 465 test:
16817.8s 466 epoch: 91 accuracy 87.580%
16817.8s 467 epoch: 92 start
16817.8s 468 train:
16990.8s 469 (0.6816275212570702, 1.0)
16990.8s 470 test:
17001.8s 471 epoch: 92 accuracy 87.610%
17001.8s 472 epoch: 93 start
17001.8s 473 train:
17174.9s 474 (0.572818013594329, 1.0)
17174.9s 475 test:
17186.0s 476 epoch: 93 accuracy 87.540%
17186.0s 477 epoch: 94 start
17186.0s 478 train:
17358.9s 479 (0.57416715359237, 1.0)
17358.9s 480 test:
17370.0s 481 epoch: 94 accuracy 87.450%
17370.0s 482 epoch: 95 start
17370.0s 483 train:
17543.1s 484 (0.5312281097340588, 1.0)
17543.1s 485 test:
17554.1s 486 epoch: 95 accuracy 87.590%
17554.1s 487 epoch: 96 start
17554.1s 488 train:
17727.2s 489 (0.654461204703594, 0.99998)
17727.2s 490 test:
17738.2s 491 epoch: 96 accuracy 87.410%
17738.2s 492 epoch: 97 start
17738.2s 493 train:
17911.5s 494 (0.8367426000307319, 0.99996)
17911.5s 495 test:
17922.7s 496 epoch: 97 accuracy 87.260%
17922.7s 497 epoch: 98 start
17922.7s 498 train:
18095.9s 499 (0.7085689706737028, 1.0)
18095.9s 500 test:
18106.9s 501 epoch: 98 accuracy 87.410%
18106.9s 502 epoch: 99 start
18106.9s 503 train:
18280.0s 504 (0.5780364232487507, 1.0)
18280.0s 505 test:
18291.0s 506 epoch: 99 accuracy 87.440%
18291.0s 507 epoch: 100 start
18291.0s 508 train:
18464.0s 509 (0.46806918180800494, 1.0)
18464.0s 510 test:
18474.9s 511 epoch: 100 accuracy 87.490%
18474.9s 512 best accuracy: 87.610%
18474.9s 513 --------result report--------
18474.9s 514 best accuracy:87.610%
18474.9s 515 loss array:
18474.9s 516 4614.0089,3125.6387,2600.6756,2274.5662,2027.4071,1829.3280,1664.2634,1517.4727,1377.4529,1262.5209,1165.5803,1063.0436,981.2009,894.8585,822.2599,745.1294,685.8976,638.0336,565.0253,530.1805,470.4702,425.1664,401.6696,357.0377,323.1707,283.4452,279.5974,252.0748,225.1708,197.8053,205.9116,169.3602,169.0077,162.8451,151.3925,127.1762,106.8359,124.3412,104.6006,101.8014,84.7669,90.0239,77.7926,74.7710,62.1006,72.1415,61.1055,46.9474,50.6322,51.2589,36.0097,34.5770,31.2030,42.3042,21.0734,25.8776,24.4819,27.5329,22.4325,22.1460,18.6226,16.2539,10.0913,16.1901,10.0099,12.4738,11.3126,7.9381,4.9022,5.5295,3.6204,2.8553,2.0888,2.8134,2.7734,1.4907,2.4141,1.3893,1.5620,1.2771,1.2236,0.9320,0.7220,1.0464,1.0756,1.7843,2.3560,1.5516,1.2160,0.7319,0.7171,0.6816,0.5728,0.5742,0.5312,0.6545,0.8367,0.7086,0.5780,0.4681,
18474.9s 517 train accuracy array:
18474.9s 518 0.4932,0.6481,0.7101,0.7453,0.7738,0.7962,0.8137,0.8321,0.8469,0.8607,0.8700,0.8815,0.8919,0.9007,0.9085,0.9172,0.9244,0.9294,0.9374,0.9401,0.9488,0.9530,0.9553,0.9604,0.9639,0.9689,0.9679,0.9721,0.9752,0.9777,0.9771,0.9809,0.9809,0.9816,0.9833,0.9864,0.9880,0.9862,0.9886,0.9889,0.9906,0.9905,0.9918,0.9918,0.9937,0.9921,0.9934,0.9950,0.9948,0.9944,0.9962,0.9967,0.9969,0.9955,0.9980,0.9975,0.9980,0.9976,0.9977,0.9978,0.9983,0.9985,0.9992,0.9983,0.9992,0.9992,0.9992,0.9994,0.9998,0.9997,0.9998,0.9999,1.0000,0.9998,0.9998,1.0000,0.9999,1.0000,0.9999,1.0000,1.0000,1.0000,1.0000,1.0000,1.0000,0.9999,0.9999,0.9999,1.0000,1.0000,1.0000,1.0000,1.0000,1.0000,1.0000,1.0000,1.0000,1.0000,1.0000,1.0000,
18474.9s 519 accuracy array:
18474.9s 520 0.5380,0.6929,0.7092,0.7453,0.7418,0.7741,0.7900,0.8053,0.8071,0.8208,0.8020,0.8052,0.8224,0.8233,0.8300,0.8129,0.8409,0.8416,0.8437,0.8443,0.8370,0.8255,0.8483,0.8343,0.8311,0.8351,0.8460,0.8365,0.8535,0.8513,0.8541,0.8360,0.8594,0.8529,0.8437,0.8588,0.8479,0.8534,0.8296,0.8510,0.8568,0.8556,0.8579,0.8617,0.8614,0.8585,0.8650,0.8603,0.8624,0.8610,0.8612,0.8580,0.8592,0.8581,0.8661,0.8642,0.8641,0.8656,0.8665,0.8608,0.8683,0.8690,0.8697,0.8680,0.8723,0.8647,0.8670,0.8691,0.8723,0.8721,0.8748,0.8750,0.8742,0.8751,0.8711,0.8734,0.8749,0.8750,0.8746,0.8734,0.8754,0.8742,0.8743,0.8740,0.8745,0.8700,0.8726,0.8736,0.8741,0.8752,0.8758,0.8761,0.8754,0.8745,0.8759,0.8741,0.8726,0.8741,0.8744,0.8749,
18474.9s 521 -------------------------------
18474.9s 522 --------parameter report--------
18474.9s 523 batchSize:16    accuracy:0.876%
18474.9s 524 /opt/conda/lib/python3.7/site-packages/papermill/iorw.py:50: FutureWarning: pyarrow.HadoopFileSystem is deprecated as of 2.0.0, please use pyarrow.fs.HadoopFileSystem instead.
18474.9s 525 from pyarrow import HadoopFileSystem
18478.6s 526 /opt/conda/lib/python3.7/site-packages/traitlets/traitlets.py:2567: FutureWarning: --Exporter.preprocessors=["remove_papermill_header.RemovePapermillHeader"] for containers is deprecated in traitlets 5.0. You can pass `--Exporter.preprocessors item` ... multiple times to add items to a list.
18478.6s 527 FutureWarning,
18478.6s 528 [NbConvertApp] Converting notebook __notebook__.ipynb to notebook
18478.8s 529 [NbConvertApp] Writing 44694 bytes to __notebook__.ipynb
18480.8s 530 /opt/conda/lib/python3.7/site-packages/traitlets/traitlets.py:2567: FutureWarning: --Exporter.preprocessors=["nbconvert.preprocessors.ExtractOutputPreprocessor"] for containers is deprecated in traitlets 5.0. You can pass `--Exporter.preprocessors item` ... multiple times to add items to a list.
18480.8s 531 FutureWarning,
18480.8s 532 [NbConvertApp] Converting notebook __notebook__.ipynb to html
18481.3s 533 [NbConvertApp] Writing 359729 bytes to __results__.html