12.8s 1 --------parameter report--------
12.8s 2 learning rate:0.00500
12.8s 3 epoch:100
12.8s 4 train batch size:16
12.8s 5 test batch size:16
12.8s 6 model:resnet18
12.8s 7 optimizer:SGD
12.8s 8 -------------------------------
13.2s 9 Downloading https://www.cs.toronto.edu/~kriz/cifar-10-python.tar.gz to ../data/cifar-10-python.tar.gz
19.8s 10 Extracting ../data/cifar-10-python.tar.gz to ../data
22.4s 11 Files already downloaded and verified
25.9s 12 epoch: 1 start
25.9s 13 train:
267.8s 14 (5065.959948897362, 0.46654)
267.8s 15 test:
283.0s 16 epoch: 1 accuracy 57.360%
283.0s 17 epoch: 2 start
283.0s 18 train:
517.9s 19 (3335.6048229038715, 0.62452)
517.9s 20 test:
533.0s 21 epoch: 2 accuracy 63.780%
533.0s 22 epoch: 3 start
533.0s 23 train:
767.6s 24 (2751.4073048979044, 0.69318)
767.6s 25 test:
782.7s 26 epoch: 3 accuracy 70.450%
782.7s 27 epoch: 4 start
782.7s 28 train:
1017.3s 29 (2395.9051674604416, 0.7331)
1017.3s 30 test:
1032.4s 31 epoch: 4 accuracy 72.630%
1032.4s 32 epoch: 5 start
1032.4s 33 train:
1267.5s 34 (2144.4866751283407, 0.76284)
1267.5s 35 test:
1282.6s 36 epoch: 5 accuracy 74.120%
1282.6s 37 epoch: 6 start
1282.6s 38 train:
1517.3s 39 (1939.092022433877, 0.78584)
1517.3s 40 test:
1532.6s 41 epoch: 6 accuracy 75.870%
1532.6s 42 epoch: 7 start
1532.6s 43 train:
1767.2s 44 (1766.1051141545177, 0.80356)
1767.2s 45 test:
1782.3s 46 epoch: 7 accuracy 78.790%
1782.3s 47 epoch: 8 start
1782.3s 48 train:
2016.8s 49 (1621.6176441907883, 0.8199)
2016.8s 50 test:
2032.0s 51 epoch: 8 accuracy 79.620%
2032.0s 52 epoch: 9 start
2032.0s 53 train:
2266.4s 54 (1489.9502570182085, 0.8346)
2266.4s 55 test:
2281.6s 56 epoch: 9 accuracy 79.240%
2281.6s 57 epoch: 10 start
2281.6s 58 train:
2516.1s 59 (1374.9662530496716, 0.84874)
2516.1s 60 test:
2531.2s 61 epoch: 10 accuracy 80.840%
2531.2s 62 epoch: 11 start
2531.2s 63 train:
2765.8s 64 (1270.9678610144183, 0.85946)
2765.8s 65 test:
2781.0s 66 epoch: 11 accuracy 81.690%
2781.0s 67 epoch: 12 start
2781.0s 68 train:
3015.5s 69 (1170.5584890227765, 0.871)
3015.5s 70 test:
3030.7s 71 epoch: 12 accuracy 82.150%
3030.7s 72 epoch: 13 start
3030.7s 73 train:
3265.4s 74 (1078.1330205155537, 0.88182)
3265.4s 75 test:
3280.6s 76 epoch: 13 accuracy 82.330%
3280.6s 77 epoch: 14 start
3280.6s 78 train:
3515.3s 79 (999.0232205553912, 0.88902)
3515.3s 80 test:
3530.5s 81 epoch: 14 accuracy 81.080%
3530.5s 82 epoch: 15 start
3530.5s 83 train:
3765.3s 84 (921.8407804346643, 0.89774)
3765.3s 85 test:
3780.4s 86 epoch: 15 accuracy 84.090%
3780.4s 87 epoch: 16 start
3780.4s 88 train:
4015.0s 89 (842.2759090233594, 0.90744)
4015.0s 90 test:
4030.2s 91 epoch: 16 accuracy 80.660%
4030.2s 92 epoch: 17 start
4030.2s 93 train:
4264.7s 94 (778.7676296036225, 0.91202)
4264.7s 95 test:
4279.9s 96 epoch: 17 accuracy 82.840%
4279.9s 97 epoch: 18 start
4279.9s 98 train:
4514.5s 99 (722.3092350428924, 0.91978)
4514.5s 100 test:
4529.7s 101 epoch: 18 accuracy 84.040%
4529.7s 102 epoch: 19 start
4529.7s 103 train:
4764.4s 104 (658.9710851546843, 0.92588)
4764.4s 105 test:
4779.7s 106 epoch: 19 accuracy 83.670%
4779.7s 107 epoch: 20 start
4779.7s 108 train:
5014.6s 109 (602.3504382454557, 0.93246)
5014.6s 110 test:
5029.8s 111 epoch: 20 accuracy 84.670%
5029.8s 112 epoch: 21 start
5029.8s 113 train:
5264.4s 114 (544.0610585116083, 0.94)
5264.4s 115 test:
5279.6s 116 epoch: 21 accuracy 82.440%
5279.6s 117 epoch: 22 start
5279.6s 118 train:
5514.4s 119 (501.8155115293339, 0.94426)
5514.4s 120 test:
5529.6s 121 epoch: 22 accuracy 83.910%
5529.6s 122 epoch: 23 start
5529.6s 123 train:
5764.5s 124 (472.25130840658676, 0.94756)
5764.5s 125 test:
5779.6s 126 epoch: 23 accuracy 81.150%
5779.6s 127 epoch: 24 start
5779.6s 128 train:
6014.6s 129 (418.5900554553373, 0.95282)
6014.6s 130 test:
6029.9s 131 epoch: 24 accuracy 84.220%
6029.9s 132 epoch: 25 start
6029.9s 133 train:
6265.2s 134 (389.6120299806935, 0.95616)
6265.2s 135 test:
6280.3s 136 epoch: 25 accuracy 85.030%
6280.3s 137 epoch: 26 start
6280.3s 138 train:
6515.8s 139 (349.9985659252561, 0.95974)
6515.8s 140 test:
6530.9s 141 epoch: 26 accuracy 85.200%
6530.9s 142 epoch: 27 start
6530.9s 143 train:
6765.9s 144 (332.4545315278665, 0.96176)
6765.9s 145 test:
6781.2s 146 epoch: 27 accuracy 84.450%
6781.2s 147 epoch: 28 start
6781.2s 148 train:
7016.1s 149 (299.51049438724294, 0.966)
7016.1s 150 test:
7031.3s 151 epoch: 28 accuracy 84.780%
7031.3s 152 epoch: 29 start
7031.3s 153 train:
7266.3s 154 (271.6613597572432, 0.96976)
7266.3s 155 test:
7281.5s 156 epoch: 29 accuracy 84.250%
7281.5s 157 epoch: 30 start
7281.5s 158 train:
7516.6s 159 (259.84112616335915, 0.97026)
7516.6s 160 test:
7531.7s 161 epoch: 30 accuracy 85.580%
7531.7s 162 epoch: 31 start
7531.7s 163 train:
7766.3s 164 (225.60524426093616, 0.97492)
7766.3s 165 test:
7781.4s 166 epoch: 31 accuracy 85.210%
7781.4s 167 epoch: 32 start
7781.4s 168 train:
8016.0s 169 (214.2495098148138, 0.97624)
8016.0s 170 test:
8031.2s 171 epoch: 32 accuracy 85.510%
8031.2s 172 epoch: 33 start
8031.2s 173 train:
8266.2s 174 (188.997371364454, 0.97878)
8266.2s 175 test:
8281.3s 176 epoch: 33 accuracy 85.730%
8281.3s 177 epoch: 34 start
8281.3s 178 train:
8516.2s 179 (175.41641842303216, 0.98006)
8516.2s 180 test:
8531.5s 181 epoch: 34 accuracy 86.460%
8531.5s 182 epoch: 35 start
8531.5s 183 train:
8766.2s 184 (178.76855658695604, 0.97924)
8766.2s 185 test:
8781.4s 186 epoch: 35 accuracy 86.020%
8781.4s 187 epoch: 36 start
8781.4s 188 train:
9016.4s 189 (144.25762674327962, 0.98378)
9016.4s 190 test:
9031.5s 191 epoch: 36 accuracy 84.520%
9031.5s 192 epoch: 37 start
9031.5s 193 train:
9266.9s 194 (135.42074412447073, 0.98462)
9266.9s 195 test:
9282.1s 196 epoch: 37 accuracy 85.170%
9282.1s 197 epoch: 38 start
9282.1s 198 train:
9516.8s 199 (133.12757757059808, 0.98472)
9516.8s 200 test:
9532.0s 201 epoch: 38 accuracy 86.050%
9532.0s 202 epoch: 39 start
9532.0s 203 train:
9766.5s 204 (109.58595488184892, 0.98768)
9766.5s 205 test:
9781.7s 206 epoch: 39 accuracy 86.600%
9781.7s 207 epoch: 40 start
9781.7s 208 train:
10016.5s 209 (97.4651661582684, 0.98908)
10016.5s 210 test:
10031.6s 211 epoch: 40 accuracy 86.560%
10031.6s 212 epoch: 41 start
10031.6s 213 train:
10266.3s 214 (83.19095394479746, 0.9907)
10266.3s 215 test:
10281.6s 216 epoch: 41 accuracy 86.230%
10281.6s 217 epoch: 42 start
10281.6s 218 train:
10516.2s 219 (77.17838045588724, 0.99186)
10516.2s 220 test:
10531.4s 221 epoch: 42 accuracy 86.670%
10531.4s 222 epoch: 43 start
10531.4s 223 train:
10766.0s 224 (58.4472534132351, 0.99394)
10766.0s 225 test:
10781.1s 226 epoch: 43 accuracy 86.800%
10781.1s 227 epoch: 44 start
10781.1s 228 train:
11015.8s 229 (52.86310894680764, 0.99452)
11015.8s 230 test:
11030.9s 231 epoch: 44 accuracy 86.970%
11030.9s 232 epoch: 45 start
11030.9s 233 train:
11265.5s 234 (45.611001244431236, 0.99536)
11265.5s 235 test:
11280.6s 236 epoch: 45 accuracy 86.100%
11280.6s 237 epoch: 46 start
11280.6s 238 train:
11515.2s 239 (37.85505150954987, 0.9964)
11515.2s 240 test:
11530.3s 241 epoch: 46 accuracy 87.510%
11530.3s 242 epoch: 47 start
11530.3s 243 train:
11764.9s 244 (30.442894924742177, 0.99704)
11764.9s 245 test:
11780.0s 246 epoch: 47 accuracy 87.150%
11780.0s 247 epoch: 48 start
11780.0s 248 train:
12014.5s 249 (25.03171062346881, 0.99776)
12014.5s 250 test:
12029.7s 251 epoch: 48 accuracy 87.110%
12029.7s 252 epoch: 49 start
12029.7s 253 train:
12264.4s 254 (21.67582173763458, 0.99808)
12264.4s 255 test:
12279.6s 256 epoch: 49 accuracy 87.180%
12279.6s 257 epoch: 50 start
12279.6s 258 train:
12514.5s 259 (21.914025502089657, 0.99812)
12514.5s 260 test:
12529.7s 261 epoch: 50 accuracy 86.870%
12529.7s 262 epoch: 51 start
12529.7s 263 train:
12764.6s 264 (16.731323292443903, 0.99862)
12764.6s 265 test:
12779.7s 266 epoch: 51 accuracy 87.270%
12779.7s 267 epoch: 52 start
12779.7s 268 train:
13014.5s 269 (12.704692012055943, 0.9992)
13014.5s 270 test:
13029.8s 271 epoch: 52 accuracy 87.460%
13029.8s 272 epoch: 53 start
13029.8s 273 train:
13264.8s 274 (14.510757502301658, 0.99884)
13264.8s 275 test:
13279.9s 276 epoch: 53 accuracy 87.530%
13279.9s 277 epoch: 54 start
13279.9s 278 train:
13515.0s 279 (10.373515046219154, 0.99932)
13515.0s 280 test:
13530.1s 281 epoch: 54 accuracy 87.330%
13530.1s 282 epoch: 55 start
13530.1s 283 train:
13765.0s 284 (8.835805583172942, 0.99946)
13765.0s 285 test:
13780.2s 286 epoch: 55 accuracy 87.860%
13780.2s 287 epoch: 56 start
13780.2s 288 train:
14014.8s 289 (5.976964146523635, 0.99974)
14014.8s 290 test:
14029.9s 291 epoch: 56 accuracy 87.550%
14029.9s 292 epoch: 57 start
14029.9s 293 train:
14264.5s 294 (5.170518445855691, 0.99984)
14264.5s 295 test:
14279.7s 296 epoch: 57 accuracy 88.030%
14279.7s 297 epoch: 58 start
14279.7s 298 train:
14514.3s 299 (4.1161678114679034, 0.99986)
14514.3s 300 test:
14529.4s 301 epoch: 58 accuracy 87.740%
14529.4s 302 epoch: 59 start
14529.4s 303 train:
14764.2s 304 (3.5859815069080128, 0.9999)
14764.2s 305 test:
14779.4s 306 epoch: 59 accuracy 88.020%
14779.4s 307 epoch: 60 start
14779.4s 308 train:
15014.0s 309 (2.9657282105248157, 0.99992)
15014.0s 310 test:
15029.2s 311 epoch: 60 accuracy 87.980%
15029.2s 312 epoch: 61 start
15029.2s 313 train:
15264.3s 314 (2.5328661737614766, 0.99996)
15264.3s 315 test:
15279.3s 316 epoch: 61 accuracy 87.830%
15279.3s 317 epoch: 62 start
15279.3s 318 train:
15513.4s 319 (1.8638752295479435, 0.99998)
15513.4s 320 test:
15528.5s 321 epoch: 62 accuracy 88.030%
15528.5s 322 epoch: 63 start
15528.5s 323 train:
15762.7s 324 (1.7911507535541773, 0.99998)
15762.7s 325 test:
15777.8s 326 epoch: 63 accuracy 88.030%
15777.8s 327 epoch: 64 start
15777.8s 328 train:
16011.7s 329 (1.9118052636752054, 0.99998)
16011.7s 330 test:
16026.9s 331 epoch: 64 accuracy 87.860%
16026.9s 332 epoch: 65 start
16026.9s 333 train:
16261.3s 334 (2.2987686937517537, 0.99992)
16261.3s 335 test:
16276.3s 336 epoch: 65 accuracy 88.130%
16276.3s 337 epoch: 66 start
16276.3s 338 train:
16510.2s 339 (2.2459440919980125, 0.99992)
16510.2s 340 test:
16525.3s 341 epoch: 66 accuracy 87.960%
16525.3s 342 epoch: 67 start
16525.3s 343 train:
16759.1s 344 (1.5071243503444975, 1.0)
16759.1s 345 test:
16774.1s 346 epoch: 67 accuracy 87.920%
16774.1s 347 epoch: 68 start
16774.1s 348 train:
17007.8s 349 (1.5470770093091915, 0.99996)
17007.8s 350 test:
17022.9s 351 epoch: 68 accuracy 88.120%
17022.9s 352 epoch: 69 start
17022.9s 353 train:
17256.6s 354 (1.2081657214372967, 1.0)
17256.6s 355 test:
17271.7s 356 epoch: 69 accuracy 88.090%
17271.7s 357 epoch: 70 start
17271.7s 358 train:
17506.0s 359 (1.1562887902417742, 1.0)
17506.0s 360 test:
17521.1s 361 epoch: 70 accuracy 88.330%
17521.1s 362 epoch: 71 start
17521.1s 363 train:
17754.7s 364 (1.1730572006454523, 1.0)
17754.7s 365 test:
17769.9s 366 epoch: 71 accuracy 88.120%
17769.9s 367 epoch: 72 start
17769.9s 368 train:
18003.7s 369 (1.0913276713668552, 0.99998)
18003.7s 370 test:
18018.8s 371 epoch: 72 accuracy 88.160%
18018.8s 372 epoch: 73 start
18018.8s 373 train:
18252.7s 374 (1.0202192301156572, 1.0)
18252.7s 375 test:
18267.9s 376 epoch: 73 accuracy 88.240%
18267.9s 377 epoch: 74 start
18267.9s 378 train:
18501.6s 379 (1.3655136558730305, 0.99998)
18501.6s 380 test:
18516.7s 381 epoch: 74 accuracy 88.090%
18516.7s 382 epoch: 75 start
18516.7s 383 train:
18750.5s 384 (1.4665690667726352, 0.99996)
18750.5s 385 test:
18765.6s 386 epoch: 75 accuracy 88.140%
18765.6s 387 epoch: 76 start
18765.6s 388 train:
18999.8s 389 (0.9609505960182787, 1.0)
18999.8s 390 test:
19014.9s 391 epoch: 76 accuracy 87.980%
19014.9s 392 epoch: 77 start
19014.9s 393 train:
19248.6s 394 (0.9315506516755363, 1.0)
19248.6s 395 test:
19263.7s 396 epoch: 77 accuracy 87.930%
19263.7s 397 epoch: 78 start
19263.7s 398 train:
19497.6s 399 (1.0772665479494634, 0.99998)
19497.6s 400 test:
19512.6s 401 epoch: 78 accuracy 88.070%
19512.6s 402 epoch: 79 start
19512.6s 403 train:
19746.6s 404 (0.9828947616446158, 1.0)
19746.6s 405 test:
19761.7s 406 epoch: 79 accuracy 88.140%
19761.7s 407 epoch: 80 start
19761.7s 408 train:
19995.3s 409 (1.148441618475914, 0.99996)
19995.3s 410 test:
20010.4s 411 epoch: 80 accuracy 88.100%
20010.4s 412 epoch: 81 start
20010.4s 413 train:
20244.1s 414 (1.116236961201011, 0.99998)
20244.1s 415 test:
20259.2s 416 epoch: 81 accuracy 87.970%
20259.2s 417 epoch: 82 start
20259.2s 418 train:
20493.0s 419 (0.8571771931543708, 1.0)
20493.0s 420 test:
20508.2s 421 epoch: 82 accuracy 88.150%
20508.2s 422 epoch: 83 start
20508.2s 423 train:
20742.3s 424 (0.7734285672634655, 1.0)
20742.3s 425 test:
20757.4s 426 epoch: 83 accuracy 88.080%
20757.4s 427 epoch: 84 start
20757.4s 428 train:
20991.5s 429 (1.200111365575566, 0.99998)
20991.5s 430 test:
21006.6s 431 epoch: 84 accuracy 88.300%
21006.6s 432 epoch: 85 start
21006.6s 433 train:
21240.7s 434 (0.9169314919520843, 0.99998)
21240.7s 435 test:
21255.7s 436 epoch: 85 accuracy 88.320%
21255.7s 437 epoch: 86 start
21255.7s 438 train:
21489.5s 439 (0.8622201531401572, 1.0)
21489.5s 440 test:
21504.5s 441 epoch: 86 accuracy 88.140%
21504.5s 442 epoch: 87 start
21504.5s 443 train:
21738.3s 444 (0.9303036044222495, 0.99996)
21738.3s 445 test:
21753.4s 446 epoch: 87 accuracy 87.990%
21753.4s 447 epoch: 88 start
21753.4s 448 train:
21987.1s 449 (0.9205639807971124, 0.99998)
21987.1s 450 test:
22002.2s 451 epoch: 88 accuracy 88.100%
22002.2s 452 epoch: 89 start
22002.2s 453 train:
22236.0s 454 (0.8343691515841272, 1.0)
22236.0s 455 test:
22251.1s 456 epoch: 89 accuracy 88.440%
22251.1s 457 epoch: 90 start
22251.1s 458 train:
22484.8s 459 (0.7881285154020929, 1.0)
22484.8s 460 test:
22499.9s 461 epoch: 90 accuracy 88.440%
22499.9s 462 epoch: 91 start
22499.9s 463 train:
22733.7s 464 (0.8027769734394354, 1.0)
22733.7s 465 test:
22748.9s 466 epoch: 91 accuracy 88.340%
22748.9s 467 epoch: 92 start
22748.9s 468 train:
22982.8s 469 (0.6896416493646029, 1.0)
22982.8s 470 test:
22997.9s 471 epoch: 92 accuracy 88.230%
22997.9s 472 epoch: 93 start
22997.9s 473 train:
23231.6s 474 (0.742206335877313, 0.99998)
23231.6s 475 test:
23246.6s 476 epoch: 93 accuracy 88.340%
23246.6s 477 epoch: 94 start
23246.6s 478 train:
23480.3s 479 (0.5985430663717182, 1.0)
23480.3s 480 test:
23495.5s 481 epoch: 94 accuracy 88.150%
23495.5s 482 epoch: 95 start
23495.5s 483 train:
23729.3s 484 (0.6026001892000465, 1.0)
23729.3s 485 test:
23744.4s 486 epoch: 95 accuracy 88.150%
23744.4s 487 epoch: 96 start
23744.4s 488 train:
23978.2s 489 (0.8963204285991537, 0.99998)
23978.2s 490 test:
23993.3s 491 epoch: 96 accuracy 88.150%
23993.3s 492 epoch: 97 start
23993.3s 493 train:
24227.0s 494 (0.6450058351349242, 1.0)
24227.0s 495 test:
24242.1s 496 epoch: 97 accuracy 88.210%
24242.1s 497 epoch: 98 start
24242.1s 498 train:
24475.9s 499 (0.6217306268297236, 1.0)
24475.9s 500 test:
24491.0s 501 epoch: 98 accuracy 88.260%
24491.0s 502 epoch: 99 start
24491.0s 503 train:
24724.8s 504 (0.806602099875164, 0.99998)
24724.8s 505 test:
24739.8s 506 epoch: 99 accuracy 88.220%
24739.8s 507 epoch: 100 start
24739.8s 508 train:
24973.6s 509 (0.5844237210477843, 1.0)
24973.6s 510 test:
24988.5s 511 epoch: 100 accuracy 88.340%
24988.5s 512 best accuracy: 88.440%
24988.5s 513 --------result report--------
24988.5s 514 best accuracy:88.440%
24988.5s 515 loss array:
24988.5s 516 5065.9599,3335.6048,2751.4073,2395.9052,2144.4867,1939.0920,1766.1051,1621.6176,1489.9503,1374.9663,1270.9679,1170.5585,1078.1330,999.0232,921.8408,842.2759,778.7676,722.3092,658.9711,602.3504,544.0611,501.8155,472.2513,418.5901,389.6120,349.9986,332.4545,299.5105,271.6614,259.8411,225.6052,214.2495,188.9974,175.4164,178.7686,144.2576,135.4207,133.1276,109.5860,97.4652,83.1910,77.1784,58.4473,52.8631,45.6110,37.8551,30.4429,25.0317,21.6758,21.9140,16.7313,12.7047,14.5108,10.3735,8.8358,5.9770,5.1705,4.1162,3.5860,2.9657,2.5329,1.8639,1.7912,1.9118,2.2988,2.2459,1.5071,1.5471,1.2082,1.1563,1.1731,1.0913,1.0202,1.3655,1.4666,0.9610,0.9316,1.0773,0.9829,1.1484,1.1162,0.8572,0.7734,1.2001,0.9169,0.8622,0.9303,0.9206,0.8344,0.7881,0.8028,0.6896,0.7422,0.5985,0.6026,0.8963,0.6450,0.6217,0.8066,0.5844,
24988.5s 517 train accuracy array:
24988.5s 518 0.4665,0.6245,0.6932,0.7331,0.7628,0.7858,0.8036,0.8199,0.8346,0.8487,0.8595,0.8710,0.8818,0.8890,0.8977,0.9074,0.9120,0.9198,0.9259,0.9325,0.9400,0.9443,0.9476,0.9528,0.9562,0.9597,0.9618,0.9660,0.9698,0.9703,0.9749,0.9762,0.9788,0.9801,0.9792,0.9838,0.9846,0.9847,0.9877,0.9891,0.9907,0.9919,0.9939,0.9945,0.9954,0.9964,0.9970,0.9978,0.9981,0.9981,0.9986,0.9992,0.9988,0.9993,0.9995,0.9997,0.9998,0.9999,0.9999,0.9999,1.0000,1.0000,1.0000,1.0000,0.9999,0.9999,1.0000,1.0000,1.0000,1.0000,1.0000,1.0000,1.0000,1.0000,1.0000,1.0000,1.0000,1.0000,1.0000,1.0000,1.0000,1.0000,1.0000,1.0000,1.0000,1.0000,1.0000,1.0000,1.0000,1.0000,1.0000,1.0000,1.0000,1.0000,1.0000,1.0000,1.0000,1.0000,1.0000,1.0000,
24988.5s 519 accuracy array:
24988.5s 520 0.5736,0.6378,0.7045,0.7263,0.7412,0.7587,0.7879,0.7962,0.7924,0.8084,0.8169,0.8215,0.8233,0.8108,0.8409,0.8066,0.8284,0.8404,0.8367,0.8467,0.8244,0.8391,0.8115,0.8422,0.8503,0.8520,0.8445,0.8478,0.8425,0.8558,0.8521,0.8551,0.8573,0.8646,0.8602,0.8452,0.8517,0.8605,0.8660,0.8656,0.8623,0.8667,0.8680,0.8697,0.8610,0.8751,0.8715,0.8711,0.8718,0.8687,0.8727,0.8746,0.8753,0.8733,0.8786,0.8755,0.8803,0.8774,0.8802,0.8798,0.8783,0.8803,0.8803,0.8786,0.8813,0.8796,0.8792,0.8812,0.8809,0.8833,0.8812,0.8816,0.8824,0.8809,0.8814,0.8798,0.8793,0.8807,0.8814,0.8810,0.8797,0.8815,0.8808,0.8830,0.8832,0.8814,0.8799,0.8810,0.8844,0.8844,0.8834,0.8823,0.8834,0.8815,0.8815,0.8815,0.8821,0.8826,0.8822,0.8834,
24988.5s 521 -------------------------------
24988.5s 522 --------parameter report--------
24988.5s 523 batchSize:16    accuracy:0.884%
24988.5s 524 /opt/conda/lib/python3.7/site-packages/papermill/iorw.py:50: FutureWarning: pyarrow.HadoopFileSystem is deprecated as of 2.0.0, please use pyarrow.fs.HadoopFileSystem instead.
24988.5s 525 from pyarrow import HadoopFileSystem
24992.3s 526 /opt/conda/lib/python3.7/site-packages/traitlets/traitlets.py:2567: FutureWarning: --Exporter.preprocessors=["remove_papermill_header.RemovePapermillHeader"] for containers is deprecated in traitlets 5.0. You can pass `--Exporter.preprocessors item` ... multiple times to add items to a list.
24992.3s 527 FutureWarning,
24992.3s 528 [NbConvertApp] Converting notebook __notebook__.ipynb to notebook
24992.8s 529 [NbConvertApp] Writing 44711 bytes to __notebook__.ipynb
24995.0s 530 /opt/conda/lib/python3.7/site-packages/traitlets/traitlets.py:2567: FutureWarning: --Exporter.preprocessors=["nbconvert.preprocessors.ExtractOutputPreprocessor"] for containers is deprecated in traitlets 5.0. You can pass `--Exporter.preprocessors item` ... multiple times to add items to a list.
24995.0s 531 FutureWarning,
24995.0s 532 [NbConvertApp] Converting notebook __notebook__.ipynb to html
24995.6s 533 [NbConvertApp] Writing 359711 bytes to __results__.html