12.3s 1 --------parameter report--------
12.3s 2 learning rate:0.00600
12.3s 3 epoch:100
12.3s 4 train batch size:16
12.3s 5 test batch size:16
12.3s 6 model:resnet18
12.3s 7 optimizer:SGD
12.3s 8 -------------------------------
12.6s 9 Downloading https://www.cs.toronto.edu/~kriz/cifar-10-python.tar.gz to ../data/cifar-10-python.tar.gz
16.7s 10 Extracting ../data/cifar-10-python.tar.gz to ../data
19.2s 11 Files already downloaded and verified
22.4s 12 epoch: 1 start
22.4s 13 train:
236.4s 14 (5186.761656939983, 0.43446)
236.4s 15 test:
248.3s 16 epoch: 1 accuracy 55.780%
248.3s 17 epoch: 2 start
248.3s 18 train:
456.0s 19 (3479.9408332407475, 0.60454)
456.0s 20 test:
467.7s 21 epoch: 2 accuracy 60.320%
467.7s 22 epoch: 3 start
467.7s 23 train:
675.9s 24 (2782.6342016756535, 0.68678)
675.9s 25 test:
687.6s 26 epoch: 3 accuracy 70.250%
687.6s 27 epoch: 4 start
687.6s 28 train:
895.2s 29 (2368.701938420534, 0.73574)
895.2s 30 test:
906.8s 31 epoch: 4 accuracy 74.610%
906.8s 32 epoch: 5 start
906.8s 33 train:
1114.4s 34 (2081.9485437497497, 0.76974)
1114.4s 35 test:
1126.0s 36 epoch: 5 accuracy 73.060%
1126.0s 37 epoch: 6 start
1126.0s 38 train:
1333.5s 39 (1855.076189417392, 0.7948)
1333.5s 40 test:
1345.2s 41 epoch: 6 accuracy 77.180%
1345.2s 42 epoch: 7 start
1345.2s 43 train:
1552.6s 44 (1676.9281545691192, 0.81522)
1552.6s 45 test:
1564.3s 46 epoch: 7 accuracy 79.060%
1564.3s 47 epoch: 8 start
1564.3s 48 train:
1771.9s 49 (1513.904922388494, 0.83202)
1771.9s 50 test:
1783.6s 51 epoch: 8 accuracy 79.070%
1783.6s 52 epoch: 9 start
1783.6s 53 train:
1991.3s 54 (1388.7956838337705, 0.84646)
1991.3s 55 test:
2002.9s 56 epoch: 9 accuracy 82.670%
2002.9s 57 epoch: 10 start
2002.9s 58 train:
2210.3s 59 (1253.5071456804872, 0.86226)
2210.3s 60 test:
2222.0s 61 epoch: 10 accuracy 82.890%
2222.0s 62 epoch: 11 start
2222.0s 63 train:
2429.7s 64 (1136.1645575556904, 0.87406)
2429.7s 65 test:
2441.4s 66 epoch: 11 accuracy 82.610%
2441.4s 67 epoch: 12 start
2441.4s 68 train:
2648.8s 69 (1038.1393246687949, 0.88588)
2648.8s 70 test:
2660.4s 71 epoch: 12 accuracy 82.570%
2660.4s 72 epoch: 13 start
2660.4s 73 train:
2867.8s 74 (939.301079988014, 0.8962)
2867.8s 75 test:
2879.4s 76 epoch: 13 accuracy 83.250%
2879.4s 77 epoch: 14 start
2879.4s 78 train:
3086.9s 79 (854.688861974515, 0.90484)
3086.9s 80 test:
3098.5s 81 epoch: 14 accuracy 84.580%
3098.5s 82 epoch: 15 start
3098.5s 83 train:
3306.0s 84 (771.2158753839321, 0.9129)
3306.0s 85 test:
3317.7s 86 epoch: 15 accuracy 83.010%
3317.7s 87 epoch: 16 start
3317.7s 88 train:
3525.2s 89 (684.7527538975701, 0.92358)
3525.2s 90 test:
3536.9s 91 epoch: 16 accuracy 85.140%
3536.9s 92 epoch: 17 start
3536.9s 93 train:
3744.6s 94 (612.4147930550389, 0.93208)
3744.6s 95 test:
3756.2s 96 epoch: 17 accuracy 84.890%
3756.2s 97 epoch: 18 start
3756.2s 98 train:
3964.0s 99 (554.5426454186672, 0.93876)
3964.0s 100 test:
3975.6s 101 epoch: 18 accuracy 84.410%
3975.6s 102 epoch: 19 start
3975.6s 103 train:
4183.3s 104 (481.2217823404353, 0.94652)
4183.3s 105 test:
4195.1s 106 epoch: 19 accuracy 85.040%
4195.1s 107 epoch: 20 start
4195.1s 108 train:
4402.4s 109 (436.78054728580173, 0.95202)
4402.4s 110 test:
4414.0s 111 epoch: 20 accuracy 85.670%
4414.0s 112 epoch: 21 start
4414.0s 113 train:
4621.3s 114 (380.4243017307017, 0.95806)
4621.3s 115 test:
4632.9s 116 epoch: 21 accuracy 85.270%
4632.9s 117 epoch: 22 start
4632.9s 118 train:
4840.4s 119 (362.02017366082873, 0.95972)
4840.4s 120 test:
4852.1s 121 epoch: 22 accuracy 85.300%
4852.1s 122 epoch: 23 start
4852.1s 123 train:
5060.1s 124 (297.3366862585244, 0.96658)
5060.1s 125 test:
5071.7s 126 epoch: 23 accuracy 86.800%
5071.7s 127 epoch: 24 start
5071.7s 128 train:
5279.9s 129 (270.3393621799187, 0.97002)
5279.9s 130 test:
5291.6s 131 epoch: 24 accuracy 84.860%
5291.6s 132 epoch: 25 start
5291.6s 133 train:
5499.7s 134 (257.5525147517692, 0.97148)
5499.7s 135 test:
5511.2s 136 epoch: 25 accuracy 85.650%
5511.2s 137 epoch: 26 start
5511.2s 138 train:
5718.9s 139 (213.31869359764823, 0.97634)
5718.9s 140 test:
5730.5s 141 epoch: 26 accuracy 85.520%
5730.5s 142 epoch: 27 start
5730.5s 143 train:
5937.6s 144 (190.2458554043842, 0.97866)
5937.6s 145 test:
5949.2s 146 epoch: 27 accuracy 86.430%
5949.2s 147 epoch: 28 start
5949.2s 148 train:
6156.9s 149 (176.25339657004224, 0.98054)
6156.9s 150 test:
6168.5s 151 epoch: 28 accuracy 85.830%
6168.5s 152 epoch: 29 start
6168.5s 153 train:
6375.8s 154 (153.05698613041022, 0.98298)
6375.8s 155 test:
6387.5s 156 epoch: 29 accuracy 86.720%
6387.5s 157 epoch: 30 start
6387.5s 158 train:
6594.8s 159 (138.90853369818433, 0.98572)
6594.8s 160 test:
6606.4s 161 epoch: 30 accuracy 86.380%
6606.4s 162 epoch: 31 start
6606.4s 163 train:
6814.0s 164 (117.31460630488618, 0.98738)
6814.0s 165 test:
6825.6s 166 epoch: 31 accuracy 87.300%
6825.6s 167 epoch: 32 start
6825.6s 168 train:
7033.1s 169 (109.6760178083914, 0.98876)
7033.1s 170 test:
7044.8s 171 epoch: 32 accuracy 85.630%
7044.8s 172 epoch: 33 start
7044.8s 173 train:
7252.4s 174 (93.47534228249788, 0.99002)
7252.4s 175 test:
7264.1s 176 epoch: 33 accuracy 87.020%
7264.1s 177 epoch: 34 start
7264.1s 178 train:
7472.1s 179 (100.09267663972173, 0.98886)
7472.1s 180 test:
7483.7s 181 epoch: 34 accuracy 86.250%
7483.7s 182 epoch: 35 start
7483.7s 183 train:
7692.0s 184 (84.75179863150106, 0.99042)
7692.0s 185 test:
7703.6s 186 epoch: 35 accuracy 87.520%
7703.6s 187 epoch: 36 start
7703.6s 188 train:
7911.5s 189 (70.67148944745531, 0.99292)
7911.5s 190 test:
7923.2s 191 epoch: 36 accuracy 87.490%
7923.2s 192 epoch: 37 start
7923.2s 193 train:
8131.1s 194 (74.58667042929756, 0.9916)
8131.1s 195 test:
8142.7s 196 epoch: 37 accuracy 87.390%
8142.7s 197 epoch: 38 start
8142.7s 198 train:
8350.3s 199 (73.48011711341132, 0.99198)
8350.3s 200 test:
8361.9s 201 epoch: 38 accuracy 87.160%
8361.9s 202 epoch: 39 start
8361.9s 203 train:
8569.3s 204 (64.67504406153239, 0.9931)
8569.3s 205 test:
8580.9s 206 epoch: 39 accuracy 87.710%
8580.9s 207 epoch: 40 start
8580.9s 208 train:
8788.1s 209 (56.36010202432317, 0.99386)
8788.1s 210 test:
8799.8s 211 epoch: 40 accuracy 87.950%
8799.8s 212 epoch: 41 start
8799.8s 213 train:
9007.1s 214 (61.430067164371394, 0.99332)
9007.1s 215 test:
9018.7s 216 epoch: 41 accuracy 87.980%
9018.7s 217 epoch: 42 start
9018.7s 218 train:
9226.4s 219 (59.214957797526495, 0.9933)
9226.4s 220 test:
9238.0s 221 epoch: 42 accuracy 87.010%
9238.0s 222 epoch: 43 start
9238.0s 223 train:
9445.3s 224 (48.63882352742439, 0.99472)
9445.3s 225 test:
9456.9s 226 epoch: 43 accuracy 87.530%
9456.9s 227 epoch: 44 start
9456.9s 228 train:
9664.0s 229 (61.6116828729829, 0.99398)
9664.0s 230 test:
9675.6s 231 epoch: 44 accuracy 87.660%
9675.6s 232 epoch: 45 start
9675.6s 233 train:
9882.9s 234 (36.01554574793545, 0.99668)
9882.9s 235 test:
9894.5s 236 epoch: 45 accuracy 87.770%
9894.5s 237 epoch: 46 start
9894.5s 238 train:
10101.8s 239 (24.75171519082005, 0.99754)
10101.8s 240 test:
10113.4s 241 epoch: 46 accuracy 88.060%
10113.4s 242 epoch: 47 start
10113.4s 243 train:
10321.0s 244 (20.500723661869984, 0.99806)
10321.0s 245 test:
10332.6s 246 epoch: 47 accuracy 88.120%
10332.6s 247 epoch: 48 start
10332.6s 248 train:
10540.3s 249 (22.001245336055717, 0.99778)
10540.3s 250 test:
10551.9s 251 epoch: 48 accuracy 87.530%
10551.9s 252 epoch: 49 start
10551.9s 253 train:
10759.6s 254 (14.462815743725969, 0.99884)
10759.6s 255 test:
10771.2s 256 epoch: 49 accuracy 87.650%
10771.2s 257 epoch: 50 start
10771.2s 258 train:
10978.4s 259 (16.37203911187541, 0.99836)
10978.4s 260 test:
10990.0s 261 epoch: 50 accuracy 88.100%
10990.0s 262 epoch: 51 start
10990.0s 263 train:
11197.4s 264 (12.759013723029113, 0.99902)
11197.4s 265 test:
11209.0s 266 epoch: 51 accuracy 88.250%
11209.0s 267 epoch: 52 start
11209.0s 268 train:
11416.2s 269 (7.390141311314011, 0.99938)
11416.2s 270 test:
11427.8s 271 epoch: 52 accuracy 88.340%
11427.8s 272 epoch: 53 start
11427.8s 273 train:
11634.5s 274 (5.335810685414373, 0.99968)
11634.5s 275 test:
11646.2s 276 epoch: 53 accuracy 88.360%
11646.2s 277 epoch: 54 start
11646.2s 278 train:
11852.7s 279 (5.357191932138903, 0.99972)
11852.7s 280 test:
11864.4s 281 epoch: 54 accuracy 88.900%
11864.4s 282 epoch: 55 start
11864.4s 283 train:
12070.7s 284 (3.3150956064852153, 0.9998)
12070.7s 285 test:
12082.2s 286 epoch: 55 accuracy 88.400%
12082.2s 287 epoch: 56 start
12082.2s 288 train:
12288.8s 289 (3.597986100118078, 0.99982)
12288.8s 290 test:
12300.4s 291 epoch: 56 accuracy 88.770%
12300.4s 292 epoch: 57 start
12300.4s 293 train:
12506.5s 294 (3.4227197976432535, 0.99986)
12506.5s 295 test:
12518.1s 296 epoch: 57 accuracy 88.770%
12518.1s 297 epoch: 58 start
12518.1s 298 train:
12724.3s 299 (4.105432748559394, 0.99968)
12724.3s 300 test:
12735.8s 301 epoch: 58 accuracy 88.470%
12735.8s 302 epoch: 59 start
12735.8s 303 train:
12942.4s 304 (4.06920532165185, 0.99978)
12942.4s 305 test:
12954.0s 306 epoch: 59 accuracy 88.900%
12954.0s 307 epoch: 60 start
12954.0s 308 train:
13160.3s 309 (3.0452416475068276, 0.99976)
13160.3s 310 test:
13171.9s 311 epoch: 60 accuracy 88.560%
13171.9s 312 epoch: 61 start
13171.9s 313 train:
13378.7s 314 (3.4106826787610345, 0.99976)
13378.7s 315 test:
13390.2s 316 epoch: 61 accuracy 88.510%
13390.2s 317 epoch: 62 start
13390.2s 318 train:
13596.8s 319 (1.6662607379300596, 0.99996)
13596.8s 320 test:
13608.3s 321 epoch: 62 accuracy 88.970%
13608.3s 322 epoch: 63 start
13608.3s 323 train:
13815.0s 324 (1.1354483658721222, 0.99996)
13815.0s 325 test:
13826.5s 326 epoch: 63 accuracy 88.950%
13826.5s 327 epoch: 64 start
13826.5s 328 train:
14032.9s 329 (1.0966636455165037, 0.99998)
14032.9s 330 test:
14044.5s 331 epoch: 64 accuracy 88.990%
14044.5s 332 epoch: 65 start
14044.5s 333 train:
14250.8s 334 (1.6284532643590879, 0.9999)
14250.8s 335 test:
14262.4s 336 epoch: 65 accuracy 88.470%
14262.4s 337 epoch: 66 start
14262.4s 338 train:
14468.6s 339 (1.335429712290832, 0.99996)
14468.6s 340 test:
14480.1s 341 epoch: 66 accuracy 89.100%
14480.1s 342 epoch: 67 start
14480.1s 343 train:
14686.4s 344 (1.0965945361018896, 0.99998)
14686.4s 345 test:
14698.0s 346 epoch: 67 accuracy 89.080%
14698.0s 347 epoch: 68 start
14698.0s 348 train:
14904.6s 349 (1.694452010505529, 0.99986)
14904.6s 350 test:
14916.2s 351 epoch: 68 accuracy 89.080%
14916.2s 352 epoch: 69 start
14916.2s 353 train:
15122.6s 354 (1.0849877839134052, 0.99994)
15122.6s 355 test:
15134.1s 356 epoch: 69 accuracy 88.860%
15134.1s 357 epoch: 70 start
15134.1s 358 train:
15340.7s 359 (0.8328491578457431, 0.99998)
15340.7s 360 test:
15352.3s 361 epoch: 70 accuracy 89.190%
15352.3s 362 epoch: 71 start
15352.3s 363 train:
15558.7s 364 (0.762234268368708, 1.0)
15558.7s 365 test:
15570.3s 366 epoch: 71 accuracy 89.090%
15570.3s 367 epoch: 72 start
15570.3s 368 train:
15776.5s 369 (0.5934992051221641, 1.0)
15776.5s 370 test:
15788.0s 371 epoch: 72 accuracy 89.240%
15788.0s 372 epoch: 73 start
15788.0s 373 train:
15994.5s 374 (0.5304259812424554, 1.0)
15994.5s 375 test:
16006.1s 376 epoch: 73 accuracy 89.090%
16006.1s 377 epoch: 74 start
16006.1s 378 train:
16212.5s 379 (0.5001807859683858, 1.0)
16212.5s 380 test:
16224.1s 381 epoch: 74 accuracy 89.120%
16224.1s 382 epoch: 75 start
16224.1s 383 train:
16430.5s 384 (0.5310644679606256, 1.0)
16430.5s 385 test:
16442.0s 386 epoch: 75 accuracy 89.170%
16442.0s 387 epoch: 76 start
16442.0s 388 train:
16648.4s 389 (0.6280902613784605, 0.99998)
16648.4s 390 test:
16660.0s 391 epoch: 76 accuracy 89.020%
16660.0s 392 epoch: 77 start
16660.0s 393 train:
16866.1s 394 (0.5170502326117621, 1.0)
16866.1s 395 test:
16877.7s 396 epoch: 77 accuracy 89.150%
16877.7s 397 epoch: 78 start
16877.7s 398 train:
17084.2s 399 (0.3751328099208564, 1.0)
17084.2s 400 test:
17095.7s 401 epoch: 78 accuracy 89.170%
17095.7s 402 epoch: 79 start
17095.7s 403 train:
17302.4s 404 (0.4472212405269147, 1.0)
17302.4s 405 test:
17313.9s 406 epoch: 79 accuracy 89.160%
17313.9s 407 epoch: 80 start
17313.9s 408 train:
17520.4s 409 (0.3280475306827526, 1.0)
17520.4s 410 test:
17532.0s 411 epoch: 80 accuracy 89.050%
17532.0s 412 epoch: 81 start
17532.0s 413 train:
17738.7s 414 (0.530713583942962, 0.99998)
17738.7s 415 test:
17750.3s 416 epoch: 81 accuracy 89.090%
17750.3s 417 epoch: 82 start
17750.3s 418 train:
17957.0s 419 (0.45341248774773035, 1.0)
17957.0s 420 test:
17968.5s 421 epoch: 82 accuracy 89.050%
17968.5s 422 epoch: 83 start
17968.5s 423 train:
18174.9s 424 (0.3739526328427054, 1.0)
18174.9s 425 test:
18186.5s 426 epoch: 83 accuracy 89.090%
18186.5s 427 epoch: 84 start
18186.5s 428 train:
18393.6s 429 (0.6457105447615277, 0.99996)
18393.6s 430 test:
18405.2s 431 epoch: 84 accuracy 89.060%
18405.2s 432 epoch: 85 start
18405.2s 433 train:
18613.2s 434 (0.32927347359974846, 1.0)
18613.2s 435 test:
18624.7s 436 epoch: 85 accuracy 89.060%
18624.7s 437 epoch: 86 start
18624.7s 438 train:
18832.2s 439 (1.1789706557890653, 0.99992)
18832.2s 440 test:
18843.8s 441 epoch: 86 accuracy 88.720%
18843.8s 442 epoch: 87 start
18843.8s 443 train:
19050.3s 444 (1.032798231428771, 0.99992)
19050.3s 445 test:
19061.9s 446 epoch: 87 accuracy 89.120%
19061.9s 447 epoch: 88 start
19061.9s 448 train:
19268.7s 449 (0.9319029630923694, 0.99996)
19268.7s 450 test:
19280.2s 451 epoch: 88 accuracy 89.100%
19280.2s 452 epoch: 89 start
19280.2s 453 train:
19486.6s 454 (0.4509100440468856, 1.0)
19486.6s 455 test:
19498.1s 456 epoch: 89 accuracy 89.120%
19498.1s 457 epoch: 90 start
19498.1s 458 train:
19705.2s 459 (0.3811344188902832, 1.0)
19705.2s 460 test:
19716.8s 461 epoch: 90 accuracy 89.130%
19716.8s 462 epoch: 91 start
19716.8s 463 train:
19923.3s 464 (0.4583933171887793, 0.99998)
19923.3s 465 test:
19934.8s 466 epoch: 91 accuracy 89.110%
19934.8s 467 epoch: 92 start
19934.8s 468 train:
20141.3s 469 (0.6649723933554093, 0.99998)
20141.3s 470 test:
20152.8s 471 epoch: 92 accuracy 88.930%
20152.8s 472 epoch: 93 start
20152.8s 473 train:
20359.3s 474 (0.35676878443789617, 1.0)
20359.3s 475 test:
20370.8s 476 epoch: 93 accuracy 89.090%
20370.8s 477 epoch: 94 start
20370.8s 478 train:
20577.4s 479 (0.30601164909635514, 1.0)
20577.4s 480 test:
20589.2s 481 epoch: 94 accuracy 89.100%
20589.2s 482 epoch: 95 start
20589.2s 483 train:
20795.5s 484 (0.3174392226288596, 1.0)
20795.5s 485 test:
20807.2s 486 epoch: 95 accuracy 89.210%
20807.2s 487 epoch: 96 start
20807.2s 488 train:
21014.1s 489 (0.31034063480677077, 1.0)
21014.1s 490 test:
21025.6s 491 epoch: 96 accuracy 89.290%
21025.6s 492 epoch: 97 start
21025.6s 493 train:
21232.6s 494 (0.2615482612536706, 1.0)
21232.6s 495 test:
21244.1s 496 epoch: 97 accuracy 89.480%
21244.1s 497 epoch: 98 start
21244.1s 498 train:
21451.0s 499 (0.25484141550367667, 1.0)
21451.0s 500 test:
21462.7s 501 epoch: 98 accuracy 89.130%
21462.7s 502 epoch: 99 start
21462.7s 503 train:
21669.4s 504 (0.2717912870153878, 1.0)
21669.4s 505 test:
21681.0s 506 epoch: 99 accuracy 89.320%
21681.0s 507 epoch: 100 start
21681.0s 508 train:
21887.4s 509 (0.7501478494856997, 0.99994)
21887.4s 510 test:
21898.8s 511 epoch: 100 accuracy 88.820%
21898.8s 512 best accuracy: 89.480%
21898.8s 513 --------result report--------
21898.8s 514 best accuracy:89.480%
21898.8s 515 loss array:
21898.8s 516 5186.7617,3479.9408,2782.6342,2368.7019,2081.9485,1855.0762,1676.9282,1513.9049,1388.7957,1253.5071,1136.1646,1038.1393,939.3011,854.6889,771.2159,684.7528,612.4148,554.5426,481.2218,436.7805,380.4243,362.0202,297.3367,270.3394,257.5525,213.3187,190.2459,176.2534,153.0570,138.9085,117.3146,109.6760,93.4753,100.0927,84.7518,70.6715,74.5867,73.4801,64.6750,56.3601,61.4301,59.2150,48.6388,61.6117,36.0155,24.7517,20.5007,22.0012,14.4628,16.3720,12.7590,7.3901,5.3358,5.3572,3.3151,3.5980,3.4227,4.1054,4.0692,3.0452,3.4107,1.6663,1.1354,1.0967,1.6285,1.3354,1.0966,1.6945,1.0850,0.8328,0.7622,0.5935,0.5304,0.5002,0.5311,0.6281,0.5171,0.3751,0.4472,0.3280,0.5307,0.4534,0.3740,0.6457,0.3293,1.1790,1.0328,0.9319,0.4509,0.3811,0.4584,0.6650,0.3568,0.3060,0.3174,0.3103,0.2615,0.2548,0.2718,0.7501,
21898.8s 517 train accuracy array:
21898.8s 518 0.4345,0.6045,0.6868,0.7357,0.7697,0.7948,0.8152,0.8320,0.8465,0.8623,0.8741,0.8859,0.8962,0.9048,0.9129,0.9236,0.9321,0.9388,0.9465,0.9520,0.9581,0.9597,0.9666,0.9700,0.9715,0.9763,0.9787,0.9805,0.9830,0.9857,0.9874,0.9888,0.9900,0.9889,0.9904,0.9929,0.9916,0.9920,0.9931,0.9939,0.9933,0.9933,0.9947,0.9940,0.9967,0.9975,0.9981,0.9978,0.9988,0.9984,0.9990,0.9994,0.9997,0.9997,0.9998,0.9998,0.9999,0.9997,0.9998,0.9998,0.9998,1.0000,1.0000,1.0000,0.9999,1.0000,1.0000,0.9999,0.9999,1.0000,1.0000,1.0000,1.0000,1.0000,1.0000,1.0000,1.0000,1.0000,1.0000,1.0000,1.0000,1.0000,1.0000,1.0000,1.0000,0.9999,0.9999,1.0000,1.0000,1.0000,1.0000,1.0000,1.0000,1.0000,1.0000,1.0000,1.0000,1.0000,1.0000,0.9999,
21898.8s 519 accuracy array:
21898.8s 520 0.5578,0.6032,0.7025,0.7461,0.7306,0.7718,0.7906,0.7907,0.8267,0.8289,0.8261,0.8257,0.8325,0.8458,0.8301,0.8514,0.8489,0.8441,0.8504,0.8567,0.8527,0.8530,0.8680,0.8486,0.8565,0.8552,0.8643,0.8583,0.8672,0.8638,0.8730,0.8563,0.8702,0.8625,0.8752,0.8749,0.8739,0.8716,0.8771,0.8795,0.8798,0.8701,0.8753,0.8766,0.8777,0.8806,0.8812,0.8753,0.8765,0.8810,0.8825,0.8834,0.8836,0.8890,0.8840,0.8877,0.8877,0.8847,0.8890,0.8856,0.8851,0.8897,0.8895,0.8899,0.8847,0.8910,0.8908,0.8908,0.8886,0.8919,0.8909,0.8924,0.8909,0.8912,0.8917,0.8902,0.8915,0.8917,0.8916,0.8905,0.8909,0.8905,0.8909,0.8906,0.8906,0.8872,0.8912,0.8910,0.8912,0.8913,0.8911,0.8893,0.8909,0.8910,0.8921,0.8929,0.8948,0.8913,0.8932,0.8882,
21898.8s 521 -------------------------------
21898.8s 522 --------parameter report--------
21898.8s 523 batchSize:16    accuracy:0.895%
21898.8s 524 /opt/conda/lib/python3.7/site-packages/papermill/iorw.py:50: FutureWarning: pyarrow.HadoopFileSystem is deprecated as of 2.0.0, please use pyarrow.fs.HadoopFileSystem instead.
21898.8s 525 from pyarrow import HadoopFileSystem
21902.5s 526 /opt/conda/lib/python3.7/site-packages/traitlets/traitlets.py:2567: FutureWarning: --Exporter.preprocessors=["remove_papermill_header.RemovePapermillHeader"] for containers is deprecated in traitlets 5.0. You can pass `--Exporter.preprocessors item` ... multiple times to add items to a list.
21902.5s 527 FutureWarning,
21902.5s 528 [NbConvertApp] Converting notebook __notebook__.ipynb to notebook
21902.9s 529 [NbConvertApp] Writing 44665 bytes to __notebook__.ipynb
21905.2s 530 /opt/conda/lib/python3.7/site-packages/traitlets/traitlets.py:2567: FutureWarning: --Exporter.preprocessors=["nbconvert.preprocessors.ExtractOutputPreprocessor"] for containers is deprecated in traitlets 5.0. You can pass `--Exporter.preprocessors item` ... multiple times to add items to a list.
21905.2s 531 FutureWarning,
21905.2s 532 [NbConvertApp] Converting notebook __notebook__.ipynb to html
21906.0s 533 [NbConvertApp] Writing 359700 bytes to __results__.html