13.1s 1 --------parameter report--------
13.1s 2 learning rate:0.00500
13.1s 3 epoch:100
13.1s 4 train batch size:16
13.1s 5 test batch size:16
13.1s 6 model:resnet18
13.1s 7 optimizer:SGD
13.1s 8 -------------------------------
13.1s 9 Downloading https://www.cs.toronto.edu/~kriz/cifar-10-python.tar.gz to ../data/cifar-10-python.tar.gz
15.8s 10 Extracting ../data/cifar-10-python.tar.gz to ../data
18.3s 11 Files already downloaded and verified
21.8s 12 epoch: 1 start
21.8s 13 train:
209.3s 14 (5474.931180179119, 0.44978)
209.3s 15 test:
220.1s 16 epoch: 1 accuracy 56.460%
220.1s 17 epoch: 2 start
220.1s 18 train:
401.2s 19 (3492.8268072009087, 0.60448)
401.2s 20 test:
412.1s 21 epoch: 2 accuracy 58.690%
412.1s 22 epoch: 3 start
412.1s 23 train:
593.0s 24 (2951.1287939548492, 0.66856)
593.0s 25 test:
603.9s 26 epoch: 3 accuracy 68.050%
603.9s 27 epoch: 4 start
603.9s 28 train:
785.0s 29 (2617.4298442304134, 0.70832)
785.0s 30 test:
795.9s 31 epoch: 4 accuracy 71.590%
795.9s 32 epoch: 5 start
795.9s 33 train:
976.9s 34 (2382.4093569219112, 0.73336)
976.9s 35 test:
987.7s 36 epoch: 5 accuracy 72.500%
987.7s 37 epoch: 6 start
987.7s 38 train:
1168.7s 39 (2198.462519325316, 0.75536)
1168.7s 40 test:
1179.5s 41 epoch: 6 accuracy 74.270%
1179.5s 42 epoch: 7 start
1179.5s 43 train:
1360.3s 44 (2039.680256832391, 0.77204)
1360.3s 45 test:
1371.1s 46 epoch: 7 accuracy 74.520%
1371.1s 47 epoch: 8 start
1371.1s 48 train:
1551.8s 49 (1907.5266685523093, 0.78844)
1551.8s 50 test:
1562.7s 51 epoch: 8 accuracy 77.270%
1562.7s 52 epoch: 9 start
1562.7s 53 train:
1743.8s 54 (1765.688771404326, 0.80348)
1743.8s 55 test:
1754.8s 56 epoch: 9 accuracy 76.590%
1754.8s 57 epoch: 10 start
1754.8s 58 train:
1936.1s 59 (1654.233731791377, 0.81626)
1936.1s 60 test:
1947.0s 61 epoch: 10 accuracy 78.680%
1947.0s 62 epoch: 11 start
1947.0s 63 train:
2127.7s 64 (1563.8453782554716, 0.82522)
2127.7s 65 test:
2138.5s 66 epoch: 11 accuracy 78.560%
2138.5s 67 epoch: 12 start
2138.5s 68 train:
2319.2s 69 (1466.6615811027586, 0.8376)
2319.2s 70 test:
2330.0s 71 epoch: 12 accuracy 78.050%
2330.0s 72 epoch: 13 start
2330.0s 73 train:
2510.9s 74 (1367.2212226949632, 0.84886)
2510.9s 75 test:
2521.8s 76 epoch: 13 accuracy 79.240%
2521.8s 77 epoch: 14 start
2521.8s 78 train:
2702.4s 79 (1280.2287401091307, 0.85824)
2702.4s 80 test:
2713.2s 81 epoch: 14 accuracy 79.160%
2713.2s 82 epoch: 15 start
2713.2s 83 train:
2893.9s 84 (1209.2364834286273, 0.86572)
2893.9s 85 test:
2904.8s 86 epoch: 15 accuracy 81.490%
2904.8s 87 epoch: 16 start
2904.8s 88 train:
3085.5s 89 (1118.0027833525091, 0.87754)
3085.5s 90 test:
3096.3s 91 epoch: 16 accuracy 76.720%
3096.3s 92 epoch: 17 start
3096.3s 93 train:
3277.1s 94 (1060.6775595396757, 0.88332)
3277.1s 95 test:
3287.9s 96 epoch: 17 accuracy 80.640%
3287.9s 97 epoch: 18 start
3287.9s 98 train:
3468.8s 99 (984.7473350148648, 0.88948)
3468.8s 100 test:
3479.6s 101 epoch: 18 accuracy 81.970%
3479.6s 102 epoch: 19 start
3479.6s 103 train:
3660.3s 104 (913.5670268922113, 0.8976)
3660.3s 105 test:
3671.2s 106 epoch: 19 accuracy 81.720%
3671.2s 107 epoch: 20 start
3671.2s 108 train:
3851.9s 109 (846.6307129785419, 0.90684)
3851.9s 110 test:
3862.7s 111 epoch: 20 accuracy 79.840%
3862.7s 112 epoch: 21 start
3862.7s 113 train:
4043.5s 114 (802.0548381977715, 0.91026)
4043.5s 115 test:
4054.3s 116 epoch: 21 accuracy 79.920%
4054.3s 117 epoch: 22 start
4054.3s 118 train:
4235.0s 119 (748.6952005098574, 0.91714)
4235.0s 120 test:
4245.9s 121 epoch: 22 accuracy 81.050%
4245.9s 122 epoch: 23 start
4245.9s 123 train:
4426.6s 124 (687.320855650818, 0.92286)
4426.6s 125 test:
4437.5s 126 epoch: 23 accuracy 80.960%
4437.5s 127 epoch: 24 start
4437.5s 128 train:
4618.1s 129 (632.2138578947634, 0.92942)
4618.1s 130 test:
4629.0s 131 epoch: 24 accuracy 81.970%
4629.0s 132 epoch: 25 start
4629.0s 133 train:
4809.4s 134 (584.5702224546112, 0.93648)
4809.4s 135 test:
4820.2s 136 epoch: 25 accuracy 82.330%
4820.2s 137 epoch: 26 start
4820.2s 138 train:
5000.8s 139 (548.8978374472354, 0.93956)
5000.8s 140 test:
5011.6s 141 epoch: 26 accuracy 81.020%
5011.6s 142 epoch: 27 start
5011.6s 143 train:
5192.1s 144 (502.45511819119565, 0.94232)
5192.1s 145 test:
5202.9s 146 epoch: 27 accuracy 81.460%
5202.9s 147 epoch: 28 start
5202.9s 148 train:
5383.5s 149 (440.8122608558624, 0.95028)
5383.5s 150 test:
5394.3s 151 epoch: 28 accuracy 82.160%
5394.3s 152 epoch: 29 start
5394.3s 153 train:
5574.9s 154 (402.919013948529, 0.95536)
5574.9s 155 test:
5585.7s 156 epoch: 29 accuracy 82.250%
5585.7s 157 epoch: 30 start
5585.7s 158 train:
5766.8s 159 (374.40085147705395, 0.95838)
5766.8s 160 test:
5777.6s 161 epoch: 30 accuracy 81.730%
5777.6s 162 epoch: 31 start
5777.6s 163 train:
5958.5s 164 (339.93120141659165, 0.96166)
5958.5s 165 test:
5969.4s 166 epoch: 31 accuracy 83.220%
5969.4s 167 epoch: 32 start
5969.4s 168 train:
6150.0s 169 (308.8348662945209, 0.96632)
6150.0s 170 test:
6160.9s 171 epoch: 32 accuracy 83.260%
6160.9s 172 epoch: 33 start
6160.9s 173 train:
6341.5s 174 (283.033372113714, 0.96892)
6341.5s 175 test:
6352.3s 176 epoch: 33 accuracy 83.410%
6352.3s 177 epoch: 34 start
6352.3s 178 train:
6532.6s 179 (250.4841037169972, 0.97238)
6532.6s 180 test:
6543.4s 181 epoch: 34 accuracy 83.580%
6543.4s 182 epoch: 35 start
6543.4s 183 train:
6723.9s 184 (215.30461201322032, 0.97666)
6723.9s 185 test:
6734.7s 186 epoch: 35 accuracy 83.280%
6734.7s 187 epoch: 36 start
6734.7s 188 train:
6915.4s 189 (188.69197836825333, 0.97926)
6915.4s 190 test:
6926.3s 191 epoch: 36 accuracy 83.380%
6926.3s 192 epoch: 37 start
6926.3s 193 train:
7106.9s 194 (167.09389027094585, 0.98264)
7106.9s 195 test:
7117.7s 196 epoch: 37 accuracy 83.550%
7117.7s 197 epoch: 38 start
7117.7s 198 train:
7298.4s 199 (150.51071989334014, 0.98436)
7298.4s 200 test:
7309.4s 201 epoch: 38 accuracy 83.010%
7309.4s 202 epoch: 39 start
7309.4s 203 train:
7490.2s 204 (140.98661438119598, 0.98512)
7490.2s 205 test:
7501.0s 206 epoch: 39 accuracy 84.530%
7501.0s 207 epoch: 40 start
7501.0s 208 train:
7681.6s 209 (123.24185072202818, 0.98764)
7681.6s 210 test:
7692.4s 211 epoch: 40 accuracy 81.060%
7692.4s 212 epoch: 41 start
7692.4s 213 train:
7872.8s 214 (105.18519797601766, 0.99018)
7872.8s 215 test:
7883.7s 216 epoch: 41 accuracy 83.990%
7883.7s 217 epoch: 42 start
7883.7s 218 train:
8064.1s 219 (91.77286457071023, 0.99132)
8064.1s 220 test:
8075.0s 221 epoch: 42 accuracy 84.120%
8075.0s 222 epoch: 43 start
8075.0s 223 train:
8255.5s 224 (77.85011248194314, 0.99272)
8255.5s 225 test:
8266.3s 226 epoch: 43 accuracy 84.500%
8266.3s 227 epoch: 44 start
8266.3s 228 train:
8446.9s 229 (64.18666596616094, 0.99464)
8446.9s 230 test:
8457.7s 231 epoch: 44 accuracy 84.720%
8457.7s 232 epoch: 45 start
8457.7s 233 train:
8638.3s 234 (66.0768828573564, 0.99426)
8638.3s 235 test:
8649.0s 236 epoch: 45 accuracy 84.460%
8649.0s 237 epoch: 46 start
8649.0s 238 train:
8829.8s 239 (54.4651282509476, 0.99578)
8829.8s 240 test:
8840.6s 241 epoch: 46 accuracy 84.310%
8840.6s 242 epoch: 47 start
8840.6s 243 train:
9021.1s 244 (46.55890686894418, 0.99662)
9021.1s 245 test:
9031.8s 246 epoch: 47 accuracy 84.950%
9031.8s 247 epoch: 48 start
9031.8s 248 train:
9212.6s 249 (46.01177015791109, 0.99656)
9212.6s 250 test:
9223.4s 251 epoch: 48 accuracy 84.880%
9223.4s 252 epoch: 49 start
9223.4s 253 train:
9404.1s 254 (40.00719426051364, 0.99728)
9404.1s 255 test:
9414.9s 256 epoch: 49 accuracy 84.590%
9414.9s 257 epoch: 50 start
9414.9s 258 train:
9595.6s 259 (34.399431535524855, 0.99786)
9595.6s 260 test:
9606.4s 261 epoch: 50 accuracy 85.130%
9606.4s 262 epoch: 51 start
9606.4s 263 train:
9787.1s 264 (31.63477348987817, 0.99802)
9787.1s 265 test:
9797.9s 266 epoch: 51 accuracy 84.940%
9797.9s 267 epoch: 52 start
9797.9s 268 train:
9978.5s 269 (28.504019628233436, 0.9983)
9978.5s 270 test:
9989.4s 271 epoch: 52 accuracy 85.140%
9989.4s 272 epoch: 53 start
9989.4s 273 train:
10169.9s 274 (24.884723105813464, 0.99886)
10169.9s 275 test:
10181.0s 276 epoch: 53 accuracy 85.490%
10181.0s 277 epoch: 54 start
10181.0s 278 train:
10361.7s 279 (23.086763621606224, 0.99864)
10361.7s 280 test:
10372.5s 281 epoch: 54 accuracy 85.030%
10372.5s 282 epoch: 55 start
10372.5s 283 train:
10553.2s 284 (20.452207063799506, 0.9989)
10553.2s 285 test:
10564.1s 286 epoch: 55 accuracy 85.260%
10564.1s 287 epoch: 56 start
10564.1s 288 train:
10745.3s 289 (23.047736732254634, 0.99864)
10745.3s 290 test:
10756.1s 291 epoch: 56 accuracy 85.280%
10756.1s 292 epoch: 57 start
10756.1s 293 train:
10937.3s 294 (17.750173974181962, 0.99932)
10937.3s 295 test:
10948.1s 296 epoch: 57 accuracy 85.350%
10948.1s 297 epoch: 58 start
10948.1s 298 train:
11129.1s 299 (17.40752130104056, 0.9992)
11129.1s 300 test:
11140.0s 301 epoch: 58 accuracy 85.430%
11140.0s 302 epoch: 59 start
11140.0s 303 train:
11321.1s 304 (17.61607911687679, 0.99902)
11321.1s 305 test:
11331.9s 306 epoch: 59 accuracy 85.260%
11331.9s 307 epoch: 60 start
11331.9s 308 train:
11512.9s 309 (15.267786969732697, 0.9994)
11512.9s 310 test:
11523.7s 311 epoch: 60 accuracy 85.610%
11523.7s 312 epoch: 61 start
11523.7s 313 train:
11704.6s 314 (12.787255288194501, 0.99968)
11704.6s 315 test:
11715.3s 316 epoch: 61 accuracy 85.770%
11715.3s 317 epoch: 62 start
11715.3s 318 train:
11896.3s 319 (11.77013096994051, 0.99952)
11896.3s 320 test:
11907.1s 321 epoch: 62 accuracy 85.470%
11907.1s 322 epoch: 63 start
11907.1s 323 train:
12087.8s 324 (12.590427122320762, 0.99944)
12087.8s 325 test:
12098.6s 326 epoch: 63 accuracy 85.280%
12098.6s 327 epoch: 64 start
12098.6s 328 train:
12279.1s 329 (12.575854774113395, 0.9995)
12279.1s 330 test:
12289.8s 331 epoch: 64 accuracy 85.200%
12289.8s 332 epoch: 65 start
12289.8s 333 train:
12470.3s 334 (11.381877524383526, 0.9996)
12470.3s 335 test:
12481.1s 336 epoch: 65 accuracy 85.860%
12481.1s 337 epoch: 66 start
12481.1s 338 train:
12661.6s 339 (8.710365761317007, 0.99986)
12661.6s 340 test:
12672.6s 341 epoch: 66 accuracy 85.400%
12672.6s 342 epoch: 67 start
12672.6s 343 train:
12853.2s 344 (9.131730838426847, 0.99978)
12853.2s 345 test:
12864.0s 346 epoch: 67 accuracy 85.590%
12864.0s 347 epoch: 68 start
12864.0s 348 train:
13044.4s 349 (7.3609626427596595, 0.9999)
13044.4s 350 test:
13055.2s 351 epoch: 68 accuracy 85.730%
13055.2s 352 epoch: 69 start
13055.2s 353 train:
13235.7s 354 (7.079157419919284, 0.99992)
13235.7s 355 test:
13246.5s 356 epoch: 69 accuracy 85.590%
13246.5s 357 epoch: 70 start
13246.5s 358 train:
13427.0s 359 (8.416408920817048, 0.99984)
13427.0s 360 test:
13437.8s 361 epoch: 70 accuracy 85.710%
13437.8s 362 epoch: 71 start
13437.8s 363 train:
13618.4s 364 (7.983319491262591, 0.9998)
13618.4s 365 test:
13629.2s 366 epoch: 71 accuracy 85.880%
13629.2s 367 epoch: 72 start
13629.2s 368 train:
13809.8s 369 (8.321839895004814, 0.99978)
13809.8s 370 test:
13820.7s 371 epoch: 72 accuracy 85.590%
13820.7s 372 epoch: 73 start
13820.7s 373 train:
14001.3s 374 (7.437312036608546, 0.99978)
14001.3s 375 test:
14012.2s 376 epoch: 73 accuracy 85.480%
14012.2s 377 epoch: 74 start
14012.2s 378 train:
14192.7s 379 (7.861996255078793, 0.99978)
14192.7s 380 test:
14203.6s 381 epoch: 74 accuracy 85.210%
14203.6s 382 epoch: 75 start
14203.6s 383 train:
14384.0s 384 (6.344485390850423, 0.99986)
14384.0s 385 test:
14394.9s 386 epoch: 75 accuracy 85.470%
14394.9s 387 epoch: 76 start
14394.9s 388 train:
14575.4s 389 (6.044825458886407, 0.99992)
14575.4s 390 test:
14586.1s 391 epoch: 76 accuracy 85.640%
14586.1s 392 epoch: 77 start
14586.1s 393 train:
14766.8s 394 (5.961219549721136, 0.9999)
14766.8s 395 test:
14777.6s 396 epoch: 77 accuracy 85.510%
14777.6s 397 epoch: 78 start
14777.6s 398 train:
14958.1s 399 (6.65767532819882, 0.9998)
14958.1s 400 test:
14968.9s 401 epoch: 78 accuracy 85.540%
14968.9s 402 epoch: 79 start
14968.9s 403 train:
15149.8s 404 (5.839796277992036, 0.99988)
15149.8s 405 test:
15160.6s 406 epoch: 79 accuracy 85.840%
15160.6s 407 epoch: 80 start
15160.6s 408 train:
15341.5s 409 (5.888598915026705, 0.99986)
15341.5s 410 test:
15352.4s 411 epoch: 80 accuracy 85.770%
15352.4s 412 epoch: 81 start
15352.4s 413 train:
15532.8s 414 (5.139761976714908, 0.99994)
15532.8s 415 test:
15543.7s 416 epoch: 81 accuracy 85.810%
15543.7s 417 epoch: 82 start
15543.7s 418 train:
15724.2s 419 (5.573555937439778, 0.9999)
15724.2s 420 test:
15735.0s 421 epoch: 82 accuracy 85.660%
15735.0s 422 epoch: 83 start
15735.0s 423 train:
15915.7s 424 (6.622506757168594, 0.9998)
15915.7s 425 test:
15926.4s 426 epoch: 83 accuracy 85.640%
15926.4s 427 epoch: 84 start
15926.4s 428 train:
16107.0s 429 (5.644658475353594, 0.99988)
16107.0s 430 test:
16117.8s 431 epoch: 84 accuracy 85.650%
16117.8s 432 epoch: 85 start
16117.8s 433 train:
16298.4s 434 (5.7984541324756265, 0.99986)
16298.4s 435 test:
16309.2s 436 epoch: 85 accuracy 85.650%
16309.2s 437 epoch: 86 start
16309.2s 438 train:
16489.7s 439 (5.703870064794046, 0.9998)
16489.7s 440 test:
16500.5s 441 epoch: 86 accuracy 85.540%
16500.5s 442 epoch: 87 start
16500.5s 443 train:
16681.2s 444 (5.625139140573083, 0.99988)
16681.2s 445 test:
16692.0s 446 epoch: 87 accuracy 85.630%
16692.0s 447 epoch: 88 start
16692.0s 448 train:
16872.6s 449 (5.032672856091267, 0.99992)
16872.6s 450 test:
16883.5s 451 epoch: 88 accuracy 85.780%
16883.5s 452 epoch: 89 start
16883.5s 453 train:
17064.1s 454 (5.4652464678347314, 0.99984)
17064.1s 455 test:
17075.0s 456 epoch: 89 accuracy 85.460%
17075.0s 457 epoch: 90 start
17075.0s 458 train:
17255.8s 459 (5.361347948839466, 0.9998)
17255.8s 460 test:
17266.6s 461 epoch: 90 accuracy 85.660%
17266.6s 462 epoch: 91 start
17266.6s 463 train:
17447.2s 464 (5.027933162988575, 0.99992)
17447.2s 465 test:
17458.0s 466 epoch: 91 accuracy 85.680%
17458.0s 467 epoch: 92 start
17458.0s 468 train:
17638.8s 469 (4.3330548086923955, 1.0)
17638.8s 470 test:
17649.6s 471 epoch: 92 accuracy 85.640%
17649.6s 472 epoch: 93 start
17649.6s 473 train:
17830.4s 474 (4.2881112657464655, 0.99992)
17830.4s 475 test:
17841.1s 476 epoch: 93 accuracy 85.670%
17841.1s 477 epoch: 94 start
17841.1s 478 train:
18021.9s 479 (4.452329310975529, 0.99992)
18021.9s 480 test:
18032.6s 481 epoch: 94 accuracy 85.590%
18032.6s 482 epoch: 95 start
18032.6s 483 train:
18213.5s 484 (5.22211435391273, 0.99984)
18213.5s 485 test:
18224.2s 486 epoch: 95 accuracy 85.730%
18224.2s 487 epoch: 96 start
18224.2s 488 train:
18405.1s 489 (4.760261408676797, 0.99986)
18405.1s 490 test:
18416.0s 491 epoch: 96 accuracy 85.770%
18416.0s 492 epoch: 97 start
18416.0s 493 train:
18597.1s 494 (3.497600637508185, 1.0)
18597.1s 495 test:
18608.0s 496 epoch: 97 accuracy 85.730%
18608.0s 497 epoch: 98 start
18608.0s 498 train:
18789.3s 499 (3.92427358517034, 0.99992)
18789.3s 500 test:
18800.1s 501 epoch: 98 accuracy 85.860%
18800.1s 502 epoch: 99 start
18800.1s 503 train:
18981.3s 504 (3.3527532939069715, 0.99998)
18981.3s 505 test:
18992.0s 506 epoch: 99 accuracy 85.470%
18992.0s 507 epoch: 100 start
18992.0s 508 train:
19172.8s 509 (3.1034365549712675, 0.99996)
19172.8s 510 test:
19183.6s 511 epoch: 100 accuracy 85.790%
19183.6s 512 best accuracy: 85.880%
19183.6s 513 --------result report--------
19183.6s 514 best accuracy:85.880%
19183.6s 515 loss array:
19183.6s 516 5474.9312,3492.8268,2951.1288,2617.4298,2382.4094,2198.4625,2039.6803,1907.5267,1765.6888,1654.2337,1563.8454,1466.6616,1367.2212,1280.2287,1209.2365,1118.0028,1060.6776,984.7473,913.5670,846.6307,802.0548,748.6952,687.3209,632.2139,584.5702,548.8978,502.4551,440.8123,402.9190,374.4009,339.9312,308.8349,283.0334,250.4841,215.3046,188.6920,167.0939,150.5107,140.9866,123.2419,105.1852,91.7729,77.8501,64.1867,66.0769,54.4651,46.5589,46.0118,40.0072,34.3994,31.6348,28.5040,24.8847,23.0868,20.4522,23.0477,17.7502,17.4075,17.6161,15.2678,12.7873,11.7701,12.5904,12.5759,11.3819,8.7104,9.1317,7.3610,7.0792,8.4164,7.9833,8.3218,7.4373,7.8620,6.3445,6.0448,5.9612,6.6577,5.8398,5.8886,5.1398,5.5736,6.6225,5.6447,5.7985,5.7039,5.6251,5.0327,5.4652,5.3613,5.0279,4.3331,4.2881,4.4523,5.2221,4.7603,3.4976,3.9243,3.3528,3.1034,
19183.6s 517 train accuracy array:
19183.6s 518 0.4498,0.6045,0.6686,0.7083,0.7334,0.7554,0.7720,0.7884,0.8035,0.8163,0.8252,0.8376,0.8489,0.8582,0.8657,0.8775,0.8833,0.8895,0.8976,0.9068,0.9103,0.9171,0.9229,0.9294,0.9365,0.9396,0.9423,0.9503,0.9554,0.9584,0.9617,0.9663,0.9689,0.9724,0.9767,0.9793,0.9826,0.9844,0.9851,0.9876,0.9902,0.9913,0.9927,0.9946,0.9943,0.9958,0.9966,0.9966,0.9973,0.9979,0.9980,0.9983,0.9989,0.9986,0.9989,0.9986,0.9993,0.9992,0.9990,0.9994,0.9997,0.9995,0.9994,0.9995,0.9996,0.9999,0.9998,0.9999,0.9999,0.9998,0.9998,0.9998,0.9998,0.9998,0.9999,0.9999,0.9999,0.9998,0.9999,0.9999,0.9999,0.9999,0.9998,0.9999,0.9999,0.9998,0.9999,0.9999,0.9998,0.9998,0.9999,1.0000,0.9999,0.9999,0.9998,0.9999,1.0000,0.9999,1.0000,1.0000,
19183.6s 519 accuracy array:
19183.6s 520 0.5646,0.5869,0.6805,0.7159,0.7250,0.7427,0.7452,0.7727,0.7659,0.7868,0.7856,0.7805,0.7924,0.7916,0.8149,0.7672,0.8064,0.8197,0.8172,0.7984,0.7992,0.8105,0.8096,0.8197,0.8233,0.8102,0.8146,0.8216,0.8225,0.8173,0.8322,0.8326,0.8341,0.8358,0.8328,0.8338,0.8355,0.8301,0.8453,0.8106,0.8399,0.8412,0.8450,0.8472,0.8446,0.8431,0.8495,0.8488,0.8459,0.8513,0.8494,0.8514,0.8549,0.8503,0.8526,0.8528,0.8535,0.8543,0.8526,0.8561,0.8577,0.8547,0.8528,0.8520,0.8586,0.8540,0.8559,0.8573,0.8559,0.8571,0.8588,0.8559,0.8548,0.8521,0.8547,0.8564,0.8551,0.8554,0.8584,0.8577,0.8581,0.8566,0.8564,0.8565,0.8565,0.8554,0.8563,0.8578,0.8546,0.8566,0.8568,0.8564,0.8567,0.8559,0.8573,0.8577,0.8573,0.8586,0.8547,0.8579,
19183.6s 521 -------------------------------
19183.6s 522 --------parameter report--------
19183.6s 523 learning rate:0.00500
19183.6s 524 epoch:100
19183.6s 525 train batch size:32
19183.6s 526 test batch size:32
19183.6s 527 model:resnet18
19183.6s 528 optimizer:SGD
19183.6s 529 -------------------------------
19183.9s 530 Files already downloaded and verified
19184.8s 531 Files already downloaded and verified
19185.4s 532 epoch: 1 start
19185.4s 533 train:
19348.3s 534 (2994.4824365377426, 0.42902)
19348.3s 535 test:
19358.5s 536 epoch: 1 accuracy 40.380%
19358.5s 537 epoch: 2 start
19358.5s 538 train:
19520.5s 539 (1850.4657481908798, 0.57606)
19520.5s 540 test:
19530.7s 541 epoch: 2 accuracy 49.220%
19530.7s 542 epoch: 3 start
19530.7s 543 train:
19692.7s 544 (1605.1552411913872, 0.63824)
19692.7s 545 test:
19702.9s 546 epoch: 3 accuracy 61.780%
19702.9s 547 epoch: 4 start
19702.9s 548 train:
19864.8s 549 (1431.5620867311954, 0.67884)
19864.8s 550 test:
19875.1s 551 epoch: 4 accuracy 63.640%
19875.1s 552 epoch: 5 start
19875.1s 553 train:
20037.2s 554 (1309.3837608993053, 0.705)
20037.2s 555 test:
20047.4s 556 epoch: 5 accuracy 61.290%
20047.4s 557 epoch: 6 start
20047.4s 558 train:
20209.4s 559 (1209.708718419075, 0.72914)
20209.4s 560 test:
20219.6s 561 epoch: 6 accuracy 61.030%
20219.6s 562 epoch: 7 start
20219.6s 563 train:
20381.5s 564 (1138.3027434498072, 0.74572)
20381.5s 565 test:
20391.8s 566 epoch: 7 accuracy 70.020%
20391.8s 567 epoch: 8 start
20391.8s 568 train:
20554.3s 569 (1070.8657997250557, 0.76164)
20554.3s 570 test:
20564.5s 571 epoch: 8 accuracy 71.790%
20564.5s 572 epoch: 9 start
20564.5s 573 train:
20727.3s 574 (1006.6557374894619, 0.77526)
20727.3s 575 test:
20737.6s 576 epoch: 9 accuracy 75.210%
20737.6s 577 epoch: 10 start
20737.6s 578 train:
20900.5s 579 (957.4269245862961, 0.78762)
20900.5s 580 test:
20910.8s 581 epoch: 10 accuracy 74.040%
20910.8s 582 epoch: 11 start
20910.8s 583 train:
21073.7s 584 (902.4717278182507, 0.79796)
21073.7s 585 test:
21083.9s 586 epoch: 11 accuracy 74.200%
21083.9s 587 epoch: 12 start
21083.9s 588 train:
21246.8s 589 (849.0531069338322, 0.81108)
21246.8s 590 test:
21257.0s 591 epoch: 12 accuracy 74.270%
21257.0s 592 epoch: 13 start
21257.0s 593 train:
21419.9s 594 (804.0502883419394, 0.82172)
21419.9s 595 test:
21430.2s 596 epoch: 13 accuracy 71.310%
21430.2s 597 epoch: 14 start
21430.2s 598 train:
21593.2s 599 (764.5984531119466, 0.83088)
21593.2s 600 test:
21603.5s 601 epoch: 14 accuracy 77.260%
21603.5s 602 epoch: 15 start
21603.5s 603 train:
21766.3s 604 (723.1836822107434, 0.8397)
21766.3s 605 test:
21776.6s 606 epoch: 15 accuracy 76.820%
21776.6s 607 epoch: 16 start
21776.6s 608 train:
21939.5s 609 (683.5643339976668, 0.84732)
21939.5s 610 test:
21950.0s 611 epoch: 16 accuracy 77.880%
21950.0s 612 epoch: 17 start
21950.0s 613 train:
22112.9s 614 (648.1016050837934, 0.85698)
22112.9s 615 test:
22123.1s 616 epoch: 17 accuracy 78.230%
22123.1s 617 epoch: 18 start
22123.1s 618 train:
22286.0s 619 (611.8835502937436, 0.86432)
22286.0s 620 test:
22296.2s 621 epoch: 18 accuracy 71.600%
22296.2s 622 epoch: 19 start
22296.2s 623 train:
22459.4s 624 (586.8798275962472, 0.86838)
22459.4s 625 test:
22469.7s 626 epoch: 19 accuracy 72.920%
22469.7s 627 epoch: 20 start
22469.7s 628 train:
22632.7s 629 (548.3989322632551, 0.87906)
22632.7s 630 test:
22642.9s 631 epoch: 20 accuracy 77.570%
22642.9s 632 epoch: 21 start
22642.9s 633 train:
22806.1s 634 (515.9423438087106, 0.88512)
22806.1s 635 test:
22816.3s 636 epoch: 21 accuracy 75.180%
22816.3s 637 epoch: 22 start
22816.3s 638 train:
22979.3s 639 (478.7309660948813, 0.8952)
22979.3s 640 test:
22989.7s 641 epoch: 22 accuracy 79.720%
22989.7s 642 epoch: 23 start
22989.7s 643 train:
23152.6s 644 (446.93989139795303, 0.90036)
23152.6s 645 test:
23162.9s 646 epoch: 23 accuracy 78.930%
23162.9s 647 epoch: 24 start
23162.9s 648 train:
23325.9s 649 (429.5342329479754, 0.90346)
23325.9s 650 test:
23336.1s 651 epoch: 24 accuracy 76.630%
23336.1s 652 epoch: 25 start
23336.1s 653 train:
23499.2s 654 (396.37331183068454, 0.91184)
23499.2s 655 test:
23509.4s 656 epoch: 25 accuracy 80.540%
23509.4s 657 epoch: 26 start
23509.4s 658 train:
23672.5s 659 (365.6706138905138, 0.91798)
23672.5s 660 test:
23682.8s 661 epoch: 26 accuracy 79.900%
23682.8s 662 epoch: 27 start
23682.8s 663 train:
23845.8s 664 (334.62585037201643, 0.9255)
23845.8s 665 test:
23856.0s 666 epoch: 27 accuracy 78.980%
23856.0s 667 epoch: 28 start
23856.0s 668 train:
24018.8s 669 (309.3892273735255, 0.93168)
24018.8s 670 test:
24029.0s 671 epoch: 28 accuracy 78.900%
24029.0s 672 epoch: 29 start
24029.0s 673 train:
24191.8s 674 (284.91526782885194, 0.9377)
24191.8s 675 test:
24202.1s 676 epoch: 29 accuracy 78.960%
24202.1s 677 epoch: 30 start
24202.1s 678 train:
24364.9s 679 (262.70955334976315, 0.94196)
24364.9s 680 test:
24375.1s 681 epoch: 30 accuracy 75.470%
24375.1s 682 epoch: 31 start
24375.1s 683 train:
24538.0s 684 (237.5468649668619, 0.94662)
24538.0s 685 test:
24548.2s 686 epoch: 31 accuracy 79.430%
24548.2s 687 epoch: 32 start
24548.2s 688 train:
24711.2s 689 (215.52628462389112, 0.95302)
24711.2s 690 test:
24721.5s 691 epoch: 32 accuracy 81.890%
24721.5s 692 epoch: 33 start
24721.5s 693 train:
24884.3s 694 (193.0141025474295, 0.95908)
24884.3s 695 test:
24894.4s 696 epoch: 33 accuracy 81.670%
24894.4s 697 epoch: 34 start
24894.4s 698 train:
25057.2s 699 (168.49066603090614, 0.96446)
25057.2s 700 test:
25067.4s 701 epoch: 34 accuracy 82.250%
25067.4s 702 epoch: 35 start
25067.4s 703 train:
25230.1s 704 (161.66820403840393, 0.96596)
25230.1s 705 test:
25240.4s 706 epoch: 35 accuracy 81.710%
25240.4s 707 epoch: 36 start
25240.4s 708 train:
25403.2s 709 (142.75339622236788, 0.97072)
25403.2s 710 test:
25413.4s 711 epoch: 36 accuracy 81.640%
25413.4s 712 epoch: 37 start
25413.4s 713 train:
25576.3s 714 (124.8490270844195, 0.97522)
25576.3s 715 test:
25586.5s 716 epoch: 37 accuracy 81.710%
25586.5s 717 epoch: 38 start
25586.5s 718 train:
25749.4s 719 (113.55727260466665, 0.97838)
25749.4s 720 test:
25759.5s 721 epoch: 38 accuracy 82.290%
25759.5s 722 epoch: 39 start
25759.5s 723 train:
25922.2s 724 (103.79276672750711, 0.98068)
25922.2s 725 test:
25932.4s 726 epoch: 39 accuracy 82.570%
25932.4s 727 epoch: 40 start
25932.4s 728 train:
26095.2s 729 (91.75096285622567, 0.98302)
26095.2s 730 test:
26105.5s 731 epoch: 40 accuracy 79.370%
26105.5s 732 epoch: 41 start
26105.5s 733 train:
26268.2s 734 (83.6057111278642, 0.98474)
26268.2s 735 test:
26278.4s 736 epoch: 41 accuracy 83.130%
26278.4s 737 epoch: 42 start
26278.4s 738 train:
26441.1s 739 (75.90788174862973, 0.98674)
26441.1s 740 test:
26451.4s 741 epoch: 42 accuracy 76.370%
26451.4s 742 epoch: 43 start
26451.4s 743 train:
26614.0s 744 (64.86408742005005, 0.98934)
26614.0s 745 test:
26624.3s 746 epoch: 43 accuracy 82.920%
26624.3s 747 epoch: 44 start
26624.3s 748 train:
26787.1s 749 (57.523586464929394, 0.99086)
26787.1s 750 test:
26797.3s 751 epoch: 44 accuracy 83.030%
26797.3s 752 epoch: 45 start
26797.3s 753 train:
26960.2s 754 (51.069098056759685, 0.99264)
26960.2s 755 test:
26970.4s 756 epoch: 45 accuracy 83.250%
26970.4s 757 epoch: 46 start
26970.4s 758 train:
27133.4s 759 (45.709898611181416, 0.99366)
27133.4s 760 test:
27143.7s 761 epoch: 46 accuracy 83.130%
27143.7s 762 epoch: 47 start
27143.7s 763 train:
27306.6s 764 (43.06823864148464, 0.99442)
27306.6s 765 test:
27316.8s 766 epoch: 47 accuracy 83.150%
27316.8s 767 epoch: 48 start
27316.8s 768 train:
27479.7s 769 (39.79883831762709, 0.99478)
27479.7s 770 test:
27489.9s 771 epoch: 48 accuracy 83.310%
27489.9s 772 epoch: 49 start
27489.9s 773 train:
27652.6s 774 (34.76084180478938, 0.99602)
27652.6s 775 test:
27662.9s 776 epoch: 49 accuracy 82.680%
27662.9s 777 epoch: 50 start
27662.9s 778 train:
27825.7s 779 (29.753977292217314, 0.99732)
27825.7s 780 test:
27835.9s 781 epoch: 50 accuracy 82.340%
27835.9s 782 epoch: 51 start
27835.9s 783 train:
27998.6s 784 (28.26200340304058, 0.99694)
27998.6s 785 test:
28008.8s 786 epoch: 51 accuracy 83.470%
28008.8s 787 epoch: 52 start
28008.8s 788 train:
28171.6s 789 (28.911498202825896, 0.99718)
28171.6s 790 test:
28181.8s 791 epoch: 52 accuracy 83.670%
28181.8s 792 epoch: 53 start
28181.8s 793 train:
28344.6s 794 (21.82998624088941, 0.99842)
28344.6s 795 test:
28354.8s 796 epoch: 53 accuracy 83.460%
28354.8s 797 epoch: 54 start
28354.8s 798 train:
28517.5s 799 (22.066506084112916, 0.99824)
28517.5s 800 test:
28527.7s 801 epoch: 54 accuracy 83.280%
28527.7s 802 epoch: 55 start
28527.7s 803 train:
28690.5s 804 (18.68199398595607, 0.99882)
28690.5s 805 test:
28700.7s 806 epoch: 55 accuracy 83.880%
28700.7s 807 epoch: 56 start
28700.7s 808 train:
28863.5s 809 (17.492253059346694, 0.99896)
28863.5s 810 test:
28873.7s 811 epoch: 56 accuracy 80.650%
28873.7s 812 epoch: 57 start
28873.7s 813 train:
29036.5s 814 (17.87155805603834, 0.99884)
29036.5s 815 test:
29046.7s 816 epoch: 57 accuracy 83.640%
29046.7s 817 epoch: 58 start
29046.7s 818 train:
29209.4s 819 (15.890207710443065, 0.99914)
29209.4s 820 test:
29219.7s 821 epoch: 58 accuracy 83.760%
29219.7s 822 epoch: 59 start
29219.7s 823 train:
29382.4s 824 (15.181124964845367, 0.99906)
29382.4s 825 test:
29392.6s 826 epoch: 59 accuracy 83.690%
29392.6s 827 epoch: 60 start
29392.6s 828 train:
29555.3s 829 (14.611001311568543, 0.99916)
29555.3s 830 test:
29565.6s 831 epoch: 60 accuracy 83.200%
29565.6s 832 epoch: 61 start
29565.6s 833 train:
29727.9s 834 (15.068440294533502, 0.99882)
29727.9s 835 test:
29738.1s 836 epoch: 61 accuracy 83.710%
29738.1s 837 epoch: 62 start
29738.1s 838 train:
29900.3s 839 (12.792194429319352, 0.99948)
29900.3s 840 test:
29910.5s 841 epoch: 62 accuracy 83.960%
29910.5s 842 epoch: 63 start
29910.5s 843 train:
30072.4s 844 (13.774862966121873, 0.99904)
30072.4s 845 test:
30082.5s 846 epoch: 63 accuracy 83.820%
30082.5s 847 epoch: 64 start
30082.5s 848 train:
30244.5s 849 (14.430770794540877, 0.99892)
30244.5s 850 test:
30254.7s 851 epoch: 64 accuracy 83.770%
30254.7s 852 epoch: 65 start
30254.7s 853 train:
30416.6s 854 (11.274827800167259, 0.99944)
30416.6s 855 test:
30426.7s 856 epoch: 65 accuracy 84.030%
30426.7s 857 epoch: 66 start
30426.7s 858 train:
30588.8s 859 (10.544571682868991, 0.99956)
30588.8s 860 test:
30599.0s 861 epoch: 66 accuracy 83.650%
30599.0s 862 epoch: 67 start
30599.0s 863 train:
30761.0s 864 (11.540287184790941, 0.9993)
30761.0s 865 test:
30771.1s 866 epoch: 67 accuracy 83.710%
30771.1s 867 epoch: 68 start
30771.1s 868 train:
30933.1s 869 (10.46195340793929, 0.99934)
30933.1s 870 test:
30943.3s 871 epoch: 68 accuracy 83.690%
30943.3s 872 epoch: 69 start
30943.3s 873 train:
31105.5s 874 (10.14359854705981, 0.99944)
31105.5s 875 test:
31115.7s 876 epoch: 69 accuracy 84.050%
31115.7s 877 epoch: 70 start
31115.7s 878 train:
31278.0s 879 (9.510412637231639, 0.99962)
31278.0s 880 test:
31288.2s 881 epoch: 70 accuracy 83.870%
31288.2s 882 epoch: 71 start
31288.2s 883 train:
31451.1s 884 (8.442360321583692, 0.99966)
31451.1s 885 test:
31461.2s 886 epoch: 71 accuracy 83.690%
31461.2s 887 epoch: 72 start
31461.2s 888 train:
31623.8s 889 (8.882356474496191, 0.99948)
31623.8s 890 test:
31634.1s 891 epoch: 72 accuracy 83.950%
31634.1s 892 epoch: 73 start
31634.1s 893 train:
31796.9s 894 (7.891135998725076, 0.99966)
31796.9s 895 test:
31807.0s 896 epoch: 73 accuracy 83.360%
31807.0s 897 epoch: 74 start
31807.0s 898 train:
31969.6s 899 (7.3731257654726505, 0.99988)
31969.6s 900 test:
31979.7s 901 epoch: 74 accuracy 84.170%
31979.7s 902 epoch: 75 start
31979.7s 903 train:
32142.4s 904 (7.196331353014102, 0.9998)
32142.4s 905 test:
32152.5s 906 epoch: 75 accuracy 84.330%
32152.5s 907 epoch: 76 start
32152.5s 908 train:
32315.2s 909 (6.2647031371016055, 0.99984)
32315.2s 910 test:
32325.4s 911 epoch: 76 accuracy 84.010%
32325.4s 912 epoch: 77 start
32325.4s 913 train: