15.1s 1 --------parameter report--------
15.1s 2 learning rate:0.00600
15.1s 3 epoch:100
15.1s 4 train batch size:16
15.1s 5 test batch size:16
15.1s 6 model:resnet18
15.1s 7 optimizer:SGD
15.1s 8 -------------------------------
15.1s 9 Downloading https://www.cs.toronto.edu/~kriz/cifar-10-python.tar.gz to ../data/cifar-10-python.tar.gz
17.6s 10 Extracting ../data/cifar-10-python.tar.gz to ../data
20.3s 11 Files already downloaded and verified
24.5s 12 epoch: 1 start
24.5s 13 train:
334.9s 14 (5214.573829174042, 0.43524)
334.9s 15 test:
352.9s 16 epoch: 1 accuracy 52.060%
352.9s 17 epoch: 2 start
352.9s 18 train:
655.8s 19 (3622.763004183769, 0.58776)
655.8s 20 test:
674.0s 21 epoch: 2 accuracy 62.740%
674.0s 22 epoch: 3 start
674.0s 23 train:
976.6s 24 (3016.7780635654926, 0.66406)
976.6s 25 test:
994.7s 26 epoch: 3 accuracy 66.320%
994.7s 27 epoch: 4 start
994.7s 28 train:
1297.4s 29 (2561.126495093107, 0.7116)
1297.4s 30 test:
1315.5s 31 epoch: 4 accuracy 71.800%
1315.5s 32 epoch: 5 start
1315.5s 33 train:
1618.1s 34 (2258.4259013831615, 0.74862)
1618.1s 35 test:
1636.2s 36 epoch: 5 accuracy 72.640%
1636.2s 37 epoch: 6 start
1636.2s 38 train:
1938.8s 39 (2036.635075263679, 0.77312)
1938.8s 40 test:
1956.9s 41 epoch: 6 accuracy 74.930%
1956.9s 42 epoch: 7 start
1956.9s 43 train:
2259.6s 44 (1847.5445095039904, 0.79574)
2259.6s 45 test:
2277.6s 46 epoch: 7 accuracy 78.740%
2277.6s 47 epoch: 8 start
2277.6s 48 train:
2579.9s 49 (1682.3449084460735, 0.81364)
2579.9s 50 test:
2598.0s 51 epoch: 8 accuracy 79.300%
2598.0s 52 epoch: 9 start
2598.0s 53 train:
2900.4s 54 (1558.7628453075886, 0.82802)
2900.4s 55 test:
2918.5s 56 epoch: 9 accuracy 78.610%
2918.5s 57 epoch: 10 start
2918.5s 58 train:
3220.9s 59 (1429.7901029363275, 0.84142)
3220.9s 60 test:
3238.9s 61 epoch: 10 accuracy 79.630%
3238.9s 62 epoch: 11 start
3238.9s 63 train:
3541.7s 64 (1316.2642423529178, 0.85466)
3541.7s 65 test:
3559.8s 66 epoch: 11 accuracy 79.760%
3559.8s 67 epoch: 12 start
3559.8s 68 train:
3862.2s 69 (1224.3725064452738, 0.86538)
3862.2s 70 test:
3880.4s 71 epoch: 12 accuracy 82.270%
3880.4s 72 epoch: 13 start
3880.4s 73 train:
4182.8s 74 (1131.979840895161, 0.87442)
4182.8s 75 test:
4200.9s 76 epoch: 13 accuracy 80.250%
4200.9s 77 epoch: 14 start
4200.9s 78 train:
4503.1s 79 (1042.3106579799205, 0.88534)
4503.1s 80 test:
4521.1s 81 epoch: 14 accuracy 82.760%
4521.1s 82 epoch: 15 start
4521.1s 83 train:
4823.4s 84 (959.5213844906539, 0.89374)
4823.4s 85 test:
4841.5s 86 epoch: 15 accuracy 83.570%
4841.5s 87 epoch: 16 start
4841.5s 88 train:
5143.8s 89 (888.1085776539985, 0.90186)
5143.8s 90 test:
5161.9s 91 epoch: 16 accuracy 83.430%
5161.9s 92 epoch: 17 start
5161.9s 93 train:
5464.4s 94 (824.9324940643273, 0.90908)
5464.4s 95 test:
5482.6s 96 epoch: 17 accuracy 83.990%
5482.6s 97 epoch: 18 start
5482.6s 98 train:
5785.2s 99 (754.1877439334057, 0.9159)
5785.2s 100 test:
5803.5s 101 epoch: 18 accuracy 83.570%
5803.5s 102 epoch: 19 start
5803.5s 103 train:
6105.9s 104 (694.4597274013795, 0.9229)
6105.9s 105 test:
6124.1s 106 epoch: 19 accuracy 82.870%
6124.1s 107 epoch: 20 start
6124.1s 108 train:
6426.6s 109 (645.3289820814971, 0.92754)
6426.6s 110 test:
6444.7s 111 epoch: 20 accuracy 83.390%
6444.7s 112 epoch: 21 start
6444.7s 113 train:
6747.2s 114 (582.6124650812708, 0.93504)
6747.2s 115 test:
6765.4s 116 epoch: 21 accuracy 83.930%
6765.4s 117 epoch: 22 start
6765.4s 118 train:
7068.1s 119 (524.9897026020335, 0.94132)
7068.1s 120 test:
7086.2s 121 epoch: 22 accuracy 83.400%
7086.2s 122 epoch: 23 start
7086.2s 123 train:
7388.9s 124 (488.56462373468094, 0.9454)
7388.9s 125 test:
7407.1s 126 epoch: 23 accuracy 84.610%
7407.1s 127 epoch: 24 start
7407.1s 128 train:
7709.6s 129 (450.3765303167165, 0.94842)
7709.6s 130 test:
7727.8s 131 epoch: 24 accuracy 84.450%
7727.8s 132 epoch: 25 start
7727.8s 133 train:
8030.4s 134 (420.17792817379814, 0.9519)
8030.4s 135 test:
8048.5s 136 epoch: 25 accuracy 85.000%
8048.5s 137 epoch: 26 start
8048.5s 138 train:
8351.4s 139 (372.557793831249, 0.95918)
8351.4s 140 test:
8369.5s 141 epoch: 26 accuracy 83.480%
8369.5s 142 epoch: 27 start
8369.5s 143 train:
8671.9s 144 (341.849370479089, 0.96108)
8671.9s 145 test:
8690.1s 146 epoch: 27 accuracy 86.610%
8690.1s 147 epoch: 28 start
8690.1s 148 train:
8992.4s 149 (298.06130740369554, 0.96636)
8992.4s 150 test:
9010.6s 151 epoch: 28 accuracy 85.150%
9010.6s 152 epoch: 29 start
9010.6s 153 train:
9312.8s 154 (280.0851294851309, 0.96866)
9312.8s 155 test:
9330.9s 156 epoch: 29 accuracy 85.330%
9330.9s 157 epoch: 30 start
9330.9s 158 train:
9633.3s 159 (264.7904670260323, 0.9702)
9633.3s 160 test:
9651.3s 161 epoch: 30 accuracy 84.430%
9651.3s 162 epoch: 31 start
9651.3s 163 train:
9953.5s 164 (254.81224965080037, 0.9709)
9953.5s 165 test:
9971.6s 166 epoch: 31 accuracy 85.700%
9971.6s 167 epoch: 32 start
9971.6s 168 train:
10273.7s 169 (237.66877768216364, 0.97322)
10273.7s 170 test:
10291.9s 171 epoch: 32 accuracy 85.080%
10291.9s 172 epoch: 33 start
10291.9s 173 train:
10594.2s 174 (208.76583961498727, 0.97688)
10594.2s 175 test:
10612.4s 176 epoch: 33 accuracy 85.550%
10612.4s 177 epoch: 34 start
10612.4s 178 train:
10914.6s 179 (179.12523166122264, 0.98024)
10914.6s 180 test:
10932.7s 181 epoch: 34 accuracy 85.100%
10932.7s 182 epoch: 35 start
10932.7s 183 train:
11235.0s 184 (178.44944967456104, 0.9799)
11235.0s 185 test:
11253.0s 186 epoch: 35 accuracy 84.390%
11253.0s 187 epoch: 36 start
11253.0s 188 train:
11555.4s 189 (158.87279177398887, 0.98216)
11555.4s 190 test:
11573.4s 191 epoch: 36 accuracy 85.760%
11573.4s 192 epoch: 37 start
11573.4s 193 train:
11875.7s 194 (156.81678873809415, 0.98234)
11875.7s 195 test:
11893.8s 196 epoch: 37 accuracy 85.420%
11893.8s 197 epoch: 38 start
11893.8s 198 train:
12196.4s 199 (134.08573114667524, 0.9853)
12196.4s 200 test:
12214.5s 201 epoch: 38 accuracy 86.040%
12214.5s 202 epoch: 39 start
12214.5s 203 train:
12517.2s 204 (133.31814522592595, 0.98514)
12517.2s 205 test:
12535.3s 206 epoch: 39 accuracy 81.850%
12535.3s 207 epoch: 40 start
12535.3s 208 train:
12837.7s 209 (118.12619720692646, 0.9875)
12837.7s 210 test:
12855.8s 211 epoch: 40 accuracy 85.580%
12855.8s 212 epoch: 41 start
12855.8s 213 train:
13158.3s 214 (118.24953778327108, 0.98712)
13158.3s 215 test:
13176.3s 216 epoch: 41 accuracy 85.180%
13176.3s 217 epoch: 42 start
13176.3s 218 train:
13478.7s 219 (104.96320527652642, 0.98822)
13478.7s 220 test:
13496.7s 221 epoch: 42 accuracy 86.630%
13496.7s 222 epoch: 43 start
13496.7s 223 train:
13799.2s 224 (111.68634561589533, 0.98746)
13799.2s 225 test:
13817.3s 226 epoch: 43 accuracy 86.700%
13817.3s 227 epoch: 44 start
13817.3s 228 train:
14119.9s 229 (82.86020976496411, 0.9911)
14119.9s 230 test:
14138.0s 231 epoch: 44 accuracy 87.270%
14138.0s 232 epoch: 45 start
14138.0s 233 train:
14440.1s 234 (78.58595018763981, 0.99098)
14440.1s 235 test:
14458.2s 236 epoch: 45 accuracy 86.960%
14458.2s 237 epoch: 46 start
14458.2s 238 train:
14760.4s 239 (83.04234425525988, 0.99068)
14760.4s 240 test:
14778.6s 241 epoch: 46 accuracy 86.590%
14778.6s 242 epoch: 47 start
14778.6s 243 train:
15081.2s 244 (82.86390946105757, 0.99118)
15081.2s 245 test:
15099.4s 246 epoch: 47 accuracy 87.020%
15099.4s 247 epoch: 48 start
15099.4s 248 train:
15401.6s 249 (67.0525907816841, 0.99266)
15401.6s 250 test:
15419.7s 251 epoch: 48 accuracy 85.540%
15419.7s 252 epoch: 49 start
15419.7s 253 train:
15721.8s 254 (71.39631310890883, 0.99268)
15721.8s 255 test:
15739.9s 256 epoch: 49 accuracy 86.280%
15739.9s 257 epoch: 50 start
15739.9s 258 train:
16042.3s 259 (52.39094687745637, 0.99428)
16042.3s 260 test:
16060.4s 261 epoch: 50 accuracy 87.760%
16060.4s 262 epoch: 51 start
16060.4s 263 train:
16362.8s 264 (50.71121232887731, 0.9943)
16362.8s 265 test:
16380.8s 266 epoch: 51 accuracy 86.270%
16380.8s 267 epoch: 52 start
16380.8s 268 train:
16683.3s 269 (75.3726239942439, 0.99162)
16683.3s 270 test:
16701.3s 271 epoch: 52 accuracy 86.860%
16701.3s 272 epoch: 53 start
16701.3s 273 train:
17003.5s 274 (57.519439908569666, 0.9936)
17003.5s 275 test:
17021.6s 276 epoch: 53 accuracy 87.240%
17021.6s 277 epoch: 54 start
17021.6s 278 train:
17323.9s 279 (54.027938384748495, 0.99396)
17323.9s 280 test:
17341.9s 281 epoch: 54 accuracy 86.780%
17341.9s 282 epoch: 55 start
17341.9s 283 train:
17644.2s 284 (50.4754478792554, 0.9945)
17644.2s 285 test:
17662.3s 286 epoch: 55 accuracy 86.470%
17662.3s 287 epoch: 56 start
17662.3s 288 train:
17964.6s 289 (48.60495112078917, 0.9948)
17964.6s 290 test:
17982.8s 291 epoch: 56 accuracy 86.760%
17982.8s 292 epoch: 57 start
17982.8s 293 train:
18285.2s 294 (43.80594852280052, 0.99542)
18285.2s 295 test:
18303.2s 296 epoch: 57 accuracy 87.370%
18303.2s 297 epoch: 58 start
18303.2s 298 train:
18605.5s 299 (30.300693936643256, 0.9968)
18605.5s 300 test:
18623.5s 301 epoch: 58 accuracy 84.290%
18623.5s 302 epoch: 59 start
18623.5s 303 train:
18925.9s 304 (38.437056371274195, 0.99596)
18925.9s 305 test:
18944.0s 306 epoch: 59 accuracy 86.270%
18944.0s 307 epoch: 60 start
18944.0s 308 train:
19246.4s 309 (33.459877937701776, 0.9967)
19246.4s 310 test:
19264.6s 311 epoch: 60 accuracy 87.620%
19264.6s 312 epoch: 61 start
19264.6s 313 train:
19566.8s 314 (39.85985354793897, 0.99568)
19566.8s 315 test:
19585.0s 316 epoch: 61 accuracy 87.430%
19585.0s 317 epoch: 62 start
19585.0s 318 train:
19887.5s 319 (42.80645163358622, 0.99554)
19887.5s 320 test:
19905.6s 321 epoch: 62 accuracy 87.290%
19905.6s 322 epoch: 63 start
19905.6s 323 train:
20208.1s 324 (36.00804552990863, 0.99622)
20208.1s 325 test:
20226.2s 326 epoch: 63 accuracy 87.480%
20226.2s 327 epoch: 64 start
20226.2s 328 train:
20528.9s 329 (16.634066491795892, 0.99842)
20528.9s 330 test:
20546.9s 331 epoch: 64 accuracy 87.760%
20546.9s 332 epoch: 65 start
20546.9s 333 train:
20849.2s 334 (15.573748711846918, 0.99846)
20849.2s 335 test:
20867.3s 336 epoch: 65 accuracy 88.500%
20867.3s 337 epoch: 66 start
20867.3s 338 train:
21169.7s 339 (21.790337988702852, 0.9976)
21169.7s 340 test:
21187.8s 341 epoch: 66 accuracy 87.920%
21187.8s 342 epoch: 67 start
21187.8s 343 train:
21490.5s 344 (14.252361886919125, 0.99852)
21490.5s 345 test:
21508.6s 346 epoch: 67 accuracy 86.840%
21508.6s 347 epoch: 68 start
21508.6s 348 train:
21811.3s 349 (30.84892710235428, 0.9967)
21811.3s 350 test:
21829.4s 351 epoch: 68 accuracy 86.860%
21829.4s 352 epoch: 69 start
21829.4s 353 train:
22132.0s 354 (33.639846083956, 0.9964)
22132.0s 355 test:
22150.1s 356 epoch: 69 accuracy 87.190%
22150.1s 357 epoch: 70 start
22150.1s 358 train:
22452.6s 359 (22.795306453448866, 0.99776)
22452.6s 360 test:
22470.6s 361 epoch: 70 accuracy 88.110%
22470.6s 362 epoch: 71 start
22470.6s 363 train:
22773.0s 364 (19.104976801130135, 0.9979)
22773.0s 365 test:
22791.0s 366 epoch: 71 accuracy 87.560%
22791.0s 367 epoch: 72 start
22791.0s 368 train:
23093.3s 369 (33.2096289868432, 0.99646)
23093.3s 370 test:
23111.4s 371 epoch: 72 accuracy 87.360%
23111.4s 372 epoch: 73 start
23111.4s 373 train:
23414.2s 374 (22.033458124705106, 0.9977)
23414.2s 375 test:
23432.5s 376 epoch: 73 accuracy 88.290%
23432.5s 377 epoch: 74 start
23432.5s 378 train:
23735.0s 379 (15.328074226796275, 0.99844)
23735.0s 380 test:
23753.1s 381 epoch: 74 accuracy 87.950%
23753.1s 382 epoch: 75 start
23753.1s 383 train:
24055.2s 384 (12.329339739835746, 0.99876)
24055.2s 385 test:
24073.4s 386 epoch: 75 accuracy 87.660%
24073.4s 387 epoch: 76 start
24073.4s 388 train:
24375.8s 389 (32.78354520548739, 0.99638)
24375.8s 390 test:
24393.8s 391 epoch: 76 accuracy 85.290%
24393.8s 392 epoch: 77 start
24393.8s 393 train:
24696.0s 394 (25.895399298742518, 0.99728)
24696.0s 395 test:
24714.2s 396 epoch: 77 accuracy 87.170%
24714.2s 397 epoch: 78 start
24714.2s 398 train:
25016.6s 399 (19.57840626679888, 0.9978)
25016.6s 400 test:
25034.7s 401 epoch: 78 accuracy 87.950%
25034.7s 402 epoch: 79 start
25034.7s 403 train:
25337.0s 404 (23.46240558299331, 0.99734)
25337.0s 405 test:
25355.1s 406 epoch: 79 accuracy 87.530%
25355.1s 407 epoch: 80 start
25355.1s 408 train:
25657.5s 409 (25.76954191438881, 0.99752)
25657.5s 410 test:
25675.6s 411 epoch: 80 accuracy 87.240%
25675.6s 412 epoch: 81 start
25675.6s 413 train:
25978.2s 414 (19.117776466068506, 0.99788)
25978.2s 415 test:
25996.2s 416 epoch: 81 accuracy 87.670%
25996.2s 417 epoch: 82 start
25996.2s 418 train:
26298.8s 419 (10.551056736316212, 0.99902)
26298.8s 420 test:
26316.9s 421 epoch: 82 accuracy 88.290%
26316.9s 422 epoch: 83 start
26316.9s 423 train:
26619.4s 424 (8.027264144800728, 0.99936)
26619.4s 425 test:
26637.4s 426 epoch: 83 accuracy 87.660%
26637.4s 427 epoch: 84 start
26637.4s 428 train:
26939.9s 429 (7.331360172969347, 0.99932)
26939.9s 430 test:
26957.9s 431 epoch: 84 accuracy 88.010%
26957.9s 432 epoch: 85 start
26957.9s 433 train:
27260.3s 434 (6.881579058178854, 0.9994)
27260.3s 435 test:
27278.4s 436 epoch: 85 accuracy 88.160%
27278.4s 437 epoch: 86 start
27278.4s 438 train:
27581.1s 439 (7.608155331803083, 0.99924)
27581.1s 440 test:
27599.1s 441 epoch: 86 accuracy 87.550%
27599.1s 442 epoch: 87 start
27599.1s 443 train:
27901.6s 444 (11.69028881074524, 0.99894)
27901.6s 445 test:
27919.7s 446 epoch: 87 accuracy 87.950%
27919.7s 447 epoch: 88 start
27919.7s 448 train:
28221.9s 449 (5.5719435773322346, 0.99958)
28221.9s 450 test:
28240.1s 451 epoch: 88 accuracy 88.450%
28240.1s 452 epoch: 89 start
28240.1s 453 train:
28542.6s 454 (6.554072900411363, 0.99934)
28542.6s 455 test:
28560.8s 456 epoch: 89 accuracy 88.210%
28560.8s 457 epoch: 90 start
28560.8s 458 train:
28863.2s 459 (4.874187627309304, 0.99964)
28863.2s 460 test:
28881.2s 461 epoch: 90 accuracy 88.370%
28881.2s 462 epoch: 91 start
28881.2s 463 train:
29183.5s 464 (3.052951143230917, 0.99974)
29183.5s 465 test:
29201.5s 466 epoch: 91 accuracy 88.380%
29201.5s 467 epoch: 92 start
29201.5s 468 train:
29503.8s 469 (4.239874325587111, 0.9997)
29503.8s 470 test:
29521.8s 471 epoch: 92 accuracy 88.000%
29521.8s 472 epoch: 93 start
29521.8s 473 train:
29824.3s 474 (13.467276237995804, 0.99844)
29824.3s 475 test:
29842.3s 476 epoch: 93 accuracy 87.040%
29842.3s 477 epoch: 94 start
29842.3s 478 train:
30144.6s 479 (10.83054922037589, 0.99884)
30144.6s 480 test:
30162.7s 481 epoch: 94 accuracy 88.380%
30162.7s 482 epoch: 95 start
30162.7s 483 train:
30464.8s 484 (6.857120012585284, 0.9993)
30464.8s 485 test:
30482.9s 486 epoch: 95 accuracy 88.180%
30482.9s 487 epoch: 96 start
30482.9s 488 train:
30785.3s 489 (8.486214627289112, 0.99922)
30785.3s 490 test:
30803.5s 491 epoch: 96 accuracy 87.600%
30803.5s 492 epoch: 97 start
30803.5s 493 train:
31106.2s 494 (4.2572175319269405, 0.9997)
31106.2s 495 test:
31124.2s 496 epoch: 97 accuracy 88.610%
31124.2s 497 epoch: 98 start
31124.2s 498 train:
31426.6s 499 (3.235314384196858, 0.9997)
31426.6s 500 test:
31444.8s 501 epoch: 98 accuracy 88.390%
31444.8s 502 epoch: 99 start
31444.8s 503 train:
31747.3s 504 (3.3165657618302724, 0.99976)
31747.3s 505 test:
31765.3s 506 epoch: 99 accuracy 88.090%
31765.3s 507 epoch: 100 start
31765.3s 508 train:
32067.5s 509 (2.9790846159673467, 0.99976)
32067.5s 510 test:
32085.4s 511 epoch: 100 accuracy 88.330%
32085.4s 512 best accuracy: 88.610%
32085.4s 513 --------result report--------
32085.4s 514 best accuracy:88.610%
32085.4s 515 loss array:
32085.4s 516 5214.5738,3622.7630,3016.7781,2561.1265,2258.4259,2036.6351,1847.5445,1682.3449,1558.7628,1429.7901,1316.2642,1224.3725,1131.9798,1042.3107,959.5214,888.1086,824.9325,754.1877,694.4597,645.3290,582.6125,524.9897,488.5646,450.3765,420.1779,372.5578,341.8494,298.0613,280.0851,264.7905,254.8122,237.6688,208.7658,179.1252,178.4494,158.8728,156.8168,134.0857,133.3181,118.1262,118.2495,104.9632,111.6863,82.8602,78.5860,83.0423,82.8639,67.0526,71.3963,52.3909,50.7112,75.3726,57.5194,54.0279,50.4754,48.6050,43.8059,30.3007,38.4371,33.4599,39.8599,42.8065,36.0080,16.6341,15.5737,21.7903,14.2524,30.8489,33.6398,22.7953,19.1050,33.2096,22.0335,15.3281,12.3293,32.7835,25.8954,19.5784,23.4624,25.7695,19.1178,10.5511,8.0273,7.3314,6.8816,7.6082,11.6903,5.5719,6.5541,4.8742,3.0530,4.2399,13.4673,10.8305,6.8571,8.4862,4.2572,3.2353,3.3166,2.9791,
32085.4s 517 train accuracy array:
32085.4s 518 0.4352,0.5878,0.6641,0.7116,0.7486,0.7731,0.7957,0.8136,0.8280,0.8414,0.8547,0.8654,0.8744,0.8853,0.8937,0.9019,0.9091,0.9159,0.9229,0.9275,0.9350,0.9413,0.9454,0.9484,0.9519,0.9592,0.9611,0.9664,0.9687,0.9702,0.9709,0.9732,0.9769,0.9802,0.9799,0.9822,0.9823,0.9853,0.9851,0.9875,0.9871,0.9882,0.9875,0.9911,0.9910,0.9907,0.9912,0.9927,0.9927,0.9943,0.9943,0.9916,0.9936,0.9940,0.9945,0.9948,0.9954,0.9968,0.9960,0.9967,0.9957,0.9955,0.9962,0.9984,0.9985,0.9976,0.9985,0.9967,0.9964,0.9978,0.9979,0.9965,0.9977,0.9984,0.9988,0.9964,0.9973,0.9978,0.9973,0.9975,0.9979,0.9990,0.9994,0.9993,0.9994,0.9992,0.9989,0.9996,0.9993,0.9996,0.9997,0.9997,0.9984,0.9988,0.9993,0.9992,0.9997,0.9997,0.9998,0.9998,
32085.4s 519 accuracy array:
32085.4s 520 0.5206,0.6274,0.6632,0.7180,0.7264,0.7493,0.7874,0.7930,0.7861,0.7963,0.7976,0.8227,0.8025,0.8276,0.8357,0.8343,0.8399,0.8357,0.8287,0.8339,0.8393,0.8340,0.8461,0.8445,0.8500,0.8348,0.8661,0.8515,0.8533,0.8443,0.8570,0.8508,0.8555,0.8510,0.8439,0.8576,0.8542,0.8604,0.8185,0.8558,0.8518,0.8663,0.8670,0.8727,0.8696,0.8659,0.8702,0.8554,0.8628,0.8776,0.8627,0.8686,0.8724,0.8678,0.8647,0.8676,0.8737,0.8429,0.8627,0.8762,0.8743,0.8729,0.8748,0.8776,0.8850,0.8792,0.8684,0.8686,0.8719,0.8811,0.8756,0.8736,0.8829,0.8795,0.8766,0.8529,0.8717,0.8795,0.8753,0.8724,0.8767,0.8829,0.8766,0.8801,0.8816,0.8755,0.8795,0.8845,0.8821,0.8837,0.8838,0.8800,0.8704,0.8838,0.8818,0.8760,0.8861,0.8839,0.8809,0.8833,
32085.4s 521 -------------------------------
32085.4s 522 --------parameter report--------
32085.4s 523 batchSize:16    accuracy:0.886%
32085.4s 524 /opt/conda/lib/python3.7/site-packages/papermill/iorw.py:50: FutureWarning: pyarrow.HadoopFileSystem is deprecated as of 2.0.0, please use pyarrow.fs.HadoopFileSystem instead.
32085.4s 525 from pyarrow import HadoopFileSystem
32090.6s 526 /opt/conda/lib/python3.7/site-packages/traitlets/traitlets.py:2567: FutureWarning: --Exporter.preprocessors=["remove_papermill_header.RemovePapermillHeader"] for containers is deprecated in traitlets 5.0. You can pass `--Exporter.preprocessors item` ... multiple times to add items to a list.
32090.6s 527 FutureWarning,
32090.6s 528 [NbConvertApp] Converting notebook __notebook__.ipynb to notebook
32090.8s 529 [NbConvertApp] Writing 44952 bytes to __notebook__.ipynb
32092.9s 530 /opt/conda/lib/python3.7/site-packages/traitlets/traitlets.py:2567: FutureWarning: --Exporter.preprocessors=["nbconvert.preprocessors.ExtractOutputPreprocessor"] for containers is deprecated in traitlets 5.0. You can pass `--Exporter.preprocessors item` ... multiple times to add items to a list.
32092.9s 531 FutureWarning,
32092.9s 532 [NbConvertApp] Converting notebook __notebook__.ipynb to html
32093.4s 533 [NbConvertApp] Writing 360752 bytes to __results__.html