12.4s 1 --------parameter report--------
12.4s 2 learning rate:0.00700
12.4s 3 epoch:100
12.4s 4 train batch size:16
12.4s 5 test batch size:16
12.4s 6 model:resnet18
12.4s 7 optimizer:SGD
12.4s 8 -------------------------------
12.4s 9 Downloading https://www.cs.toronto.edu/~kriz/cifar-10-python.tar.gz to ../data/cifar-10-python.tar.gz
14.9s 10 Extracting ../data/cifar-10-python.tar.gz to ../data
17.5s 11 Files already downloaded and verified
20.9s 12 epoch: 1 start
20.9s 13 train:
233.5s 14 (5132.502564072609, 0.43706)
233.5s 15 test:
245.1s 16 epoch: 1 accuracy 57.370%
245.1s 17 epoch: 2 start
245.1s 18 train:
451.6s 19 (3387.506549715996, 0.6148)
451.6s 20 test:
463.2s 21 epoch: 2 accuracy 64.920%
463.2s 22 epoch: 3 start
463.2s 23 train:
670.1s 24 (2713.8471278995275, 0.69536)
670.1s 25 test:
681.8s 26 epoch: 3 accuracy 70.500%
681.8s 27 epoch: 4 start
681.8s 28 train:
888.3s 29 (2313.5468172878027, 0.74068)
888.3s 30 test:
900.0s 31 epoch: 4 accuracy 75.050%
900.0s 32 epoch: 5 start
900.0s 33 train:
1106.4s 34 (2048.5979276522994, 0.77272)
1106.4s 35 test:
1118.1s 36 epoch: 5 accuracy 76.320%
1118.1s 37 epoch: 6 start
1118.1s 38 train:
1324.7s 39 (1804.1026052497327, 0.80158)
1324.7s 40 test:
1336.3s 41 epoch: 6 accuracy 77.450%
1336.3s 42 epoch: 7 start
1336.3s 43 train:
1543.1s 44 (1630.923106919974, 0.81924)
1543.1s 45 test:
1554.7s 46 epoch: 7 accuracy 79.500%
1554.7s 47 epoch: 8 start
1554.7s 48 train:
1761.4s 49 (1474.8848039284348, 0.83602)
1761.4s 50 test:
1773.1s 51 epoch: 8 accuracy 80.280%
1773.1s 52 epoch: 9 start
1773.1s 53 train:
1979.4s 54 (1349.4813379570842, 0.85032)
1979.4s 55 test:
1991.0s 56 epoch: 9 accuracy 82.850%
1991.0s 57 epoch: 10 start
1991.0s 58 train:
2197.3s 59 (1220.8228112570941, 0.86562)
2197.3s 60 test:
2208.9s 61 epoch: 10 accuracy 82.630%
2208.9s 62 epoch: 11 start
2208.9s 63 train:
2415.9s 64 (1105.804734831676, 0.87684)
2415.9s 65 test:
2427.6s 66 epoch: 11 accuracy 83.590%
2427.6s 67 epoch: 12 start
2427.6s 68 train:
2634.3s 69 (1009.6684505213052, 0.88864)
2634.3s 70 test:
2646.0s 71 epoch: 12 accuracy 85.050%
2646.0s 72 epoch: 13 start
2646.0s 73 train:
2852.9s 74 (909.2546918485314, 0.89774)
2852.9s 75 test:
2864.5s 76 epoch: 13 accuracy 83.670%
2864.5s 77 epoch: 14 start
2864.5s 78 train:
3070.7s 79 (826.3901806983631, 0.90764)
3070.7s 80 test:
3082.3s 81 epoch: 14 accuracy 83.400%
3082.3s 82 epoch: 15 start
3082.3s 83 train:
3288.7s 84 (735.4463298770133, 0.91886)
3288.7s 85 test:
3300.6s 86 epoch: 15 accuracy 84.500%
3300.6s 87 epoch: 16 start
3300.6s 88 train:
3506.6s 89 (684.9223634416703, 0.9231)
3506.6s 90 test:
3518.2s 91 epoch: 16 accuracy 84.570%
3518.2s 92 epoch: 17 start
3518.2s 93 train:
3724.6s 94 (595.3236387923826, 0.93434)
3724.6s 95 test:
3736.1s 96 epoch: 17 accuracy 85.070%
3736.1s 97 epoch: 18 start
3736.1s 98 train:
3942.8s 99 (546.3472668182221, 0.93864)
3942.8s 100 test:
3954.3s 101 epoch: 18 accuracy 84.060%
3954.3s 102 epoch: 19 start
3954.3s 103 train:
4160.6s 104 (490.76079436024884, 0.9438)
4160.6s 105 test:
4172.3s 106 epoch: 19 accuracy 85.130%
4172.3s 107 epoch: 20 start
4172.3s 108 train:
4378.4s 109 (436.1204892555252, 0.95002)
4378.4s 110 test:
4390.0s 111 epoch: 20 accuracy 83.060%
4390.0s 112 epoch: 21 start
4390.0s 113 train:
4597.0s 114 (383.16792181969504, 0.95676)
4597.0s 115 test:
4608.6s 116 epoch: 21 accuracy 85.860%
4608.6s 117 epoch: 22 start
4608.6s 118 train:
4815.3s 119 (327.60159813877544, 0.96306)
4815.3s 120 test:
4826.9s 121 epoch: 22 accuracy 85.150%
4826.9s 122 epoch: 23 start
4826.9s 123 train:
5033.8s 124 (302.7377846916788, 0.96524)
5033.8s 125 test:
5045.5s 126 epoch: 23 accuracy 85.220%
5045.5s 127 epoch: 24 start
5045.5s 128 train:
5251.8s 129 (275.87187085466576, 0.96936)
5251.8s 130 test:
5263.3s 131 epoch: 24 accuracy 86.370%
5263.3s 132 epoch: 25 start
5263.3s 133 train:
5470.1s 134 (242.81661690912733, 0.9734)
5470.1s 135 test:
5481.8s 136 epoch: 25 accuracy 85.690%
5481.8s 137 epoch: 26 start
5481.8s 138 train:
5688.3s 139 (222.08193744693563, 0.97526)
5688.3s 140 test:
5700.0s 141 epoch: 26 accuracy 84.110%
5700.0s 142 epoch: 27 start
5700.0s 143 train:
5906.4s 144 (198.924150431616, 0.97774)
5906.4s 145 test:
5918.0s 146 epoch: 27 accuracy 87.000%
5918.0s 147 epoch: 28 start
5918.0s 148 train:
6124.0s 149 (179.10619715091525, 0.97998)
6124.0s 150 test:
6135.6s 151 epoch: 28 accuracy 86.720%
6135.6s 152 epoch: 29 start
6135.6s 153 train:
6341.7s 154 (146.1591820914, 0.98394)
6341.7s 155 test:
6353.3s 156 epoch: 29 accuracy 85.750%
6353.3s 157 epoch: 30 start
6353.3s 158 train:
6559.4s 159 (142.9728814674636, 0.98484)
6559.4s 160 test:
6570.9s 161 epoch: 30 accuracy 86.550%
6570.9s 162 epoch: 31 start
6570.9s 163 train:
6777.7s 164 (136.2123343133244, 0.9854)
6777.7s 165 test:
6789.4s 166 epoch: 31 accuracy 85.950%
6789.4s 167 epoch: 32 start
6789.4s 168 train:
6995.7s 169 (132.88177601859934, 0.98588)
6995.7s 170 test:
7007.3s 171 epoch: 32 accuracy 86.810%
7007.3s 172 epoch: 33 start
7007.3s 173 train:
7213.8s 174 (104.05920966280792, 0.98868)
7213.8s 175 test:
7225.3s 176 epoch: 33 accuracy 86.650%
7225.3s 177 epoch: 34 start
7225.3s 178 train:
7431.6s 179 (100.31066171449811, 0.98886)
7431.6s 180 test:
7443.3s 181 epoch: 34 accuracy 86.470%
7443.3s 182 epoch: 35 start
7443.3s 183 train:
7649.4s 184 (112.80754820348739, 0.98648)
7649.4s 185 test:
7661.0s 186 epoch: 35 accuracy 87.230%
7661.0s 187 epoch: 36 start
7661.0s 188 train:
7867.3s 189 (87.20073735499136, 0.99074)
7867.3s 190 test:
7878.8s 191 epoch: 36 accuracy 87.260%
7878.8s 192 epoch: 37 start
7878.8s 193 train:
8084.7s 194 (93.7589786915305, 0.98982)
8084.7s 195 test:
8096.3s 196 epoch: 37 accuracy 87.400%
8096.3s 197 epoch: 38 start
8096.3s 198 train:
8302.5s 199 (76.73532010353756, 0.99196)
8302.5s 200 test:
8314.1s 201 epoch: 38 accuracy 87.170%
8314.1s 202 epoch: 39 start
8314.1s 203 train:
8520.0s 204 (68.89047781554382, 0.99248)
8520.0s 205 test:
8531.6s 206 epoch: 39 accuracy 87.010%
8531.6s 207 epoch: 40 start
8531.6s 208 train:
8737.9s 209 (58.78318843072043, 0.99372)
8737.9s 210 test:
8749.4s 211 epoch: 40 accuracy 87.760%
8749.4s 212 epoch: 41 start
8749.4s 213 train:
8955.9s 214 (57.196010624793416, 0.99376)
8955.9s 215 test:
8967.5s 216 epoch: 41 accuracy 86.840%
8967.5s 217 epoch: 42 start
8967.5s 218 train:
9173.5s 219 (59.25387586489455, 0.9937)
9173.5s 220 test:
9185.0s 221 epoch: 42 accuracy 87.960%
9185.0s 222 epoch: 43 start
9185.0s 223 train:
9391.0s 224 (53.23919058036904, 0.99432)
9391.0s 225 test:
9402.7s 226 epoch: 43 accuracy 87.860%
9402.7s 227 epoch: 44 start
9402.7s 228 train:
9608.7s 229 (52.46771278778385, 0.99438)
9608.7s 230 test:
9620.2s 231 epoch: 44 accuracy 86.680%
9620.2s 232 epoch: 45 start
9620.2s 233 train:
9826.9s 234 (44.75144070443102, 0.99528)
9826.9s 235 test:
9838.5s 236 epoch: 45 accuracy 87.460%
9838.5s 237 epoch: 46 start
9838.5s 238 train:
10045.1s 239 (48.81908044630359, 0.9948)
10045.1s 240 test:
10056.7s 241 epoch: 46 accuracy 87.350%
10056.7s 242 epoch: 47 start
10056.7s 243 train:
10263.0s 244 (49.246193192740236, 0.9947)
10263.0s 245 test:
10274.5s 246 epoch: 47 accuracy 87.490%
10274.5s 247 epoch: 48 start
10274.5s 248 train:
10480.9s 249 (38.717976208084565, 0.99578)
10480.9s 250 test:
10492.5s 251 epoch: 48 accuracy 87.830%
10492.5s 252 epoch: 49 start
10492.5s 253 train:
10699.5s 254 (42.20744195374235, 0.99558)
10699.5s 255 test:
10711.2s 256 epoch: 49 accuracy 87.910%
10711.2s 257 epoch: 50 start
10711.2s 258 train:
10918.8s 259 (45.76104670046698, 0.99512)
10918.8s 260 test:
10930.5s 261 epoch: 50 accuracy 88.140%
10930.5s 262 epoch: 51 start
10930.5s 263 train:
11138.0s 264 (37.93782172919032, 0.99588)
11138.0s 265 test:
11149.6s 266 epoch: 51 accuracy 88.070%
11149.6s 267 epoch: 52 start
11149.6s 268 train:
11357.1s 269 (41.584727955717085, 0.9956)
11357.1s 270 test:
11368.6s 271 epoch: 52 accuracy 87.540%
11368.6s 272 epoch: 53 start
11368.6s 273 train:
11576.2s 274 (31.778411708455565, 0.99666)
11576.2s 275 test:
11587.8s 276 epoch: 53 accuracy 87.030%
11587.8s 277 epoch: 54 start
11587.8s 278 train:
11795.2s 279 (23.262742614695526, 0.9977)
11795.2s 280 test:
11806.9s 281 epoch: 54 accuracy 88.620%
11806.9s 282 epoch: 55 start
11806.9s 283 train:
12014.4s 284 (16.139262800465076, 0.9984)
12014.4s 285 test:
12026.0s 286 epoch: 55 accuracy 88.080%
12026.0s 287 epoch: 56 start
12026.0s 288 train:
12233.6s 289 (10.93138610141105, 0.99904)
12233.6s 290 test:
12245.2s 291 epoch: 56 accuracy 88.390%
12245.2s 292 epoch: 57 start
12245.2s 293 train:
12452.6s 294 (11.054864683780494, 0.99894)
12452.6s 295 test:
12464.3s 296 epoch: 57 accuracy 87.880%
12464.3s 297 epoch: 58 start
12464.3s 298 train:
12671.9s 299 (13.18325225406116, 0.9988)
12671.9s 300 test:
12683.6s 301 epoch: 58 accuracy 88.030%
12683.6s 302 epoch: 59 start
12683.6s 303 train:
12891.1s 304 (12.51265398027789, 0.99876)
12891.1s 305 test:
12902.7s 306 epoch: 59 accuracy 88.360%
12902.7s 307 epoch: 60 start
12902.7s 308 train:
13110.8s 309 (8.543870793354671, 0.99918)
13110.8s 310 test:
13122.4s 311 epoch: 60 accuracy 88.390%
13122.4s 312 epoch: 61 start
13122.4s 313 train:
13330.1s 314 (5.85453241860364, 0.99948)
13330.1s 315 test:
13341.8s 316 epoch: 61 accuracy 88.870%
13341.8s 317 epoch: 62 start
13341.8s 318 train:
13549.2s 319 (3.7733464616760948, 0.99974)
13549.2s 320 test:
13560.9s 321 epoch: 62 accuracy 88.540%
13560.9s 322 epoch: 63 start
13560.9s 323 train:
13768.5s 324 (2.778952190977634, 0.99986)
13768.5s 325 test:
13780.1s 326 epoch: 63 accuracy 88.690%
13780.1s 327 epoch: 64 start
13780.1s 328 train:
13987.7s 329 (1.7020400404159801, 0.99992)
13987.7s 330 test:
13999.2s 331 epoch: 64 accuracy 88.960%
13999.2s 332 epoch: 65 start
13999.2s 333 train:
14206.9s 334 (1.3426348951311766, 0.99994)
14206.9s 335 test:
14218.5s 336 epoch: 65 accuracy 88.780%
14218.5s 337 epoch: 66 start
14218.5s 338 train:
14426.3s 339 (0.9296081356926678, 0.99998)
14426.3s 340 test:
14438.0s 341 epoch: 66 accuracy 88.930%
14438.0s 342 epoch: 67 start
14438.0s 343 train:
14645.5s 344 (1.1879441144367036, 0.99996)
14645.5s 345 test:
14657.2s 346 epoch: 67 accuracy 88.980%
14657.2s 347 epoch: 68 start
14657.2s 348 train:
14864.9s 349 (1.0945342433208722, 0.99996)
14864.9s 350 test:
14876.5s 351 epoch: 68 accuracy 89.300%
14876.5s 352 epoch: 69 start
14876.5s 353 train:
15084.4s 354 (0.5461463563591096, 1.0)
15084.4s 355 test:
15095.9s 356 epoch: 69 accuracy 89.250%
15095.9s 357 epoch: 70 start
15095.9s 358 train:
15303.2s 359 (0.45414565926905404, 1.0)
15303.2s 360 test:
15314.9s 361 epoch: 70 accuracy 89.330%
15314.9s 362 epoch: 71 start
15314.9s 363 train:
15522.3s 364 (0.4365707526486897, 1.0)
15522.3s 365 test:
15533.9s 366 epoch: 71 accuracy 89.170%
15533.9s 367 epoch: 72 start
15533.9s 368 train:
15741.8s 369 (0.40030411437645697, 1.0)
15741.8s 370 test:
15753.3s 371 epoch: 72 accuracy 88.970%
15753.3s 372 epoch: 73 start
15753.3s 373 train:
15960.7s 374 (0.4859407169402785, 0.99998)
15960.7s 375 test:
15972.5s 376 epoch: 73 accuracy 89.130%
15972.5s 377 epoch: 74 start
15972.5s 378 train:
16180.0s 379 (0.3458730331209128, 1.0)
16180.0s 380 test:
16191.7s 381 epoch: 74 accuracy 89.270%
16191.7s 382 epoch: 75 start
16191.7s 383 train:
16399.4s 384 (0.3335049097388314, 1.0)
16399.4s 385 test:
16410.9s 386 epoch: 75 accuracy 89.350%
16410.9s 387 epoch: 76 start
16410.9s 388 train:
16618.7s 389 (0.3344216181412527, 1.0)
16618.7s 390 test:
16630.3s 391 epoch: 76 accuracy 89.200%
16630.3s 392 epoch: 77 start
16630.3s 393 train:
16837.9s 394 (0.3872212078080537, 1.0)
16837.9s 395 test:
16849.5s 396 epoch: 77 accuracy 89.270%
16849.5s 397 epoch: 78 start
16849.5s 398 train:
17056.4s 399 (0.28381710861005427, 1.0)
17056.4s 400 test:
17068.0s 401 epoch: 78 accuracy 89.270%
17068.0s 402 epoch: 79 start
17068.0s 403 train:
17275.0s 404 (0.30307666772280584, 1.0)
17275.1s 405 test:
17286.6s 406 epoch: 79 accuracy 89.190%
17286.6s 407 epoch: 80 start
17286.6s 408 train:
17493.2s 409 (0.3726604739173851, 1.0)
17493.2s 410 test:
17504.8s 411 epoch: 80 accuracy 89.140%
17504.8s 412 epoch: 81 start
17504.8s 413 train:
17711.3s 414 (0.35945934889692843, 0.99998)
17711.3s 415 test:
17723.0s 416 epoch: 81 accuracy 89.330%
17723.0s 417 epoch: 82 start
17723.0s 418 train:
17929.1s 419 (0.2684092689506219, 1.0)
17929.1s 420 test:
17940.6s 421 epoch: 82 accuracy 89.270%
17940.6s 422 epoch: 83 start
17940.6s 423 train:
18147.6s 424 (0.23279792698153656, 1.0)
18147.6s 425 test:
18159.1s 426 epoch: 83 accuracy 89.210%
18159.1s 427 epoch: 84 start
18159.1s 428 train:
18365.5s 429 (0.2589735167214613, 1.0)
18365.5s 430 test:
18377.1s 431 epoch: 84 accuracy 89.310%
18377.1s 432 epoch: 85 start
18377.1s 433 train:
18583.2s 434 (0.2033622711197367, 1.0)
18583.2s 435 test:
18594.8s 436 epoch: 85 accuracy 89.240%
18594.8s 437 epoch: 86 start
18594.8s 438 train:
18801.1s 439 (0.21471663402659047, 1.0)
18801.1s 440 test:
18812.6s 441 epoch: 86 accuracy 89.350%
18812.6s 442 epoch: 87 start
18812.6s 443 train:
19018.9s 444 (0.2715971061279845, 1.0)
19018.9s 445 test:
19030.6s 446 epoch: 87 accuracy 89.290%
19030.6s 447 epoch: 88 start
19030.6s 448 train:
19237.1s 449 (0.2368312411225304, 1.0)
19237.1s 450 test:
19248.7s 451 epoch: 88 accuracy 89.190%
19248.7s 452 epoch: 89 start
19248.7s 453 train:
19454.8s 454 (0.20523913930612991, 1.0)
19454.8s 455 test:
19466.3s 456 epoch: 89 accuracy 89.300%
19466.3s 457 epoch: 90 start
19466.3s 458 train:
19672.5s 459 (0.2735032149710239, 0.99998)
19672.5s 460 test:
19684.1s 461 epoch: 90 accuracy 89.220%
19684.1s 462 epoch: 91 start
19684.1s 463 train:
19890.2s 464 (0.2480666401614542, 1.0)
19890.2s 465 test:
19901.7s 466 epoch: 91 accuracy 89.250%
19901.7s 467 epoch: 92 start
19901.7s 468 train:
20107.9s 469 (0.3506884696870607, 1.0)
20107.9s 470 test:
20119.4s 471 epoch: 92 accuracy 89.110%
20119.4s 472 epoch: 93 start
20119.4s 473 train:
20326.1s 474 (0.2548062843204191, 1.0)
20326.1s 475 test:
20337.6s 476 epoch: 93 accuracy 89.240%
20337.6s 477 epoch: 94 start
20337.6s 478 train:
20544.2s 479 (0.1953043196686277, 1.0)
20544.2s 480 test:
20555.9s 481 epoch: 94 accuracy 89.200%
20555.9s 482 epoch: 95 start
20555.9s 483 train:
20762.1s 484 (0.1743649134105616, 1.0)
20762.1s 485 test:
20773.6s 486 epoch: 95 accuracy 89.320%
20773.6s 487 epoch: 96 start
20773.6s 488 train:
20980.2s 489 (0.16797367384415196, 1.0)
20980.2s 490 test:
20991.7s 491 epoch: 96 accuracy 89.250%
20991.7s 492 epoch: 97 start
20991.7s 493 train:
21198.5s 494 (0.1707759980423016, 1.0)
21198.5s 495 test:
21210.2s 496 epoch: 97 accuracy 89.100%
21210.2s 497 epoch: 98 start
21210.2s 498 train:
21416.7s 499 (0.1653719271801246, 1.0)
21416.7s 500 test:
21428.2s 501 epoch: 98 accuracy 89.290%
21428.2s 502 epoch: 99 start
21428.2s 503 train:
21634.5s 504 (0.25532448493860826, 1.0)
21634.5s 505 test:
21646.0s 506 epoch: 99 accuracy 89.240%
21646.0s 507 epoch: 100 start
21646.0s 508 train:
21852.4s 509 (0.16057095694663692, 1.0)
21852.4s 510 test:
21863.7s 511 epoch: 100 accuracy 89.330%
21863.7s 512 best accuracy: 89.350%
21863.7s 513 --------result report--------
21863.7s 514 best accuracy:89.350%
21863.7s 515 loss array:
21863.7s 516 5132.5026,3387.5065,2713.8471,2313.5468,2048.5979,1804.1026,1630.9231,1474.8848,1349.4813,1220.8228,1105.8047,1009.6685,909.2547,826.3902,735.4463,684.9224,595.3236,546.3473,490.7608,436.1205,383.1679,327.6016,302.7378,275.8719,242.8166,222.0819,198.9242,179.1062,146.1592,142.9729,136.2123,132.8818,104.0592,100.3107,112.8075,87.2007,93.7590,76.7353,68.8905,58.7832,57.1960,59.2539,53.2392,52.4677,44.7514,48.8191,49.2462,38.7180,42.2074,45.7610,37.9378,41.5847,31.7784,23.2627,16.1393,10.9314,11.0549,13.1833,12.5127,8.5439,5.8545,3.7733,2.7790,1.7020,1.3426,0.9296,1.1879,1.0945,0.5461,0.4541,0.4366,0.4003,0.4859,0.3459,0.3335,0.3344,0.3872,0.2838,0.3031,0.3727,0.3595,0.2684,0.2328,0.2590,0.2034,0.2147,0.2716,0.2368,0.2052,0.2735,0.2481,0.3507,0.2548,0.1953,0.1744,0.1680,0.1708,0.1654,0.2553,0.1606,
21863.7s 517 train accuracy array:
21863.7s 518 0.4371,0.6148,0.6954,0.7407,0.7727,0.8016,0.8192,0.8360,0.8503,0.8656,0.8768,0.8886,0.8977,0.9076,0.9189,0.9231,0.9343,0.9386,0.9438,0.9500,0.9568,0.9631,0.9652,0.9694,0.9734,0.9753,0.9777,0.9800,0.9839,0.9848,0.9854,0.9859,0.9887,0.9889,0.9865,0.9907,0.9898,0.9920,0.9925,0.9937,0.9938,0.9937,0.9943,0.9944,0.9953,0.9948,0.9947,0.9958,0.9956,0.9951,0.9959,0.9956,0.9967,0.9977,0.9984,0.9990,0.9989,0.9988,0.9988,0.9992,0.9995,0.9997,0.9999,0.9999,0.9999,1.0000,1.0000,1.0000,1.0000,1.0000,1.0000,1.0000,1.0000,1.0000,1.0000,1.0000,1.0000,1.0000,1.0000,1.0000,1.0000,1.0000,1.0000,1.0000,1.0000,1.0000,1.0000,1.0000,1.0000,1.0000,1.0000,1.0000,1.0000,1.0000,1.0000,1.0000,1.0000,1.0000,1.0000,1.0000,
21863.7s 519 accuracy array:
21863.7s 520 0.5737,0.6492,0.7050,0.7505,0.7632,0.7745,0.7950,0.8028,0.8285,0.8263,0.8359,0.8505,0.8367,0.8340,0.8450,0.8457,0.8507,0.8406,0.8513,0.8306,0.8586,0.8515,0.8522,0.8637,0.8569,0.8411,0.8700,0.8672,0.8575,0.8655,0.8595,0.8681,0.8665,0.8647,0.8723,0.8726,0.8740,0.8717,0.8701,0.8776,0.8684,0.8796,0.8786,0.8668,0.8746,0.8735,0.8749,0.8783,0.8791,0.8814,0.8807,0.8754,0.8703,0.8862,0.8808,0.8839,0.8788,0.8803,0.8836,0.8839,0.8887,0.8854,0.8869,0.8896,0.8878,0.8893,0.8898,0.8930,0.8925,0.8933,0.8917,0.8897,0.8913,0.8927,0.8935,0.8920,0.8927,0.8927,0.8919,0.8914,0.8933,0.8927,0.8921,0.8931,0.8924,0.8935,0.8929,0.8919,0.8930,0.8922,0.8925,0.8911,0.8924,0.8920,0.8932,0.8925,0.8910,0.8929,0.8924,0.8933,
21863.7s 521 -------------------------------
21863.7s 522 --------parameter report--------
21863.7s 523 batchSize:16    accuracy:0.893%
21863.7s 524 /opt/conda/lib/python3.7/site-packages/papermill/iorw.py:50: FutureWarning: pyarrow.HadoopFileSystem is deprecated as of 2.0.0, please use pyarrow.fs.HadoopFileSystem instead.
21863.7s 525 from pyarrow import HadoopFileSystem
21867.5s 526 /opt/conda/lib/python3.7/site-packages/traitlets/traitlets.py:2567: FutureWarning: --Exporter.preprocessors=["remove_papermill_header.RemovePapermillHeader"] for containers is deprecated in traitlets 5.0. You can pass `--Exporter.preprocessors item` ... multiple times to add items to a list.
21867.5s 527 FutureWarning,
21867.5s 528 [NbConvertApp] Converting notebook __notebook__.ipynb to notebook
21867.7s 529 [NbConvertApp] Writing 44646 bytes to __notebook__.ipynb
21870.0s 530 /opt/conda/lib/python3.7/site-packages/traitlets/traitlets.py:2567: FutureWarning: --Exporter.preprocessors=["nbconvert.preprocessors.ExtractOutputPreprocessor"] for containers is deprecated in traitlets 5.0. You can pass `--Exporter.preprocessors item` ... multiple times to add items to a list.
21870.0s 531 FutureWarning,
21870.0s 532 [NbConvertApp] Converting notebook __notebook__.ipynb to html
21870.5s 533 [NbConvertApp] Writing 359682 bytes to __results__.html