13.6s 1 --------parameter report--------
13.6s 2 learning rate:0.00500
13.6s 3 epoch:100
13.6s 4 train batch size:16
13.6s 5 test batch size:16
13.6s 6 model:resnet18
13.6s 7 optimizer:SGD
13.6s 8 -------------------------------
13.6s 9 Downloading https://www.cs.toronto.edu/~kriz/cifar-10-python.tar.gz to ../data/cifar-10-python.tar.gz
16.1s 10 Extracting ../data/cifar-10-python.tar.gz to ../data
18.6s 11 Files already downloaded and verified
21.9s 12 epoch: 1 start
21.9s 13 train:
233.8s 14 (5272.042210221291, 0.4549)
233.8s 15 test:
247.1s 16 epoch: 1 accuracy 55.660%
247.1s 17 epoch: 2 start
247.1s 18 train:
452.0s 19 (3434.298342704773, 0.61054)
452.0s 20 test:
465.3s 21 epoch: 2 accuracy 64.200%
465.3s 22 epoch: 3 start
465.3s 23 train:
670.0s 24 (2780.1791531443596, 0.68776)
670.0s 25 test:
683.4s 26 epoch: 3 accuracy 70.450%
683.4s 27 epoch: 4 start
683.4s 28 train:
888.1s 29 (2438.4989695847034, 0.72758)
888.1s 30 test:
901.4s 31 epoch: 4 accuracy 71.400%
901.4s 32 epoch: 5 start
901.4s 33 train:
1106.0s 34 (2177.052131347358, 0.75884)
1106.0s 35 test:
1119.2s 36 epoch: 5 accuracy 75.720%
1119.2s 37 epoch: 6 start
1119.2s 38 train:
1323.9s 39 (1978.8749444112182, 0.77972)
1323.9s 40 test:
1337.2s 41 epoch: 6 accuracy 74.590%
1337.2s 42 epoch: 7 start
1337.2s 43 train:
1542.7s 44 (1802.3798371106386, 0.7989)
1542.7s 45 test:
1556.0s 46 epoch: 7 accuracy 79.330%
1556.0s 47 epoch: 8 start
1556.0s 48 train:
1760.6s 49 (1650.388323277235, 0.81824)
1760.6s 50 test:
1773.9s 51 epoch: 8 accuracy 78.370%
1773.9s 52 epoch: 9 start
1773.9s 53 train:
1978.4s 54 (1515.6826827991754, 0.83312)
1978.4s 55 test:
1991.7s 56 epoch: 9 accuracy 80.030%
1991.7s 57 epoch: 10 start
1991.7s 58 train:
2196.7s 59 (1393.6564899496734, 0.84518)
2196.7s 60 test:
2210.0s 61 epoch: 10 accuracy 79.390%
2210.0s 62 epoch: 11 start
2210.0s 63 train:
2414.9s 64 (1278.536288233474, 0.85972)
2414.9s 65 test:
2428.3s 66 epoch: 11 accuracy 80.160%
2428.3s 67 epoch: 12 start
2428.3s 68 train:
2633.0s 69 (1171.5893405675888, 0.87078)
2633.0s 70 test:
2646.3s 71 epoch: 12 accuracy 83.100%
2646.3s 72 epoch: 13 start
2646.3s 73 train:
2850.9s 74 (1087.0996919963509, 0.88048)
2850.9s 75 test:
2864.3s 76 epoch: 13 accuracy 81.570%
2864.3s 77 epoch: 14 start
2864.3s 78 train:
3068.9s 79 (998.5003963303752, 0.8896)
3068.9s 80 test:
3082.3s 81 epoch: 14 accuracy 81.260%
3082.3s 82 epoch: 15 start
3082.3s 83 train:
3287.0s 84 (918.5282540675253, 0.8993)
3287.0s 85 test:
3300.3s 86 epoch: 15 accuracy 82.800%
3300.3s 87 epoch: 16 start
3300.3s 88 train:
3505.3s 89 (841.1832844112068, 0.90616)
3505.3s 90 test:
3518.6s 91 epoch: 16 accuracy 82.720%
3518.6s 92 epoch: 17 start
3518.6s 93 train:
3723.8s 94 (771.5386195718311, 0.9134)
3723.8s 95 test:
3737.1s 96 epoch: 17 accuracy 83.420%
3737.1s 97 epoch: 18 start
3737.1s 98 train:
3941.7s 99 (705.9322377275676, 0.92038)
3941.7s 100 test:
3955.0s 101 epoch: 18 accuracy 83.410%
3955.0s 102 epoch: 19 start
3955.0s 103 train:
4159.6s 104 (641.9075083658099, 0.92842)
4159.6s 105 test:
4172.9s 106 epoch: 19 accuracy 82.290%
4172.9s 107 epoch: 20 start
4172.9s 108 train:
4378.1s 109 (586.951300383429, 0.93292)
4378.1s 110 test:
4391.4s 111 epoch: 20 accuracy 82.760%
4391.4s 112 epoch: 21 start
4391.4s 113 train:
4596.9s 114 (536.2898270456353, 0.94024)
4596.9s 115 test:
4610.4s 116 epoch: 21 accuracy 83.690%
4610.4s 117 epoch: 22 start
4610.4s 118 train:
4816.0s 119 (484.9969964196207, 0.94594)
4816.0s 120 test:
4829.3s 121 epoch: 22 accuracy 85.030%
4829.3s 122 epoch: 23 start
4829.3s 123 train:
5035.0s 124 (451.5305957994424, 0.94838)
5035.0s 125 test:
5048.4s 126 epoch: 23 accuracy 84.600%
5048.4s 127 epoch: 24 start
5048.4s 128 train:
5254.0s 129 (409.08080672309734, 0.95358)
5254.0s 130 test:
5267.2s 131 epoch: 24 accuracy 84.450%
5267.2s 132 epoch: 25 start
5267.2s 133 train:
5473.0s 134 (362.2237877489533, 0.96002)
5473.0s 135 test:
5486.3s 136 epoch: 25 accuracy 85.000%
5486.3s 137 epoch: 26 start
5486.3s 138 train:
5692.3s 139 (336.18732314466615, 0.96092)
5692.3s 140 test:
5705.6s 141 epoch: 26 accuracy 85.070%
5705.6s 142 epoch: 27 start
5705.6s 143 train:
5911.8s 144 (303.89339744206336, 0.9658)
5911.8s 145 test:
5925.1s 146 epoch: 27 accuracy 85.410%
5925.1s 147 epoch: 28 start
5925.1s 148 train:
6130.7s 149 (277.73522388280253, 0.96868)
6130.7s 150 test:
6144.1s 151 epoch: 28 accuracy 84.950%
6144.1s 152 epoch: 29 start
6144.1s 153 train:
6349.7s 154 (236.50129946772358, 0.9739)
6349.7s 155 test:
6363.0s 156 epoch: 29 accuracy 85.390%
6363.0s 157 epoch: 30 start
6363.0s 158 train:
6568.9s 159 (225.6501564144819, 0.97468)
6568.9s 160 test:
6582.2s 161 epoch: 30 accuracy 85.800%
6582.2s 162 epoch: 31 start
6582.2s 163 train:
6787.9s 164 (190.01755523520114, 0.97878)
6787.9s 165 test:
6801.2s 166 epoch: 31 accuracy 85.430%
6801.2s 167 epoch: 32 start
6801.2s 168 train:
7007.1s 169 (182.3154298325062, 0.97926)
7007.1s 170 test:
7020.4s 171 epoch: 32 accuracy 85.690%
7020.4s 172 epoch: 33 start
7020.4s 173 train:
7226.0s 174 (160.91598795897153, 0.9823)
7226.0s 175 test:
7239.4s 176 epoch: 33 accuracy 85.780%
7239.4s 177 epoch: 34 start
7239.4s 178 train:
7445.2s 179 (136.36745835510374, 0.9846)
7445.2s 180 test:
7458.6s 181 epoch: 34 accuracy 85.700%
7458.6s 182 epoch: 35 start
7458.6s 183 train:
7664.3s 184 (128.4355513646933, 0.9858)
7664.3s 185 test:
7677.6s 186 epoch: 35 accuracy 85.920%
7677.6s 187 epoch: 36 start
7677.6s 188 train:
7883.7s 189 (128.46258611580924, 0.9853)
7883.7s 190 test:
7897.0s 191 epoch: 36 accuracy 86.090%
7897.0s 192 epoch: 37 start
7897.0s 193 train:
8102.8s 194 (113.203796966136, 0.98802)
8102.8s 195 test:
8116.2s 196 epoch: 37 accuracy 86.590%
8116.2s 197 epoch: 38 start
8116.2s 198 train:
8321.9s 199 (96.6138746479055, 0.98978)
8321.9s 200 test:
8335.3s 201 epoch: 38 accuracy 86.390%
8335.3s 202 epoch: 39 start
8335.3s 203 train:
8541.2s 204 (91.68085145227087, 0.99042)
8541.2s 205 test:
8554.5s 206 epoch: 39 accuracy 85.650%
8554.5s 207 epoch: 40 start
8554.5s 208 train:
8760.5s 209 (83.15807246627082, 0.99144)
8760.5s 210 test:
8773.7s 211 epoch: 40 accuracy 86.910%
8773.7s 212 epoch: 41 start
8773.7s 213 train:
8979.5s 214 (62.256315883751995, 0.99366)
8979.5s 215 test:
8992.8s 216 epoch: 41 accuracy 87.080%
8992.8s 217 epoch: 42 start
8992.8s 218 train:
9198.6s 219 (50.10576746502102, 0.99494)
9198.6s 220 test:
9211.9s 221 epoch: 42 accuracy 87.120%
9211.9s 222 epoch: 43 start
9211.9s 223 train:
9417.5s 224 (42.31135439628724, 0.99632)
9417.5s 225 test:
9430.8s 226 epoch: 43 accuracy 86.810%
9430.8s 227 epoch: 44 start
9430.8s 228 train:
9636.5s 229 (38.90972810998983, 0.99646)
9636.5s 230 test:
9649.8s 231 epoch: 44 accuracy 86.790%
9649.8s 232 epoch: 45 start
9649.8s 233 train:
9855.5s 234 (45.9216909657257, 0.9957)
9855.5s 235 test:
9868.9s 236 epoch: 45 accuracy 86.290%
9868.9s 237 epoch: 46 start
9868.9s 238 train:
10074.7s 239 (38.532625501026814, 0.9963)
10074.7s 240 test:
10088.1s 241 epoch: 46 accuracy 86.860%
10088.1s 242 epoch: 47 start
10088.1s 243 train:
10293.8s 244 (30.31077130676522, 0.99718)
10293.8s 245 test:
10307.1s 246 epoch: 47 accuracy 85.880%
10307.1s 247 epoch: 48 start
10307.1s 248 train:
10513.3s 249 (28.08165728816539, 0.99746)
10513.3s 250 test:
10526.6s 251 epoch: 48 accuracy 86.860%
10526.6s 252 epoch: 49 start
10526.6s 253 train:
10732.6s 254 (14.72319150550004, 0.99902)
10732.6s 255 test:
10745.8s 256 epoch: 49 accuracy 87.260%
10745.8s 257 epoch: 50 start
10745.8s 258 train:
10951.6s 259 (15.97044242908305, 0.9988)
10951.6s 260 test:
10964.9s 261 epoch: 50 accuracy 86.940%
10964.9s 262 epoch: 51 start
10964.9s 263 train:
11170.8s 264 (24.65985484088469, 0.9976)
11170.8s 265 test:
11184.1s 266 epoch: 51 accuracy 87.020%
11184.1s 267 epoch: 52 start
11184.1s 268 train:
11390.0s 269 (15.108984331298927, 0.99922)
11390.0s 270 test:
11403.3s 271 epoch: 52 accuracy 87.540%
11403.3s 272 epoch: 53 start
11403.3s 273 train:
11609.2s 274 (12.898154794200764, 0.99922)
11609.2s 275 test:
11622.5s 276 epoch: 53 accuracy 87.050%
11622.5s 277 epoch: 54 start
11622.5s 278 train:
11828.2s 279 (6.159782887677693, 0.99976)
11828.2s 280 test:
11841.6s 281 epoch: 54 accuracy 87.710%
11841.6s 282 epoch: 55 start
11841.6s 283 train:
12046.8s 284 (5.865660069191222, 0.99976)
12046.8s 285 test:
12060.0s 286 epoch: 55 accuracy 87.720%
12060.0s 287 epoch: 56 start
12060.0s 288 train:
12265.0s 289 (4.38432340510758, 0.99986)
12265.0s 290 test:
12278.3s 291 epoch: 56 accuracy 88.130%
12278.3s 292 epoch: 57 start
12278.3s 293 train:
12482.9s 294 (3.890763623866178, 0.99992)
12482.9s 295 test:
12496.1s 296 epoch: 57 accuracy 87.980%
12496.1s 297 epoch: 58 start
12496.1s 298 train:
12700.9s 299 (3.6698577575120908, 0.9999)
12700.9s 300 test:
12714.2s 301 epoch: 58 accuracy 88.180%
12714.2s 302 epoch: 59 start
12714.2s 303 train:
12918.9s 304 (3.0647932555518764, 0.99988)
12918.9s 305 test:
12932.1s 306 epoch: 59 accuracy 87.860%
12932.1s 307 epoch: 60 start
12932.1s 308 train:
13137.0s 309 (2.9884533276589877, 0.9999)
13137.0s 310 test:
13150.3s 311 epoch: 60 accuracy 88.130%
13150.3s 312 epoch: 61 start
13150.3s 313 train:
13355.5s 314 (2.900446276114849, 0.99988)
13355.5s 315 test:
13368.7s 316 epoch: 61 accuracy 88.180%
13368.7s 317 epoch: 62 start
13368.7s 318 train:
13573.7s 319 (2.572617954121597, 0.99996)
13573.7s 320 test:
13587.0s 321 epoch: 62 accuracy 88.200%
13587.0s 322 epoch: 63 start
13587.0s 323 train:
13791.6s 324 (3.3413209449507804, 0.99984)
13791.6s 325 test:
13805.0s 326 epoch: 63 accuracy 88.060%
13805.0s 327 epoch: 64 start
13805.0s 328 train:
14009.7s 329 (2.318122851040698, 0.99996)
14009.7s 330 test:
14023.0s 331 epoch: 64 accuracy 88.140%
14023.0s 332 epoch: 65 start
14023.0s 333 train:
14227.6s 334 (1.9304328535222908, 0.99998)
14227.6s 335 test:
14240.9s 336 epoch: 65 accuracy 87.990%
14240.9s 337 epoch: 66 start
14240.9s 338 train:
14445.7s 339 (2.1722589443144216, 0.99994)
14445.7s 340 test:
14459.0s 341 epoch: 66 accuracy 88.130%
14459.0s 342 epoch: 67 start
14459.0s 343 train:
14663.6s 344 (2.100620254359683, 0.99998)
14663.6s 345 test:
14676.8s 346 epoch: 67 accuracy 88.200%
14676.8s 347 epoch: 68 start
14676.8s 348 train:
14881.5s 349 (1.5811571933239748, 1.0)
14881.5s 350 test:
14894.7s 351 epoch: 68 accuracy 88.190%
14894.7s 352 epoch: 69 start
14894.7s 353 train:
15099.8s 354 (1.7716058201987437, 0.99998)
15099.8s 355 test:
15113.0s 356 epoch: 69 accuracy 88.290%
15113.0s 357 epoch: 70 start
15113.0s 358 train:
15318.0s 359 (1.7779770510253456, 0.99998)
15318.0s 360 test:
15331.5s 361 epoch: 70 accuracy 88.360%
15331.5s 362 epoch: 71 start
15331.5s 363 train:
15536.5s 364 (1.5352859397586371, 0.99998)
15536.5s 365 test:
15549.8s 366 epoch: 71 accuracy 88.210%
15549.8s 367 epoch: 72 start
15549.8s 368 train:
15754.4s 369 (1.2365776271156506, 1.0)
15754.4s 370 test:
15767.7s 371 epoch: 72 accuracy 88.440%
15767.7s 372 epoch: 73 start
15767.7s 373 train:
15972.3s 374 (1.1757983591119228, 0.99998)
15972.3s 375 test:
15985.6s 376 epoch: 73 accuracy 88.420%
15985.6s 377 epoch: 74 start
15985.6s 378 train:
16190.4s 379 (1.088937524010646, 1.0)
16190.4s 380 test:
16203.7s 381 epoch: 74 accuracy 88.320%
16203.7s 382 epoch: 75 start
16203.7s 383 train:
16408.3s 384 (1.853138941803195, 0.9999)
16408.3s 385 test:
16421.5s 386 epoch: 75 accuracy 88.270%
16421.5s 387 epoch: 76 start
16421.5s 388 train:
16626.3s 389 (1.34310869638648, 1.0)
16626.3s 390 test:
16639.5s 391 epoch: 76 accuracy 88.370%
16639.5s 392 epoch: 77 start
16639.5s 393 train:
16844.1s 394 (2.2942564713258626, 0.99988)
16844.1s 395 test:
16857.4s 396 epoch: 77 accuracy 87.640%
16857.4s 397 epoch: 78 start
16857.4s 398 train:
17062.0s 399 (1.8208820404199173, 0.99992)
17062.0s 400 test:
17075.3s 401 epoch: 78 accuracy 87.970%
17075.3s 402 epoch: 79 start
17075.3s 403 train:
17280.3s 404 (1.50307637361729, 0.99998)
17280.3s 405 test:
17293.5s 406 epoch: 79 accuracy 88.310%
17293.5s 407 epoch: 80 start
17293.5s 408 train:
17498.4s 409 (0.9653579518115407, 1.0)
17498.4s 410 test:
17511.6s 411 epoch: 80 accuracy 88.250%
17511.6s 412 epoch: 81 start
17511.6s 413 train:
17716.3s 414 (1.0230738867921616, 1.0)
17716.3s 415 test:
17729.6s 416 epoch: 81 accuracy 88.260%
17729.6s 417 epoch: 82 start
17729.6s 418 train:
17934.2s 419 (1.1150406592589661, 0.99998)
17934.2s 420 test:
17947.6s 421 epoch: 82 accuracy 88.290%
17947.6s 422 epoch: 83 start
17947.6s 423 train:
18152.4s 424 (1.0704610055199737, 0.99998)
18152.4s 425 test:
18165.6s 426 epoch: 83 accuracy 88.310%
18165.6s 427 epoch: 84 start
18165.6s 428 train:
18370.4s 429 (0.9444417088533754, 1.0)
18370.4s 430 test:
18383.7s 431 epoch: 84 accuracy 88.270%
18383.7s 432 epoch: 85 start
18383.7s 433 train:
18588.3s 434 (0.8987583717485279, 1.0)
18588.3s 435 test:
18601.5s 436 epoch: 85 accuracy 88.240%
18601.5s 437 epoch: 86 start
18601.5s 438 train:
18806.5s 439 (1.0034251090207817, 1.0)
18806.5s 440 test:
18819.8s 441 epoch: 86 accuracy 88.280%
18819.8s 442 epoch: 87 start
18819.8s 443 train:
19024.5s 444 (0.72995986122055, 1.0)
19024.5s 445 test:
19037.7s 446 epoch: 87 accuracy 88.420%
19037.7s 447 epoch: 88 start
19037.7s 448 train:
19242.4s 449 (0.7992485237839446, 1.0)
19242.4s 450 test:
19255.6s 451 epoch: 88 accuracy 88.300%
19255.6s 452 epoch: 89 start
19255.6s 453 train:
19460.3s 454 (0.734862678565321, 1.0)
19460.3s 455 test:
19473.6s 456 epoch: 89 accuracy 88.450%
19473.6s 457 epoch: 90 start
19473.6s 458 train:
19678.2s 459 (0.5861440606801125, 1.0)
19678.2s 460 test:
19691.4s 461 epoch: 90 accuracy 88.540%
19691.4s 462 epoch: 91 start
19691.4s 463 train:
19896.1s 464 (0.799803306322886, 1.0)
19896.1s 465 test:
19909.3s 466 epoch: 91 accuracy 88.290%
19909.3s 467 epoch: 92 start
19909.3s 468 train:
20113.9s 469 (1.4800533967838305, 0.9999)
20113.9s 470 test:
20127.1s 471 epoch: 92 accuracy 88.230%
20127.1s 472 epoch: 93 start
20127.1s 473 train:
20332.0s 474 (0.786421611775296, 1.0)
20332.0s 475 test:
20345.2s 476 epoch: 93 accuracy 88.160%
20345.2s 477 epoch: 94 start
20345.2s 478 train:
20550.0s 479 (0.7339278438499264, 1.0)
20550.0s 480 test:
20563.2s 481 epoch: 94 accuracy 88.320%
20563.2s 482 epoch: 95 start
20563.2s 483 train:
20767.8s 484 (0.7484608544049678, 1.0)
20767.8s 485 test:
20781.1s 486 epoch: 95 accuracy 88.110%
20781.1s 487 epoch: 96 start
20781.1s 488 train:
20985.8s 489 (0.669047265929045, 1.0)
20985.8s 490 test:
20999.0s 491 epoch: 96 accuracy 88.210%
20999.0s 492 epoch: 97 start
20999.0s 493 train:
21203.8s 494 (0.6464210061930835, 1.0)
21203.8s 495 test:
21217.0s 496 epoch: 97 accuracy 88.240%
21217.0s 497 epoch: 98 start
21217.0s 498 train:
21421.7s 499 (0.5673950567575048, 1.0)
21421.7s 500 test:
21435.0s 501 epoch: 98 accuracy 88.560%
21435.0s 502 epoch: 99 start
21435.0s 503 train:
21639.6s 504 (0.583938950953069, 1.0)
21639.6s 505 test:
21652.9s 506 epoch: 99 accuracy 88.340%
21652.9s 507 epoch: 100 start
21652.9s 508 train:
21857.6s 509 (0.7853913532307502, 0.99998)
21857.6s 510 test:
21870.8s 511 epoch: 100 accuracy 88.310%
21870.8s 512 best accuracy: 88.560%
21870.8s 513 --------result report--------
21870.8s 514 best accuracy:88.560%
21870.8s 515 loss array:
21870.8s 516 5272.0422,3434.2983,2780.1792,2438.4990,2177.0521,1978.8749,1802.3798,1650.3883,1515.6827,1393.6565,1278.5363,1171.5893,1087.0997,998.5004,918.5283,841.1833,771.5386,705.9322,641.9075,586.9513,536.2898,484.9970,451.5306,409.0808,362.2238,336.1873,303.8934,277.7352,236.5013,225.6502,190.0176,182.3154,160.9160,136.3675,128.4356,128.4626,113.2038,96.6139,91.6809,83.1581,62.2563,50.1058,42.3114,38.9097,45.9217,38.5326,30.3108,28.0817,14.7232,15.9704,24.6599,15.1090,12.8982,6.1598,5.8657,4.3843,3.8908,3.6699,3.0648,2.9885,2.9004,2.5726,3.3413,2.3181,1.9304,2.1723,2.1006,1.5812,1.7716,1.7780,1.5353,1.2366,1.1758,1.0889,1.8531,1.3431,2.2943,1.8209,1.5031,0.9654,1.0231,1.1150,1.0705,0.9444,0.8988,1.0034,0.7300,0.7992,0.7349,0.5861,0.7998,1.4801,0.7864,0.7339,0.7485,0.6690,0.6464,0.5674,0.5839,0.7854,
21870.8s 517 train accuracy array:
21870.8s 518 0.4549,0.6105,0.6878,0.7276,0.7588,0.7797,0.7989,0.8182,0.8331,0.8452,0.8597,0.8708,0.8805,0.8896,0.8993,0.9062,0.9134,0.9204,0.9284,0.9329,0.9402,0.9459,0.9484,0.9536,0.9600,0.9609,0.9658,0.9687,0.9739,0.9747,0.9788,0.9793,0.9823,0.9846,0.9858,0.9853,0.9880,0.9898,0.9904,0.9914,0.9937,0.9949,0.9963,0.9965,0.9957,0.9963,0.9972,0.9975,0.9990,0.9988,0.9976,0.9992,0.9992,0.9998,0.9998,0.9999,0.9999,0.9999,0.9999,0.9999,0.9999,1.0000,0.9998,1.0000,1.0000,0.9999,1.0000,1.0000,1.0000,1.0000,1.0000,1.0000,1.0000,1.0000,0.9999,1.0000,0.9999,0.9999,1.0000,1.0000,1.0000,1.0000,1.0000,1.0000,1.0000,1.0000,1.0000,1.0000,1.0000,1.0000,1.0000,0.9999,1.0000,1.0000,1.0000,1.0000,1.0000,1.0000,1.0000,1.0000,
21870.8s 519 accuracy array:
21870.8s 520 0.5566,0.6420,0.7045,0.7140,0.7572,0.7459,0.7933,0.7837,0.8003,0.7939,0.8016,0.8310,0.8157,0.8126,0.8280,0.8272,0.8342,0.8341,0.8229,0.8276,0.8369,0.8503,0.8460,0.8445,0.8500,0.8507,0.8541,0.8495,0.8539,0.8580,0.8543,0.8569,0.8578,0.8570,0.8592,0.8609,0.8659,0.8639,0.8565,0.8691,0.8708,0.8712,0.8681,0.8679,0.8629,0.8686,0.8588,0.8686,0.8726,0.8694,0.8702,0.8754,0.8705,0.8771,0.8772,0.8813,0.8798,0.8818,0.8786,0.8813,0.8818,0.8820,0.8806,0.8814,0.8799,0.8813,0.8820,0.8819,0.8829,0.8836,0.8821,0.8844,0.8842,0.8832,0.8827,0.8837,0.8764,0.8797,0.8831,0.8825,0.8826,0.8829,0.8831,0.8827,0.8824,0.8828,0.8842,0.8830,0.8845,0.8854,0.8829,0.8823,0.8816,0.8832,0.8811,0.8821,0.8824,0.8856,0.8834,0.8831,
21870.8s 521 -------------------------------
21870.8s 522 --------parameter report--------
21870.8s 523 learning rate:0.00500
21870.8s 524 epoch:100
21870.8s 525 train batch size:32
21870.8s 526 test batch size:32
21870.8s 527 model:resnet18
21870.8s 528 optimizer:SGD
21870.8s 529 -------------------------------
21871.2s 530 Files already downloaded and verified
21872.0s 531 Files already downloaded and verified
21872.6s 532 epoch: 1 start
21872.6s 533 train:
22066.5s 534 (2803.8187597990036, 0.43526)
22066.5s 535 test:
22079.2s 536 epoch: 1 accuracy 47.890%
22079.2s 537 epoch: 2 start
22079.2s 538 train:
22271.9s 539 (1826.7089948952198, 0.58444)
22271.9s 540 test:
22284.5s 541 epoch: 2 accuracy 62.170%
22284.5s 542 epoch: 3 start
22284.5s 543 train:
22477.7s 544 (1554.1893276274204, 0.65022)
22477.7s 545 test:
22490.4s 546 epoch: 3 accuracy 59.610%
22490.4s 547 epoch: 4 start
22490.4s 548 train:
22683.7s 549 (1351.9410876631737, 0.6994)
22683.7s 550 test:
22696.2s 551 epoch: 4 accuracy 66.230%
22696.2s 552 epoch: 5 start
22696.2s 553 train:
22889.3s 554 (1214.8948922753334, 0.73072)
22889.3s 555 test:
22901.9s 556 epoch: 5 accuracy 68.240%
22901.9s 557 epoch: 6 start
22901.9s 558 train:
23095.1s 559 (1111.488181233406, 0.75318)
23095.1s 560 test:
23107.6s 561 epoch: 6 accuracy 72.580%
23107.6s 562 epoch: 7 start
23107.6s 563 train:
23300.4s 564 (1030.0393695384264, 0.7737)
23300.4s 565 test:
23312.9s 566 epoch: 7 accuracy 73.840%
23312.9s 567 epoch: 8 start
23312.9s 568 train:
23505.5s 569 (953.5795939266682, 0.78942)
23505.5s 570 test:
23518.1s 571 epoch: 8 accuracy 70.590%
23518.1s 572 epoch: 9 start
23518.1s 573 train:
23710.8s 574 (885.9674645066261, 0.80402)
23710.8s 575 test:
23723.5s 576 epoch: 9 accuracy 75.820%
23723.5s 577 epoch: 10 start
23723.5s 578 train:
23916.1s 579 (827.1733035296202, 0.81606)
23916.1s 580 test:
23928.7s 581 epoch: 10 accuracy 60.540%
23928.7s 582 epoch: 11 start
23928.7s 583 train:
24121.7s 584 (769.7032478824258, 0.83108)
24121.7s 585 test:
24134.3s 586 epoch: 11 accuracy 78.220%
24134.3s 587 epoch: 12 start
24134.3s 588 train:
24327.2s 589 (728.4640355855227, 0.8398)
24327.2s 590 test:
24339.9s 591 epoch: 12 accuracy 78.930%
24339.9s 592 epoch: 13 start
24339.9s 593 train:
24532.7s 594 (667.2237985171378, 0.85228)
24532.7s 595 test:
24545.3s 596 epoch: 13 accuracy 78.210%
24545.3s 597 epoch: 14 start
24545.3s 598 train:
24738.0s 599 (623.4806743040681, 0.86248)
24738.0s 600 test:
24750.6s 601 epoch: 14 accuracy 77.630%
24750.6s 602 epoch: 15 start
24750.6s 603 train:
24943.9s 604 (572.8672642149031, 0.87262)
24943.9s 605 test:
24956.6s 606 epoch: 15 accuracy 77.010%
24956.6s 607 epoch: 16 start
24956.6s 608 train:
25150.2s 609 (541.6875317543745, 0.87966)
25150.2s 610 test:
25162.8s 611 epoch: 16 accuracy 76.440%
25162.8s 612 epoch: 17 start
25162.8s 613 train:
25356.3s 614 (506.70416282117367, 0.88592)
25356.3s 615 test:
25368.9s 616 epoch: 17 accuracy 73.770%
25368.9s 617 epoch: 18 start
25368.9s 618 train:
25562.3s 619 (467.663794381544, 0.8957)
25562.3s 620 test:
25575.0s 621 epoch: 18 accuracy 70.480%
25575.0s 622 epoch: 19 start
25575.0s 623 train:
25768.4s 624 (428.19050096161664, 0.90574)
25768.4s 625 test:
25781.1s 626 epoch: 19 accuracy 80.420%
25781.1s 627 epoch: 20 start
25781.1s 628 train:
25974.5s 629 (394.4496463704854, 0.91282)
25974.5s 630 test:
25987.2s 631 epoch: 20 accuracy 81.540%
25987.2s 632 epoch: 21 start
25987.2s 633 train:
26180.6s 634 (365.42834616452456, 0.91844)
26180.6s 635 test:
26193.3s 636 epoch: 21 accuracy 80.930%
26193.3s 637 epoch: 22 start
26193.3s 638 train:
26386.7s 639 (330.36470419354737, 0.92574)
26386.7s 640 test:
26399.4s 641 epoch: 22 accuracy 78.410%
26399.4s 642 epoch: 23 start
26399.4s 643 train:
26593.0s 644 (305.11429673433304, 0.93132)
26593.0s 645 test:
26605.7s 646 epoch: 23 accuracy 80.060%
26605.7s 647 epoch: 24 start
26605.7s 648 train:
26799.3s 649 (278.56562540493906, 0.93686)
26799.3s 650 test:
26812.0s 651 epoch: 24 accuracy 67.110%
26812.0s 652 epoch: 25 start
26812.0s 653 train:
27005.4s 654 (250.5299779139459, 0.94372)
27005.4s 655 test:
27018.2s 656 epoch: 25 accuracy 82.010%
27018.2s 657 epoch: 26 start
27018.2s 658 train:
27211.8s 659 (219.09074996318668, 0.95126)
27211.8s 660 test:
27224.5s 661 epoch: 26 accuracy 83.620%
27224.5s 662 epoch: 27 start
27224.5s 663 train:
27418.2s 664 (187.41514588566497, 0.95752)
27418.3s 665 test:
27430.8s 666 epoch: 27 accuracy 77.090%
27430.8s 667 epoch: 28 start
27430.8s 668 train:
27624.8s 669 (179.73028024286032, 0.96018)
27624.8s 670 test:
27637.5s 671 epoch: 28 accuracy 75.910%
27637.5s 672 epoch: 29 start
27637.5s 673 train:
27831.7s 674 (152.9935092907399, 0.96716)
27831.7s 675 test:
27844.4s 676 epoch: 29 accuracy 82.290%
27844.4s 677 epoch: 30 start
27844.4s 678 train:
28038.3s 679 (127.9908081733156, 0.97298)
28038.3s 680 test:
28051.0s 681 epoch: 30 accuracy 84.060%
28051.0s 682 epoch: 31 start
28051.0s 683 train:
28244.9s 684 (112.59215231612325, 0.97596)
28244.9s 685 test:
28257.6s 686 epoch: 31 accuracy 82.820%
28257.6s 687 epoch: 32 start
28257.6s 688 train:
28451.5s 689 (101.78415441978723, 0.97968)
28451.5s 690 test:
28464.3s 691 epoch: 32 accuracy 84.080%
28464.3s 692 epoch: 33 start
28464.3s 693 train:
28658.2s 694 (89.79302774579264, 0.98234)
28658.2s 695 test:
28670.9s 696 epoch: 33 accuracy 84.100%
28670.9s 697 epoch: 34 start
28670.9s 698 train:
28864.8s 699 (79.1695784208132, 0.98468)
28864.8s 700 test:
28877.5s 701 epoch: 34 accuracy 84.370%
28877.5s 702 epoch: 35 start
28877.5s 703 train:
29071.4s 704 (55.644340817816556, 0.99026)
29071.4s 705 test:
29084.1s 706 epoch: 35 accuracy 84.470%
29084.1s 707 epoch: 36 start
29084.1s 708 train:
29278.1s 709 (58.96552794333547, 0.98874)
29278.1s 710 test:
29290.8s 711 epoch: 36 accuracy 82.350%
29290.8s 712 epoch: 37 start
29290.8s 713 train:
29484.6s 714 (45.94465455372119, 0.99242)
29484.6s 715 test:
29497.4s 716 epoch: 37 accuracy 84.600%
29497.4s 717 epoch: 38 start
29497.4s 718 train:
29691.3s 719 (37.35464181820862, 0.99412)
29691.3s 720 test:
29704.1s 721 epoch: 38 accuracy 85.360%
29704.1s 722 epoch: 39 start
29704.1s 723 train:
29897.9s 724 (32.76269917638274, 0.99538)
29897.9s 725 test:
29910.6s 726 epoch: 39 accuracy 85.570%
29910.6s 727 epoch: 40 start
29910.6s 728 train:
30104.8s 729 (30.495276776200626, 0.99544)
30104.8s 730 test:
30117.5s 731 epoch: 40 accuracy 85.400%
30117.5s 732 epoch: 41 start
30117.5s 733 train:
30311.5s 734 (23.386169911100296, 0.99722)
30311.5s 735 test:
30324.2s 736 epoch: 41 accuracy 85.510%
30324.2s 737 epoch: 42 start
30324.2s 738 train:
30517.9s 739 (18.380237379518803, 0.99818)
30517.9s 740 test:
30530.5s 741 epoch: 42 accuracy 85.800%
30530.5s 742 epoch: 43 start
30530.5s 743 train:
30724.3s 744 (17.75884450718877, 0.99832)
30724.3s 745 test:
30736.9s 746 epoch: 43 accuracy 85.790%
30736.9s 747 epoch: 44 start
30736.9s 748 train:
30930.7s 749 (14.569268990162527, 0.9988)
30930.7s 750 test:
30943.5s 751 epoch: 44 accuracy 84.550%
30943.5s 752 epoch: 45 start
30943.5s 753 train:
31137.1s 754 (15.331429700920125, 0.99838)
31137.1s 755 test:
31149.7s 756 epoch: 45 accuracy 85.880%
31149.7s 757 epoch: 46 start
31149.7s 758 train:
31343.5s 759 (13.313566760072717, 0.99892)
31343.5s 760 test:
31356.2s 761 epoch: 46 accuracy 85.450%
31356.2s 762 epoch: 47 start
31356.2s 763 train:
31549.9s 764 (11.925919770059409, 0.9992)
31549.9s 765 test:
31562.5s 766 epoch: 47 accuracy 86.140%
31562.5s 767 epoch: 48 start
31562.5s 768 train:
31755.9s 769 (10.73448165980517, 0.9994)
31755.9s 770 test:
31768.5s 771 epoch: 48 accuracy 86.230%
31768.5s 772 epoch: 49 start
31768.5s 773 train:
31961.8s 774 (8.280167473727488, 0.99968)
31961.8s 775 test:
31974.5s 776 epoch: 49 accuracy 83.670%
31974.5s 777 epoch: 50 start
31974.5s 778 train:
32167.9s 779 (8.41611760033993, 0.99956)
32167.9s 780 test:
32180.5s 781 epoch: 50 accuracy 86.320%
32180.5s 782 epoch: 51 start
32180.5s 783 train:
32373.8s 784 (8.143823979131412, 0.99954)
32373.8s 785 test:
32386.5s 786 epoch: 51 accuracy 85.790%
32386.5s 787 epoch: 52 start
32386.5s 788 train: