16.7s 1 --------parameter report--------
16.7s 2 learning rate:0.00600
16.7s 3 epoch:100
16.7s 4 train batch size:16
16.7s 5 test batch size:16
16.7s 6 model:resnet18
16.7s 7 optimizer:SGD
16.7s 8 -------------------------------
17.1s 9 Downloading https://www.cs.toronto.edu/~kriz/cifar-10-python.tar.gz to ../data/cifar-10-python.tar.gz
24.0s 10 Extracting ../data/cifar-10-python.tar.gz to ../data
27.4s 11 Files already downloaded and verified
31.4s 12 epoch: 1 start
31.4s 13 train:
262.1s 14 (5112.770047903061, 0.44384)
262.1s 15 test:
276.1s 16 epoch: 1 accuracy 57.430%
276.1s 17 epoch: 2 start
276.1s 18 train:
499.3s 19 (3402.964981853962, 0.61366)
499.3s 20 test:
513.2s 21 epoch: 2 accuracy 64.910%
513.2s 22 epoch: 3 start
513.2s 23 train:
736.4s 24 (2768.0742199867964, 0.68882)
736.4s 25 test:
750.1s 26 epoch: 3 accuracy 69.580%
750.1s 27 epoch: 4 start
750.1s 28 train:
973.4s 29 (2353.9231714606285, 0.73654)
973.4s 30 test:
987.2s 31 epoch: 4 accuracy 74.600%
987.2s 32 epoch: 5 start
987.2s 33 train:
1210.5s 34 (2075.9173487201333, 0.77032)
1210.5s 35 test:
1224.3s 36 epoch: 5 accuracy 76.250%
1224.3s 37 epoch: 6 start
1224.3s 38 train:
1448.0s 39 (1849.7988936156034, 0.7941)
1448.0s 40 test:
1462.1s 41 epoch: 6 accuracy 75.050%
1462.1s 42 epoch: 7 start
1462.1s 43 train:
1686.2s 44 (1678.1525600366294, 0.81386)
1686.2s 45 test:
1700.3s 46 epoch: 7 accuracy 78.880%
1700.3s 47 epoch: 8 start
1700.3s 48 train:
1924.2s 49 (1510.1824036426842, 0.8332)
1924.2s 50 test:
1938.0s 51 epoch: 8 accuracy 79.060%
1938.0s 52 epoch: 9 start
1938.0s 53 train:
2161.3s 54 (1380.996367931366, 0.84938)
2161.3s 55 test:
2175.2s 56 epoch: 9 accuracy 82.130%
2175.2s 57 epoch: 10 start
2175.2s 58 train:
2398.0s 59 (1253.999112186022, 0.8625)
2398.0s 60 test:
2412.0s 61 epoch: 10 accuracy 81.560%
2412.0s 62 epoch: 11 start
2412.0s 63 train:
2635.1s 64 (1143.4941440280527, 0.87298)
2635.1s 65 test:
2649.0s 66 epoch: 11 accuracy 82.650%
2649.0s 67 epoch: 12 start
2649.0s 68 train:
2872.1s 69 (1028.395616644062, 0.88556)
2872.1s 70 test:
2886.0s 71 epoch: 12 accuracy 83.010%
2886.0s 72 epoch: 13 start
2886.0s 73 train:
3109.2s 74 (951.7535056378692, 0.8933)
3109.2s 75 test:
3122.9s 76 epoch: 13 accuracy 81.820%
3122.9s 77 epoch: 14 start
3122.9s 78 train:
3346.1s 79 (850.579310816247, 0.90576)
3346.1s 80 test:
3359.9s 81 epoch: 14 accuracy 84.290%
3359.9s 82 epoch: 15 start
3359.9s 83 train:
3582.9s 84 (763.9007147792727, 0.91484)
3582.9s 85 test:
3596.8s 86 epoch: 15 accuracy 82.880%
3596.8s 87 epoch: 16 start
3596.8s 88 train:
3819.9s 89 (696.3781562967924, 0.92258)
3819.9s 90 test:
3834.0s 91 epoch: 16 accuracy 84.740%
3834.0s 92 epoch: 17 start
3834.0s 93 train:
4057.2s 94 (629.4387555222493, 0.92904)
4057.2s 95 test:
4070.9s 96 epoch: 17 accuracy 84.300%
4070.9s 97 epoch: 18 start
4070.9s 98 train:
4294.0s 99 (550.7131600938737, 0.93888)
4294.0s 100 test:
4307.7s 101 epoch: 18 accuracy 83.510%
4307.7s 102 epoch: 19 start
4307.7s 103 train:
4530.8s 104 (498.01343292481033, 0.9439)
4530.8s 105 test:
4544.5s 106 epoch: 19 accuracy 84.190%
4544.5s 107 epoch: 20 start
4544.5s 108 train:
4767.7s 109 (450.0948415987659, 0.95)
4767.7s 110 test:
4781.6s 111 epoch: 20 accuracy 85.230%
4781.6s 112 epoch: 21 start
4781.6s 113 train:
5004.8s 114 (375.1860482871998, 0.95822)
5004.8s 115 test:
5018.7s 116 epoch: 21 accuracy 85.520%
5018.7s 117 epoch: 22 start
5018.7s 118 train:
5242.0s 119 (351.6531417655351, 0.9614)
5242.0s 120 test:
5255.7s 121 epoch: 22 accuracy 85.390%
5255.7s 122 epoch: 23 start
5255.7s 123 train:
5478.8s 124 (314.44550094529404, 0.96494)
5478.8s 125 test:
5492.6s 126 epoch: 23 accuracy 85.130%
5492.6s 127 epoch: 24 start
5492.6s 128 train:
5715.6s 129 (267.09047894009564, 0.97014)
5715.6s 130 test:
5729.3s 131 epoch: 24 accuracy 83.060%
5729.3s 132 epoch: 25 start
5729.3s 133 train:
5952.6s 134 (235.0785242965503, 0.97392)
5952.6s 135 test:
5966.6s 136 epoch: 25 accuracy 85.640%
5966.6s 137 epoch: 26 start
5966.6s 138 train:
6189.6s 139 (210.79765534926264, 0.97672)
6189.6s 140 test:
6203.5s 141 epoch: 26 accuracy 85.700%
6203.5s 142 epoch: 27 start
6203.5s 143 train:
6426.5s 144 (196.47929832457157, 0.97814)
6426.5s 145 test:
6440.5s 146 epoch: 27 accuracy 83.520%
6440.5s 147 epoch: 28 start
6440.5s 148 train:
6663.5s 149 (176.9868093402256, 0.98036)
6663.5s 150 test:
6677.3s 151 epoch: 28 accuracy 84.750%
6677.3s 152 epoch: 29 start
6677.3s 153 train:
6900.9s 154 (146.33941076266638, 0.98404)
6900.9s 155 test:
6914.6s 156 epoch: 29 accuracy 86.060%
6914.6s 157 epoch: 30 start
6914.6s 158 train:
7137.8s 159 (137.5367644072203, 0.9852)
7137.8s 160 test:
7151.7s 161 epoch: 30 accuracy 86.840%
7151.7s 162 epoch: 31 start
7151.7s 163 train:
7374.7s 164 (127.38835247908355, 0.98564)
7374.7s 165 test:
7388.6s 166 epoch: 31 accuracy 86.260%
7388.6s 167 epoch: 32 start
7388.6s 168 train:
7611.6s 169 (105.92348892691189, 0.98842)
7611.6s 170 test:
7625.4s 171 epoch: 32 accuracy 86.860%
7625.4s 172 epoch: 33 start
7625.4s 173 train:
7848.5s 174 (102.70371173956391, 0.98918)
7848.5s 175 test:
7862.2s 176 epoch: 33 accuracy 86.620%
7862.2s 177 epoch: 34 start
7862.2s 178 train:
8085.2s 179 (90.23033628254325, 0.99008)
8085.2s 180 test:
8098.8s 181 epoch: 34 accuracy 87.310%
8098.8s 182 epoch: 35 start
8098.8s 183 train:
8322.6s 184 (85.46806848106644, 0.99052)
8322.6s 185 test:
8336.2s 186 epoch: 35 accuracy 86.510%
8336.2s 187 epoch: 36 start
8336.2s 188 train:
8559.9s 189 (84.43021393300023, 0.99118)
8559.9s 190 test:
8574.0s 191 epoch: 36 accuracy 87.120%
8574.0s 192 epoch: 37 start
8574.0s 193 train:
8797.5s 194 (80.81530588968826, 0.99134)
8797.5s 195 test:
8811.5s 196 epoch: 37 accuracy 87.220%
8811.5s 197 epoch: 38 start
8811.5s 198 train:
9035.0s 199 (76.51115795868918, 0.99208)
9035.0s 200 test:
9048.7s 201 epoch: 38 accuracy 87.300%
9048.7s 202 epoch: 39 start
9048.7s 203 train:
9272.0s 204 (58.01676526502797, 0.9938)
9272.0s 205 test:
9285.7s 206 epoch: 39 accuracy 86.880%
9285.7s 207 epoch: 40 start
9285.7s 208 train:
9508.8s 209 (56.629888148181635, 0.99366)
9508.8s 210 test:
9522.4s 211 epoch: 40 accuracy 87.320%
9522.4s 212 epoch: 41 start
9522.4s 213 train:
9745.4s 214 (61.980535162243086, 0.99348)
9745.4s 215 test:
9759.3s 216 epoch: 41 accuracy 87.560%
9759.3s 217 epoch: 42 start
9759.3s 218 train:
9982.7s 219 (44.208990396598665, 0.9957)
9982.7s 220 test:
9996.3s 221 epoch: 42 accuracy 87.830%
9996.3s 222 epoch: 43 start
9996.3s 223 train:
10219.9s 224 (53.325173590361146, 0.99422)
10219.9s 225 test:
10233.7s 226 epoch: 43 accuracy 87.870%
10233.7s 227 epoch: 44 start
10233.7s 228 train:
10457.0s 229 (32.19476932348789, 0.9966)
10457.0s 230 test:
10470.7s 231 epoch: 44 accuracy 88.170%
10470.7s 232 epoch: 45 start
10470.7s 233 train:
10694.5s 234 (28.83566950791601, 0.99718)
10694.5s 235 test:
10708.6s 236 epoch: 45 accuracy 88.130%
10708.6s 237 epoch: 46 start
10708.6s 238 train:
10931.8s 239 (27.678499351978758, 0.9974)
10931.8s 240 test:
10945.8s 241 epoch: 46 accuracy 87.400%
10945.8s 242 epoch: 47 start
10945.8s 243 train:
11169.5s 244 (26.344513609386127, 0.9974)
11169.5s 245 test:
11183.1s 246 epoch: 47 accuracy 87.440%
11183.1s 247 epoch: 48 start
11183.1s 248 train:
11406.9s 249 (22.611460687027943, 0.99794)
11406.9s 250 test:
11420.7s 251 epoch: 48 accuracy 88.560%
11420.7s 252 epoch: 49 start
11420.7s 253 train:
11643.9s 254 (9.667349566010898, 0.99934)
11643.9s 255 test:
11657.5s 256 epoch: 49 accuracy 88.720%
11657.5s 257 epoch: 50 start
11657.5s 258 train:
11880.3s 259 (9.371349324999983, 0.99934)
11880.3s 260 test:
11894.4s 261 epoch: 50 accuracy 88.450%
11894.4s 262 epoch: 51 start
11894.4s 263 train:
12117.3s 264 (7.898625113183442, 0.99952)
12117.3s 265 test:
12131.1s 266 epoch: 51 accuracy 88.420%
12131.1s 267 epoch: 52 start
12131.1s 268 train:
12354.2s 269 (5.442598440524705, 0.99974)
12354.2s 270 test:
12368.0s 271 epoch: 52 accuracy 88.660%
12368.0s 272 epoch: 53 start
12368.0s 273 train:
12591.2s 274 (9.298084868181164, 0.9992)
12591.2s 275 test:
12604.8s 276 epoch: 53 accuracy 87.810%
12604.8s 277 epoch: 54 start
12604.8s 278 train:
12827.8s 279 (6.682366879383608, 0.99962)
12827.8s 280 test:
12841.6s 281 epoch: 54 accuracy 88.530%
12841.6s 282 epoch: 55 start
12841.6s 283 train:
13064.4s 284 (7.68079705192379, 0.99928)
13064.4s 285 test:
13078.2s 286 epoch: 55 accuracy 88.800%
13078.2s 287 epoch: 56 start
13078.2s 288 train:
13301.3s 289 (6.78003912235522, 0.99958)
13301.3s 290 test:
13315.2s 291 epoch: 56 accuracy 89.020%
13315.2s 292 epoch: 57 start
13315.2s 293 train:
13538.1s 294 (5.6284053976186215, 0.9995)
13538.1s 295 test:
13551.9s 296 epoch: 57 accuracy 88.440%
13551.9s 297 epoch: 58 start
13551.9s 298 train:
13774.9s 299 (4.281470604315814, 0.99976)
13774.9s 300 test:
13788.6s 301 epoch: 58 accuracy 88.950%
13788.6s 302 epoch: 59 start
13788.6s 303 train:
14011.5s 304 (6.220510362195046, 0.99956)
14011.5s 305 test:
14025.2s 306 epoch: 59 accuracy 88.430%
14025.2s 307 epoch: 60 start
14025.2s 308 train:
14248.5s 309 (3.8603355497029668, 0.9998)
14248.5s 310 test:
14262.2s 311 epoch: 60 accuracy 88.650%
14262.2s 312 epoch: 61 start
14262.2s 313 train:
14485.1s 314 (3.6292830397207467, 0.99976)
14485.1s 315 test:
14498.9s 316 epoch: 61 accuracy 88.320%
14498.9s 317 epoch: 62 start
14498.9s 318 train:
14721.7s 319 (3.849920059807573, 0.99968)
14721.7s 320 test:
14735.5s 321 epoch: 62 accuracy 88.610%
14735.5s 322 epoch: 63 start
14735.5s 323 train:
14958.4s 324 (4.254057420897823, 0.99976)
14958.4s 325 test:
14972.0s 326 epoch: 63 accuracy 88.720%
14972.0s 327 epoch: 64 start
14972.0s 328 train:
15194.8s 329 (2.8411848933431614, 0.99984)
15194.8s 330 test:
15208.5s 331 epoch: 64 accuracy 88.610%
15208.5s 332 epoch: 65 start
15208.5s 333 train:
15431.3s 334 (1.5150031354013151, 0.99994)
15431.3s 335 test:
15444.9s 336 epoch: 65 accuracy 88.800%
15444.9s 337 epoch: 66 start
15444.9s 338 train:
15667.5s 339 (2.1816504890700514, 0.99986)
15667.5s 340 test:
15681.3s 341 epoch: 66 accuracy 88.910%
15681.3s 342 epoch: 67 start
15681.3s 343 train:
15903.8s 344 (3.5589940535355993, 0.99976)
15903.8s 345 test:
15917.6s 346 epoch: 67 accuracy 88.670%
15917.6s 347 epoch: 68 start
15917.6s 348 train:
16140.7s 349 (2.887005282822898, 0.99984)
16140.7s 350 test:
16154.3s 351 epoch: 68 accuracy 88.600%
16154.3s 352 epoch: 69 start
16154.3s 353 train:
16377.4s 354 (2.5197727488590687, 0.99986)
16377.4s 355 test:
16391.0s 356 epoch: 69 accuracy 88.540%
16391.0s 357 epoch: 70 start
16391.0s 358 train:
16614.0s 359 (1.4667237981223877, 0.99996)
16614.0s 360 test:
16627.7s 361 epoch: 70 accuracy 88.750%
16627.7s 362 epoch: 71 start
16627.7s 363 train:
16850.5s 364 (2.270145884535051, 0.99988)
16850.5s 365 test:
16864.3s 366 epoch: 71 accuracy 88.960%
16864.3s 367 epoch: 72 start
16864.3s 368 train:
17087.3s 369 (1.4127919062944656, 0.99992)
17087.3s 370 test:
17101.1s 371 epoch: 72 accuracy 88.730%
17101.1s 372 epoch: 73 start
17101.1s 373 train:
17323.9s 374 (0.8832322663304524, 1.0)
17323.9s 375 test:
17337.6s 376 epoch: 73 accuracy 89.070%
17337.6s 377 epoch: 74 start
17337.6s 378 train:
17560.6s 379 (0.8165800654792359, 1.0)
17560.6s 380 test:
17574.2s 381 epoch: 74 accuracy 88.910%
17574.2s 382 epoch: 75 start
17574.2s 383 train:
17797.1s 384 (0.5666252363203501, 1.0)
17797.1s 385 test:
17810.7s 386 epoch: 75 accuracy 88.960%
17810.7s 387 epoch: 76 start
17810.7s 388 train:
18033.8s 389 (0.8869412884540919, 0.99996)
18033.8s 390 test:
18047.5s 391 epoch: 76 accuracy 88.750%
18047.5s 392 epoch: 77 start
18047.5s 393 train:
18270.4s 394 (1.2215181502434689, 0.99992)
18270.4s 395 test:
18284.2s 396 epoch: 77 accuracy 88.970%
18284.2s 397 epoch: 78 start
18284.2s 398 train:
18507.1s 399 (0.7274099888577688, 1.0)
18507.1s 400 test:
18520.8s 401 epoch: 78 accuracy 88.860%
18520.8s 402 epoch: 79 start
18520.8s 403 train:
18743.4s 404 (0.49596955129899767, 1.0)
18743.4s 405 test:
18756.9s 406 epoch: 79 accuracy 89.070%
18756.9s 407 epoch: 80 start
18756.9s 408 train:
18979.5s 409 (0.7014536401519962, 0.99998)
18979.5s 410 test:
18993.1s 411 epoch: 80 accuracy 89.130%
18993.1s 412 epoch: 81 start
18993.1s 413 train:
19215.6s 414 (0.47759188098007854, 1.0)
19215.6s 415 test:
19229.2s 416 epoch: 81 accuracy 88.940%
19229.2s 417 epoch: 82 start
19229.2s 418 train:
19452.3s 419 (0.5203930121151181, 1.0)
19452.3s 420 test:
19466.1s 421 epoch: 82 accuracy 89.060%
19466.1s 422 epoch: 83 start
19466.1s 423 train:
19689.2s 424 (0.4834895842281739, 0.99998)
19689.2s 425 test:
19703.2s 426 epoch: 83 accuracy 88.970%
19703.2s 427 epoch: 84 start
19703.2s 428 train:
19927.1s 429 (0.3699214724676434, 1.0)
19927.1s 430 test:
19940.8s 431 epoch: 84 accuracy 88.950%
19940.8s 432 epoch: 85 start
19940.8s 433 train:
20163.8s 434 (0.34602352636302314, 1.0)
20163.8s 435 test:
20177.5s 436 epoch: 85 accuracy 89.140%
20177.5s 437 epoch: 86 start
20177.5s 438 train:
20400.4s 439 (0.4757957652209992, 0.99998)
20400.4s 440 test:
20413.9s 441 epoch: 86 accuracy 88.950%
20413.9s 442 epoch: 87 start
20413.9s 443 train:
20636.9s 444 (0.49139999712073035, 1.0)
20636.9s 445 test:
20650.9s 446 epoch: 87 accuracy 89.120%
20650.9s 447 epoch: 88 start
20650.9s 448 train:
20873.7s 449 (0.5008867496100713, 0.99998)
20873.7s 450 test:
20887.5s 451 epoch: 88 accuracy 88.960%
20887.5s 452 epoch: 89 start
20887.5s 453 train:
21110.5s 454 (0.47330013067523424, 1.0)
21110.5s 455 test:
21124.4s 456 epoch: 89 accuracy 89.270%
21124.4s 457 epoch: 90 start
21124.4s 458 train:
21347.4s 459 (0.6337238296109984, 0.99996)
21347.4s 460 test:
21361.0s 461 epoch: 90 accuracy 89.040%
21361.0s 462 epoch: 91 start
21361.0s 463 train:
21584.2s 464 (0.4070821301740537, 1.0)
21584.2s 465 test:
21597.9s 466 epoch: 91 accuracy 89.130%
21597.9s 467 epoch: 92 start
21597.9s 468 train:
21821.8s 469 (0.37342878909796795, 1.0)
21821.8s 470 test:
21835.4s 471 epoch: 92 accuracy 89.090%
21835.4s 472 epoch: 93 start
21835.4s 473 train:
22058.7s 474 (1.0636375472481276, 0.99996)
22058.7s 475 test:
22072.4s 476 epoch: 93 accuracy 88.780%
22072.4s 477 epoch: 94 start
22072.4s 478 train:
22295.0s 479 (0.6616184407912229, 0.99996)
22295.0s 480 test:
22308.7s 481 epoch: 94 accuracy 89.090%
22308.7s 482 epoch: 95 start
22308.7s 483 train:
22531.4s 484 (0.3481412275454243, 1.0)
22531.4s 485 test:
22544.7s 486 epoch: 95 accuracy 89.180%
22544.7s 487 epoch: 96 start
22544.7s 488 train:
22764.0s 489 (0.27566424413363677, 1.0)
22764.0s 490 test:
22777.3s 491 epoch: 96 accuracy 89.320%
22777.3s 492 epoch: 97 start
22777.3s 493 train:
22998.8s 494 (0.2797970746453142, 1.0)
22998.8s 495 test:
23012.4s 496 epoch: 97 accuracy 89.180%
23012.4s 497 epoch: 98 start
23012.4s 498 train:
23235.4s 499 (0.2420762702324808, 1.0)
23235.4s 500 test:
23249.1s 501 epoch: 98 accuracy 89.030%
23249.1s 502 epoch: 99 start
23249.1s 503 train:
23472.0s 504 (0.30094015794841766, 0.99998)
23472.0s 505 test:
23485.9s 506 epoch: 99 accuracy 88.880%
23485.9s 507 epoch: 100 start
23485.9s 508 train:
23708.8s 509 (0.5612582271307716, 0.99996)
23708.8s 510 test:
23722.5s 511 epoch: 100 accuracy 88.890%
23722.5s 512 best accuracy: 89.320%
23722.5s 513 --------result report--------
23722.5s 514 best accuracy:89.320%
23722.5s 515 loss array:
23722.5s 516 5112.7700,3402.9650,2768.0742,2353.9232,2075.9173,1849.7989,1678.1526,1510.1824,1380.9964,1253.9991,1143.4941,1028.3956,951.7535,850.5793,763.9007,696.3782,629.4388,550.7132,498.0134,450.0948,375.1860,351.6531,314.4455,267.0905,235.0785,210.7977,196.4793,176.9868,146.3394,137.5368,127.3884,105.9235,102.7037,90.2303,85.4681,84.4302,80.8153,76.5112,58.0168,56.6299,61.9805,44.2090,53.3252,32.1948,28.8357,27.6785,26.3445,22.6115,9.6673,9.3713,7.8986,5.4426,9.2981,6.6824,7.6808,6.7800,5.6284,4.2815,6.2205,3.8603,3.6293,3.8499,4.2541,2.8412,1.5150,2.1817,3.5590,2.8870,2.5198,1.4667,2.2701,1.4128,0.8832,0.8166,0.5666,0.8869,1.2215,0.7274,0.4960,0.7015,0.4776,0.5204,0.4835,0.3699,0.3460,0.4758,0.4914,0.5009,0.4733,0.6337,0.4071,0.3734,1.0636,0.6616,0.3481,0.2757,0.2798,0.2421,0.3009,0.5613,
23722.5s 517 train accuracy array:
23722.5s 518 0.4438,0.6137,0.6888,0.7365,0.7703,0.7941,0.8139,0.8332,0.8494,0.8625,0.8730,0.8856,0.8933,0.9058,0.9148,0.9226,0.9290,0.9389,0.9439,0.9500,0.9582,0.9614,0.9649,0.9701,0.9739,0.9767,0.9781,0.9804,0.9840,0.9852,0.9856,0.9884,0.9892,0.9901,0.9905,0.9912,0.9913,0.9921,0.9938,0.9937,0.9935,0.9957,0.9942,0.9966,0.9972,0.9974,0.9974,0.9979,0.9993,0.9993,0.9995,0.9997,0.9992,0.9996,0.9993,0.9996,0.9995,0.9998,0.9996,0.9998,0.9998,0.9997,0.9998,0.9998,0.9999,0.9999,0.9998,0.9998,0.9999,1.0000,0.9999,0.9999,1.0000,1.0000,1.0000,1.0000,0.9999,1.0000,1.0000,1.0000,1.0000,1.0000,1.0000,1.0000,1.0000,1.0000,1.0000,1.0000,1.0000,1.0000,1.0000,1.0000,1.0000,1.0000,1.0000,1.0000,1.0000,1.0000,1.0000,1.0000,
23722.5s 519 accuracy array:
23722.5s 520 0.5743,0.6491,0.6958,0.7460,0.7625,0.7505,0.7888,0.7906,0.8213,0.8156,0.8265,0.8301,0.8182,0.8429,0.8288,0.8474,0.8430,0.8351,0.8419,0.8523,0.8552,0.8539,0.8513,0.8306,0.8564,0.8570,0.8352,0.8475,0.8606,0.8684,0.8626,0.8686,0.8662,0.8731,0.8651,0.8712,0.8722,0.8730,0.8688,0.8732,0.8756,0.8783,0.8787,0.8817,0.8813,0.8740,0.8744,0.8856,0.8872,0.8845,0.8842,0.8866,0.8781,0.8853,0.8880,0.8902,0.8844,0.8895,0.8843,0.8865,0.8832,0.8861,0.8872,0.8861,0.8880,0.8891,0.8867,0.8860,0.8854,0.8875,0.8896,0.8873,0.8907,0.8891,0.8896,0.8875,0.8897,0.8886,0.8907,0.8913,0.8894,0.8906,0.8897,0.8895,0.8914,0.8895,0.8912,0.8896,0.8927,0.8904,0.8913,0.8909,0.8878,0.8909,0.8918,0.8932,0.8918,0.8903,0.8888,0.8889,
23722.5s 521 -------------------------------
23722.5s 522 --------parameter report--------
23722.5s 523 batchSize:16    accuracy:0.893%
23722.5s 524 /opt/conda/lib/python3.7/site-packages/papermill/iorw.py:50: FutureWarning: pyarrow.HadoopFileSystem is deprecated as of 2.0.0, please use pyarrow.fs.HadoopFileSystem instead.
23722.5s 525 from pyarrow import HadoopFileSystem
23727.3s 526 /opt/conda/lib/python3.7/site-packages/traitlets/traitlets.py:2567: FutureWarning: --Exporter.preprocessors=["remove_papermill_header.RemovePapermillHeader"] for containers is deprecated in traitlets 5.0. You can pass `--Exporter.preprocessors item` ... multiple times to add items to a list.
23727.3s 527 FutureWarning,
23727.3s 528 [NbConvertApp] Converting notebook __notebook__.ipynb to notebook
23727.6s 529 [NbConvertApp] Writing 45188 bytes to __notebook__.ipynb
23730.6s 530 /opt/conda/lib/python3.7/site-packages/traitlets/traitlets.py:2567: FutureWarning: --Exporter.preprocessors=["nbconvert.preprocessors.ExtractOutputPreprocessor"] for containers is deprecated in traitlets 5.0. You can pass `--Exporter.preprocessors item` ... multiple times to add items to a list.
23730.6s 531 FutureWarning,
23730.6s 532 [NbConvertApp] Converting notebook __notebook__.ipynb to html
23731.3s 533 [NbConvertApp] Writing 361162 bytes to __results__.html