13.2s 1 --------parameter report--------
13.2s 2 learning rate:0.00500
13.2s 3 epoch:50
13.2s 4 train batch size:16
13.2s 5 test batch size:64
13.2s 6 model:resnet18
13.2s 7 optimizer:SGD
13.2s 8 -------------------------------
13.6s 9 Downloading https://www.cs.toronto.edu/~kriz/cifar-10-python.tar.gz to ../data/cifar-10-python.tar.gz
20.2s 10 Extracting ../data/cifar-10-python.tar.gz to ../data
22.7s 11 Files already downloaded and verified
26.1s 12 epoch: 1 start
26.1s 13 train:
88.2s 14 (4953.020388185978, 0.41218)
88.2s 15 test:
90.8s 16 epoch: 1 accuracy 52.840%
90.8s 17 epoch: 2 start
90.8s 18 train:
146.8s 19 (3702.5748108923435, 0.574)
146.8s 20 test:
149.3s 21 epoch: 2 accuracy 61.580%
149.3s 22 epoch: 3 start
149.3s 23 train:
204.6s 24 (3039.7282483279705, 0.65444)
204.6s 25 test:
207.1s 26 epoch: 3 accuracy 67.330%
207.1s 27 epoch: 4 start
207.1s 28 train:
262.5s 29 (2563.6640931516886, 0.71076)
262.5s 30 test:
265.0s 31 epoch: 4 accuracy 70.180%
265.0s 32 epoch: 5 start
265.0s 33 train:
320.4s 34 (2223.460085645318, 0.74968)
320.4s 35 test:
323.0s 36 epoch: 5 accuracy 74.710%
323.0s 37 epoch: 6 start
323.0s 38 train:
379.0s 39 (1921.3995834738016, 0.78628)
379.0s 40 test:
381.5s 41 epoch: 6 accuracy 76.280%
381.5s 42 epoch: 7 start
381.5s 43 train:
438.2s 44 (1664.1582936570048, 0.81642)
438.2s 45 test:
441.0s 46 epoch: 7 accuracy 76.680%
441.0s 47 epoch: 8 start
441.0s 48 train:
497.1s 49 (1460.0342792831361, 0.83932)
497.1s 50 test:
499.7s 51 epoch: 8 accuracy 77.310%
499.7s 52 epoch: 9 start
499.7s 53 train:
555.3s 54 (1258.3946554977447, 0.8624)
555.3s 55 test:
557.8s 56 epoch: 9 accuracy 78.140%
557.8s 57 epoch: 10 start
557.8s 58 train:
613.5s 59 (1069.0180792734027, 0.88246)
613.5s 60 test:
616.0s 61 epoch: 10 accuracy 78.830%
616.0s 62 epoch: 11 start
616.0s 63 train:
671.8s 64 (922.370321623981, 0.9)
671.8s 65 test:
674.5s 66 epoch: 11 accuracy 79.460%
674.5s 67 epoch: 12 start
674.5s 68 train:
730.1s 69 (790.1156281260774, 0.91336)
730.1s 70 test:
732.6s 71 epoch: 12 accuracy 78.600%
732.6s 72 epoch: 13 start
732.6s 73 train:
788.0s 74 (685.2728547528386, 0.9255)
788.0s 75 test:
790.5s 76 epoch: 13 accuracy 78.900%
790.5s 77 epoch: 14 start
790.5s 78 train:
846.0s 79 (581.1779159749858, 0.93692)
846.0s 80 test:
848.5s 81 epoch: 14 accuracy 76.530%
848.5s 82 epoch: 15 start
848.5s 83 train:
903.9s 84 (511.50701808393933, 0.9455)
903.9s 85 test:
906.5s 86 epoch: 15 accuracy 80.170%
906.5s 87 epoch: 16 start
906.5s 88 train:
961.9s 89 (444.9801548917312, 0.95326)
961.9s 90 test:
964.3s 91 epoch: 16 accuracy 78.590%
964.3s 92 epoch: 17 start
964.3s 93 train:
1020.2s 94 (371.7159303963417, 0.95948)
1020.2s 95 test:
1022.7s 96 epoch: 17 accuracy 79.620%
1022.7s 97 epoch: 18 start
1022.7s 98 train:
1078.2s 99 (339.4125192766078, 0.9637)
1078.2s 100 test:
1080.7s 101 epoch: 18 accuracy 79.960%
1080.7s 102 epoch: 19 start
1080.7s 103 train:
1136.1s 104 (284.68535618443275, 0.97002)
1136.1s 105 test:
1138.6s 106 epoch: 19 accuracy 79.940%
1138.6s 107 epoch: 20 start
1138.6s 108 train:
1193.8s 109 (270.2284191357321, 0.97112)
1193.8s 110 test:
1196.4s 111 epoch: 20 accuracy 80.070%
1196.4s 112 epoch: 21 start
1196.4s 113 train:
1251.6s 114 (235.55875408946304, 0.97494)
1251.6s 115 test:
1254.1s 116 epoch: 21 accuracy 80.570%
1254.1s 117 epoch: 22 start
1254.1s 118 train:
1309.5s 119 (209.51703842988354, 0.97844)
1309.5s 120 test:
1312.0s 121 epoch: 22 accuracy 80.240%
1312.0s 122 epoch: 23 start
1312.0s 123 train:
1367.9s 124 (186.02899090907886, 0.97982)
1367.9s 125 test:
1370.4s 126 epoch: 23 accuracy 80.970%
1370.4s 127 epoch: 24 start
1370.4s 128 train:
1425.6s 129 (173.97635700920364, 0.98112)
1425.6s 130 test:
1428.1s 131 epoch: 24 accuracy 81.230%
1428.1s 132 epoch: 25 start
1428.1s 133 train:
1483.3s 134 (161.9506945602916, 0.98346)
1483.3s 135 test:
1485.8s 136 epoch: 25 accuracy 81.170%
1485.8s 137 epoch: 26 start
1485.8s 138 train:
1541.2s 139 (148.96372265512764, 0.9841)
1541.2s 140 test:
1543.8s 141 epoch: 26 accuracy 80.980%
1543.8s 142 epoch: 27 start
1543.8s 143 train:
1599.9s 144 (130.98455836022913, 0.98672)
1599.9s 145 test:
1602.4s 146 epoch: 27 accuracy 81.850%
1602.4s 147 epoch: 28 start
1602.4s 148 train:
1658.0s 149 (119.97274852315604, 0.98732)
1658.0s 150 test:
1660.5s 151 epoch: 28 accuracy 81.670%
1660.5s 152 epoch: 29 start
1660.5s 153 train:
1715.7s 154 (108.56736199256557, 0.9891)
1715.7s 155 test:
1718.1s 156 epoch: 29 accuracy 80.700%
1718.1s 157 epoch: 30 start
1718.1s 158 train:
1773.6s 159 (98.2320355700358, 0.98994)
1773.6s 160 test:
1776.2s 161 epoch: 30 accuracy 80.480%
1776.2s 162 epoch: 31 start
1776.2s 163 train:
1831.4s 164 (96.79461789560446, 0.98978)
1831.4s 165 test:
1833.9s 166 epoch: 31 accuracy 81.390%
1833.9s 167 epoch: 32 start
1833.9s 168 train:
1889.1s 169 (82.66562763466936, 0.992)
1889.1s 170 test:
1891.6s 171 epoch: 32 accuracy 81.290%
1891.6s 172 epoch: 33 start
1891.6s 173 train:
1946.9s 174 (79.32336942908296, 0.99194)
1946.9s 175 test:
1949.4s 176 epoch: 33 accuracy 81.350%
1949.4s 177 epoch: 34 start
1949.4s 178 train:
2005.0s 179 (78.02559434264913, 0.99218)
2005.0s 180 test:
2007.5s 181 epoch: 34 accuracy 80.980%
2007.5s 182 epoch: 35 start
2007.5s 183 train:
2062.9s 184 (78.36878841888392, 0.99196)
2062.9s 185 test:
2065.3s 186 epoch: 35 accuracy 81.030%
2065.3s 187 epoch: 36 start
2065.3s 188 train:
2120.6s 189 (79.18082801081982, 0.99176)
2120.6s 190 test:
2123.2s 191 epoch: 36 accuracy 81.340%
2123.2s 192 epoch: 37 start
2123.2s 193 train:
2178.6s 194 (67.05702850635862, 0.99374)
2178.6s 195 test:
2181.2s 196 epoch: 37 accuracy 81.410%
2181.2s 197 epoch: 38 start
2181.2s 198 train:
2236.4s 199 (61.24777470415211, 0.99386)
2236.4s 200 test:
2238.9s 201 epoch: 38 accuracy 81.240%
2238.9s 202 epoch: 39 start
2238.9s 203 train:
2294.2s 204 (58.92901666287071, 0.99432)
2294.2s 205 test:
2296.6s 206 epoch: 39 accuracy 81.950%
2296.6s 207 epoch: 40 start
2296.6s 208 train:
2351.9s 209 (54.40013439231916, 0.99458)
2351.9s 210 test:
2354.5s 211 epoch: 40 accuracy 81.850%
2354.5s 212 epoch: 41 start
2354.5s 213 train:
2409.7s 214 (60.915133784223144, 0.99344)
2409.7s 215 test:
2412.3s 216 epoch: 41 accuracy 81.810%
2412.3s 217 epoch: 42 start
2412.3s 218 train:
2467.6s 219 (53.66567293751723, 0.995)
2467.6s 220 test:
2470.0s 221 epoch: 42 accuracy 81.210%
2470.0s 222 epoch: 43 start
2470.0s 223 train:
2525.7s 224 (51.16242569051792, 0.99512)
2525.7s 225 test:
2528.2s 226 epoch: 43 accuracy 81.720%
2528.2s 227 epoch: 44 start
2528.2s 228 train:
2584.3s 229 (46.979205948688104, 0.99544)
2584.3s 230 test:
2586.8s 231 epoch: 44 accuracy 81.280%
2586.8s 232 epoch: 45 start
2586.8s 233 train:
2642.0s 234 (45.184690092879464, 0.99572)
2642.0s 235 test:
2644.7s 236 epoch: 45 accuracy 81.580%
2644.7s 237 epoch: 46 start
2644.7s 238 train:
2700.0s 239 (44.80510351774319, 0.99562)
2700.0s 240 test:
2702.4s 241 epoch: 46 accuracy 81.140%
2702.4s 242 epoch: 47 start
2702.4s 243 train:
2757.9s 244 (43.39022809059861, 0.9956)
2757.9s 245 test:
2760.3s 246 epoch: 47 accuracy 82.170%
2760.3s 247 epoch: 48 start
2760.3s 248 train:
2815.9s 249 (40.54680624546381, 0.9958)
2815.9s 250 test:
2818.4s 251 epoch: 48 accuracy 81.640%
2818.4s 252 epoch: 49 start
2818.4s 253 train:
2874.0s 254 (38.45034690374905, 0.9963)
2874.0s 255 test:
2876.6s 256 epoch: 49 accuracy 81.860%
2876.6s 257 epoch: 50 start
2876.6s 258 train:
2932.1s 259 (35.36515319159844, 0.99676)
2932.1s 260 test:
2934.6s 261 epoch: 50 accuracy 81.700%
2934.6s 262 best accuracy: 82.170%
2934.6s 263 --------result report--------
2934.6s 264 best accuracy:82.170%
2934.6s 265 loss array:
2934.6s 266 4953.0204,3702.5748,3039.7282,2563.6641,2223.4601,1921.3996,1664.1583,1460.0343,1258.3947,1069.0181,922.3703,790.1156,685.2729,581.1779,511.5070,444.9802,371.7159,339.4125,284.6854,270.2284,235.5588,209.5170,186.0290,173.9764,161.9507,148.9637,130.9846,119.9727,108.5674,98.2320,96.7946,82.6656,79.3234,78.0256,78.3688,79.1808,67.0570,61.2478,58.9290,54.4001,60.9151,53.6657,51.1624,46.9792,45.1847,44.8051,43.3902,40.5468,38.4503,35.3652,
2934.6s 267 accuracy array:
2934.6s 268 0.5284,0.6158,0.6733,0.7018,0.7471,0.7628,0.7668,0.7731,0.7814,0.7883,0.7946,0.7860,0.7890,0.7653,0.8017,0.7859,0.7962,0.7996,0.7994,0.8007,0.8057,0.8024,0.8097,0.8123,0.8117,0.8098,0.8185,0.8167,0.8070,0.8048,0.8139,0.8129,0.8135,0.8098,0.8103,0.8134,0.8141,0.8124,0.8195,0.8185,0.8181,0.8121,0.8172,0.8128,0.8158,0.8114,0.8217,0.8164,0.8186,0.8170,
2934.6s 269 -------------------------------
2934.6s 270 --------parameter report--------
2934.6s 271 learning rate:0.00500
2934.6s 272 epoch:50
2934.6s 273 train batch size:32
2934.6s 274 test batch size:64
2934.6s 275 model:resnet18
2934.6s 276 optimizer:SGD
2934.6s 277 -------------------------------
2934.9s 278 Files already downloaded and verified
2935.7s 279 Files already downloaded and verified
2936.3s 280 epoch: 1 start
2936.3s 281 train:
2979.0s 282 (2590.222452044487, 0.38426)
2979.0s 283 test:
2981.4s 284 epoch: 1 accuracy 45.760%
2981.4s 285 epoch: 2 start
2981.4s 286 train:
3023.8s 287 (2025.6651899814606, 0.52974)
3023.8s 288 test:
3026.2s 289 epoch: 2 accuracy 51.250%
3026.2s 290 epoch: 3 start
3026.2s 291 train:
3068.7s 292 (1734.8704310059547, 0.60184)
3068.7s 293 test:
3071.1s 294 epoch: 3 accuracy 61.290%
3071.1s 295 epoch: 4 start
3071.1s 296 train:
3113.5s 297 (1501.4597491025925, 0.65608)
3113.5s 298 test:
3116.0s 299 epoch: 4 accuracy 61.500%
3116.0s 300 epoch: 5 start
3116.0s 301 train:
3158.3s 302 (1332.9417690634727, 0.69722)
3158.3s 303 test:
3160.9s 304 epoch: 5 accuracy 67.000%
3160.9s 305 epoch: 6 start
3160.9s 306 train:
3203.2s 307 (1195.0263379514217, 0.73026)
3203.2s 308 test:
3205.8s 309 epoch: 6 accuracy 66.810%
3205.8s 310 epoch: 7 start
3205.8s 311 train:
3248.3s 312 (1070.275891751051, 0.76074)
3248.3s 313 test:
3250.7s 314 epoch: 7 accuracy 71.790%
3250.7s 315 epoch: 8 start
3250.7s 316 train:
3293.1s 317 (960.5827174633741, 0.78582)
3293.1s 318 test:
3295.5s 319 epoch: 8 accuracy 71.610%
3295.5s 320 epoch: 9 start
3295.5s 321 train:
3338.3s 322 (851.5714209377766, 0.81008)
3338.3s 323 test:
3340.7s 324 epoch: 9 accuracy 70.510%
3340.7s 325 epoch: 10 start
3340.7s 326 train:
3383.3s 327 (750.3914395570755, 0.83326)
3383.3s 328 test:
3385.7s 329 epoch: 10 accuracy 75.750%
3385.7s 330 epoch: 11 start
3385.7s 331 train:
3428.2s 332 (665.5195095911622, 0.85358)
3428.2s 333 test:
3430.6s 334 epoch: 11 accuracy 73.790%
3430.6s 335 epoch: 12 start
3430.6s 336 train:
3473.3s 337 (584.2203751131892, 0.87252)
3473.3s 338 test:
3475.7s 339 epoch: 12 accuracy 67.420%
3475.8s 340 epoch: 13 start
3475.8s 341 train:
3518.0s 342 (505.9128138720989, 0.89038)
3518.0s 343 test:
3520.4s 344 epoch: 13 accuracy 75.070%
3520.4s 345 epoch: 14 start
3520.4s 346 train:
3562.7s 347 (434.8397917859256, 0.90694)
3562.7s 348 test:
3565.4s 349 epoch: 14 accuracy 73.600%
3565.4s 350 epoch: 15 start
3565.4s 351 train:
3607.8s 352 (373.11408723145723, 0.92122)
3607.8s 353 test:
3610.2s 354 epoch: 15 accuracy 75.860%
3610.2s 355 epoch: 16 start
3610.2s 356 train:
3652.5s 357 (321.4977234452963, 0.93142)
3652.5s 358 test:
3655.0s 359 epoch: 16 accuracy 73.810%
3655.0s 360 epoch: 17 start
3655.0s 361 train:
3697.4s 362 (272.5033566392958, 0.94254)
3697.4s 363 test:
3700.0s 364 epoch: 17 accuracy 75.880%
3700.0s 365 epoch: 18 start
3700.0s 366 train:
3742.3s 367 (233.24001355282962, 0.95158)
3742.3s 368 test:
3744.9s 369 epoch: 18 accuracy 74.480%
3744.9s 370 epoch: 19 start
3744.9s 371 train:
3787.3s 372 (190.89394827838987, 0.96074)
3787.3s 373 test:
3789.7s 374 epoch: 19 accuracy 74.650%
3789.7s 375 epoch: 20 start
3789.7s 376 train:
3832.2s 377 (172.83763330616057, 0.96332)
3832.2s 378 test:
3834.7s 379 epoch: 20 accuracy 76.940%
3834.7s 380 epoch: 21 start
3834.7s 381 train:
3877.1s 382 (151.11369728017598, 0.97004)
3877.1s 383 test:
3879.5s 384 epoch: 21 accuracy 76.810%
3879.5s 385 epoch: 22 start
3879.5s 386 train:
3921.9s 387 (128.1190370679833, 0.9743)
3921.9s 388 test:
3924.3s 389 epoch: 22 accuracy 75.810%
3924.3s 390 epoch: 23 start
3924.3s 391 train:
3966.6s 392 (110.97784209111705, 0.97792)
3966.6s 393 test:
3969.0s 394 epoch: 23 accuracy 76.450%
3969.0s 395 epoch: 24 start
3969.0s 396 train:
4011.3s 397 (95.35588819114491, 0.98108)
4011.3s 398 test:
4013.8s 399 epoch: 24 accuracy 77.770%
4013.8s 400 epoch: 25 start
4013.8s 401 train:
4056.3s 402 (89.03270327299833, 0.98186)
4056.3s 403 test:
4058.7s 404 epoch: 25 accuracy 77.370%
4058.7s 405 epoch: 26 start
4058.7s 406 train:
4101.5s 407 (81.96316916344222, 0.98392)
4101.5s 408 test:
4104.0s 409 epoch: 26 accuracy 76.860%
4104.0s 410 epoch: 27 start
4104.0s 411 train:
4147.0s 412 (73.05804994213395, 0.98482)
4147.0s 413 test:
4149.4s 414 epoch: 27 accuracy 76.370%
4149.4s 415 epoch: 28 start
4149.4s 416 train:
4192.0s 417 (63.48610810912214, 0.988)
4192.0s 418 test:
4194.6s 419 epoch: 28 accuracy 77.900%
4194.6s 420 epoch: 29 start
4194.6s 421 train:
4236.8s 422 (54.971677188412286, 0.9897)
4236.8s 423 test:
4239.4s 424 epoch: 29 accuracy 78.220%
4239.4s 425 epoch: 30 start
4239.4s 426 train:
4281.7s 427 (54.27743763587205, 0.9894)
4281.7s 428 test:
4284.4s 429 epoch: 30 accuracy 77.580%
4284.4s 430 epoch: 31 start
4284.4s 431 train:
4326.7s 432 (49.904704299231526, 0.99068)
4326.7s 433 test:
4329.1s 434 epoch: 31 accuracy 78.540%
4329.1s 435 epoch: 32 start
4329.1s 436 train:
4371.4s 437 (41.76290879014414, 0.9922)
4371.4s 438 test:
4373.9s 439 epoch: 32 accuracy 77.920%
4373.9s 440 epoch: 33 start
4373.9s 441 train:
4416.4s 442 (41.33572558875312, 0.99214)
4416.4s 443 test:
4418.8s 444 epoch: 33 accuracy 77.910%
4418.8s 445 epoch: 34 start
4418.8s 446 train:
4461.5s 447 (42.86214778551948, 0.99198)
4461.5s 448 test:
4463.9s 449 epoch: 34 accuracy 77.670%
4463.9s 450 epoch: 35 start
4463.9s 451 train:
4506.5s 452 (39.28637173800962, 0.9927)
4506.5s 453 test:
4508.9s 454 epoch: 35 accuracy 78.300%
4508.9s 455 epoch: 36 start
4508.9s 456 train:
4551.6s 457 (32.08222300777561, 0.99398)
4551.6s 458 test:
4554.0s 459 epoch: 36 accuracy 78.360%
4554.0s 460 epoch: 37 start
4554.0s 461 train:
4596.4s 462 (37.067737216100795, 0.99294)
4596.4s 463 test:
4598.8s 464 epoch: 37 accuracy 78.660%
4598.8s 465 epoch: 38 start
4598.8s 466 train:
4641.2s 467 (27.300935710896738, 0.995)
4641.2s 468 test:
4643.6s 469 epoch: 38 accuracy 78.850%
4643.6s 470 epoch: 39 start
4643.6s 471 train:
4686.1s 472 (25.517807067881222, 0.99558)
4686.1s 473 test:
4688.5s 474 epoch: 39 accuracy 78.620%
4688.5s 475 epoch: 40 start
4688.5s 476 train:
4730.8s 477 (26.11051811586367, 0.9954)
4730.8s 478 test:
4733.3s 479 epoch: 40 accuracy 78.280%
4733.3s 480 epoch: 41 start
4733.3s 481 train:
4775.5s 482 (22.603558516711928, 0.99628)
4775.5s 483 test:
4778.2s 484 epoch: 41 accuracy 77.790%
4778.2s 485 epoch: 42 start
4778.2s 486 train:
4820.5s 487 (25.26344618794974, 0.99544)
4820.5s 488 test:
4823.0s 489 epoch: 42 accuracy 77.620%
4823.0s 490 epoch: 43 start
4823.0s 491 train:
4865.4s 492 (22.176400598182227, 0.99598)
4865.4s 493 test:
4867.9s 494 epoch: 43 accuracy 78.830%
4867.9s 495 epoch: 44 start
4867.9s 496 train:
4910.3s 497 (24.50093790848041, 0.99522)
4910.3s 498 test:
4912.8s 499 epoch: 44 accuracy 78.100%
4912.8s 500 epoch: 45 start
4912.8s 501 train:
4955.1s 502 (18.163795748812845, 0.9973)
4955.1s 503 test:
4957.5s 504 epoch: 45 accuracy 78.880%
4957.5s 505 epoch: 46 start
4957.5s 506 train:
4999.8s 507 (19.36822090978967, 0.99688)
4999.8s 508 test:
5002.2s 509 epoch: 46 accuracy 79.120%
5002.2s 510 epoch: 47 start
5002.2s 511 train:
5044.6s 512 (19.408092615703936, 0.99654)
5044.6s 513 test:
5047.0s 514 epoch: 47 accuracy 78.720%
5047.0s 515 epoch: 48 start
5047.0s 516 train:
5089.3s 517 (19.12410774921591, 0.99622)
5089.3s 518 test:
5091.7s 519 epoch: 48 accuracy 77.410%
5091.7s 520 epoch: 49 start
5091.7s 521 train:
5134.0s 522 (17.67883340708795, 0.9969)
5134.0s 523 test:
5136.4s 524 epoch: 49 accuracy 78.520%
5136.4s 525 epoch: 50 start
5136.4s 526 train:
5178.8s 527 (18.44579045955834, 0.99682)
5178.8s 528 test:
5181.2s 529 epoch: 50 accuracy 79.070%
5181.2s 530 best accuracy: 79.120%
5181.2s 531 --------result report--------
5181.2s 532 best accuracy:79.120%
5181.2s 533 loss array:
5181.2s 534 2590.2225,2025.6652,1734.8704,1501.4597,1332.9418,1195.0263,1070.2759,960.5827,851.5714,750.3914,665.5195,584.2204,505.9128,434.8398,373.1141,321.4977,272.5034,233.2400,190.8939,172.8376,151.1137,128.1190,110.9778,95.3559,89.0327,81.9632,73.0580,63.4861,54.9717,54.2774,49.9047,41.7629,41.3357,42.8621,39.2864,32.0822,37.0677,27.3009,25.5178,26.1105,22.6036,25.2634,22.1764,24.5009,18.1638,19.3682,19.4081,19.1241,17.6788,18.4458,
5181.2s 535 accuracy array:
5181.2s 536 0.4576,0.5125,0.6129,0.6150,0.6700,0.6681,0.7179,0.7161,0.7051,0.7575,0.7379,0.6742,0.7507,0.7360,0.7586,0.7381,0.7588,0.7448,0.7465,0.7694,0.7681,0.7581,0.7645,0.7777,0.7737,0.7686,0.7637,0.7790,0.7822,0.7758,0.7854,0.7792,0.7791,0.7767,0.7830,0.7836,0.7866,0.7885,0.7862,0.7828,0.7779,0.7762,0.7883,0.7810,0.7888,0.7912,0.7872,0.7741,0.7852,0.7907,
5181.2s 537 -------------------------------
5181.2s 538 --------parameter report--------
5181.2s 539 learning rate:0.00500
5181.2s 540 epoch:50
5181.2s 541 train batch size:64
5181.2s 542 test batch size:64
5181.2s 543 model:resnet18
5181.2s 544 optimizer:SGD
5181.2s 545 -------------------------------
5181.6s 546 Files already downloaded and verified
5182.4s 547 Files already downloaded and verified
5182.9s 548 epoch: 1 start
5182.9s 549 train:
5217.9s 550 (1402.645896911621, 0.34136)
5217.9s 551 test:
5220.3s 552 epoch: 1 accuracy 41.330%
5220.3s 553 epoch: 2 start
5220.3s 554 train:
5255.0s 555 (1134.8584866523743, 0.46748)
5255.0s 556 test:
5257.4s 557 epoch: 2 accuracy 43.460%
5257.4s 558 epoch: 3 start
5257.4s 559 train:
5292.4s 560 (1007.6730265021324, 0.5305)
5292.4s 561 test:
5294.9s 562 epoch: 3 accuracy 52.100%
5294.9s 563 epoch: 4 start
5294.9s 564 train:
5329.9s 565 (909.7864670157433, 0.58248)
5329.9s 566 test:
5332.3s 567 epoch: 4 accuracy 53.910%
5332.3s 568 epoch: 5 start
5332.3s 569 train:
5367.0s 570 (828.9257070422173, 0.61878)
5367.0s 571 test:
5369.4s 572 epoch: 5 accuracy 54.560%
5369.4s 573 epoch: 6 start
5369.4s 574 train:
5404.2s 575 (760.265298306942, 0.65198)
5404.2s 576 test:
5406.7s 577 epoch: 6 accuracy 56.510%
5406.7s 578 epoch: 7 start
5406.7s 579 train:
5441.5s 580 (700.7663034796715, 0.68226)
5441.5s 581 test:
5443.9s 582 epoch: 7 accuracy 46.610%
5443.9s 583 epoch: 8 start
5443.9s 584 train:
5478.5s 585 (648.365146189928, 0.70788)
5478.5s 586 test:
5481.0s 587 epoch: 8 accuracy 57.060%
5481.0s 588 epoch: 9 start
5481.0s 589 train:
5515.9s 590 (599.1222397387028, 0.7301)
5515.9s 591 test:
5518.3s 592 epoch: 9 accuracy 45.240%
5518.3s 593 epoch: 10 start
5518.3s 594 train:
5553.0s 595 (558.8522468805313, 0.74786)
5553.0s 596 test:
5555.4s 597 epoch: 10 accuracy 66.030%
5555.4s 598 epoch: 11 start
5555.4s 599 train:
5590.1s 600 (518.8244138062, 0.7676)
5590.1s 601 test:
5592.6s 602 epoch: 11 accuracy 67.880%
5592.6s 603 epoch: 12 start
5592.6s 604 train:
5627.3s 605 (478.78643330931664, 0.7852)
5627.3s 606 test:
5629.7s 607 epoch: 12 accuracy 57.480%
5629.7s 608 epoch: 13 start
5629.7s 609 train:
5664.3s 610 (440.1375521123409, 0.80594)
5664.3s 611 test:
5666.8s 612 epoch: 13 accuracy 66.450%
5666.8s 613 epoch: 14 start
5666.8s 614 train:
5701.7s 615 (404.09316247701645, 0.82136)
5701.7s 616 test:
5704.2s 617 epoch: 14 accuracy 63.670%
5704.2s 618 epoch: 15 start
5704.2s 619 train:
5738.8s 620 (366.7870879173279, 0.84004)
5738.8s 621 test:
5741.2s 622 epoch: 15 accuracy 42.730%
5741.2s 623 epoch: 16 start
5741.2s 624 train:
5776.1s 625 (332.56466569006443, 0.8556)
5776.1s 626 test:
5778.6s 627 epoch: 16 accuracy 61.090%
5778.6s 628 epoch: 17 start
5778.6s 629 train:
5813.7s 630 (293.8990910202265, 0.87452)
5813.7s 631 test:
5816.1s 632 epoch: 17 accuracy 58.780%
5816.1s 633 epoch: 18 start
5816.1s 634 train:
5851.2s 635 (263.62527103722095, 0.88834)
5851.2s 636 test:
5853.6s 637 epoch: 18 accuracy 68.560%
5853.6s 638 epoch: 19 start
5853.6s 639 train:
5888.3s 640 (231.09131359308958, 0.90308)
5888.3s 641 test:
5890.7s 642 epoch: 19 accuracy 56.610%
5890.7s 643 epoch: 20 start
5890.7s 644 train:
5925.3s 645 (207.57224881649017, 0.91286)
5925.3s 646 test:
5927.7s 647 epoch: 20 accuracy 71.320%
5927.7s 648 epoch: 21 start
5927.7s 649 train:
5962.7s 650 (172.88147251307964, 0.9292)
5962.7s 651 test:
5965.2s 652 epoch: 21 accuracy 71.750%
5965.2s 653 epoch: 22 start
5965.2s 654 train:
5999.9s 655 (153.95740511640906, 0.93794)
5999.9s 656 test:
6002.3s 657 epoch: 22 accuracy 67.780%
6002.3s 658 epoch: 23 start
6002.3s 659 train:
6037.0s 660 (128.05827765911818, 0.95068)
6037.0s 661 test:
6039.4s 662 epoch: 23 accuracy 66.080%
6039.4s 663 epoch: 24 start
6039.4s 664 train:
6074.1s 665 (106.3505395874381, 0.95988)
6074.1s 666 test:
6076.6s 667 epoch: 24 accuracy 68.240%
6076.6s 668 epoch: 25 start
6076.6s 669 train:
6111.3s 670 (93.38725707679987, 0.96516)
6111.3s 671 test:
6113.7s 672 epoch: 25 accuracy 67.750%
6113.7s 673 epoch: 26 start
6113.7s 674 train:
6148.4s 675 (75.19889177381992, 0.97396)
6148.4s 676 test:
6150.8s 677 epoch: 26 accuracy 69.050%
6150.8s 678 epoch: 27 start
6150.8s 679 train:
6185.6s 680 (66.68678441923112, 0.97618)
6185.6s 681 test:
6188.0s 682 epoch: 27 accuracy 70.640%
6188.0s 683 epoch: 28 start
6188.0s 684 train:
6222.7s 685 (54.02813703753054, 0.98144)
6222.7s 686 test:
6225.3s 687 epoch: 28 accuracy 72.840%
6225.3s 688 epoch: 29 start
6225.3s 689 train:
6260.0s 690 (47.06764068081975, 0.98388)
6260.0s 691 test:
6262.5s 692 epoch: 29 accuracy 69.750%
6262.5s 693 epoch: 30 start
6262.5s 694 train:
6297.2s 695 (40.55452886689454, 0.98634)
6297.2s 696 test:
6299.6s 697 epoch: 30 accuracy 68.510%
6299.6s 698 epoch: 31 start
6299.6s 699 train:
6334.3s 700 (36.43689851183444, 0.98758)
6334.3s 701 test:
6336.7s 702 epoch: 31 accuracy 60.790%
6336.7s 703 epoch: 32 start
6336.7s 704 train:
6371.4s 705 (35.18520025815815, 0.98874)
6371.4s 706 test:
6373.9s 707 epoch: 32 accuracy 65.680%
6373.9s 708 epoch: 33 start
6373.9s 709 train:
6408.7s 710 (29.24461107607931, 0.9911)
6408.7s 711 test:
6411.0s 712 epoch: 33 accuracy 73.820%
6411.0s 713 epoch: 34 start
6411.0s 714 train:
6445.7s 715 (23.41353255417198, 0.99378)
6445.7s 716 test:
6448.1s 717 epoch: 34 accuracy 71.640%
6448.1s 718 epoch: 35 start
6448.1s 719 train:
6482.9s 720 (20.60944585315883, 0.99406)
6482.9s 721 test:
6485.3s 722 epoch: 35 accuracy 73.760%
6485.3s 723 epoch: 36 start
6485.3s 724 train:
6520.1s 725 (16.748589240247384, 0.9962)
6520.1s 726 test:
6522.7s 727 epoch: 36 accuracy 74.250%
6522.7s 728 epoch: 37 start
6522.7s 729 train:
6557.5s 730 (18.813048865180463, 0.99474)
6557.5s 731 test:
6560.0s 732 epoch: 37 accuracy 38.960%
6560.0s 733 epoch: 38 start
6560.0s 734 train:
6594.9s 735 (18.948500483529642, 0.99426)
6594.9s 736 test:
6597.3s 737 epoch: 38 accuracy 68.340%
6597.3s 738 epoch: 39 start
6597.3s 739 train:
6632.0s 740 (16.65285448159557, 0.99548)
6632.0s 741 test:
6634.3s 742 epoch: 39 accuracy 73.840%
6634.3s 743 epoch: 40 start
6634.3s 744 train:
6669.2s 745 (11.838335513544735, 0.99734)
6669.2s 746 test:
6671.6s 747 epoch: 40 accuracy 74.300%
6671.6s 748 epoch: 41 start
6671.6s 749 train:
6706.4s 750 (11.221616817871109, 0.99734)
6706.4s 751 test:
6708.8s 752 epoch: 41 accuracy 74.210%
6708.8s 753 epoch: 42 start
6708.8s 754 train:
6743.6s 755 (10.62737256824039, 0.99748)
6743.6s 756 test:
6746.1s 757 epoch: 42 accuracy 73.940%
6746.1s 758 epoch: 43 start
6746.1s 759 train:
6780.9s 760 (8.774465240247082, 0.99836)
6780.9s 761 test:
6783.3s 762 epoch: 43 accuracy 66.510%
6783.3s 763 epoch: 44 start
6783.3s 764 train:
6818.2s 765 (9.162091361591592, 0.99784)
6818.2s 766 test:
6820.6s 767 epoch: 44 accuracy 70.120%
6820.6s 768 epoch: 45 start
6820.6s 769 train:
6855.4s 770 (10.093553982675076, 0.9974)
6855.4s 771 test:
6857.9s 772 epoch: 45 accuracy 74.200%
6857.9s 773 epoch: 46 start
6857.9s 774 train:
6892.6s 775 (7.34026856085984, 0.99856)
6892.6s 776 test:
6894.9s 777 epoch: 46 accuracy 62.800%
6894.9s 778 epoch: 47 start
6894.9s 779 train:
6929.7s 780 (7.161744849523529, 0.99842)
6929.7s 781 test:
6932.1s 782 epoch: 47 accuracy 72.330%
6932.1s 783 epoch: 48 start
6932.1s 784 train:
6967.0s 785 (6.304514286166523, 0.99878)
6967.0s 786 test:
6969.4s 787 epoch: 48 accuracy 74.910%
6969.4s 788 epoch: 49 start
6969.4s 789 train:
7004.1s 790 (6.978961545042694, 0.99832)
7004.1s 791 test:
7006.5s 792 epoch: 49 accuracy 69.080%
7006.5s 793 epoch: 50 start
7006.5s 794 train:
7041.2s 795 (7.074400425073691, 0.99838)
7041.2s 796 test:
7043.8s 797 epoch: 50 accuracy 74.770%
7043.8s 798 best accuracy: 74.910%
7043.8s 799 --------result report--------
7043.8s 800 best accuracy:74.910%
7043.8s 801 loss array:
7043.8s 802 1402.6459,1134.8585,1007.6730,909.7865,828.9257,760.2653,700.7663,648.3651,599.1222,558.8522,518.8244,478.7864,440.1376,404.0932,366.7871,332.5647,293.8991,263.6253,231.0913,207.5722,172.8815,153.9574,128.0583,106.3505,93.3873,75.1989,66.6868,54.0281,47.0676,40.5545,36.4369,35.1852,29.2446,23.4135,20.6094,16.7486,18.8130,18.9485,16.6529,11.8383,11.2216,10.6274,8.7745,9.1621,10.0936,7.3403,7.1617,6.3045,6.9790,7.0744,
7043.8s 803 accuracy array:
7043.8s 804 0.4133,0.4346,0.5210,0.5391,0.5456,0.5651,0.4661,0.5706,0.4524,0.6603,0.6788,0.5748,0.6645,0.6367,0.4273,0.6109,0.5878,0.6856,0.5661,0.7132,0.7175,0.6778,0.6608,0.6824,0.6775,0.6905,0.7064,0.7284,0.6975,0.6851,0.6079,0.6568,0.7382,0.7164,0.7376,0.7425,0.3896,0.6834,0.7384,0.7430,0.7421,0.7394,0.6651,0.7012,0.7420,0.6280,0.7233,0.7491,0.6908,0.7477,
7043.8s 805 -------------------------------
7043.8s 806 --------parameter report--------
7043.8s 807 learning rate:0.00500
7043.8s 808 epoch:50
7043.8s 809 train batch size:128
7043.8s 810 test batch size:64
7043.8s 811 model:resnet18
7043.8s 812 optimizer:SGD
7043.8s 813 -------------------------------
7044.1s 814 Files already downloaded and verified
7045.0s 815 Files already downloaded and verified
7045.5s 816 epoch: 1 start
7045.5s 817 train:
7077.7s 818 (757.7458477020264, 0.29298)
7077.7s 819 test:
7080.2s 820 epoch: 1 accuracy 37.170%
7080.2s 821 epoch: 2 start
7080.2s 822 train:
7111.5s 823 (631.4178479909897, 0.404)
7111.5s 824 test:
7114.1s 825 epoch: 2 accuracy 36.700%
7114.1s 826 epoch: 3 start
7114.1s 827 train:
7145.4s 828 (574.0772995948792, 0.45774)
7145.4s 829 test:
7148.0s 830 epoch: 3 accuracy 34.790%
7148.0s 831 epoch: 4 start
7148.0s 832 train:
7179.4s 833 (532.2437393665314, 0.49926)
7179.4s 834 test:
7181.7s 835 epoch: 4 accuracy 48.810%
7181.7s 836 epoch: 5 start
7181.7s 837 train:
7213.1s 838 (501.90221428871155, 0.53264)
7213.1s 839 test:
7215.4s 840 epoch: 5 accuracy 31.730%
7215.4s 841 epoch: 6 start
7215.4s 842 train:
7246.9s 843 (472.29758858680725, 0.56324)
7246.9s 844 test:
7249.2s 845 epoch: 6 accuracy 46.960%
7249.2s 846 epoch: 7 start
7249.2s 847 train:
7280.5s 848 (447.63430643081665, 0.58572)
7280.5s 849 test:
7282.9s 850 epoch: 7 accuracy 55.540%
7282.9s 851 epoch: 8 start
7282.9s 852 train:
7314.2s 853 (423.9368763566017, 0.61162)
7314.2s 854 test:
7316.6s 855 epoch: 8 accuracy 53.650%
7316.6s 856 epoch: 9 start
7316.6s 857 train:
7347.9s 858 (402.61761808395386, 0.63048)
7347.9s 859 test:
7350.3s 860 epoch: 9 accuracy 59.310%
7350.3s 861 epoch: 10 start
7350.3s 862 train:
7381.8s 863 (383.48556476831436, 0.64932)
7381.8s 864 test:
7384.2s 865 epoch: 10 accuracy 60.570%
7384.2s 866 epoch: 11 start
7384.2s 867 train:
7415.4s 868 (363.6402772665024, 0.66788)
7415.4s 869 test:
7417.9s 870 epoch: 11 accuracy 48.470%
7417.9s 871 epoch: 12 start
7417.9s 872 train:
7449.1s 873 (347.25647896528244, 0.6838)
7449.1s 874 test:
7451.6s 875 epoch: 12 accuracy 60.730%
7451.6s 876 epoch: 13 start
7451.6s 877 train:
7482.9s 878 (332.4280751347542, 0.69804)
7482.9s 879 test:
7485.4s 880 epoch: 13 accuracy 59.830%
7485.4s 881 epoch: 14 start
7485.4s 882 train:
7516.7s 883 (316.13328605890274, 0.7149)
7516.7s 884 test:
7519.0s 885 epoch: 14 accuracy 62.100%
7519.0s 886 epoch: 15 start
7519.0s 887 train:
7550.4s 888 (301.73201325535774, 0.72796)
7550.4s 889 test:
7552.8s 890 epoch: 15 accuracy 62.900%
7552.8s 891 epoch: 16 start
7552.8s 892 train:
7584.2s 893 (287.1237065792084, 0.74196)
7584.2s 894 test:
7586.6s 895 epoch: 16 accuracy 64.530%
7586.6s 896 epoch: 17 start
7586.6s 897 train:
7617.9s 898 (273.9092334806919, 0.75422)
7617.9s 899 test:
7620.3s 900 epoch: 17 accuracy 58.180%
7620.3s 901 epoch: 18 start
7620.3s 902 train:
7651.7s 903 (259.9080834686756, 0.76812)
7651.7s 904 test:
7654.1s 905 epoch: 18 accuracy 67.340%
7654.1s 906 epoch: 19 start
7654.1s 907 train:
7685.4s 908 (246.57711419463158, 0.7806)
7685.4s 909 test:
7687.7s 910 epoch: 19 accuracy 65.290%
7687.7s 911 epoch: 20 start
7687.7s 912 train:
7719.0s 913 (234.16861802339554, 0.7907)
7719.0s 914 test:
7721.4s 915 epoch: 20 accuracy 62.530%
7721.4s 916 epoch: 21 start
7721.4s 917 train:
7752.7s 918 (219.80236288905144, 0.80744)
7752.7s 919 test:
7755.1s 920 epoch: 21 accuracy 66.090%
7755.1s 921 epoch: 22 start
7755.1s 922 train:
7786.5s 923 (208.9698920249939, 0.8158)
7786.5s 924 test:
7788.9s 925 epoch: 22 accuracy 67.800%
7788.9s 926 epoch: 23 start
7788.9s 927 train:
7820.2s 928 (193.8908085823059, 0.83012)
7820.2s 929 test:
7822.5s 930 epoch: 23 accuracy 65.020%
7822.5s 931 epoch: 24 start
7822.5s 932 train:
7853.9s 933 (181.7547868192196, 0.84256)
7853.9s 934 test:
7856.2s 935 epoch: 24 accuracy 67.160%
7856.2s 936 epoch: 25 start
7856.2s 937 train:
7887.6s 938 (167.2878989726305, 0.85514)
7887.6s 939 test:
7890.1s 940 epoch: 25 accuracy 67.700%
7890.1s 941 epoch: 26 start
7890.1s 942 train:
7921.4s 943 (155.99454288184643, 0.86692)
7921.4s 944 test:
7923.9s 945 epoch: 26 accuracy 69.150%
7923.9s 946 epoch: 27 start
7923.9s 947 train:
7955.2s 948 (142.34709987044334, 0.8829)
7955.2s 949 test:
7957.7s 950 epoch: 27 accuracy 66.170%
7957.7s 951 epoch: 28 start
7957.7s 952 train:
7989.0s 953 (130.05608043074608, 0.89252)
7989.0s 954 test:
7991.5s 955 epoch: 28 accuracy 69.550%
7991.5s 956 epoch: 29 start
7991.5s 957 train:
8023.0s 958 (119.15856729447842, 0.9005)
8023.0s 959 test:
8025.4s 960 epoch: 29 accuracy 64.530%
8025.4s 961 epoch: 30 start
8025.4s 962 train:
8056.9s 963 (106.44704128801823, 0.91686)
8056.9s 964 test:
8059.2s 965 epoch: 30 accuracy 65.360%
8059.2s 966 epoch: 31 start
8059.2s 967 train:
8090.7s 968 (96.27952013909817, 0.92346)
8090.7s 969 test:
8093.1s 970 epoch: 31 accuracy 69.570%
8093.1s 971 epoch: 32 start
8093.1s 972 train:
8124.5s 973 (84.72804003953934, 0.93568)
8124.5s 974 test:
8126.8s 975 epoch: 32 accuracy 64.830%
8126.8s 976 epoch: 33 start
8126.8s 977 train:
8158.5s 978 (73.96120127290487, 0.94456)
8158.5s 979 test:
8160.9s 980 epoch: 33 accuracy 68.790%
8160.9s 981 epoch: 34 start
8160.9s 982 train:
8192.3s 983 (64.41662388294935, 0.95428)
8192.3s 984 test:
8194.6s 985 epoch: 34 accuracy 65.270%
8194.6s 986 epoch: 35 start
8194.6s 987 train:
8226.0s 988 (54.65476320683956, 0.96244)
8226.0s 989 test:
8228.3s 990 epoch: 35 accuracy 66.870%
8228.3s 991 epoch: 36 start
8228.3s 992 train:
8259.6s 993 (47.057315081357956, 0.97082)
8259.6s 994 test:
8262.3s 995 epoch: 36 accuracy 68.540%
8262.3s 996 epoch: 37 start
8262.3s 997 train:
8293.5s 998 (40.147724106907845, 0.97582)
8293.5s 999 test:
8296.1s 1000 epoch: 37 accuracy 68.210%
8296.1s 1001 epoch: 38 start
8296.1s 1002 train:
8327.4s 1003 (36.55504812672734, 0.97774)
8327.4s 1004 test:
8330.1s 1005 epoch: 38 accuracy 68.050%
8330.1s 1006 epoch: 39 start
8330.1s 1007 train:
8361.4s 1008 (30.061956839635968, 0.98352)
8361.4s 1009 test:
8363.9s 1010 epoch: 39 accuracy 69.560%
8363.9s 1011 epoch: 40 start
8363.9s 1012 train:
8395.3s 1013 (26.101611383259296, 0.9866)
8395.3s 1014 test:
8397.9s 1015 epoch: 40 accuracy 68.540%
8397.9s 1016 epoch: 41 start
8397.9s 1017 train:
8429.3s 1018 (22.82481485232711, 0.98862)
8429.3s 1019 test:
8431.8s 1020 epoch: 41 accuracy 69.350%
8431.8s 1021 epoch: 42 start
8431.8s 1022 train:
8463.4s 1023 (18.968581028282642, 0.99192)
8463.4s 1024 test:
8465.8s 1025 epoch: 42 accuracy 70.220%
8465.8s 1026 epoch: 43 start
8465.8s 1027 train:
8497.3s 1028 (17.2987367156893, 0.99244)
8497.3s 1029 test:
8499.7s 1030 epoch: 43 accuracy 69.680%
8499.7s 1031 epoch: 44 start
8499.7s 1032 train:
8531.1s 1033 (14.021510798484087, 0.99498)
8531.1s 1034 test:
8533.4s 1035 epoch: 44 accuracy 69.020%
8533.4s 1036 epoch: 45 start
8533.4s 1037 train:
8564.8s 1038 (11.597212088294327, 0.99622)
8564.8s 1039 test:
8567.1s 1040 epoch: 45 accuracy 70.600%
8567.1s 1041 epoch: 46 start
8567.1s 1042 train:
8598.5s 1043 (10.282411647029221, 0.99722)
8598.5s 1044 test:
8600.9s 1045 epoch: 46 accuracy 69.850%
8600.9s 1046 epoch: 47 start
8600.9s 1047 train:
8632.3s 1048 (9.200088620651513, 0.99754)
8632.3s 1049 test:
8634.6s 1050 epoch: 47 accuracy 69.000%
8634.6s 1051 epoch: 48 start
8634.6s 1052 train:
8666.0s 1053 (8.010945090092719, 0.9981)
8666.0s 1054 test:
8668.3s 1055 epoch: 48 accuracy 68.630%
8668.3s 1056 epoch: 49 start
8668.3s 1057 train:
8699.8s 1058 (7.70052554178983, 0.99826)
8699.8s 1059 test:
8702.2s 1060 epoch: 49 accuracy 69.720%
8702.2s 1061 epoch: 50 start
8702.2s 1062 train:
8733.6s 1063 (6.380768559407443, 0.99884)
8733.6s 1064 test:
8735.9s 1065 epoch: 50 accuracy 70.440%
8735.9s 1066 best accuracy: 70.600%
8735.9s 1067 --------result report--------
8735.9s 1068 best accuracy:70.600%
8735.9s 1069 loss array:
8735.9s 1070 757.7458,631.4178,574.0773,532.2437,501.9022,472.2976,447.6343,423.9369,402.6176,383.4856,363.6403,347.2565,332.4281,316.1333,301.7320,287.1237,273.9092,259.9081,246.5771,234.1686,219.8024,208.9699,193.8908,181.7548,167.2879,155.9945,142.3471,130.0561,119.1586,106.4470,96.2795,84.7280,73.9612,64.4166,54.6548,47.0573,40.1477,36.5550,30.0620,26.1016,22.8248,18.9686,17.2987,14.0215,11.5972,10.2824,9.2001,8.0109,7.7005,6.3808,
8735.9s 1071 accuracy array:
8735.9s 1072 0.3717,0.3670,0.3479,0.4881,0.3173,0.4696,0.5554,0.5365,0.5931,0.6057,0.4847,0.6073,0.5983,0.6210,0.6290,0.6453,0.5818,0.6734,0.6529,0.6253,0.6609,0.6780,0.6502,0.6716,0.6770,0.6915,0.6617,0.6955,0.6453,0.6536,0.6957,0.6483,0.6879,0.6527,0.6687,0.6854,0.6821,0.6805,0.6956,0.6854,0.6935,0.7022,0.6968,0.6902,0.7060,0.6985,0.6900,0.6863,0.6972,0.7044,
8735.9s 1073 -------------------------------
8735.9s 1074 --------parameter report--------
8735.9s 1075 learning rate:0.00500
8735.9s 1076 epoch:50
8735.9s 1077 train batch size:256
8735.9s 1078 test batch size:64
8735.9s 1079 model:resnet18
8735.9s 1080 optimizer:SGD
8735.9s 1081 -------------------------------
8736.3s 1082 Files already downloaded and verified
8737.2s 1083 Files already downloaded and verified
8737.7s 1084 epoch: 1 start
8737.7s 1085 train:
8767.8s 1086 (409.2187705039978, 0.24012)
8767.8s 1087 test:
8770.2s 1088 epoch: 1 accuracy 30.480%
8770.2s 1089 epoch: 2 start
8770.2s 1090 train:
8799.5s 1091 (351.2524175643921, 0.34072)
8799.5s 1092 test:
8801.9s 1093 epoch: 2 accuracy 36.600%
8801.9s 1094 epoch: 3 start
8801.9s 1095 train:
8831.3s 1096 (322.6464533805847, 0.39218)
8831.3s 1097 test:
8833.7s 1098 epoch: 3 accuracy 41.620%
8833.7s 1099 epoch: 4 start
8833.7s 1100 train:
8863.1s 1101 (301.9124631881714, 0.43026)
8863.1s 1102 test:
8865.5s 1103 epoch: 4 accuracy 42.910%
8865.5s 1104 epoch: 5 start
8865.5s 1105 train:
8894.8s 1106 (286.6763845682144, 0.46248)
8894.8s 1107 test:
8897.1s 1108 epoch: 5 accuracy 47.190%
8897.1s 1109 epoch: 6 start
8897.1s 1110 train:
8926.4s 1111 (273.4162929058075, 0.48816)
8926.4s 1112 test:
8928.7s 1113 epoch: 6 accuracy 47.970%
8928.7s 1114 epoch: 7 start
8928.7s 1115 train:
8958.0s 1116 (262.0954737663269, 0.50888)
8958.0s 1117 test:
8960.4s 1118 epoch: 7 accuracy 46.130%
8960.4s 1119 epoch: 8 start
8960.4s 1120 train:
8989.6s 1121 (251.7060376405716, 0.53092)
8989.6s 1122 test:
8992.0s 1123 epoch: 8 accuracy 39.150%
8992.0s 1124 epoch: 9 start
8992.0s 1125 train:
9021.2s 1126 (242.66067671775818, 0.54948)
9021.2s 1127 test:
9023.7s 1128 epoch: 9 accuracy 43.070%
9023.7s 1129 epoch: 10 start
9023.7s 1130 train:
9053.0s 1131 (234.21150016784668, 0.56532)
9053.0s 1132 test:
9055.3s 1133 epoch: 10 accuracy 52.530%
9055.3s 1134 epoch: 11 start
9055.3s 1135 train:
9084.7s 1136 (226.7552306652069, 0.58004)
9084.7s 1137 test:
9087.1s 1138 epoch: 11 accuracy 51.480%
9087.1s 1139 epoch: 12 start
9087.1s 1140 train:
9116.7s 1141 (218.9807552099228, 0.59524)
9116.7s 1142 test:
9119.0s 1143 epoch: 12 accuracy 49.050%
9119.0s 1144 epoch: 13 start
9119.0s 1145 train:
9148.3s 1146 (212.61563217639923, 0.60654)
9148.3s 1147 test:
9150.6s 1148 epoch: 13 accuracy 50.250%
9150.6s 1149 epoch: 14 start
9150.6s 1150 train:
9180.0s 1151 (206.23634320497513, 0.6198)
9180.0s 1152 test:
9182.4s 1153 epoch: 14 accuracy 53.930%
9182.4s 1154 epoch: 15 start
9182.4s 1155 train:
9211.8s 1156 (199.94434970617294, 0.63084)
9211.8s 1157 test:
9214.1s 1158 epoch: 15 accuracy 56.670%
9214.1s 1159 epoch: 16 start
9214.1s 1160 train:
9243.5s 1161 (193.5938537120819, 0.64524)
9243.5s 1162 test:
9245.8s 1163 epoch: 16 accuracy 48.900%
9245.8s 1164 epoch: 17 start
9245.8s 1165 train:
9275.1s 1166 (188.42466562986374, 0.65488)
9275.1s 1167 test:
9277.6s 1168 epoch: 17 accuracy 51.730%
9277.6s 1169 epoch: 18 start
9277.6s 1170 train:
9306.8s 1171 (182.30044144392014, 0.66712)
9306.8s 1172 test:
9309.3s 1173 epoch: 18 accuracy 57.340%
9309.3s 1174 epoch: 19 start
9309.3s 1175 train:
9338.7s 1176 (177.38018721342087, 0.6783)
9338.7s 1177 test:
9341.0s 1178 epoch: 19 accuracy 53.780%
9341.0s 1179 epoch: 20 start
9341.0s 1180 train:
9370.5s 1181 (172.1100376844406, 0.6874)
9370.5s 1182 test:
9372.8s 1183 epoch: 20 accuracy 58.790%
9372.8s 1184 epoch: 21 start
9372.8s 1185 train:
9402.1s 1186 (167.14743250608444, 0.6966)
9402.1s 1187 test:
9404.6s 1188 epoch: 21 accuracy 62.950%
9404.6s 1189 epoch: 22 start
9404.6s 1190 train:
9433.8s 1191 (162.49486649036407, 0.70736)
9433.8s 1192 test:
9436.4s 1193 epoch: 22 accuracy 56.880%
9436.4s 1194 epoch: 23 start
9436.4s 1195 train:
9465.7s 1196 (157.4505756497383, 0.71388)
9465.7s 1197 test:
9468.2s 1198 epoch: 23 accuracy 62.290%
9468.2s 1199 epoch: 24 start
9468.2s 1200 train:
9497.4s 1201 (153.44541734457016, 0.72232)
9497.4s 1202 test:
9500.0s 1203 epoch: 24 accuracy 60.990%
9500.0s 1204 epoch: 25 start
9500.0s 1205 train:
9529.2s 1206 (148.02797371149063, 0.7322)
9529.2s 1207 test:
9531.8s 1208 epoch: 25 accuracy 58.720%
9531.8s 1209 epoch: 26 start
9531.8s 1210 train:
9561.0s 1211 (143.27257364988327, 0.7411)
9561.0s 1212 test:
9563.5s 1213 epoch: 26 accuracy 54.100%
9563.5s 1214 epoch: 27 start
9563.5s 1215 train:
9592.7s 1216 (138.7636239528656, 0.7505)
9592.7s 1217 test:
9595.2s 1218 epoch: 27 accuracy 55.890%
9595.2s 1219 epoch: 28 start
9595.2s 1220 train:
9624.6s 1221 (135.2546803355217, 0.75624)
9624.6s 1222 test:
9626.9s 1223 epoch: 28 accuracy 56.900%
9626.9s 1224 epoch: 29 start
9626.9s 1225 train:
9656.2s 1226 (130.81194001436234, 0.76784)
9656.2s 1227 test:
9658.6s 1228 epoch: 29 accuracy 64.700%
9658.6s 1229 epoch: 30 start
9658.6s 1230 train:
9688.1s 1231 (127.77117329835892, 0.7709)
9688.1s 1232 test:
9690.4s 1233 epoch: 30 accuracy 59.320%
9690.4s 1234 epoch: 31 start
9690.4s 1235 train:
9719.9s 1236 (122.78007790446281, 0.7809)
9719.9s 1237 test:
9722.2s 1238 epoch: 31 accuracy 65.570%
9722.2s 1239 epoch: 32 start
9722.2s 1240 train:
9751.7s 1241 (118.4275381565094, 0.79048)
9751.7s 1242 test:
9754.1s 1243 epoch: 32 accuracy 65.330%
9754.1s 1244 epoch: 33 start
9754.1s 1245 train:
9783.7s 1246 (114.55383294820786, 0.7975)
9783.7s 1247 test:
9786.1s 1248 epoch: 33 accuracy 62.650%
9786.1s 1249 epoch: 34 start
9786.1s 1250 train:
9815.5s 1251 (110.711843252182, 0.80608)
9815.5s 1252 test:
9817.8s 1253 epoch: 34 accuracy 59.270%
9817.8s 1254 epoch: 35 start
9817.8s 1255 train:
9847.2s 1256 (105.89175868034363, 0.81672)
9847.2s 1257 test:
9849.6s 1258 epoch: 35 accuracy 32.770%
9849.6s 1259 epoch: 36 start
9849.6s 1260 train:
9879.0s 1261 (102.20003405213356, 0.82208)
9879.0s 1262 test:
9881.5s 1263 epoch: 36 accuracy 63.810%
9881.5s 1264 epoch: 37 start
9881.5s 1265 train:
9910.8s 1266 (98.07990998029709, 0.8314)
9910.8s 1267 test:
9913.1s 1268 epoch: 37 accuracy 52.850%
9913.1s 1269 epoch: 38 start
9913.1s 1270 train:
9942.6s 1271 (93.17555323243141, 0.83944)
9942.6s 1272 test:
9944.9s 1273 epoch: 38 accuracy 69.490%
9944.9s 1274 epoch: 39 start
9944.9s 1275 train:
9974.3s 1276 (89.8103714287281, 0.84668)
9974.3s 1277 test:
9976.6s 1278 epoch: 39 accuracy 63.820%
9976.6s 1279 epoch: 40 start
9976.6s 1280 train:
10006.1s 1281 (85.22634238004684, 0.85694)
10006.1s 1282 test:
10008.4s 1283 epoch: 40 accuracy 59.420%
10008.4s 1284 epoch: 41 start
10008.4s 1285 train:
10037.9s 1286 (80.67662572860718, 0.86548)
10037.9s 1287 test:
10040.3s 1288 epoch: 41 accuracy 51.180%
10040.3s 1289 epoch: 42 start
10040.3s 1290 train:
10069.6s 1291 (76.60209834575653, 0.8731)
10069.6s 1292 test:
10072.0s 1293 epoch: 42 accuracy 61.530%
10072.0s 1294 epoch: 43 start
10072.0s 1295 train:
10101.4s 1296 (73.6467157304287, 0.88012)
10101.4s 1297 test:
10103.7s 1298 epoch: 43 accuracy 63.210%
10103.7s 1299 epoch: 44 start
10103.7s 1300 train:
10133.1s 1301 (69.41196502745152, 0.88722)
10133.1s 1302 test:
10135.5s 1303 epoch: 44 accuracy 61.380%
10135.5s 1304 epoch: 45 start
10135.5s 1305 train:
10164.9s 1306 (65.19970300793648, 0.896)
10164.9s 1307 test:
10167.3s 1308 epoch: 45 accuracy 67.570%
10167.3s 1309 epoch: 46 start
10167.3s 1310 train:
10196.8s 1311 (60.6176670640707, 0.90444)
10196.8s 1312 test:
10199.1s 1313 epoch: 46 accuracy 64.160%
10199.1s 1314 epoch: 47 start
10199.1s 1315 train:
10228.5s 1316 (56.37509082257748, 0.91374)
10228.5s 1317 test:
10230.8s 1318 epoch: 47 accuracy 59.320%
10230.8s 1319 epoch: 48 start
10230.8s 1320 train:
10260.2s 1321 (53.010171204805374, 0.9203)
10260.2s 1322 test:
10262.6s 1323 epoch: 48 accuracy 68.050%
10262.6s 1324 epoch: 49 start
10262.6s 1325 train:
10292.0s 1326 (49.34080982208252, 0.92794)
10292.0s 1327 test:
10294.3s 1328 epoch: 49 accuracy 67.800%
10294.3s 1329 epoch: 50 start
10294.3s 1330 train:
10323.7s 1331 (45.10558395087719, 0.93678)
10323.7s 1332 test:
10326.0s 1333 epoch: 50 accuracy 60.280%
10326.0s 1334 best accuracy: 69.490%
10326.0s 1335 --------result report--------
10326.0s 1336 best accuracy:69.490%
10326.0s 1337 loss array:
10326.0s 1338 409.2188,351.2524,322.6465,301.9125,286.6764,273.4163,262.0955,251.7060,242.6607,234.2115,226.7552,218.9808,212.6156,206.2363,199.9443,193.5939,188.4247,182.3004,177.3802,172.1100,167.1474,162.4949,157.4506,153.4454,148.0280,143.2726,138.7636,135.2547,130.8119,127.7712,122.7801,118.4275,114.5538,110.7118,105.8918,102.2000,98.0799,93.1756,89.8104,85.2263,80.6766,76.6021,73.6467,69.4120,65.1997,60.6177,56.3751,53.0102,49.3408,45.1056,
10326.0s 1339 accuracy array:
10326.0s 1340 0.3048,0.3660,0.4162,0.4291,0.4719,0.4797,0.4613,0.3915,0.4307,0.5253,0.5148,0.4905,0.5025,0.5393,0.5667,0.4890,0.5173,0.5734,0.5378,0.5879,0.6295,0.5688,0.6229,0.6099,0.5872,0.5410,0.5589,0.5690,0.6470,0.5932,0.6557,0.6533,0.6265,0.5927,0.3277,0.6381,0.5285,0.6949,0.6382,0.5942,0.5118,0.6153,0.6321,0.6138,0.6757,0.6416,0.5932,0.6805,0.6780,0.6028,
10326.0s 1341 -------------------------------
10326.0s 1342 --------parameter report--------
10326.0s 1343 learning rate:0.00500
10326.0s 1344 epoch:50
10326.0s 1345 train batch size:512
10326.0s 1346 test batch size:64
10326.0s 1347 model:resnet18
10326.0s 1348 optimizer:SGD
10326.0s 1349 -------------------------------
10326.3s 1350 Files already downloaded and verified
10327.2s 1351 Files already downloaded and verified
10327.7s 1352 epoch: 1 start
10327.7s 1353 train:
10359.5s 1354 (213.39185309410095, 0.21442)
10359.5s 1355 test:
10361.8s 1356 epoch: 1 accuracy 27.060%
10361.8s 1357 epoch: 2 start
10361.8s 1358 train:
10391.2s 1359 (190.5841507911682, 0.29822)
10391.2s 1360 test:
10393.5s 1361 epoch: 2 accuracy 32.540%
10393.5s 1362 epoch: 3 start
10393.5s 1363 train:
10422.7s 1364 (176.68066465854645, 0.34434)
10422.7s 1365 test:
10425.0s 1366 epoch: 3 accuracy 36.450%
10425.0s 1367 epoch: 4 start
10425.0s 1368 train:
10454.3s 1369 (167.62262284755707, 0.3761)
10454.3s 1370 test:
10456.6s 1371 epoch: 4 accuracy 37.500%
10456.6s 1372 epoch: 5 start
10456.6s 1373 train:
10486.0s 1374 (160.41727566719055, 0.40074)
10486.0s 1375 test:
10488.3s 1376 epoch: 5 accuracy 40.880%
10488.3s 1377 epoch: 6 start
10488.3s 1378 train:
10517.5s 1379 (154.73649954795837, 0.41744)
10517.5s 1380 test:
10519.9s 1381 epoch: 6 accuracy 42.840%
10519.9s 1382 epoch: 7 start
10519.9s 1383 train:
10549.2s 1384 (150.02175641059875, 0.43534)
10549.2s 1385 test:
10551.5s 1386 epoch: 7 accuracy 43.460%
10551.5s 1387 epoch: 8 start
10551.5s 1388 train:
10580.8s 1389 (146.03376579284668, 0.45188)
10580.8s 1390 test:
10583.3s 1391 epoch: 8 accuracy 43.420%
10583.3s 1392 epoch: 9 start
10583.3s 1393 train:
10612.6s 1394 (142.54206442832947, 0.46632)
10612.6s 1395 test:
10615.1s 1396 epoch: 9 accuracy 44.990%
10615.1s 1397 epoch: 10 start
10615.1s 1398 train:
10644.3s 1399 (139.27254140377045, 0.48224)
10644.3s 1400 test:
10646.6s 1401 epoch: 10 accuracy 46.240%
10646.6s 1402 epoch: 11 start
10646.6s 1403 train:
10675.9s 1404 (136.33427941799164, 0.49264)
10675.9s 1405 test:
10678.3s 1406 epoch: 11 accuracy 48.530%
10678.3s 1407 epoch: 12 start
10678.3s 1408 train:
10707.5s 1409 (133.5731781721115, 0.50398)
10707.5s 1410 test:
10709.8s 1411 epoch: 12 accuracy 46.970%
10709.8s 1412 epoch: 13 start
10709.8s 1413 train:
10739.0s 1414 (130.64439725875854, 0.513)
10739.0s 1415 test:
10741.4s 1416 epoch: 13 accuracy 44.780%
10741.4s 1417 epoch: 14 start
10741.4s 1418 train:
10770.5s 1419 (128.1196504831314, 0.5244)
10770.5s 1420 test:
10773.0s 1421 epoch: 14 accuracy 51.120%
10773.0s 1422 epoch: 15 start
10773.0s 1423 train:
10802.1s 1424 (125.69917094707489, 0.53436)
10802.1s 1425 test:
10804.4s 1426 epoch: 15 accuracy 46.060%
10804.4s 1427 epoch: 16 start
10804.4s 1428 train:
10833.9s 1429 (123.36222624778748, 0.54404)
10833.9s 1430 test:
10836.2s 1431 epoch: 16 accuracy 50.270%
10836.2s 1432 epoch: 17 start
10836.2s 1433 train:
10865.4s 1434 (120.78892743587494, 0.55412)
10865.4s 1435 test:
10867.7s 1436 epoch: 17 accuracy 52.540%
10867.7s 1437 epoch: 18 start
10867.7s 1438 train:
10896.9s 1439 (119.13649213314056, 0.55988)
10896.9s 1440 test:
10899.2s 1441 epoch: 18 accuracy 43.540%
10899.2s 1442 epoch: 19 start
10899.2s 1443 train:
10928.4s 1444 (116.74616301059723, 0.57036)
10928.4s 1445 test:
10930.7s 1446 epoch: 19 accuracy 54.990%
10930.7s 1447 epoch: 20 start
10930.7s 1448 train:
10960.1s 1449 (114.89335477352142, 0.57674)
10960.1s 1450 test:
10962.4s 1451 epoch: 20 accuracy 46.200%
10962.4s 1452 epoch: 21 start
10962.4s 1453 train:
10991.7s 1454 (112.79396688938141, 0.58466)
10991.7s 1455 test:
10994.1s 1456 epoch: 21 accuracy 54.690%
10994.1s 1457 epoch: 22 start
10994.1s 1458 train:
11023.2s 1459 (110.98675274848938, 0.59102)
11023.2s 1460 test:
11025.6s 1461 epoch: 22 accuracy 53.190%
11025.6s 1462 epoch: 23 start
11025.6s 1463 train:
11055.0s 1464 (109.1376440525055, 0.60002)
11055.0s 1465 test:
11057.3s 1466 epoch: 23 accuracy 52.850%
11057.3s 1467 epoch: 24 start
11057.3s 1468 train:
11086.6s 1469 (107.3652902841568, 0.60664)
11086.6s 1470 test:
11088.9s 1471 epoch: 24 accuracy 56.000%
11088.9s 1472 epoch: 25 start
11088.9s 1473 train:
11118.1s 1474 (105.73686450719833, 0.61336)
11118.1s 1475 test:
11120.4s 1476 epoch: 25 accuracy 42.750%
11120.4s 1477 epoch: 26 start
11120.4s 1478 train:
11149.6s 1479 (103.85436654090881, 0.61854)
11149.6s 1480 test:
11151.9s 1481 epoch: 26 accuracy 57.680%
11151.9s 1482 epoch: 27 start
11151.9s 1483 train:
11181.2s 1484 (102.02662128210068, 0.626)
11181.2s 1485 test:
11183.5s 1486 epoch: 27 accuracy 51.650%
11183.5s 1487 epoch: 28 start
11183.5s 1488 train:
11212.8s 1489 (100.50111681222916, 0.63364)
11212.8s 1490 test:
11215.1s 1491 epoch: 28 accuracy 58.020%
11215.1s 1492 epoch: 29 start
11215.1s 1493 train:
11244.2s 1494 (98.97845888137817, 0.6389)
11244.2s 1495 test:
11246.7s 1496 epoch: 29 accuracy 59.220%
11246.7s 1497 epoch: 30 start
11246.7s 1498 train:
11276.0s 1499 (97.52763599157333, 0.6452)
11276.0s 1500 test:
11278.4s 1501 epoch: 30 accuracy 49.550%
11278.4s 1502 epoch: 31 start
11278.4s 1503 train:
11307.5s 1504 (96.0795909166336, 0.64998)
11307.5s 1505 test:
11309.8s 1506 epoch: 31 accuracy 54.590%
11309.8s 1507 epoch: 32 start
11309.8s 1508 train:
11339.0s 1509 (94.30924415588379, 0.6557)
11339.0s 1510 test:
11341.3s 1511 epoch: 32 accuracy 43.420%
11341.3s 1512 epoch: 33 start
11341.3s 1513 train:
11370.5s 1514 (93.31880575418472, 0.65908)
11370.5s 1515 test:
11372.8s 1516 epoch: 33 accuracy 54.150%
11372.8s 1517 epoch: 34 start
11372.8s 1518 train:
11402.1s 1519 (91.1816241145134, 0.66796)
11402.1s 1520 test:
11404.4s 1521 epoch: 34 accuracy 50.860%
11404.4s 1522 epoch: 35 start
11404.4s 1523 train:
11433.6s 1524 (90.10587960481644, 0.67176)
11433.6s 1525 test:
11436.1s 1526 epoch: 35 accuracy 58.540%
11436.1s 1527 epoch: 36 start
11436.1s 1528 train:
11465.3s 1529 (88.41709041595459, 0.6788)
11465.3s 1530 test:
11467.9s 1531 epoch: 36 accuracy 53.740%
11467.9s 1532 epoch: 37 start
11467.9s 1533 train:
11497.1s 1534 (87.40828895568848, 0.68356)
11497.1s 1535 test:
11499.6s 1536 epoch: 37 accuracy 58.570%
11499.6s 1537 epoch: 38 start
11499.6s 1538 train:
11528.8s 1539 (85.76456987857819, 0.69028)
11528.8s 1540 test:
11531.3s 1541 epoch: 38 accuracy 59.460%
11531.3s 1542 epoch: 39 start
11531.3s 1543 train:
11560.5s 1544 (83.94307392835617, 0.69822)
11560.5s 1545 test:
11562.8s 1546 epoch: 39 accuracy 57.540%
11562.8s 1547 epoch: 40 start
11562.8s 1548 train:
11592.0s 1549 (82.9261366724968, 0.70196)
11592.0s 1550 test:
11594.2s 1551 epoch: 40 accuracy 63.440%
11594.2s 1552 epoch: 41 start
11594.2s 1553 train:
11623.5s 1554 (81.57933741807938, 0.70576)
11623.5s 1555 test:
11625.8s 1556 epoch: 41 accuracy 62.080%
11625.8s 1557 epoch: 42 start
11625.8s 1558 train:
11655.2s 1559 (80.11114156246185, 0.7113)
11655.2s 1560 test:
11657.5s 1561 epoch: 42 accuracy 58.970%
11657.5s 1562 epoch: 43 start
11657.5s 1563 train:
11686.7s 1564 (78.70782917737961, 0.71708)
11686.7s 1565 test:
11689.0s 1566 epoch: 43 accuracy 62.840%
11689.0s 1567 epoch: 44 start
11689.0s 1568 train:
11718.4s 1569 (77.29959052801132, 0.72232)
11718.4s 1570 test:
11720.7s 1571 epoch: 44 accuracy 60.830%
11720.7s 1572 epoch: 45 start
11720.7s 1573 train:
11749.8s 1574 (76.11567950248718, 0.72568)
11749.8s 1575 test:
11752.3s 1576 epoch: 45 accuracy 59.130%
11752.3s 1577 epoch: 46 start
11752.3s 1578 train:
11781.6s 1579 (74.73731434345245, 0.73236)
11781.6s 1580 test:
11783.9s 1581 epoch: 46 accuracy 65.170%
11783.9s 1582 epoch: 47 start
11783.9s 1583 train:
11813.3s 1584 (73.42758506536484, 0.73652)
11813.3s 1585 test:
11815.5s 1586 epoch: 47 accuracy 62.340%
11815.5s 1587 epoch: 48 start
11815.5s 1588 train:
11844.7s 1589 (72.05184370279312, 0.74194)
11844.7s 1590 test:
11847.0s 1591 epoch: 48 accuracy 62.130%
11847.0s 1592 epoch: 49 start
11847.0s 1593 train:
11876.3s 1594 (70.82155239582062, 0.74838)
11876.3s 1595 test:
11878.6s 1596 epoch: 49 accuracy 63.200%
11878.6s 1597 epoch: 50 start
11878.6s 1598 train:
11907.9s 1599 (69.55633842945099, 0.75334)
11907.9s 1600 test:
11910.0s 1601 epoch: 50 accuracy 64.840%
11910.0s 1602 best accuracy: 65.170%
11910.0s 1603 --------result report--------
11910.0s 1604 best accuracy:65.170%
11910.0s 1605 loss array:
11910.0s 1606 213.3919,190.5842,176.6807,167.6226,160.4173,154.7365,150.0218,146.0338,142.5421,139.2725,136.3343,133.5732,130.6444,128.1197,125.6992,123.3622,120.7889,119.1365,116.7462,114.8934,112.7940,110.9868,109.1376,107.3653,105.7369,103.8544,102.0266,100.5011,98.9785,97.5276,96.0796,94.3092,93.3188,91.1816,90.1059,88.4171,87.4083,85.7646,83.9431,82.9261,81.5793,80.1111,78.7078,77.2996,76.1157,74.7373,73.4276,72.0518,70.8216,69.5563,
11910.0s 1607 accuracy array:
11910.0s 1608 0.2706,0.3254,0.3645,0.3750,0.4088,0.4284,0.4346,0.4342,0.4499,0.4624,0.4853,0.4697,0.4478,0.5112,0.4606,0.5027,0.5254,0.4354,0.5499,0.4620,0.5469,0.5319,0.5285,0.5600,0.4275,0.5768,0.5165,0.5802,0.5922,0.4955,0.5459,0.4342,0.5415,0.5086,0.5854,0.5374,0.5857,0.5946,0.5754,0.6344,0.6208,0.5897,0.6284,0.6083,0.5913,0.6517,0.6234,0.6213,0.6320,0.6484,
11910.0s 1609 -------------------------------
11910.0s 1610 --------parameter report--------
11910.0s 1611 batchSize:16    accuracy:0.822%
11910.0s 1612 batchSize:32    accuracy:0.791%
11910.0s 1613 batchSize:64    accuracy:0.749%
11910.0s 1614 batchSize:128    accuracy:0.706%
11910.0s 1615 batchSize:256    accuracy:0.695%
11910.0s 1616 batchSize:512    accuracy:0.652%
11910.0s 1617 /opt/conda/lib/python3.7/site-packages/papermill/iorw.py:50: FutureWarning: pyarrow.HadoopFileSystem is deprecated as of 2.0.0, please use pyarrow.fs.HadoopFileSystem instead.
11910.0s 1618 from pyarrow import HadoopFileSystem
11914.0s 1619 /opt/conda/lib/python3.7/site-packages/traitlets/traitlets.py:2567: FutureWarning: --Exporter.preprocessors=["remove_papermill_header.RemovePapermillHeader"] for containers is deprecated in traitlets 5.0. You can pass `--Exporter.preprocessors item` ... multiple times to add items to a list.
11914.0s 1620 FutureWarning,
11914.0s 1621 [NbConvertApp] Converting notebook __notebook__.ipynb to notebook
11914.7s 1622 [NbConvertApp] Writing 77931 bytes to __notebook__.ipynb
11917.0s 1623 /opt/conda/lib/python3.7/site-packages/traitlets/traitlets.py:2567: FutureWarning: --Exporter.preprocessors=["nbconvert.preprocessors.ExtractOutputPreprocessor"] for containers is deprecated in traitlets 5.0. You can pass `--Exporter.preprocessors item` ... multiple times to add items to a list.
11917.0s 1624 FutureWarning,
11917.0s 1625 [NbConvertApp] Converting notebook __notebook__.ipynb to html
11917.5s 1626 [NbConvertApp] Writing 380131 bytes to __results__.html