15.5s 1 --------parameter report--------
15.5s 2 learning rate:0.00600
15.5s 3 epoch:100
15.5s 4 train batch size:16
15.5s 5 test batch size:16
15.5s 6 model:resnet18
15.5s 7 optimizer:SGD
15.5s 8 -------------------------------
15.9s 9 Downloading https://www.cs.toronto.edu/~kriz/cifar-10-python.tar.gz to ../data/cifar-10-python.tar.gz
22.4s 10 Extracting ../data/cifar-10-python.tar.gz to ../data
25.7s 11 Files already downloaded and verified
29.6s 12 epoch: 1 start
29.6s 13 train:
277.7s 14 (5192.056891679764, 0.43678)
277.7s 15 test:
295.8s 16 epoch: 1 accuracy 56.870%
295.8s 17 epoch: 2 start
295.8s 18 train:
536.8s 19 (3554.738450586796, 0.59524)
536.8s 20 test:
554.5s 21 epoch: 2 accuracy 60.360%
554.5s 22 epoch: 3 start
554.5s 23 train:
795.2s 24 (2921.265316233039, 0.67074)
795.2s 25 test:
812.7s 26 epoch: 3 accuracy 62.870%
812.7s 27 epoch: 4 start
812.7s 28 train:
1054.5s 29 (2543.3246067762375, 0.7166)
1054.5s 30 test:
1072.2s 31 epoch: 4 accuracy 70.270%
1072.2s 32 epoch: 5 start
1072.2s 33 train:
1314.2s 34 (2266.4416267573833, 0.74616)
1314.2s 35 test:
1331.7s 36 epoch: 5 accuracy 69.660%
1331.7s 37 epoch: 6 start
1331.7s 38 train:
1573.7s 39 (2035.456698589027, 0.77456)
1573.7s 40 test:
1591.7s 41 epoch: 6 accuracy 72.690%
1591.7s 42 epoch: 7 start
1591.7s 43 train:
1834.5s 44 (1852.9442738480866, 0.79394)
1834.5s 45 test:
1852.5s 46 epoch: 7 accuracy 76.030%
1852.5s 47 epoch: 8 start
1852.5s 48 train:
2094.1s 49 (1691.2174032479525, 0.81298)
2094.1s 50 test:
2111.9s 51 epoch: 8 accuracy 78.160%
2111.9s 52 epoch: 9 start
2111.9s 53 train:
2353.8s 54 (1556.428375519812, 0.82628)
2353.8s 55 test:
2371.8s 56 epoch: 9 accuracy 80.220%
2371.8s 57 epoch: 10 start
2371.8s 58 train:
2613.7s 59 (1426.0379256922752, 0.84092)
2613.7s 60 test:
2631.2s 61 epoch: 10 accuracy 79.320%
2631.2s 62 epoch: 11 start
2631.2s 63 train:
2873.6s 64 (1314.6373542323709, 0.85352)
2873.6s 65 test:
2891.6s 66 epoch: 11 accuracy 80.100%
2891.6s 67 epoch: 12 start
2891.6s 68 train:
3135.0s 69 (1208.3524402081966, 0.8656)
3135.0s 70 test:
3153.1s 71 epoch: 12 accuracy 80.830%
3153.1s 72 epoch: 13 start
3153.1s 73 train:
3395.0s 74 (1099.0363179259002, 0.87712)
3395.0s 75 test:
3412.5s 76 epoch: 13 accuracy 78.290%
3412.5s 77 epoch: 14 start
3412.5s 78 train:
3654.8s 79 (1015.4492178773507, 0.88566)
3654.8s 80 test:
3672.5s 81 epoch: 14 accuracy 82.130%
3672.5s 82 epoch: 15 start
3672.5s 83 train:
3916.1s 84 (932.2191159492359, 0.8972)
3916.1s 85 test:
3933.8s 86 epoch: 15 accuracy 80.990%
3933.8s 87 epoch: 16 start
3933.8s 88 train:
4176.1s 89 (839.1896955589764, 0.9057)
4176.1s 90 test:
4193.7s 91 epoch: 16 accuracy 83.220%
4193.7s 92 epoch: 17 start
4193.7s 93 train:
4437.1s 94 (762.1698861268815, 0.9146)
4437.1s 95 test:
4455.0s 96 epoch: 17 accuracy 81.240%
4455.0s 97 epoch: 18 start
4455.0s 98 train:
4699.1s 99 (686.5215929411352, 0.92396)
4699.1s 100 test:
4717.1s 101 epoch: 18 accuracy 83.240%
4717.1s 102 epoch: 19 start
4717.1s 103 train:
4960.5s 104 (628.303114751121, 0.92954)
4960.5s 105 test:
4978.3s 106 epoch: 19 accuracy 78.320%
4978.3s 107 epoch: 20 start
4978.3s 108 train:
5221.3s 109 (571.0205410979688, 0.93712)
5221.3s 110 test:
5239.4s 111 epoch: 20 accuracy 80.890%
5239.4s 112 epoch: 21 start
5239.4s 113 train:
5482.6s 114 (491.41947690496454, 0.9456)
5482.6s 115 test:
5500.5s 116 epoch: 21 accuracy 79.590%
5500.5s 117 epoch: 22 start
5500.5s 118 train:
5743.5s 119 (452.2428610333591, 0.94908)
5743.5s 120 test:
5761.7s 121 epoch: 22 accuracy 82.470%
5761.7s 122 epoch: 23 start
5761.7s 123 train:
6005.9s 124 (405.14463713858277, 0.9552)
6005.9s 125 test:
6024.2s 126 epoch: 23 accuracy 82.770%
6024.2s 127 epoch: 24 start
6024.2s 128 train:
6267.7s 129 (371.26362048534793, 0.95886)
6267.7s 130 test:
6285.9s 131 epoch: 24 accuracy 83.760%
6285.9s 132 epoch: 25 start
6285.9s 133 train:
6529.5s 134 (327.1428290901822, 0.96398)
6529.5s 135 test:
6547.2s 136 epoch: 25 accuracy 82.660%
6547.2s 137 epoch: 26 start
6547.2s 138 train:
6791.1s 139 (294.6289933338194, 0.96754)
6791.1s 140 test:
6808.7s 141 epoch: 26 accuracy 81.960%
6808.7s 142 epoch: 27 start
6808.7s 143 train:
7052.7s 144 (258.1751600900607, 0.97074)
7052.7s 145 test:
7070.4s 146 epoch: 27 accuracy 79.460%
7070.4s 147 epoch: 28 start
7070.4s 148 train:
7314.1s 149 (244.91074621246662, 0.97284)
7314.1s 150 test:
7331.8s 151 epoch: 28 accuracy 82.820%
7331.8s 152 epoch: 29 start
7331.8s 153 train:
7575.5s 154 (222.21631546786375, 0.97528)
7575.5s 155 test:
7593.2s 156 epoch: 29 accuracy 83.580%
7593.2s 157 epoch: 30 start
7593.2s 158 train:
7836.3s 159 (211.3371654388975, 0.97694)
7836.3s 160 test:
7853.9s 161 epoch: 30 accuracy 82.210%
7853.9s 162 epoch: 31 start
7853.9s 163 train:
8096.8s 164 (172.83444811782556, 0.98086)
8096.8s 165 test:
8114.8s 166 epoch: 31 accuracy 84.280%
8114.8s 167 epoch: 32 start
8114.8s 168 train:
8357.5s 169 (165.18908176961122, 0.98122)
8357.5s 170 test:
8375.6s 171 epoch: 32 accuracy 83.660%
8375.6s 172 epoch: 33 start
8375.6s 173 train:
8618.2s 174 (163.06924411217187, 0.982)
8618.2s 175 test:
8636.1s 176 epoch: 33 accuracy 84.810%
8636.1s 177 epoch: 34 start
8636.1s 178 train:
8879.2s 179 (154.5251626378231, 0.9827)
8879.2s 180 test:
8897.5s 181 epoch: 34 accuracy 83.380%
8897.5s 182 epoch: 35 start
8897.5s 183 train:
9140.8s 184 (131.21986521379404, 0.98594)
9140.8s 185 test:
9158.9s 186 epoch: 35 accuracy 83.800%
9158.9s 187 epoch: 36 start
9158.9s 188 train:
9402.1s 189 (116.96815020011445, 0.98718)
9402.1s 190 test:
9420.2s 191 epoch: 36 accuracy 84.060%
9420.2s 192 epoch: 37 start
9420.2s 193 train:
9663.3s 194 (103.40421187895936, 0.98852)
9663.3s 195 test:
9681.4s 196 epoch: 37 accuracy 83.740%
9681.4s 197 epoch: 38 start
9681.4s 198 train:
9925.8s 199 (97.68665482317738, 0.98934)
9925.8s 200 test:
9943.7s 201 epoch: 38 accuracy 83.070%
9943.7s 202 epoch: 39 start
9943.7s 203 train:
10187.8s 204 (97.91716373363624, 0.98956)
10187.8s 205 test:
10206.0s 206 epoch: 39 accuracy 84.410%
10206.0s 207 epoch: 40 start
10206.0s 208 train:
10450.0s 209 (88.41358005949041, 0.99036)
10450.0s 210 test:
10468.1s 211 epoch: 40 accuracy 84.270%
10468.1s 212 epoch: 41 start
10468.1s 213 train:
10711.9s 214 (80.9809234821978, 0.99132)
10711.9s 215 test:
10729.9s 216 epoch: 41 accuracy 83.870%
10729.9s 217 epoch: 42 start
10729.9s 218 train:
10972.8s 219 (84.83079727291124, 0.99056)
10972.8s 220 test:
10990.7s 221 epoch: 42 accuracy 84.130%
10990.7s 222 epoch: 43 start
10990.7s 223 train:
11234.0s 224 (78.48056449989599, 0.99128)
11234.0s 225 test:
11251.7s 226 epoch: 43 accuracy 84.130%
11251.7s 227 epoch: 44 start
11251.7s 228 train:
11495.4s 229 (75.14911276361016, 0.99178)
11495.4s 230 test:
11513.1s 231 epoch: 44 accuracy 84.430%
11513.1s 232 epoch: 45 start
11513.1s 233 train:
11756.5s 234 (49.861776744561894, 0.99466)
11756.5s 235 test:
11774.3s 236 epoch: 45 accuracy 84.710%
11774.3s 237 epoch: 46 start
11774.3s 238 train:
12018.1s 239 (51.55380232062589, 0.99484)
12018.1s 240 test:
12035.6s 241 epoch: 46 accuracy 84.610%
12035.6s 242 epoch: 47 start
12035.6s 243 train:
12280.0s 244 (32.525532575349814, 0.99654)
12280.0s 245 test:
12297.4s 246 epoch: 47 accuracy 84.850%
12297.4s 247 epoch: 48 start
12297.4s 248 train:
12540.8s 249 (45.68215138489904, 0.99492)
12540.8s 250 test:
12558.6s 251 epoch: 48 accuracy 84.950%
12558.6s 252 epoch: 49 start
12558.6s 253 train:
12802.5s 254 (43.26815428274722, 0.99542)
12802.5s 255 test:
12820.3s 256 epoch: 49 accuracy 85.440%
12820.3s 257 epoch: 50 start
12820.3s 258 train:
13064.3s 259 (38.0670009249194, 0.99638)
13064.3s 260 test:
13082.2s 261 epoch: 50 accuracy 85.590%
13082.2s 262 epoch: 51 start
13082.2s 263 train:
13325.7s 264 (33.70078230860079, 0.99656)
13325.7s 265 test:
13343.5s 266 epoch: 51 accuracy 85.080%
13343.5s 267 epoch: 52 start
13343.5s 268 train:
13586.9s 269 (25.291584584379734, 0.99776)
13586.9s 270 test:
13605.1s 271 epoch: 52 accuracy 86.080%
13605.1s 272 epoch: 53 start
13605.1s 273 train:
13848.7s 274 (25.807891402779674, 0.99752)
13848.7s 275 test:
13866.8s 276 epoch: 53 accuracy 85.110%
13866.8s 277 epoch: 54 start
13866.8s 278 train:
14110.2s 279 (26.06648775619651, 0.99722)
14110.2s 280 test:
14128.3s 281 epoch: 54 accuracy 85.180%
14128.3s 282 epoch: 55 start
14128.3s 283 train:
14372.0s 284 (24.00949393462912, 0.9975)
14372.0s 285 test:
14389.9s 286 epoch: 55 accuracy 85.530%
14389.9s 287 epoch: 56 start
14389.9s 288 train:
14633.4s 289 (16.714880110453578, 0.99846)
14633.4s 290 test:
14651.3s 291 epoch: 56 accuracy 85.520%
14651.3s 292 epoch: 57 start
14651.3s 293 train:
14894.7s 294 (19.39093512499454, 0.99814)
14894.7s 295 test:
14912.9s 296 epoch: 57 accuracy 85.470%
14912.9s 297 epoch: 58 start
14912.9s 298 train:
15156.2s 299 (21.870663534504047, 0.9977)
15156.2s 300 test:
15173.9s 301 epoch: 58 accuracy 85.310%
15173.9s 302 epoch: 59 start
15173.9s 303 train:
15417.1s 304 (15.903948567237194, 0.9984)
15417.1s 305 test:
15434.6s 306 epoch: 59 accuracy 86.170%
15434.6s 307 epoch: 60 start
15434.6s 308 train:
15678.3s 309 (27.951244304518582, 0.99712)
15678.3s 310 test:
15695.9s 311 epoch: 60 accuracy 85.330%
15695.9s 312 epoch: 61 start
15695.9s 313 train:
15940.8s 314 (19.90415338697835, 0.99806)
15940.8s 315 test:
15958.5s 316 epoch: 61 accuracy 85.150%
15958.5s 317 epoch: 62 start
15958.5s 318 train:
16203.0s 319 (25.60779541989848, 0.99766)
16203.0s 320 test:
16220.7s 321 epoch: 62 accuracy 85.740%
16220.7s 322 epoch: 63 start
16220.7s 323 train:
16464.3s 324 (18.58603419499167, 0.99816)
16464.3s 325 test:
16482.1s 326 epoch: 63 accuracy 85.100%
16482.1s 327 epoch: 64 start
16482.1s 328 train:
16726.0s 329 (15.883810308762605, 0.99864)
16726.0s 330 test:
16743.6s 331 epoch: 64 accuracy 85.620%
16743.6s 332 epoch: 65 start
16743.6s 333 train:
16987.8s 334 (11.933870909444352, 0.99886)
16987.8s 335 test:
17005.4s 336 epoch: 65 accuracy 85.460%
17005.4s 337 epoch: 66 start
17005.4s 338 train:
17249.3s 339 (8.553584536133812, 0.99914)
17249.3s 340 test:
17267.6s 341 epoch: 66 accuracy 85.730%
17267.6s 342 epoch: 67 start
17267.6s 343 train:
17511.1s 344 (7.188018340168981, 0.99954)
17511.1s 345 test:
17529.3s 346 epoch: 67 accuracy 86.010%
17529.3s 347 epoch: 68 start
17529.3s 348 train:
17772.6s 349 (3.700876141958389, 0.99978)
17772.6s 350 test:
17790.5s 351 epoch: 68 accuracy 86.200%
17790.5s 352 epoch: 69 start
17790.5s 353 train:
18034.4s 354 (2.7253405777566115, 0.99986)
18034.4s 355 test:
18052.4s 356 epoch: 69 accuracy 85.870%
18052.4s 357 epoch: 70 start
18052.4s 358 train:
18296.6s 359 (4.441608441351292, 0.99962)
18296.6s 360 test:
18314.6s 361 epoch: 70 accuracy 85.530%
18314.6s 362 epoch: 71 start
18314.6s 363 train:
18558.4s 364 (4.07060183810264, 0.99972)
18558.4s 365 test:
18576.5s 366 epoch: 71 accuracy 85.360%
18576.5s 367 epoch: 72 start
18576.5s 368 train:
18820.4s 369 (2.498471323173476, 0.9999)
18820.4s 370 test:
18838.5s 371 epoch: 72 accuracy 85.780%
18838.5s 372 epoch: 73 start
18838.5s 373 train:
19081.9s 374 (1.6330575146659783, 0.99994)
19081.9s 375 test:
19100.1s 376 epoch: 73 accuracy 86.110%
19100.1s 377 epoch: 74 start
19100.1s 378 train:
19343.9s 379 (2.4263240543665745, 0.99984)
19343.9s 380 test:
19361.7s 381 epoch: 74 accuracy 85.870%
19361.7s 382 epoch: 75 start
19361.7s 383 train:
19605.4s 384 (4.48224225925631, 0.99972)
19605.4s 385 test:
19623.5s 386 epoch: 75 accuracy 85.930%
19623.5s 387 epoch: 76 start
19623.5s 388 train:
19867.6s 389 (3.3434232631567227, 0.99974)
19867.6s 390 test:
19885.5s 391 epoch: 76 accuracy 86.410%
19885.5s 392 epoch: 77 start
19885.5s 393 train:
20130.2s 394 (1.3406611048642532, 0.99992)
20130.2s 395 test:
20148.2s 396 epoch: 77 accuracy 86.310%
20148.2s 397 epoch: 78 start
20148.2s 398 train:
20393.5s 399 (2.774863381808572, 0.99984)
20393.5s 400 test:
20411.4s 401 epoch: 78 accuracy 86.150%
20411.4s 402 epoch: 79 start
20411.4s 403 train:
20656.8s 404 (3.8611253251234388, 0.9996)
20656.8s 405 test:
20674.8s 406 epoch: 79 accuracy 85.850%
20674.8s 407 epoch: 80 start
20674.8s 408 train:
20920.0s 409 (1.6947455704810181, 0.99994)
20920.0s 410 test:
20938.0s 411 epoch: 80 accuracy 86.370%
20938.0s 412 epoch: 81 start
20938.0s 413 train:
21183.3s 414 (2.291703933892933, 0.99992)
21183.3s 415 test:
21201.4s 416 epoch: 81 accuracy 85.700%
21201.4s 417 epoch: 82 start
21201.4s 418 train:
21446.7s 419 (1.568753359896192, 0.99992)
21446.7s 420 test:
21464.7s 421 epoch: 82 accuracy 86.560%
21464.7s 422 epoch: 83 start
21464.7s 423 train:
21709.9s 424 (1.211321642738099, 0.99992)
21709.9s 425 test:
21728.0s 426 epoch: 83 accuracy 86.580%
21728.0s 427 epoch: 84 start
21728.0s 428 train:
21973.4s 429 (0.7318091215183031, 1.0)
21973.4s 430 test:
21991.2s 431 epoch: 84 accuracy 86.560%
21991.2s 432 epoch: 85 start
21991.2s 433 train:
22236.8s 434 (0.9065332054412174, 0.99998)
22236.8s 435 test:
22254.6s 436 epoch: 85 accuracy 86.760%
22254.6s 437 epoch: 86 start
22254.6s 438 train:
22500.0s 439 (1.1433956763052038, 0.99998)
22500.0s 440 test:
22517.9s 441 epoch: 86 accuracy 86.800%
22517.9s 442 epoch: 87 start
22517.9s 443 train:
22763.3s 444 (0.6858691401966439, 0.99998)
22763.3s 445 test:
22781.1s 446 epoch: 87 accuracy 86.500%
22781.1s 447 epoch: 88 start
22781.1s 448 train:
23026.7s 449 (0.49748165398642286, 1.0)
23026.7s 450 test:
23044.5s 451 epoch: 88 accuracy 86.680%
23044.5s 452 epoch: 89 start
23044.5s 453 train:
23289.9s 454 (0.44822364782449853, 1.0)
23289.9s 455 test:
23307.8s 456 epoch: 89 accuracy 86.330%
23307.8s 457 epoch: 90 start
23307.8s 458 train:
23553.1s 459 (0.36551654221246466, 1.0)
23553.1s 460 test:
23571.0s 461 epoch: 90 accuracy 86.610%
23571.0s 462 epoch: 91 start
23571.0s 463 train:
23816.5s 464 (0.43400642576441584, 1.0)
23816.5s 465 test:
23834.5s 466 epoch: 91 accuracy 86.670%
23834.5s 467 epoch: 92 start
23834.5s 468 train:
24079.9s 469 (0.47829287725416236, 0.99998)
24079.9s 470 test:
24097.9s 471 epoch: 92 accuracy 86.500%
24097.9s 472 epoch: 93 start
24097.9s 473 train:
24343.3s 474 (0.47059414296221647, 0.99998)
24343.3s 475 test:
24361.2s 476 epoch: 93 accuracy 86.540%
24361.2s 477 epoch: 94 start
24361.2s 478 train:
24606.6s 479 (0.43030989648691786, 1.0)
24606.6s 480 test:
24624.7s 481 epoch: 94 accuracy 86.070%
24624.7s 482 epoch: 95 start
24624.7s 483 train:
24870.4s 484 (0.29737107532381657, 1.0)
24870.4s 485 test:
24888.4s 486 epoch: 95 accuracy 86.610%
24888.4s 487 epoch: 96 start
24888.4s 488 train:
25134.7s 489 (0.5502234228008547, 0.99998)
25134.7s 490 test:
25152.6s 491 epoch: 96 accuracy 86.620%
25152.6s 492 epoch: 97 start
25152.6s 493 train:
25397.9s 494 (0.36624201902011677, 1.0)
25397.9s 495 test:
25416.1s 496 epoch: 97 accuracy 86.460%
25416.1s 497 epoch: 98 start
25416.1s 498 train:
25661.3s 499 (0.3498416892722016, 1.0)
25661.3s 500 test:
25679.3s 501 epoch: 98 accuracy 86.880%
25679.3s 502 epoch: 99 start
25679.3s 503 train:
25924.7s 504 (0.2619152194486567, 1.0)
25924.7s 505 test:
25942.6s 506 epoch: 99 accuracy 86.670%
25942.6s 507 epoch: 100 start
25942.6s 508 train:
26188.4s 509 (0.3097509192614658, 1.0)
26188.4s 510 test:
26206.0s 511 epoch: 100 accuracy 86.540%
26206.0s 512 best accuracy: 86.880%
26206.0s 513 --------result report--------
26206.0s 514 best accuracy:86.880%
26206.0s 515 loss array:
26206.0s 516 5192.0569,3554.7385,2921.2653,2543.3246,2266.4416,2035.4567,1852.9443,1691.2174,1556.4284,1426.0379,1314.6374,1208.3524,1099.0363,1015.4492,932.2191,839.1897,762.1699,686.5216,628.3031,571.0205,491.4195,452.2429,405.1446,371.2636,327.1428,294.6290,258.1752,244.9107,222.2163,211.3372,172.8344,165.1891,163.0692,154.5252,131.2199,116.9682,103.4042,97.6867,97.9172,88.4136,80.9809,84.8308,78.4806,75.1491,49.8618,51.5538,32.5255,45.6822,43.2682,38.0670,33.7008,25.2916,25.8079,26.0665,24.0095,16.7149,19.3909,21.8707,15.9039,27.9512,19.9042,25.6078,18.5860,15.8838,11.9339,8.5536,7.1880,3.7009,2.7253,4.4416,4.0706,2.4985,1.6331,2.4263,4.4822,3.3434,1.3407,2.7749,3.8611,1.6947,2.2917,1.5688,1.2113,0.7318,0.9065,1.1434,0.6859,0.4975,0.4482,0.3655,0.4340,0.4783,0.4706,0.4303,0.2974,0.5502,0.3662,0.3498,0.2619,0.3098,
26206.0s 517 train accuracy array:
26206.0s 518 0.4368,0.5952,0.6707,0.7166,0.7462,0.7746,0.7939,0.8130,0.8263,0.8409,0.8535,0.8656,0.8771,0.8857,0.8972,0.9057,0.9146,0.9240,0.9295,0.9371,0.9456,0.9491,0.9552,0.9589,0.9640,0.9675,0.9707,0.9728,0.9753,0.9769,0.9809,0.9812,0.9820,0.9827,0.9859,0.9872,0.9885,0.9893,0.9896,0.9904,0.9913,0.9906,0.9913,0.9918,0.9947,0.9948,0.9965,0.9949,0.9954,0.9964,0.9966,0.9978,0.9975,0.9972,0.9975,0.9985,0.9981,0.9977,0.9984,0.9971,0.9981,0.9977,0.9982,0.9986,0.9989,0.9991,0.9995,0.9998,0.9999,0.9996,0.9997,0.9999,0.9999,0.9998,0.9997,0.9997,0.9999,0.9998,0.9996,0.9999,0.9999,0.9999,0.9999,1.0000,1.0000,1.0000,1.0000,1.0000,1.0000,1.0000,1.0000,1.0000,1.0000,1.0000,1.0000,1.0000,1.0000,1.0000,1.0000,1.0000,
26206.0s 519 accuracy array:
26206.0s 520 0.5687,0.6036,0.6287,0.7027,0.6966,0.7269,0.7603,0.7816,0.8022,0.7932,0.8010,0.8083,0.7829,0.8213,0.8099,0.8322,0.8124,0.8324,0.7832,0.8089,0.7959,0.8247,0.8277,0.8376,0.8266,0.8196,0.7946,0.8282,0.8358,0.8221,0.8428,0.8366,0.8481,0.8338,0.8380,0.8406,0.8374,0.8307,0.8441,0.8427,0.8387,0.8413,0.8413,0.8443,0.8471,0.8461,0.8485,0.8495,0.8544,0.8559,0.8508,0.8608,0.8511,0.8518,0.8553,0.8552,0.8547,0.8531,0.8617,0.8533,0.8515,0.8574,0.8510,0.8562,0.8546,0.8573,0.8601,0.8620,0.8587,0.8553,0.8536,0.8578,0.8611,0.8587,0.8593,0.8641,0.8631,0.8615,0.8585,0.8637,0.8570,0.8656,0.8658,0.8656,0.8676,0.8680,0.8650,0.8668,0.8633,0.8661,0.8667,0.8650,0.8654,0.8607,0.8661,0.8662,0.8646,0.8688,0.8667,0.8654,
26206.0s 521 -------------------------------
26206.0s 522 --------parameter report--------
26206.0s 523 batchSize:16    accuracy:0.869%
26206.1s 524 /opt/conda/lib/python3.7/site-packages/papermill/iorw.py:50: FutureWarning: pyarrow.HadoopFileSystem is deprecated as of 2.0.0, please use pyarrow.fs.HadoopFileSystem instead.
26206.1s 525 from pyarrow import HadoopFileSystem
26211.7s 526 /opt/conda/lib/python3.7/site-packages/traitlets/traitlets.py:2567: FutureWarning: --Exporter.preprocessors=["remove_papermill_header.RemovePapermillHeader"] for containers is deprecated in traitlets 5.0. You can pass `--Exporter.preprocessors item` ... multiple times to add items to a list.
26211.7s 527 FutureWarning,
26211.7s 528 [NbConvertApp] Converting notebook __notebook__.ipynb to notebook
26212.1s 529 [NbConvertApp] Writing 45340 bytes to __notebook__.ipynb
26214.9s 530 /opt/conda/lib/python3.7/site-packages/traitlets/traitlets.py:2567: FutureWarning: --Exporter.preprocessors=["nbconvert.preprocessors.ExtractOutputPreprocessor"] for containers is deprecated in traitlets 5.0. You can pass `--Exporter.preprocessors item` ... multiple times to add items to a list.
26214.9s 531 FutureWarning,
26214.9s 532 [NbConvertApp] Converting notebook __notebook__.ipynb to html
26216.3s 533 [NbConvertApp] Writing 362152 bytes to __results__.html